***********************************************************************
日志信息 2022-07-20 17:04:29
审查命令:C:\WorkSpace\tobacco-master\HeTongZuCode\Hetong_api.py 'C:\Users\Administrator\Desktop\合同组测试用例\标准文件\建筑合同.docx' standard 4 C:\审查结果\20220720170335
审核结果:处理：1个文件
{"status": true}

***********************************************************************
日志信息 2022-07-20 17:19:28
审查命令:C:\WorkSpace\tobacco-master\HeTongZuCode\Hetong_api.py "C:\Users\Administrator\Desktop\合同组测试用例\标准文件\房屋租赁合同.docx" standard 1 C:\审查结果\20220720171843
审核结果:加载Sbert………………
运行设备： cpu
加载Sbert完成…………
处理：1个文件
[['C:\\Users\\Administrator\\Desktop\\合同组测试用例\\标准文件\\房屋租赁合同.docx', 'standard', '1']]
['C:/Users/Administrator/Desktop/合同组测试用例/标准文件/房屋租赁合同.docx', 'standard', 1]
合同为标准合同
租赁合同标准审查
(-2147352567, '发生意外。', (0, 'Microsoft Word', '“Close”不是一种属性。', 'wdmain11.chm', 25342, -2146822426), None)
_4_
C:/审查结果/20220720171843/房屋租赁合同(已审查).docx
(-2147352567, '发生意外。', (0, 'Microsoft Word', '“Close”不是一种属性。', 'wdmain11.chm', 25342, -2146822426), None)
[Errno 2] No such file or directory: 'userdict.txt'
C:/审查结果/20220720171843/房屋租赁合同(已审查)(完整审查).docx
local variable 'check_intergrity' referenced before assignment
中间文件已删除
{'主体&出租方': '四川省烟草公司达州市公司', '主体&出租方法定代表人/负责人': '张三', '主体&出租方住所地': '四川省达州市达川区三里坪社区街道办仰天湾社区二小区', '主体&出租方统一社会信用代码/身份证号码': '92440300MA5H03Y65', '主体&出租方联系电话': '1307285979', '主体&出租方电子邮箱': '1307285979@.com', '主体&承租方': '四川良仕农业科技有限公司', '主体&承租方法定代表人/负责人': '张三', '主体&承租方住所地': '四川省达州市达川区三里坪社区街道办仰天湾社区二小区', '主体&承租方统一社会信用代码/身份证号码': '92440300MA5H03Y65', '主体&承租方联系电话': '1307285979', '主体&承租方电子邮箱': '1307285979@.com', '主体&房屋地址': '四川省达州市达川区三里坪社区街道办仰天湾社区二小区', '主体&建筑面积': '90', '主体&证书号码': '0010039952', '主体&房屋用途': '居住', '主体&4、租赁房屋': '好', '主体&5、租赁房屋': '好', '二&租赁期限check': '2018-1-1', '二&租赁期限': '2018-1-1起至2021-1-1', '主体&三、租赁费用&1、租金': '    999    ', '主体&三、租赁费用&1、租金是否上调': ' 否 ', '主体&三、租金费用&2、租金计算方式': '月', '主体&开户行': '工商银行成都武侯祠支行', '主体&开户名': '张三', '主体&银行账号': '4402256', '主体&履约保证金': '5', '四&租赁房屋交付时间': '2011-1-1', '主体&四&4': '_4_', '主体&甲方联系人': '张三', '主体&甲方通信地址': '四川省达州市达川区三里坪社区街道办仰天湾社区二小区三栋2单元111室', '主体&甲方电子邮箱': '1307285979@.com', '主体&甲方联系电话': '1307285979', '主体&乙方联系人': '张三', '主体&乙方通信地址': '四川省达州市达川区三里坪社区街道办仰天湾社区二小区三栋2单元111室', '主体&乙方电子邮箱': '1307285979@.com', '主体&乙方联系电话': '1307285979', '主体&十一、合同的争议解决方法': '四川省成都市', '主体&出租方法定代表人/授权代表': '张五', '主体&承租方法定代表人/授权代表': '张五'} ['主体&出租方', '主体&出租方法定代表人/负责人', '主体&出租方住所地', '主体&承租方', '主体&承租方法定代表人/负责人', '主体&承租方住所地', '主体&房屋地址', '主体&建筑面积', '主体&证书号码', '主体&房屋用途', '主体&三、租金费用&2、租金计算方式', '三、租赁费用&3、租金支付方式（1）', '主体&开户行', '主体&开户名', '主体&银行账号', '主体&四&4', '主体&甲方联系人', '主体&甲方通信地址', '主体&甲方电子邮箱', '主体&乙方联系人', '主体&乙方通信地址', '主体&乙方电子邮箱'] {'主体&出租方统一社会信用代码/身份证号码': '统一社会信用代码未填写正确或身份证号码地区非法', '主体&出租方联系电话': '联系电话填写有误', '主体&出租方电子邮箱': '出租方电子邮箱填写有误', '主体&承租方统一社会信用代码/身份证号码': '统一社会信用代码未填写正确或身份证号码地区非法', '主体&承租方联系电话': '联系电话填写有误', '主体&承租方电子邮箱': '承租方电子邮箱填写有误', '主体&4、租赁房屋': '租赁房屋填写错误', '主体&5、租赁房屋': '租赁房屋填写错误', '二&租赁期限': '请核对租赁期限是否准确', '三、租赁费用&1、租金': '请财务部门确认租金具体数额是否准确', '主体&履约保证金': '请财务部门确认履约保证金是否准确', '四&租赁房屋交付时间': '请核对租赁房屋交付时间是否与第二条租赁期限起始日期一致', '主体&甲方联系电话': '甲方联系电话填写有误', '主体&乙方联系电话': '乙方联系电话填写有误', '主体&十一、合同的争议解决方法': '主体&十一、合同的争议解决方法填写有误', '主体&出租方法定代表人/授权代表': '法定代表人/授权代表与合同首部主体信息不一致', '主体&承租方法定代表人/授权代表': '法定代表人/授权代表与合同首部主体信息不一致'} {'主体&出租方统一社会信用代码/身份证号码': '出租方统一社会信用代码/身份证号码未填写完整', '主体&出租方联系电话': '出租方联系电话未填写完整', '主体&出租方电子邮箱审核提示': '请审核主体出租方电子邮箱是否填写正确', '主体&承租方统一社会信用代码/身份证号码': '承租方统一社会信用代码/身份证号码未填写完整', '主体&承租方联系电话': '承租方联系电话未填写完整', '主体&承租方电子邮箱审核提示': '请审核主体承租方电子邮箱是否填写正确', '主体&4、租赁房屋审核提示': '请审核主体租赁房屋是否填写正确', '主体&5、租赁房屋审核提示': '请审核主体租赁房屋是否填写正确', '主体&租赁期限审核提示': '请审核主体租赁期限是否填写正确', '主体&三、租赁费用&1、租金审核提示': '在“是”“否”中二选一', '主体&三、租金费用&2、租金计算方式': '请检查租金计算方式是否填写完整', '主体&银行账号': '请财务部门确认银行账户是否准确', '主体&履约保证金': '请财务部门确认履约保证金是否准确', '主体&租赁房屋交付时间审核提示': '请审核主体租赁房屋交付时间是否与第二条租赁期限起始日期一致', '主体&四&4': '请核对第（4）项具体内容', '主体&甲方联系电话': '甲方联系电话未填写完整', '主体&乙方联系电话': '乙方联系电话未填写完整', '主体&十一、合同的争议解决方法': '主体&十一、合同的争议解决方法未填写完整', '主体&出租方法定代表人/授权代表': '请核实法定代表人或负责人信息填写是否正确', '主体&承租方法定代表人/授权代表': '请核实法定代表人或负责人信息填写是否正确'}
错误的要素:
{'主体&出租方统一社会信用代码/身份证号码': '统一社会信用代码未填写正确或身份证号码地区非法', '主体&出租方联系电话': '联系电话填写有误', '主体&出租方电子邮箱': '出租方电子邮箱填写有误', '主体&承租方统一社会信用代码/身份证号码': '统一社会信用代码未填写正确或身份证号码地区非法', '主体&承租方联系电话': '联系电话填写有误', '主体&承租方电子邮箱': '承租方电子邮箱填写有误', '主体&4、租赁房屋': '租赁房屋填写错误', '主体&5、租赁房屋': '租赁房屋填写错误', '二&租赁期限': '请核对租赁期限是否准确', '三、租赁费用&1、租金': '请财务部门确认租金具体数额是否准确', '主体&履约保证金': '请财务部门确认履约保证金是否准确', '四&租赁房屋交付时间': '请核对租赁房屋交付时间是否与第二条租赁期限起始日期一致', '主体&甲方联系电话': '甲方联系电话填写有误', '主体&乙方联系电话': '乙方联系电话填写有误', '主体&十一、合同的争议解决方法': '主体&十一、合同的争议解决方法填写有误', '主体&出租方法定代表人/授权代表': '法定代表人/授权代表与合同首部主体信息不一致', '主体&承租方法定代表人/授权代表': '法定代表人/授权代表与合同首部主体信息不一致'}
提示的要素:
{'主体&出租方统一社会信用代码/身份证号码': '出租方统一社会信用代码/身份证号码未填写完整', '主体&出租方联系电话': '出租方联系电话未填写完整', '主体&出租方电子邮箱审核提示': '请审核主体出租方电子邮箱是否填写正确', '主体&承租方统一社会信用代码/身份证号码': '承租方统一社会信用代码/身份证号码未填写完整', '主体&承租方联系电话': '承租方联系电话未填写完整', '主体&承租方电子邮箱审核提示': '请审核主体承租方电子邮箱是否填写正确', '主体&4、租赁房屋审核提示': '请审核主体租赁房屋是否填写正确', '主体&5、租赁房屋审核提示': '请审核主体租赁房屋是否填写正确', '主体&租赁期限审核提示': '请审核主体租赁期限是否填写正确', '主体&三、租赁费用&1、租金审核提示': '在“是”“否”中二选一', '主体&三、租金费用&2、租金计算方式': '请检查租金计算方式是否填写完整', '主体&银行账号': '请财务部门确认银行账户是否准确', '主体&履约保证金': '请财务部门确认履约保证金是否准确', '主体&租赁房屋交付时间审核提示': '请审核主体租赁房屋交付时间是否与第二条租赁期限起始日期一致', '主体&四&4': '请核对第（4）项具体内容', '主体&甲方联系电话': '甲方联系电话未填写完整', '主体&乙方联系电话': '乙方联系电话未填写完整', '主体&十一、合同的争议解决方法': '主体&十一、合同的争议解决方法未填写完整', '主体&出租方法定代表人/授权代表': '请核实法定代表人或负责人信息填写是否正确', '主体&承租方法定代表人/授权代表': '请核实法定代表人或负责人信息填写是否正确'}

***********************************************************************
日志信息 2022-07-20 17:20:45
审查命令:C:\WorkSpace\tobacco-master\HeTongZuCode\Hetong_api.py "C:\Users\Administrator\Desktop\合同组测试用例\标准文件\买卖合同.docx" standard 0 C:\审查结果\20220720172011
审核结果:加载Sbert………………
运行设备： cpu
加载Sbert完成…………
处理：1个文件
[['C:\\Users\\Administrator\\Desktop\\合同组测试用例\\标准文件\\买卖合同.docx', 'standard', '0']]
['C:/Users/Administrator/Desktop/合同组测试用例/标准文件/买卖合同.docx', 'standard', 0]
合同为标准合同
买卖合同标准审查
(-2147352567, '发生意外。', (0, 'Microsoft Word', '“Close”不是一种属性。', 'wdmain11.chm', 25342, -2146822426), None)
[]
[]

乙方应在收到货确认无误后7日内付清全部款项。

C:/审查结果/20220720172011/买卖合同(已审查).docx
(-2147352567, '发生意外。', (0, 'Microsoft Word', '“Close”不是一种属性。', 'wdmain11.chm', 25342, -2146822426), None)
[Errno 2] No such file or directory: 'userdict.txt'
C:/审查结果/20220720172011/买卖合同(已审查)(完整审查).docx
local variable 'check_intergrity' referenced before assignment
错误的要素:
{'甲方（买方）统一社会信用代码/身份证号码': '统一社会信用代码未填写正确或身份证号码位数不对', '甲方（买方）联系方式': '联系方式填写有误', '乙方（卖方）统一社会信用代码/身份证号码': '统一社会信用代码未填写正确或身份证号码校验错误', '乙方（卖方）联系方式': '联系方式填写有误', '乙方（卖方）电子邮箱': '乙方（卖方）电子邮箱填写有误', '货品总金额（价税合计）': '货品总金额（价税合计）人民币大写与数值不一致', '合同价款(不含税)': '合同价款(不含税)人民币大写与数值不一致', '税金': '税金人民币大写与数值不一致', '交货日期': '交货日期填写不规范', '交货方式': '交货方式填写错误，请填写自提、包送包卸货或包送包安装', '验收期限-交货方式': '卖方交货方式与合同第四款第三项不一致', '乙方纳税人类别': '乙方纳税人类别填写错误', '乙方开户账号': '乙方开户账号填写错误', '甲方纳税人类别': '甲方纳税人类别填写错误', '甲方开户账号': '甲方开户账号填写错误', '卖方违约金-逾期': '卖方违约金-逾期比例超出', '卖方违约金-单方面取消': '卖方违约金-单方面取消比例超出', '卖方违约金-质量不符': '卖方违约金-质量不符比例超出', '解决纠纷-甲方住所地': '甲方住所地与合同页中描述不符'}
提示的要素:
{'订购货品情况': '请审核货品情况是否与双方约定或招标文件等一致', '质量要求': '请审核材质标准、引用国家标准是否正确', '验收期限': '请审核验收期限设置是否合理', '签署验收文件': '请审核签署验收文件期限设置是否合理', '货物保质期': '请审核货物保质期设置是否符合相关规定、是否合理', '付款方式及期限': '请审核付款方式及期限是否与双方约定或招标文件一致', '售后服务': '请审核时间设置是否与招投标文件一致'}

