***********************************************************************
日志信息 2022-06-27 16:08:51
审查合同文件名:C:\Users\Administrator\Desktop\合同组测试用例\标准文件\采购合同.docx
审核结果:处理：1个文件
{"status": true}

***********************************************************************
日志信息 2022-06-27 16:09:26
审查案卷返回:C:\WorkSpace\tobacco-master\yancaoRegularDemo\Resource\KnowledgeGragh
输入路径：C:\Users\Administrator\Desktop\烟草输入_文件夹，输出路径：C:\NewFile\Test\20220627160913，
正在审查案件处理审批表_.docx，审查结果如下：
[0;31mwarning: × 《案件调查终结报告》.docx不存在[0m
[0;31mwarning: × 《延长调查终结审批表》.docx不存在[0m
[0;31mwarning: × 《延长调查期限告知书》.docx不存在[0m
[0;31mwarning: × 《先行登记保存证据处理通知书》.docx不存在[0m
[0;31mwarning: × 《涉案物品返还清单》.docx不存在[0m
[0;31mwarning: × 《案件调查终结报告_》.docx不存在[0m
[0;31mwarning: × 《立案报告表》.docx不存在[0m
[0;31mwarning: × 文件夹中没有包含《证据复制提取单》或《证据复制提取单》不包含身份证信息！因此无法比较当事人信息！[0m
[0;31mwarning: × 《立案报告表》.docx不存在[0m
[0;31mwarning: × 《涉案物品返回清单》.docx不存在[0m
[0;31mwarning: × 《涉案烟草专卖品核价表》.docx不存在[0m
[0;31mwarning: × 《案件集体讨论记录》.docx不存在[0m
[0;36m√ 承办部门意见为同意[0m
[0;31mwarning: × 日期在“承办人意见”的日期之前[0m
[0;31mwarning: × 法制部门意见不含有关键词“同意”、“不同意”二者之一[0m
[0;31mwarning: × 日期在“承办人意见”的日期之前[0m
[0;36m√ 负责人意见为同意[0m
[0;31mwarning: × 日期在“法制部门意见”的日期之前[0m
[0;31mwarning: × 未获取到罚款比例及金额的信息[0m
[0;31mwarning: × 检查（勘验）笔录[0m
[0;31mwarning: × 案件事实中不包含烟草专卖零售许可证[0m
[0;31mwarning: × 案件事实中不包含卷烟数目[0m
[0;31mwarning: × 案件事实中不包含法律条款[0m
[0;31mwarning: 法条适用性审查：根据”未在当地烟草专卖批发企业进货“案由，其对应法律及其条款是《成都市烟草专卖管理条例》第三十三条第（三）项，法条适用性审查不通过。文书使用的法律及其条款是《成都市烟草专卖管理条例》第三十三条第（二）项，该条款不适用于本案由，请人工核查。[0m
《案件处理审批表》审查完毕

正在审查案件处理审批表_1.docx，审查结果如下：

