***********************************************************************
日志信息 2022-07-13 11:13:42
审查命令:C:\WorkSpace\tobacco-master\yancaoRegularDemo\Anjuan_api.py C:\Users\Administrator\Desktop\烟草输入_文件夹 C:\NewFile\Test\20220713111327
审查案卷返回:正在审查案件处理审批表_.docx，审查结果如下：
[0;31mwarning: × 《案件调查终结报告》.docx不存在[0m
[0;31mwarning: × 《延长调查终结审批表》.docx不存在[0m
[0;31mwarning: × 《延长调查期限告知书》.docx不存在[0m
[0;31mwarning: × 《先行登记保存证据处理通知书》.docx不存在[0m
[0;31mwarning: × 《涉案物品返还清单》.docx不存在[0m
[0;31mwarning: × 《案件调查终结报告_》.docx不存在[0m
[0;31mwarning: × 《立案报告表》.docx不存在[0m
[0;31mwarning: × 文件夹中没有包含《证据复制提取单》或《证据复制提取单》不包含身份证信息！因此无法比较当事人信息！[0m
[0;31mwarning: × 《立案报告表》.docx不存在[0m
[0;31mwarning: × 《涉案物品返回清单》.docx不存在[0m
[0;31mwarning: × 《涉案烟草专卖品核价表》.docx不存在[0m
[0;31mwarning: × 《案件集体讨论记录》.docx不存在[0m
[0;36m√ 承办部门意见为同意[0m
[0;31mwarning: × 日期在“承办人意见”的日期之前[0m
[0;31mwarning: × 法制部门意见不含有关键词“同意”、“不同意”二者之一[0m
[0;31mwarning: × 日期在“承办人意见”的日期之前[0m
[0;36m√ 负责人意见为同意[0m
[0;31mwarning: × 日期在“法制部门意见”的日期之前[0m
[0;31mwarning: × 未获取到罚款比例及金额的信息[0m
[0;31mwarning: × 检查（勘验）笔录[0m
[0;31mwarning: × 案件事实中不包含烟草专卖零售许可证[0m
[0;31mwarning: × 案件事实中不包含卷烟数目[0m
[0;31mwarning: × 案件事实中不包含法律条款[0m
rdfpath: 
C:\WorkSpace\tobacco-master\zhishitupu\rdf\成都\27.rdf
rdfpath: C:\WorkSpace\tobacco-master\zhishitupu\rdf\成都\27.rdf
WARN: 不符合格式的数据：佰
{'案由': '未在当地烟草专卖批发企业进货', '是否罚款': True, '理应档次': 1, '实际档次': 2, '理应条文': '(一)违法进货总额不足1000元的，处以进货总额百分之五以上百分之十以下的罚', '应该没收': False, '实际没收': True}
[0;31mwarning: △ “承办人意见”中存在“从轻“字样，但不存在从轻证据！“承办人意见”中不存在“从重“字样。“承办人意见”中存在“从轻“字样，但不存在从轻证据！“承办人意见”中不存在“从重“字样。案由“未在当地烟草专卖批发企业进货”的处罚结果为——“['一、根据《四川省烟草专卖管理条例》第十四条第一款及《广安市烟草专卖局行政处罚自由裁量权实施细则》，未在当地烟草专卖批发企业进货烟草制品货值不足1000元的，责令其停止违法行为，没收其未在当地烟草专卖批发企业进货烟草制品和违法所得，可并处以未在当地烟草专卖批发企业进货烟草制品货值10%一下的罚款', '3、处以当事人未在当地烟草专卖批发企业进货烟草制品货值500.00元10%的罚款，计罚款50.00元（大写：贰佰柒拾伍元陆角整）', '2、将当事人未在当地烟草专卖批发企业进货：84mm钻石（荷花），计1个品种1条卷烟予以没收']”,属于该地自由裁量基准尺度第2项，其基准尺度为第1项，属于从重处罚。不应予以没收，但实际予以了没收。[0m
《案件处理审批表》审查完毕

{'案件处理审批表_.docx': ['× 《案件调查终结报告》.docx不存在', '× 《延长调查终结审批表》.docx不存在', '× 《延长调查期限告知书》.docx不存在', '× 《先行登记保存证据处理通知书》.docx不存在', '× 《涉案物品返还清单》.docx不存在', '× 《案件调查终结报告_》.docx不存在', '× 《立案报告表》.docx不存在', '× 文件夹中没有包含《证据复制提取单》或《证据复制提取单》不包含身份证信息！因此无法比较当事人信息！', '× 《立案报告表》.docx不存在', '× 《涉案物品返回清单》.docx不存在', '× 《涉案烟草专卖品核价表》.docx不存在', '× 《案件集体讨论记录》.docx不存在', '× 日期在“承办人意见”的日期之前', '× 法制部门意见不含有关键词“同意”、“不同意”二者之一', '× 日期在“承办人意见”的日期之前', '× 日期在“法制部门意见”的日期之前', '× 未获取到罚款比例及金额的信息', '× 检查（勘验）笔录', '× 案件事实中不包含烟草专卖零售许可证', '× 案件事实中不包含卷烟数目', '× 案件事实中不包含法律条款', "△ “承办人意见”中存在“从轻“字样，但不存在从轻证据！“承办人意见”中不存在“从重“字样。“承办人意见”中存在“从轻“字样，但不存在从轻证据！“承办人意见”中不存在“从重“字样。案由“未在当地烟草专卖批发企业进货”的处罚结果为——“['一、根据《四川省烟草专卖管理条例》第十四条第一款及《广安市烟草专卖局行政处罚自由裁量权实施细则》，未在当地烟草专卖批发企业进货烟草制品货值不足1000元的，责令其停止违法行为，没收其未在当地烟草专卖批发企业进货烟草制品和违法所得，可并处以未在当地烟草专卖批发企业进货烟草制品货值10%一下的罚款', '3、处以当事人未在当地烟草专卖批发企业进货烟草制品货值500.00元10%的罚款，计罚款50.00元（大写：贰佰柒拾伍元陆角整）', '2、将当事人未在当地烟草专卖批发企业进货：84mm钻石（荷花），计1个品种1条卷烟予以没收']”,属于该地自由裁量基准尺度第2项，其基准尺度为第1项，属于从重处罚。不应予以没收，但实际予以了没收。"]}

