***********************************************************************
日志信息 2022-11-14 17:37:44
审查命令:C:\WorkSpace\tobacco-master\yancaoRegularDemo\Anjuan_api.py C:\Users\ChenBaiyang\Desktop\案卷文书提取及分析系统_环境准备\案卷组_成烟立测试文书\2021184836_成烟立[2021]第10号 C:\NewFile\Test\20221114173706
审查案卷返回:输入路径：C:\Users\ChenBaiyang\Desktop\案卷文书提取及分析系统_环境准备\案卷组_成烟立测试文书\2021184836_成烟立[2021]第10号，输出路径：C:\NewFile\Test\20221114173706，
正在审查举报记录表_ (1).docx，审查结果如下：
[0;36m举报时间：举报时间格式正确[0m
[0;31mwarning: 举报时间：《勘验（检查）笔录》不存在[0m
[0;31mwarning: 举报形式：举报形式未有“举报”字样[0m
[0;36m举报人有关情况：举报人要求保密有关情况[0m
[0;31mwarning: 举报内容：举报内容时间与举报时间栏填写日期不一致[0m
[0;31mwarning: 接待人意见：接待人未签名[0m
[0;31mwarning: 接待人意见：接待人意见日期与举报时间栏不一致[0m
[0;31mwarning: 承办部门负责人意见：承办部门负责人未签名[0m
[0;31mwarning: 承办部门负责人意见：“承办部门负责人”日期与举报时间栏不一致[0m
举报记录表_ (1).docx审查完毕

正在审查先行登记保存批准书_ (1).docx，审查结果如下：
[0;31mwarning: 当事人名字：“当事人名字/名称”（ 姓名不详）与《检查（勘验）笔录》中“被检查人（被勘验人）（未查找到）”不一致[0m
[0;36m案由：案由不为空[0m
[0;31mwarning: 案由：“案由”与立案报告表中“案由”（涉嫌运输假冒伪劣烟草制品）不一致[0m
[0;36m表格：共计：（品种）数正确[0m
[0;31mwarning: 表格：总计：（数量）不能为空[0m
[0;31mwarning: 承办人（签名）：承办人（签名）不能为空[0m
[0;36m负责人意见并签名：负责人意见并签名：不为空[0m
[0;36m承办人（签名）：承办人（签名） 日期正确[0m
[0;36m负责人意见并签名： 日期正确[0m
[0;36m承办人签名时间：承办人签名时间与负责人签名时间一致。[0m
先行登记保存批准书_ (1).docx审查完毕

正在审查卷内备考表_ (3).docx，审查结果如下：
[0;31mwarning: 文档格式有误，请主观审查下列功能：“本卷情况说明”：应填写“本卷材料齐全”、 “假冒伪劣卷烟待公开统一销毁”。 不能在卷内备考表中填写“无”或“/”[0m
文档存在格式错误，函数失效：self.check_Description() 遇到错误:("Package not found at 'C:/Users/ChenBaiyang/Desktop/案卷文书提取及分析系统_环境准备/案卷组_成烟立测试文书/2021184836_成烟立[2021]第10号/卷内备考表_.docx'",)
卷内备考表_ (3).docx审查完毕

正在审查延长调查期限告知书_ (1).docx，审查结果如下：
[0;31mwarning: 被告知人名字/名称：与《立案报告表》当事人不一致[0m
[0;31mwarning: 文件缺失：《延长案件调查终结审批表》不存在[0m
《延长调查期限告知书》审查完毕

正在审查延长调查终结期限审批表_ (2).docx，审查结果如下：
[0;36m案由：正确。与《立案报告表》一致,《立案报告表》中为：涉嫌运输假冒伪劣烟草制品[0m
[0;36m立案日期：正确。与《立案报告表》立案日期（即负责人意见签名时间）一致[0m
[0;36m当事人：正确。与《立案报告表》一致,《立案报告表》中为：姓名不详[0m
[0;36m证件类型及号码：正确。与《立案报告表》一致,《立案报告表》中为：[0m
[0;36m地址：正确。与《立案报告表》一致,《立案报告表》中为：[0m
[0;31mwarning: 案情摘要：与《立案报告表》不一致,《立案报告表》中为：2021年01月06日，根据群众举报，我局执法人员在成都市成华区长融街30号附14号申通快递站内进行检查，在该场货物堆放处查获用快递包装袋伪装的烟草制品：中华（硬）10条、中华（软）10条，黄鹤楼（硬1916）4条，共计3个品种24条，因该批卷烟涉嫌假冒伪劣烟草制品，当事人涉嫌运输假冒伪劣烟草制品，其行为涉嫌违反了《成都市烟草专卖管理条例》第十五条第一款之规定，我局执法人员遂依法将上述烟草制品予以先行登记保存，以待进一步调查。[0m
[0;31mwarning: 文档格式有误，请主观审查下列功能：案由、立案日期、当事人、证件类型及号码、地址、联系电话、案情摘要一般应与《立案报告表》保持一致[0m
文档存在格式错误，函数失效：self.check_difference() 遇到错误:('Open.Comments',)
[0;36m承办部门意见_日期：正确。在《立案报告表》负责人意见日期一栏30天内(如有法定节假日，顺延到法定节假日后一天)[0m
[0;36m负责人意见_日期：正确。在《立案报告表》负责人意见日期一栏30天内(如有法定节假日，顺延到法定节假日后一天)[0m
延长调查终结期限审批表_ (2).docx 未成功处理，已跳过。遇到错误：('Open.Save',)
正在审查案件处理审批表_ (3).docx，审查结果如下：
[0;31mwarning: 文档格式有误，请主观审查下列功能：自由裁量权加载出错[0m
文档存在格式错误，函数失效：self.about_discretionary_power() 遇到错误:('Open.Comments',)
案件处理审批表_ (3).docx 未成功处理，已跳过。遇到错误：('Open.Save',)
正在审查涉案烟草专卖品核价表_ (3).docx，审查结果如下：
[0;36m名字:名字不为空[0m
[0;36m正文时间：时间与立案时间一致[0m
[0;31mwarning: 文档格式有误，请主观审查下列功能：1．“价格如下： ”：不为空，根据案发时间/卷烟品种（价格目录中匹配不到的）选择上半年、下半年、去年全年2．“序号”：不为空，填写格式为阿拉伯数字“1,2,3,4…”3．“品种规格”：不为空，与先行登记保存通知书品种规格保持一致4．“数量”：不为空，与先行登记保存通知书记载的数量保持一致5．“单价（元）”：不为空，与价格目录中对应品牌的批发价保持一致6．“合计（元）”：不为空，应等于数量*单价7．“合计”：不为空，等于各项相加总数[0m
文档存在格式错误，函数失效：self.formRight() 遇到错误:("Package not found at 'C:\\NewFile/Test/20221114173706/涉案烟草专卖品核价表_.docx'",)
[0;31mwarning: 文档格式有误，请主观审查下列功能：1．“经办人”：不为空，两人签名，与案件承办人保持一致2．“当事人”：不为空，应与立案报告表等文书中记载的当事人名称保持一致，无当事人签字时注明理由3．“（印章）”：不为空，加盖案件承办单位公章4．“年 月 日”：不为空，该日期应大于或等于质检报告日期并小于案件调查终结报告中承办部门意见一栏中的日期[0m
文档存在格式错误，函数失效：self.peopleAndSignRight() 遇到错误:('Open.Comments',)
涉案烟草专卖品核价表_ (3).docx 未成功处理，已跳过。遇到错误：('Open.Save',)
正在审查立案报告表_ (4).docx，审查结果如下：
C:\NewFile/Test/20221114173706/立案报告表_ (4).docx
[0;36m案由：案由不为空,主观审查[0m
[0;31mwarning: 文档格式有误，请主观审查下列功能：1.案由不为空，主观审查;2.案由的格式应为“涉嫌XXXX”;3.违法行为性质表述应与法律条款保持一致;4.案由应与卷宗封面、行政处罚决定书、证据先行登记保存通知书、委托鉴定告知书、询问（调查）通知书等文书保持一致[0m
文档存在格式错误，函数失效：self.reasonRight() 遇到错误:('Open.Comments',)
[0;36m案件来源：案件来源不为空,主观审查[0m
[0;31mwarning: 检查（勘验）时间：《勘验（检查）笔录》不存在[0m
[0;31mwarning: 案发时间：缺少检查（勘验）笔录开始检查时间[0m
[0;31mwarning: 检查（勘验）地点：《勘验（检查）笔录》不存在[0m
[0;31mwarning: 案发地点：缺少检查（勘验）笔录地点[0m
[0;31mwarning: 案发地点：《勘验（检查）笔录》不存在[0m
[0;36m当事人：当事人姓名与行政处罚决定书、检查（勘验）笔录、证据先行登记保存批准书等文书所记载的当事人名称（姓名）一致[0m
[0;31mwarning: 证件类型及号码：立案（不予立案）报告表_证件类型及号码 不能为空[0m
[0;31mwarning: 文档格式有误，请主观审查下列功能：1.当事人姓名应与行政处罚决定书、检查（勘验）笔录、证据先行登记保存批准书等文书所记载的当事人名称（姓名）保持一致;2.证件类型及号码应按照“身份证号：XXXX”格式填写，当事人为法人或其他组织的，应填写法定代表人或其他组织负责人的身份证号码。身份证号码应与其余文书所记载的当事人身份证号码保持一致;3.当事人为自然人，地址一栏应填写身份证地址；当事人为法人或其他组织（如何判断法人与自然人），地址一栏应填写经营场所地址或注册地址。地址应与行政处罚决定书所记载的当事人住址、证据复制（提取）单当事人身份证记载地址、询问笔录当事人住址、案件处理审批表住址、结案报告表地址所记载的内容保持一致[0m
文档存在格式错误，函数失效：self.basicInfOfPeople() 遇到错误:('Open.Comments',)
[0;36m案情摘要：摘要中案发日期应与案发时间栏日期一致[0m
[0;31mwarning: 案情摘要：检查勘验 日期无法找到[0m
[0;36m案情摘要：案情摘要 包含执法人员[0m
[0;31mwarning: 案情摘要：无法得到 检查勘验地点[0m
[0;31mwarning: 案情摘要：案情摘要未包含 烟草专卖零售许可证要素[0m
[0;31mwarning: 文档格式有误，请主观审查下列功能：1.案情摘要应包含案发日期、执法主体、检查方式、检查地点、涉案物品等内容（是否会有标注）;2.摘要中案发日期应与案发时间栏日期保持一致;3.执法人员应写清参与执法的所有主体，并与勘验（检查）笔录记载的执法主体保持一致[0m
文档存在格式错误，函数失效：self.summaryOfTheCase_case1() 遇到错误:('Open.Comments',)
[0;31mwarning: 承办人意见：承办人意见未签名[0m
[0;31mwarning: 文档格式有误，请主观审查下列功能：1.应写明当事人涉嫌违反的条款、具体涉嫌的违法行为，主观审查;2.应准确适用立案依据，主观审查;3.承办人签名应有两名承办人员签名并注明日期，日期应在案发时间后7日内，并不得在案件调查终结报告处理意见栏所注明的日期之后[0m
文档存在格式错误，函数失效：self.opinionsOfTheUndertaker() 遇到错误:('Open.Comments',)
[0;36m承办部门意见：同意立案[0m
[0;31mwarning: 承办部门意见：承办部门意见未签名[0m
[0;31mwarning: 文档格式有误，请主观审查下列功能：1.承办部门负责人应作出是否同意立案或不予立案的意见;2.承办部门负责人应签名并注明日期，日期应在案发时间后7日内，并不得在案件调查终结报告处理意见栏所注明的日期之后[0m
文档存在格式错误，函数失效：self.opinionsOfTheDepartment() 遇到错误:('Open.Comments',)
[0;31mwarning: 负责人意见：负责人意见未签名[0m
[0;31mwarning: 文档格式有误，请主观审查下列功能：1.承办案件的烟草专卖行政主管部门负责人签署审批意见栏不为空;2. 承办案件的烟草专卖行政主管部门负责人应签名并注明日期，日期应在案发时间后7日内，并不得在案件调查终结报告处理意见栏所注明的日期之后[0m
文档存在格式错误，函数失效：self.opinionsOfPersonInCharge() 遇到错误:('Open.Comments',)
立案报告表_ (4).docx 未成功处理，已跳过。遇到错误：('Open.Save',)
正在审查结案报告表_ (4).docx，审查结果如下：
[0;31mwarning: 案由：案由填写不合法，填写内容应在“未在当地烟草专卖批发企业进货、销售非法生产的烟草专卖品、无烟草专卖零售许可证经营烟草制品零售业务、无烟草专卖品准运证运输烟草专卖品、走私烟草专卖品、销售假冒注册商标且伪劣卷烟”中。[0m
[0;31mwarning: 文档格式有误，请主观审查下列功能：“案由”：不为空、“ 未在当地烟草专卖批发企业进货、销售非法生产的烟草专卖品、无烟草专卖零售许可证经营烟草制品零售业务、无烟草专卖品准运证运输烟草专卖品、走私烟草专卖品、销售假冒注册商标且伪劣卷烟”，应与案卷中《行政处罚决定书》、《案件处理审批表》、《案件集体讨论记录》、《陈述申辩记录》中“案由一致”。[0m
文档存在格式错误，函数失效：self.check_Reason() 遇到错误:('Open.Comments',)
[0;31mwarning: 立案日期”立案日期“与《涉案烟草专卖品核价表》中的“立案日期”（二〇二一年一月十五日）不一致！[0m
[0;31mwarning: 文档格式有误，请主观审查下列功能：“立案日期”：不为空，与《立案报告表》中“负责人意见”的落款时间一致，《涉案烟草专卖品核价表》、《调查总结报告》、《延长案件调查终结审批表》、《案件处理审批表》、《卷宗封面》中“立案日期”一致[0m
文档存在格式错误，函数失效：self.check_Date() 遇到错误:('Open.Comments',)
[0;31mwarning: 文书缺失：《卷宗封面》.docx不存在[0m
[0;31mwarning: 文书缺失：《先行登记保存证据处理通知书》.docx不存在[0m
[0;31mwarning: 文书缺失：《抽样取证物品清单》.docx不存在[0m
[0;31mwarning: 当事人：“当事人”与《涉案烟草专卖品核价表》中的“当事人”（成都市成华区烟草专卖局）不一致！[0m
[0;31mwarning: 文档格式有误，请主观审查下列功能：“当事人”不为空，且与《卷宗封面》《立案报告表》《证据先行登记保存通知书》《抽样取证物品清单》《涉案烟草专卖品核价表》《调查总结报告》《延长案件调查终结审批表》《案件处理审批表》《先行登记保存证据处理通知书》《行政处罚事先告知书》《听证告知书》《当场行政处罚决定书》《行政处罚决定书》《违法物品销毁记录表》《结案报告》中的“当事人”一致[0m
文档存在格式错误，函数失效：self.check_Party() 遇到错误:('Open.Comments',)
[0;31mwarning: 案情摘要：“案情摘要”并未包含时间信息！[0m
[0;31mwarning: 文档格式有误，请主观审查下列功能：“案情摘要”：不为空，包含时间、地点、违法事实、调查情况[0m
文档存在格式错误，函数失效：self.check_CaseSummary() 遇到错误:('Open.Comments',)
[0;31mwarning: 执行情况：“执行情况”为“未执行”，请人工核验！[0m
[0;31mwarning: 文档格式有误，请主观审查下列功能：“执行情况”：不为空，是否执行完毕[0m
文档存在格式错误，函数失效：self.check_Execution() 遇到错误:('Open.Comments',)
[0;31mwarning: 承办人结案理由：“承办人结案理由”中当事人未接受处罚，请人工核验！[0m
[0;31mwarning: 文档格式有误，请主观审查下列功能：“承办人结案理由”：不为空，当事人是否已经接受处罚，是否建议结案[0m
文档存在格式错误，函数失效：self.check_UndertakerReason() 遇到错误:('Open.Comments',)
[0;31mwarning: 是否建议结案：“承办部门意见”中未审查到建议结案，请人工核验！[0m
[0;31mwarning: 文档格式有误，请主观审查下列功能：“承办部门意见”：不为空，是否同意承办人意见，是否建议结案，并注明日期[0m
文档存在格式错误，函数失效：self.check_UndertakerOpinion() 遇到错误:('Open.Comments',)
[0;31mwarning: 负责人意见：“负责人意见”中没有注明日期或格式日期格式不规范！[0m
[0;31mwarning: 文档格式有误，请主观审查下列功能：“负责人意见”：不为空，是否同意结案；负责人签字，并注明日期[0m
文档存在格式错误，函数失效：self.check_DirectorOpinion() 遇到错误:('Open.Comments',)
结案报告表_ (4).docx 未成功处理，已跳过。遇到错误：('Open.Close',)
正在审查行政处理决定书_ (2).docx，审查结果如下：
[0;31mwarning: 案件基本情况：案件基本情况与《案件处理审批表》中“案件事实”记载的不一致！[0m
[0;31mwarning: 文档格式有误，请主观审查下列功能：案件基本情况：应当与《案件处理审批表》中“案件事实”记载的一致。[0m
文档存在格式错误，函数失效：self.check_Case() 遇到错误:('Open.Comments',)
[0;31mwarning: 公告的过程与结果：《公告》的日期为“二〇二一年二月二十五日”，而本文书日期为“二〇二一年二月二十五日”，故不符合公告后30日逾期的规则,请人工核查！[0m
[0;31mwarning: 文档格式有误，请主观审查下列功能：公告的过程与结果 与模板对比。[0m
文档存在格式错误，函数失效：self.check_Notice() 遇到错误:('Open.Comments',)
[0;31mwarning: 作出行政处理决定日期：作出行政处理决定日期应在《案件处理审批表》时间（同意。签名：日期:2021-2-25）之后！[0m
[0;31mwarning: 文档格式有误，请主观审查下列功能：作出行政处理决定的烟草专卖局的名称和日期。日期应在《案件处理审批表》时间之后。[0m
文档存在格式错误，函数失效：self.check_Time() 遇到错误:('Open.Comments',)
行政处理决定书_ (2).docx 未成功处理，已跳过。遇到错误：('Open.Close',)
正在审查证据复制提取单_ (8).docx，审查结果如下：
[0;31mwarning: 文档格式有误，请主观审查下列功能：对比身份证信息与《结案报告表》中信息[0m
文档存在格式错误，函数失效：self.checkIDCard() 遇到错误:('失效日期',)
[0;36m烟草专卖局：烟草专卖局不为空[0m
[0;31mwarning: 文档格式有误，请主观审查下列功能：1．“（证据粘贴处）”：不为空，由审查人员主观审查2．“说明事项”：由审查人员主观审查3．“复制（提取）地点 ”：不为空，与对应文书中的证据一致4．“复制（提取）时间：  年    月    日    时    分”：不为空，应与检查（勘验）检查日期保持一致5．“执法人员及执法证号”：不为空，应与检查（勘验）执法人员姓名、执法证号保持一致[0m
文档存在格式错误，函数失效：self.formRight() 遇到错误:('Open.Comments',)
[0;36m结尾时间：结尾时间格式正确[0m
[0;31mwarning: 结尾时间：时间无法提取[0m
证据复制提取单_ (8).docx 未成功处理，已跳过。遇到错误：('Open.Save',)
正在审查证据复制提取单_ (9).docx，审查结果如下：
[0;31mwarning: 文档格式有误，请主观审查下列功能：对比身份证信息与《结案报告表》中信息[0m
文档存在格式错误，函数失效：self.checkIDCard() 遇到错误:('失效日期',)
[0;36m烟草专卖局：烟草专卖局不为空[0m
[0;31mwarning: 文档格式有误，请主观审查下列功能：1．“（证据粘贴处）”：不为空，由审查人员主观审查2．“说明事项”：由审查人员主观审查3．“复制（提取）地点 ”：不为空，与对应文书中的证据一致4．“复制（提取）时间：  年    月    日    时    分”：不为空，应与检查（勘验）检查日期保持一致5．“执法人员及执法证号”：不为空，应与检查（勘验）执法人员姓名、执法证号保持一致[0m
文档存在格式错误，函数失效：self.formRight() 遇到错误:('Open.Comments',)
[0;36m结尾时间：结尾时间格式正确[0m
[0;31mwarning: 结尾时间：时间无法提取[0m
证据复制提取单_ (9).docx 未成功处理，已跳过。遇到错误：('Open.Save',)
正在审查调查终结报告_ (2).docx，审查结果如下：
[0;36m案由：正确。案由不为空[0m
[0;31mwarning: 案由：案由一栏应该加[涉嫌]两字[0m
[0;31mwarning: 文档格式有误，请主观审查下列功能：案由不为空，案由一栏加“涉嫌”两字，一般应与《立案报告表》的案由一致[0m
文档存在格式错误，函数失效：self.check_cause_of_action() 遇到错误:('Open.Comments',)
[0;36m立案日期：正确。不为空[0m
[0;31mwarning: 文件缺失：《立案报告表》不存在[0m
[0;31mwarning: 文档格式有误，请主观审查下列功能：调查人一栏应包括《立案报告表》中的调查人，但可以更多，不能更少。[0m
文档存在格式错误，函数失效：self.check_inquirer() 遇到错误:('Open.Comments',)
[0;31mwarning: 文件缺失：《立案报告表》不存在[0m
[0;31mwarning: 文件缺失：《立案报告表》不存在[0m
[0;36m调查事实：提示。本栏依据主观审查[0m
[0;31mwarning: 文档格式有误，请主观审查下列功能：调查事实一栏依据主观审查[0m
文档存在格式错误，函数失效：self.check_fact() 遇到错误:('Open.Comments',)
[0;31mwarning: 文件缺失：《立案报告表》不存在[0m
[0;36m处罚依据：提示，本栏细分案由进行讨论[0m
[0;31mwarning: 文档格式有误，请主观审查下列功能：处罚依据一栏细分案由进行讨论[0m
文档存在格式错误，函数失效：self.check_basis_for_punishment() 遇到错误:('Open.Comments',)
[0;36m处理意见：正确。不为空[0m
[0;31mwarning: 调查事实：未得出是否已经查明事实[0m
[0;31mwarning: 文档格式有误，请主观审查下列功能：处理意见不为空，办人签名一栏由2名调查人员签名，日期应在30日内，如有《延长调查终结审批表》时间应在《延长调查终结审批表》中“延长调查终结事由及期限”期限内。[0m
文档存在格式错误，函数失效：self.check_handling_opinions() 遇到错误:('Open.Comments',)
[0;31mwarning: 文件缺失：《检查（勘验）笔录》不存在[0m
[0;31mwarning: 调查事实：不包含烟草专卖零售许可证[0m
[0;31mwarning: 文档格式有误，请主观审查下列功能：调查事实的无规则文本中是否含有烟草专卖零售许可证、卷烟数目、法律条款等要素[0m
文档存在格式错误，函数失效：self.check_additional_funtion_two_ner() 遇到错误:('Open.Comments',)
调查终结报告_ (2).docx 未成功处理，已跳过。遇到错误：('Open.Save',)
正在审查送达公告_ (1).docx，审查结果如下：
[0;31mwarning: 文书缺失：《行政处罚决定书》.docx不存在[0m
[0;31mwarning: 时间：“时间”与《立案报告表》中记载的“案发时间”（2021-01-06）不一致！[0m
[0;31mwarning: 文档格式有误，请主观审查下列功能：1、抬头应与《行政处罚决定书》中的当事人一致；2、时间应当与《立案报告表》中记载的“案发时间”一致；3、地点应当与《立案报告表》中记载的“案发地点”一致。[0m
文档存在格式错误，函数失效：self.check_Name_Time_and_Loc() 遇到错误:('Open.Comments',)
[0;31mwarning: 文档格式有误，请主观审查下列功能：依据应当与《案件处理审批表》中的“处罚依据”一致。[0m
文档存在格式错误，函数失效：self.check_reason2() 遇到错误:('处罚依据',)
[0;31mwarning: 案由：“案由”与《立案报告表》中记载的“案由”（涉嫌运输假冒伪劣烟草制品）不一致！[0m
[0;31mwarning: 文档格式有误，请主观审查下列功能：案由应当与《立案报告表》中记载的“案由”一致。[0m
文档存在格式错误，函数失效：self.check_reason1() 遇到错误:('Open.Comments',)
[0;31mwarning: 文书缺失：《行政处罚决定书》.docx不存在[0m
送达公告_ (1).docx 未成功处理，已跳过。遇到错误：('Open.Close',)
正在审查送达回证_ (2).docx，审查结果如下：
[0;31mwarning: 送达文书名称：送达文书名称错误，应为 行政处罚决定书[0m
[0;31mwarning: 文档格式有误，请主观审查下列功能：1、送达文书名称：行政处罚决定书2、送达文书文号：与《行政处罚决定书》编号一致 3、受送达人：与《行政处罚决定书》中的当事人一致4、送达地点：不为空5、送达方式：应当为直接送达、留置送达、邮寄送达、委托送达、公告送达中的其中一种。[0m
文档存在格式错误，函数失效：self.check_All() 遇到错误:('Open.Comments',)
送达回证_ (2).docx 未成功处理，已跳过。遇到错误：('Open.Close',)
{'举报记录表_ (1).docx': ['举报时间：《勘验（检查）笔录》不存在', '举报形式：举报形式未有“举报”字样', '举报内容：举报内容时间与举报时间栏填写日期不一致', '接待人意见：接待人未签名', '接待人意见：接待人意见日期与举报时间栏不一致', '承办部门负责人意见：承办部门负责人未签名', '承办部门负责人意见：“承办部门负责人”日期与举报时间栏不一致'], '先行登记保存批准书_ (1).docx': ['当事人名字：“当事人名字/名称”（ 姓名不详）与《检查（勘验）笔录》中“被检查人（被勘验人）（未查找到）”不一致', '案由：“案由”与立案报告表中“案由”（涉嫌运输假冒伪劣烟草制品）不一致', '表格：总计：（数量）不能为空', '承办人（签名）：承办人（签名）不能为空'], '关于同意延长证据登记保存期限的批复_ (2).docx': ['不存在表\n-----------------------------------'], '关于延长证据登记保存期限的请示_ (1).docx': ['不存在表\n-----------------------------------'], '卷内备考表_ (3).docx': ['文档格式有误，请主观审查下列功能：“本卷情况说明”：应填写“本卷材料齐全”、 “假冒伪劣卷烟待公开统一销毁”。 不能在卷内备考表中填写“无”或“/”', '文档存在格式错误，函数失效：self.check_Description() 遇到错误:("Package not found at \'C:/Users/ChenBaiyang/Desktop/案卷文书提取及分析系统_环境准备/案卷组_成烟立测试文书/2021184836_成烟立[2021]第10号/卷内备考表_.docx\'",)'], '委托鉴定书_ (1).docx': ['不存在表\n-----------------------------------'], '委托鉴定告知书_ (1).docx': ['不存在表\n-----------------------------------'], '延长调查期限告知书_ (1).docx': ['被告知人名字/名称：与《立案报告表》当事人不一致', '文件缺失：《延长案件调查终结审批表》不存在'], '集体讨论记录_ (2).docx': ['不存在表\n-----------------------------------']}

