***********************************************************************
日志信息 2022-07-13 10:21:52
审查命令:C:\WorkSpace\tobacco-master\yancaoRegularDemo\Anjuan_api.py C:\Users\Administrator\Desktop\烟草输入_文件夹 C:\NewFile\Test\20220713102101
审查案卷返回:C:\WorkSpace\tobacco-master\yancaoRegularDemo\Resource\KnowledgeGragh
输入路径：C:\Users\Administrator\Desktop\烟草输入_文件夹，输出路径：C:\NewFile\Test\20220713102101，
正在审查案件处理审批表_.docx，审查结果如下：
[0;31mwarning: × 《案件调查终结报告》.docx不存在[0m
[0;31mwarning: × 《延长调查终结审批表》.docx不存在[0m
[0;31mwarning: × 《延长调查期限告知书》.docx不存在[0m
[0;31mwarning: × 《先行登记保存证据处理通知书》.docx不存在[0m
[0;31mwarning: × 《涉案物品返还清单》.docx不存在[0m
[0;31mwarning: × 《案件调查终结报告_》.docx不存在[0m
[0;31mwarning: × 《立案报告表》.docx不存在[0m
[0;31mwarning: × 文件夹中没有包含《证据复制提取单》或《证据复制提取单》不包含身份证信息！因此无法比较当事人信息！[0m
[0;31mwarning: × 《立案报告表》.docx不存在[0m
[0;31mwarning: × 《涉案物品返回清单》.docx不存在[0m
[0;31mwarning: × 《涉案烟草专卖品核价表》.docx不存在[0m
[0;31mwarning: × 《案件集体讨论记录》.docx不存在[0m
[0;36m√ 承办部门意见为同意[0m
[0;31mwarning: × 日期在“承办人意见”的日期之前[0m
[0;31mwarning: × 法制部门意见不含有关键词“同意”、“不同意”二者之一[0m
[0;31mwarning: × 日期在“承办人意见”的日期之前[0m
[0;36m√ 负责人意见为同意[0m
[0;31mwarning: × 日期在“法制部门意见”的日期之前[0m
[0;31mwarning: × 未获取到罚款比例及金额的信息[0m
[0;31mwarning: × 检查（勘验）笔录[0m
[0;31mwarning: × 案件事实中不包含烟草专卖零售许可证[0m
[0;31mwarning: × 案件事实中不包含卷烟数目[0m
[0;31mwarning: × 案件事实中不包含法律条款[0m
[0;31mwarning: 法条适用性审查：根据”未在当地烟草专卖批发企业进货“案由，其对应法律及其条款是《成都市烟草专卖管理条例》第三十三条第（三）项，法条适用性审查通过。法条合法性审查：文书中处罚结果是10%，而合法范围是5.0%-10.0%，故文书中处罚结果在合法范围内。自由裁量权合规性审查：自由裁量权合规性审查不通过。案卷处罚结果为“处以当事人存储假冒伪劣烟草制品货值500.00元10%的罚款，计罚款50.00元（大写：贰佰柒拾伍元陆角整）。”，根据罚款金额，属于该地自由裁量基准尺度第“1”项，即最低处罚尺度，即使卷宗中存在从轻处罚证据，也不可再进行从轻处罚。[0m
《案件处理审批表》审查完毕

{'案件处理审批表_.docx': ['× 《案件调查终结报告》.docx不存在', '× 《延长调查终结审批表》.docx不存在', '× 《延长调查期限告知书》.docx不存在', '× 《先行登记保存证据处理通知书》.docx不存在', '× 《涉案物品返还清单》.docx不存在', '× 《案件调查终结报告_》.docx不存在', '× 《立案报告表》.docx不存在', '× 文件夹中没有包含《证据复制提取单》或《证据复制提取单》不包含身份证信息！因此无法比较当事人信息！', '× 《立案报告表》.docx不存在', '× 《涉案物品返回清单》.docx不存在', '× 《涉案烟草专卖品核价表》.docx不存在', '× 《案件集体讨论记录》.docx不存在', '× 日期在“承办人意见”的日期之前', '× 法制部门意见不含有关键词“同意”、“不同意”二者之一', '× 日期在“承办人意见”的日期之前', '× 日期在“法制部门意见”的日期之前', '× 未获取到罚款比例及金额的信息', '× 检查（勘验）笔录', '× 案件事实中不包含烟草专卖零售许可证', '× 案件事实中不包含卷烟数目', '× 案件事实中不包含法律条款', '法条适用性审查：根据”未在当地烟草专卖批发企业进货“案由，其对应法律及其条款是《成都市烟草专卖管理条例》第三十三条第（三）项，法条适用性审查通过。法条合法性审查：文书中处罚结果是10%，而合法范围是5.0%-10.0%，故文书中处罚结果在合法范围内。自由裁量权合规性审查：自由裁量权合规性审查不通过。案卷处罚结果为“处以当事人存储假冒伪劣烟草制品货值500.00元10%的罚款，计罚款50.00元（大写：贰佰柒拾伍元陆角整）。”，根据罚款金额，属于该地自由裁量基准尺度第“1”项，即最低处罚尺度，即使卷宗中存在从轻处罚证据，也不可再进行从轻处罚。']}

***********************************************************************
日志信息 2022-07-13 10:27:47
审查命令:C:\WorkSpace\tobacco-master\yancaoRegularDemo\Anjuan_api.py C:\Users\Administrator\Desktop\烟草输入_文件夹 C:\NewFile\Test\20220713102741
审查案卷返回:
***********************************************************************
日志信息 2022-07-13 10:28:30
审查命令:C:\WorkSpace\tobacco-master\yancaoRegularDemo\Anjuan_api.py C:\Users\Administrator\Desktop\烟草输入_文件夹 C:\NewFile\Test\20220713102824
审查案卷返回:
***********************************************************************
日志信息 2022-07-13 10:29:43
审查命令:C:\WorkSpace\tobacco-master\yancaoRegularDemo\Anjuan_api.py C:\Users\Administrator\Desktop\输入 C:\NewFile\Test\20220713102934
审查案卷返回:
***********************************************************************
日志信息 2022-07-13 10:33:24
审查命令:C:\WorkSpace\tobacco-master\yancaoRegularDemo\Anjuan_api.py C:\Users\Administrator\Desktop\输入 C:\NewFile\Test\20220713103317
审查案卷返回:
***********************************************************************
日志信息 2022-07-13 10:40:22
审查命令:C:\WorkSpace\tobacco-master\yancaoRegularDemo\Anjuan_api.py C:\Users\Administrator\Desktop\烟草输入_文件夹 C:\NewFile\Test\20220713104008
审查案卷返回:正在审查案件处理审批表_.docx，审查结果如下：
[0;31mwarning: × 《案件调查终结报告》.docx不存在[0m
[0;31mwarning: × 《延长调查终结审批表》.docx不存在[0m
[0;31mwarning: × 《延长调查期限告知书》.docx不存在[0m
[0;31mwarning: × 《先行登记保存证据处理通知书》.docx不存在[0m
[0;31mwarning: × 《涉案物品返还清单》.docx不存在[0m
[0;31mwarning: × 《案件调查终结报告_》.docx不存在[0m
[0;31mwarning: × 《立案报告表》.docx不存在[0m
[0;31mwarning: × 文件夹中没有包含《证据复制提取单》或《证据复制提取单》不包含身份证信息！因此无法比较当事人信息！[0m
[0;31mwarning: × 《立案报告表》.docx不存在[0m
[0;31mwarning: × 《涉案物品返回清单》.docx不存在[0m
[0;31mwarning: × 《涉案烟草专卖品核价表》.docx不存在[0m
[0;31mwarning: × 《案件集体讨论记录》.docx不存在[0m
[0;36m√ 承办部门意见为同意[0m
[0;31mwarning: × 日期在“承办人意见”的日期之前[0m
[0;31mwarning: × 法制部门意见不含有关键词“同意”、“不同意”二者之一[0m
[0;31mwarning: × 日期在“承办人意见”的日期之前[0m
[0;36m√ 负责人意见为同意[0m
[0;31mwarning: × 日期在“法制部门意见”的日期之前[0m
[0;31mwarning: × 未获取到罚款比例及金额的信息[0m
[0;31mwarning: × 检查（勘验）笔录[0m
[0;31mwarning: × 案件事实中不包含烟草专卖零售许可证[0m
[0;31mwarning: × 案件事实中不包含卷烟数目[0m
[0;31mwarning: × 案件事实中不包含法律条款[0m
rdfpath: 
C:\WorkSpace\tobacco-master\zhishitupu\rdf\成都\27.rdf
rdfpath: C:\WorkSpace\tobacco-master\zhishitupu\rdf\成都\27.rdf
{'案由': '未在当地烟草专卖批发企业进货', '是否罚款': False, '理应档次': None, '实际档次': None, '应该没收': False, '实际没收': False}
[0;31mwarning: △ “承办人意见”中存在“从轻“字样，但不存在从轻证据！“承办人意见”中不存在“从重“字样。“承办人意见”中存在“从轻“字样，但不存在从轻证据！“承办人意见”中不存在“从重“字样。案由“未在当地烟草专卖批发企业进货”的处罚结果为——“[]”,无法确定理应的处罚档次，请人工核查！[0m
《案件处理审批表》审查完毕

{'案件处理审批表_.docx': ['× 《案件调查终结报告》.docx不存在', '× 《延长调查终结审批表》.docx不存在', '× 《延长调查期限告知书》.docx不存在', '× 《先行登记保存证据处理通知书》.docx不存在', '× 《涉案物品返还清单》.docx不存在', '× 《案件调查终结报告_》.docx不存在', '× 《立案报告表》.docx不存在', '× 文件夹中没有包含《证据复制提取单》或《证据复制提取单》不包含身份证信息！因此无法比较当事人信息！', '× 《立案报告表》.docx不存在', '× 《涉案物品返回清单》.docx不存在', '× 《涉案烟草专卖品核价表》.docx不存在', '× 《案件集体讨论记录》.docx不存在', '× 日期在“承办人意见”的日期之前', '× 法制部门意见不含有关键词“同意”、“不同意”二者之一', '× 日期在“承办人意见”的日期之前', '× 日期在“法制部门意见”的日期之前', '× 未获取到罚款比例及金额的信息', '× 检查（勘验）笔录', '× 案件事实中不包含烟草专卖零售许可证', '× 案件事实中不包含卷烟数目', '× 案件事实中不包含法律条款', '△ “承办人意见”中存在“从轻“字样，但不存在从轻证据！“承办人意见”中不存在“从重“字样。“承办人意见”中存在“从轻“字样，但不存在从轻证据！“承办人意见”中不存在“从重“字样。案由“未在当地烟草专卖批发企业进货”的处罚结果为——“[]”,无法确定理应的处罚档次，请人工核查！']}

