***********************************************************************
日志信息 2022-11-09 14:23:29
审查命令:C:\WorkSpace\tobacco-master\HeTongZuCode\Hetong_api.py "E:\Postgraduate\ChinaTobaccoContract_V2_new_version_riskAdd\测试\标准合同样例\买卖合同（测试）.docx" standard 0 C:\审查结果\20221109142329
审核结果:
***********************************************************************
日志信息 2022-11-09 14:26:03
审查命令:C:\WorkSpace\tobacco-master\HeTongZuCode\Hetong_api.py "C:\Users\Mr.Blonde\Desktop\测试合同\买卖合同\买卖合同\合同1.docx" standard 0 C:\审查结果\20221109142603
审核结果:
***********************************************************************
日志信息 2022-11-09 14:27:38
审查命令:C:\WorkSpace\tobacco-master\HeTongZuCode\Hetong_api.py "C:\Users\Mr.Blonde\Desktop\测试合同\物业管理合同\物业管理合同（川大审核通过定稿）_全假.docx" standard 3 C:\审查结果\20221109142738
审核结果:
***********************************************************************
日志信息 2022-11-09 14:30:01
审查命令:C:\WorkSpace\tobacco-master\HeTongZuCode\Hetong_api.py "E:\Postgraduate\ChinaTobaccoContract_V2_new_version_riskAdd\房屋租赁合同测试样例\房屋租赁合同全错版1.doc" standard 1 C:\审查结果\20221109143001
审核结果:
***********************************************************************
日志信息 2022-11-09 14:30:22
审查命令:C:\WorkSpace\tobacco-master\HeTongZuCode\Hetong_api.py "E:\Postgraduate\ChinaTobaccoContract_V2_new_version_riskAdd\合同组测试用例\标准文件\建筑合同.docx" standard 4 C:\审查结果\20221109143022
审核结果:
***********************************************************************
日志信息 2022-11-09 14:31:22
审查命令:C:\WorkSpace\tobacco-master\HeTongZuCode\Hetong_api.py "E:\Postgraduate\ChinaTobaccoContract_V2_new_version_riskAdd\合同组测试用例\非标准文件\买卖合同\非标准买卖合同 (1).docx" nonstandard 0 C:\审查结果\20221109143122
审核结果:
***********************************************************************
日志信息 2022-11-09 14:43:30
审查命令:C:\WorkSpace\tobacco-master\HeTongZuCode\Hetong_api.py "C:\Users\12259\Desktop\合同组测试用例\标准文件\建筑合同.docx" standard 4 C:\审查结果\20221109144330
审核结果:
