***********************************************************************
日志信息 2022-11-08 23:05:54
审查命令:C:\WorkSpace\tobacco-master\yancaoRegularDemo\Anjuan_api.py C:\Users\Administrator\Desktop\案卷组文档\案卷组_成烟立测试文书\2021184250_成烟立[2021]第2号 C:\NewFile\Test\20221108230542
审查案卷返回:
***********************************************************************
日志信息 2022-11-08 23:06:52
审查命令:C:\WorkSpace\tobacco-master\yancaoRegularDemo\Anjuan_api.py C:\Users\Administrator\Desktop\案卷组文档\案卷组_成烟立测试文书\2021184250_成烟立[2021]第2号 C:\NewFile\Test\20221108230641
审查案卷返回:
***********************************************************************
日志信息 2022-11-08 23:15:25
审查命令:C:\WorkSpace\tobacco-master\yancaoRegularDemo\Anjuan_api.py C:\Users\Administrator\Desktop\案卷文书 C:\NewFile\Test\20221108231506
审查案卷返回:输入路径：C:\Users\Administrator\Desktop\案卷文书，输出路径：C:\NewFile\Test\20221108231506，
正在审查案件处理审批表_.docx，审查结果如下：
[0;31mwarning: 文件缺失：《案件调查终结报告》.docx不存在[0m
[0;31mwarning: 文件缺失：《延长调查终结审批表》.docx不存在[0m
[0;31mwarning: 文件缺失：《延长调查期限告知书》不存在[0m
[0;31mwarning: 文件缺失：《先行登记保存证据处理通知书》不存在[0m
[0;31mwarning: 文件缺失：《涉案物品返还清单》不存在[0m
[0;31mwarning: 文件缺失：《案件调查终结报告_》不存在[0m
[0;31mwarning: 文件缺失：《立案报告表》不存在[0m
[0;31mwarning: 身份证信息缺失：文件夹中没有包含《证据复制提取单》或《证据复制提取单》不包含身份证信息！因此无法比较当事人信息！[0m
[0;31mwarning: 文件缺失：《立案报告表》不存在[0m
[0;31mwarning: 文件缺失：《涉案物品返回清单》不存在[0m
[0;31mwarning: 文件缺失：《涉案烟草专卖品核价表》不存在[0m
[0;31mwarning: 文件缺失：《案件集体讨论记录》不存在[0m
[0;36m承办部门意见：正确。为同意[0m
[0;31mwarning: 承办部门意见日期：在“承办人意见”的日期之前[0m
[0;31mwarning: 法制部门意见：不含有关键词“同意”、“不同意”二者之一[0m
[0;31mwarning: 法制部门意见日期：在“承办人意见”的日期之前[0m
[0;36m负责人意见：正确。为同意[0m
[0;31mwarning: 负责人意见日期：在“法制部门意见”的日期之前[0m
[0;31mwarning: 文件缺失：《检查（勘验）笔录》不存在[0m
[0;31mwarning: 案件事实：不包含烟草专卖零售许可证[0m
[0;31mwarning: 案件事实：不包含卷烟数目[0m
[0;31mwarning: 案件事实：不包含法律条款[0m
rdfpath: 
C:\WorkSpace\tobacco-master\zhishitupu\rdf\成都市局\16.rdf
rdfpath: C:\WorkSpace\tobacco-master\zhishitupu\rdf\成都市局\16.rdf
rdfpath: 
C:\WorkSpace\tobacco-master\zhishitupu\rdf\成都市局\13.rdf
rdfpath: C:\WorkSpace\tobacco-master\zhishitupu\rdf\成都市局\13.rdf
rdfpath: 
C:\WorkSpace\tobacco-master\zhishitupu\rdf\成都市局\15.rdf
rdfpath: C:\WorkSpace\tobacco-master\zhishitupu\rdf\成都市局\15.rdf
rdfpath: 
False
在rdf没找到阈值单位或惩罚单位，rdf文件出错了
rdfpath: 
False
在rdf没找到阈值单位或惩罚单位，rdf文件出错了
[0;31mwarning: 自由裁量权：“承办人意见”中存在“从轻“字样，但不存在从轻证据！“承办人意见”中不存在“从重“字样。“承办人意见”中存在“从轻“字样，但不存在从轻证据！“承办人意见”中不存在“从重“字样。案由“生产”的处罚结果为——“[]”,无法确定理应的处罚档次，请人工核查！案由“运输”的处罚结果为——“[]”,无法确定理应的处罚档次，请人工核查！案由“邮寄”的处罚结果为——“[]”,无法确定理应的处罚档次，请人工核查！由于案由撰写不规范，所以在库中未提取到对应案由的信息！由于案由撰写不规范，所以在库中未提取到对应案由的信息！[0m
《案件处理审批表》审查完毕

{'案件处理审批表_.docx': ['文件缺失：《案件调查终结报告》.docx不存在', '文件缺失：《延长调查终结审批表》.docx不存在', '文件缺失：《延长调查期限告知书》不存在', '文件缺失：《先行登记保存证据处理通知书》不存在', '文件缺失：《涉案物品返还清单》不存在', '文件缺失：《案件调查终结报告_》不存在', '文件缺失：《立案报告表》不存在', '身份证信息缺失：文件夹中没有包含《证据复制提取单》或《证据复制提取单》不包含身份证信息！因此无法比较当事人信息！', '文件缺失：《立案报告表》不存在', '文件缺失：《涉案物品返回清单》不存在', '文件缺失：《涉案烟草专卖品核价表》不存在', '文件缺失：《案件集体讨论记录》不存在', '承办部门意见日期：在“承办人意见”的日期之前', '法制部门意见：不含有关键词“同意”、“不同意”二者之一', '法制部门意见日期：在“承办人意见”的日期之前', '负责人意见日期：在“法制部门意见”的日期之前', '文件缺失：《检查（勘验）笔录》不存在', '案件事实：不包含烟草专卖零售许可证', '案件事实：不包含卷烟数目', '案件事实：不包含法律条款', '自由裁量权：“承办人意见”中存在“从轻“字样，但不存在从轻证据！“承办人意见”中不存在“从重“字样。“承办人意见”中存在“从轻“字样，但不存在从轻证据！“承办人意见”中不存在“从重“字样。案由“生产”的处罚结果为——“[]”,无法确定理应的处罚档次，请人工核查！案由“运输”的处罚结果为——“[]”,无法确定理应的处罚档次，请人工核查！案由“邮寄”的处罚结果为——“[]”,无法确定理应的处罚档次，请人工核查！由于案由撰写不规范，所以在库中未提取到对应案由的信息！由于案由撰写不规范，所以在库中未提取到对应案由的信息！']}

