***********************************************************************
日志信息 2022-08-02 11:07:51
审查命令:C:\WorkSpace\tobacco-master\yancaoRegularDemo\Anjuan_api.py C:\Users\Administrator\Desktop\案卷组_成烟立测试文书\2021184250_成烟立[2021]第2号 C:\NewFile\Test\20220802110615
审查案卷返回:正在审查先行登记保存批准书_.docx，审查结果如下：
[0;31mwarning: 当事人名字：“当事人名字/名称”（ 姓名不详）与《检查（勘验）笔录》中“被检查人（被勘验人）（未查找到）”不一致[0m
[0;36m案由：案由不为空[0m
[0;36m表格：共计：（品种）数正确[0m
[0;31mwarning: 表格：总计：（数量）不能为空[0m
[0;31mwarning: 承办人（签名）：承办人（签名）不能为空[0m
[0;31mwarning: 负责人意见并签名：负责人意见并签名：不能为空[0m
[0;36m承办人（签名）：承办人（签名） 日期正确[0m
[0;31mwarning: 负责人意见并签名： 日期错误[0m
先行登记保存批准书_.docx审查完毕

正在审查延长调查期限告知书_.docx，审查结果如下：
[0;31mwarning: 被告知人名字/名称：与《立案报告表》当事人不一致[0m
[0;31mwarning: 文件缺失：《延长案件调查终结审批表》不存在[0m
《延长调查期限告知书》审查完毕

正在审查延长调查终结期限审批表_.docx，审查结果如下：
[0;36m案由：正确。与《立案报告表》一致,《立案报告表》中为：涉嫌存储假冒伪劣烟草制品[0m
[0;31mwarning: 立案日期：与《立案报告表》立案日期（即负责人意见签名时间）不一致[0m
[0;36m当事人：正确。与《立案报告表》一致,《立案报告表》中为：姓名不详[0m
[0;36m证件类型及号码：正确。与《立案报告表》一致,《立案报告表》中为：[0m
[0;36m地址：正确。与《立案报告表》一致,《立案报告表》中为：[0m
[0;31mwarning: 案情摘要：与《立案报告表》不一致,《立案报告表》中为：2021年1月2日，接群众举报，我局执法人员会同公安干警依法对成都市成华区龙潭街道石马村六组出租房进行检查，执法人员在该出租房内查获烟草制品：云烟（紫）225条、红塔山（硬经典100）175条共计2个品种400条，因该批烟草制品涉嫌假冒伪劣烟草制品，当事人的行为涉嫌违反了《成都市烟草专卖管理条例》第十五条第一款之规定，我局执法人员遂依法将上述烟草制品予以先行登记保存，以待进一步调查。[0m
[0;36m承办部门意见_日期：正确。在《立案报告表》负责人意见日期一栏30天内(如有法定节假日，顺延到法定节假日后一天)[0m
[0;36m负责人意见_日期：正确。在《立案报告表》负责人意见日期一栏30天内(如有法定节假日，顺延到法定节假日后一天)[0m
《延长调查终结审批表》审查完毕

正在审查案件处理审批表_.docx，审查结果如下：
[0;31mwarning: 文件缺失：《案件调查终结报告》.docx不存在[0m
[0;31mwarning: 文件缺失：《延长调查终结审批表》.docx不存在[0m
[0;31mwarning: 文件缺失：《先行登记保存证据处理通知书》不存在[0m
[0;31mwarning: 文件缺失：《涉案物品返还清单》不存在[0m
[0;31mwarning: 文件缺失：《案件调查终结报告_》不存在[0m
[0;31mwarning: 立案日期：与《立案报告表》中的“负责人意见”的时间不同[0m
[0;31mwarning: 身份证信息缺失：文件夹中没有包含《证据复制提取单》或《证据复制提取单》不包含身份证信息！因此无法比较当事人信息！[0m
[0;31mwarning: 案发时间：与《立案报告表》中记载的2021年01月02日13时54分不一致[0m
[0;31mwarning: 文件缺失：《涉案物品返回清单》不存在[0m
[0;31mwarning: 涉案金额：未捕捉到涉案金额信息[0m
[0;31mwarning: 文件缺失：《案件集体讨论记录》不存在[0m
[0;36m承办部门意见：正确。为同意[0m
[0;31mwarning: 承办部门意见日期：在“承办人意见”的日期之前[0m
[0;36m法制部门意见：正确。为同意[0m
[0;31mwarning: 法制部门意见日期：在“承办人意见”的日期之前[0m
[0;36m负责人意见：正确。为同意[0m
[0;31mwarning: 负责人意见日期：在“法制部门意见”的日期之前[0m
[0;31mwarning: 文件缺失：《检查（勘验）笔录》不存在[0m
[0;31mwarning: 案件事实：不包含烟草专卖零售许可证[0m
[0;31mwarning: 案件事实：不包含卷烟数目[0m
[0;31mwarning: 案件事实：不包含法律条款[0m
rdfpath: 
False
在rdf没找到阈值单位或惩罚单位，rdf文件出错了
[0;31mwarning: 自由裁量权：“承办人意见”中不存在“从轻“字样，且不存在从轻证据。“承办人意见”中不存在“从重“字样。“承办人意见”中不存在“从轻“字样，且不存在从轻证据。“承办人意见”中不存在“从重“字样。由于案由撰写不规范，所以在库中未提取到对应案由的信息！[0m
《案件处理审批表》审查完毕

正在审查行政处理决定书_.docx，审查结果如下：
[0;31mwarning: 案件基本情况：案件基本情况与《案件处理审批表》中“案件事实”记载的不一致！[0m
文档存在格式错误，函数失效：self.check_Notice() 遇到错误:('list index out of range',)
[0;31mwarning: 作出行政处理决定日期：作出行政处理决定日期应在《案件处理审批表》时间（同意。签名：日期:2021-2-24）之后！[0m
《行政处理决定书》审查完毕

正在审查证据复制提取单_ (1).docx，审查结果如下：
[0;36m烟草专卖局：烟草专卖局不为空[0m
[0;36m复制（提取）地点：复制（提取）地点：不为空[0m
[0;36m执法人员及执法证号：不为空[0m
[0;36m结尾时间：结尾时间格式正确[0m
[0;31mwarning: 结尾时间：时间无法提取[0m
证据复制提取单_ (1).docx审查完毕

正在审查证据复制提取单_ (2).docx，审查结果如下：
[0;36m烟草专卖局：烟草专卖局不为空[0m
[0;36m复制（提取）地点：复制（提取）地点：不为空[0m
[0;36m执法人员及执法证号：不为空[0m
[0;36m结尾时间：结尾时间格式正确[0m
[0;31mwarning: 结尾时间：时间无法提取[0m
证据复制提取单_ (2).docx审查完毕

正在审查证据复制提取单_ (3).docx，审查结果如下：
[0;36m烟草专卖局：烟草专卖局不为空[0m
[0;36m复制（提取）地点：复制（提取）地点：不为空[0m
[0;31mwarning: 复制（提取）地点：复制（提取）地点没有与对应文书中的证据一致[0m
[0;36m执法人员及执法证号：不为空[0m
[0;36m结尾时间：结尾时间格式正确[0m
[0;31mwarning: 结尾时间：时间无法提取[0m
证据复制提取单_ (3).docx审查完毕

正在审查证据复制提取单_ (4).docx，审查结果如下：
[0;36m烟草专卖局：烟草专卖局不为空[0m
[0;36m复制（提取）地点：复制（提取）地点：不为空[0m
[0;36m执法人员及执法证号：不为空[0m
[0;36m结尾时间：结尾时间格式正确[0m
[0;31mwarning: 结尾时间：时间无法提取[0m
证据复制提取单_ (4).docx审查完毕

正在审查证据复制提取单_ (5).docx，审查结果如下：
[0;36m烟草专卖局：烟草专卖局不为空[0m
[0;36m复制（提取）地点：复制（提取）地点：不为空[0m
[0;36m执法人员及执法证号：不为空[0m
[0;36m结尾时间：结尾时间格式正确[0m
[0;31mwarning: 结尾时间：时间无法提取[0m
证据复制提取单_ (5).docx审查完毕

正在审查证据复制提取单_.docx，审查结果如下：
[0;36m烟草专卖局：烟草专卖局不为空[0m
[0;36m复制（提取）地点：复制（提取）地点：不为空[0m
[0;31mwarning: 复制（提取）地点：复制（提取）地点没有与对应文书中的证据一致[0m
[0;36m执法人员及执法证号：不为空[0m
[0;36m结尾时间：结尾时间格式正确[0m
[0;31mwarning: 结尾时间：时间无法提取[0m
证据复制提取单_.docx审查完毕

正在审查调查终结报告_.docx，审查结果如下：
[0;36m案由：正确。案由不为空[0m
[0;31mwarning: 案由：案由一栏应该加[涉嫌]两字[0m
[0;31mwarning: 文件缺失：《立案报告表》不存在[0m
[0;36m立案日期：正确。不为空[0m
[0;31mwarning: 文件缺失：《立案报告表》不存在[0m
[0;31mwarning: 文件缺失：《立案报告表》不存在[0m
[0;31mwarning: 文件缺失：《立案报告表》不存在[0m
[0;36m调查事实：提示。本栏依据主观审查[0m
[0;31mwarning: 文件缺失：《立案报告表》不存在[0m
[0;36m处罚依据：提示，本栏细分案由进行讨论[0m
[0;36m处理意见：正确。不为空[0m
[0;31mwarning: 调查事实：未得出是否已经查明事实[0m
[0;31mwarning: 文件缺失：《检查（勘验）笔录》不存在[0m
[0;31mwarning: 调查事实：不包含烟草专卖零售许可证[0m
[0;31mwarning: 调查事实：不包含卷烟数目[0m
[0;31mwarning: 调查事实：不包含法律条款[0m
《案件调查终结报告》审查完毕

正在审查送达公告_.docx，审查结果如下：
[0;31mwarning: 文书缺失：《行政处罚决定书》.docx不存在[0m
[0;31mwarning: 时间：“时间”与《立案报告表》中记载的“案发时间”（2021-01-02）不一致！[0m
[0;31mwarning: 地点： “地点”与《立案报告表》中记载的“案发地点”（成都市成华区龙潭街道石马村六组出租房）不一致！[0m
文档存在格式错误，函数失效：self.check_reason2() 遇到错误:('处罚依据',)
[0;31mwarning: 案由：“案由”与《立案报告表》中记载的“案由”（涉嫌存储假冒伪劣烟草制品）不一致！[0m
[0;31mwarning: 文书缺失：《行政处罚决定书》.docx不存在[0m
送达公告_.docx审查完毕


***********************************************************************
日志信息 2022-08-02 11:37:11
审查命令:C:\WorkSpace\tobacco-master\yancaoRegularDemo\Anjuan_api.py C:\Users\Administrator\Desktop\案卷组_成烟立测试文书\2021184250_成烟立[2021]第2号 C:\NewFile\Test\20220802113536
审查案卷返回:正在审查先行登记保存批准书_.docx，审查结果如下：
[0;31mwarning: 当事人名字：“当事人名字/名称”（ 姓名不详）与《检查（勘验）笔录》中“被检查人（被勘验人）（未查找到）”不一致[0m
[0;36m案由：案由不为空[0m
[0;36m表格：共计：（品种）数正确[0m
[0;31mwarning: 表格：总计：（数量）不能为空[0m
[0;31mwarning: 承办人（签名）：承办人（签名）不能为空[0m
[0;31mwarning: 负责人意见并签名：负责人意见并签名：不能为空[0m
[0;36m承办人（签名）：承办人（签名） 日期正确[0m
[0;31mwarning: 负责人意见并签名： 日期错误[0m
先行登记保存批准书_.docx审查完毕

正在审查延长调查期限告知书_.docx，审查结果如下：
[0;31mwarning: 被告知人名字/名称：与《立案报告表》当事人不一致[0m
[0;31mwarning: 文件缺失：《延长案件调查终结审批表》不存在[0m
《延长调查期限告知书》审查完毕

正在审查延长调查终结期限审批表_.docx，审查结果如下：
[0;36m案由：正确。与《立案报告表》一致,《立案报告表》中为：涉嫌存储假冒伪劣烟草制品[0m
[0;31mwarning: 立案日期：与《立案报告表》立案日期（即负责人意见签名时间）不一致[0m
[0;36m当事人：正确。与《立案报告表》一致,《立案报告表》中为：姓名不详[0m
[0;36m证件类型及号码：正确。与《立案报告表》一致,《立案报告表》中为：[0m
[0;36m地址：正确。与《立案报告表》一致,《立案报告表》中为：[0m
[0;31mwarning: 案情摘要：与《立案报告表》不一致,《立案报告表》中为：2021年1月2日，接群众举报，我局执法人员会同公安干警依法对成都市成华区龙潭街道石马村六组出租房进行检查，执法人员在该出租房内查获烟草制品：云烟（紫）225条、红塔山（硬经典100）175条共计2个品种400条，因该批烟草制品涉嫌假冒伪劣烟草制品，当事人的行为涉嫌违反了《成都市烟草专卖管理条例》第十五条第一款之规定，我局执法人员遂依法将上述烟草制品予以先行登记保存，以待进一步调查。[0m
[0;36m承办部门意见_日期：正确。在《立案报告表》负责人意见日期一栏30天内(如有法定节假日，顺延到法定节假日后一天)[0m
[0;36m负责人意见_日期：正确。在《立案报告表》负责人意见日期一栏30天内(如有法定节假日，顺延到法定节假日后一天)[0m
《延长调查终结审批表》审查完毕

正在审查案件处理审批表_.docx，审查结果如下：
[0;31mwarning: 文件缺失：《案件调查终结报告》.docx不存在[0m
[0;31mwarning: 文件缺失：《延长调查终结审批表》.docx不存在[0m
[0;31mwarning: 文件缺失：《先行登记保存证据处理通知书》不存在[0m
[0;31mwarning: 文件缺失：《涉案物品返还清单》不存在[0m
[0;31mwarning: 文件缺失：《案件调查终结报告_》不存在[0m
[0;31mwarning: 立案日期：与《立案报告表》中的“负责人意见”的时间不同[0m
[0;31mwarning: 身份证信息缺失：文件夹中没有包含《证据复制提取单》或《证据复制提取单》不包含身份证信息！因此无法比较当事人信息！[0m
[0;31mwarning: 案发时间：与《立案报告表》中记载的2021年01月02日13时54分不一致[0m
[0;31mwarning: 文件缺失：《涉案物品返回清单》不存在[0m
[0;31mwarning: 涉案金额：未捕捉到涉案金额信息[0m
[0;31mwarning: 文件缺失：《案件集体讨论记录》不存在[0m
[0;36m承办部门意见：正确。为同意[0m
[0;31mwarning: 承办部门意见日期：在“承办人意见”的日期之前[0m
[0;36m法制部门意见：正确。为同意[0m
[0;31mwarning: 法制部门意见日期：在“承办人意见”的日期之前[0m
[0;36m负责人意见：正确。为同意[0m
[0;31mwarning: 负责人意见日期：在“法制部门意见”的日期之前[0m
[0;31mwarning: 文件缺失：《检查（勘验）笔录》不存在[0m
[0;31mwarning: 案件事实：不包含烟草专卖零售许可证[0m
[0;31mwarning: 案件事实：不包含卷烟数目[0m
[0;31mwarning: 案件事实：不包含法律条款[0m
rdfpath: 
False
在rdf没找到阈值单位或惩罚单位，rdf文件出错了
[0;31mwarning: 自由裁量权：“承办人意见”中不存在“从轻“字样，且不存在从轻证据。“承办人意见”中不存在“从重“字样。“承办人意见”中不存在“从轻“字样，且不存在从轻证据。“承办人意见”中不存在“从重“字样。由于案由撰写不规范，所以在库中未提取到对应案由的信息！[0m
《案件处理审批表》审查完毕

正在审查行政处理决定书_.docx，审查结果如下：
[0;31mwarning: 案件基本情况：案件基本情况与《案件处理审批表》中“案件事实”记载的不一致！[0m
文档存在格式错误，函数失效：self.check_Notice() 遇到错误:('list index out of range',)
[0;31mwarning: 作出行政处理决定日期：作出行政处理决定日期应在《案件处理审批表》时间（同意。签名：日期:2021-2-24）之后！[0m
《行政处理决定书》审查完毕

正在审查证据复制提取单_ (1).docx，审查结果如下：
[0;36m烟草专卖局：烟草专卖局不为空[0m
[0;36m复制（提取）地点：复制（提取）地点：不为空[0m
[0;36m执法人员及执法证号：不为空[0m
[0;36m结尾时间：结尾时间格式正确[0m
[0;31mwarning: 结尾时间：时间无法提取[0m
证据复制提取单_ (1).docx审查完毕

正在审查证据复制提取单_ (2).docx，审查结果如下：
[0;36m烟草专卖局：烟草专卖局不为空[0m
[0;36m复制（提取）地点：复制（提取）地点：不为空[0m
[0;36m执法人员及执法证号：不为空[0m
[0;36m结尾时间：结尾时间格式正确[0m
[0;31mwarning: 结尾时间：时间无法提取[0m
证据复制提取单_ (2).docx审查完毕

正在审查证据复制提取单_ (3).docx，审查结果如下：
[0;36m烟草专卖局：烟草专卖局不为空[0m
[0;36m复制（提取）地点：复制（提取）地点：不为空[0m
[0;31mwarning: 复制（提取）地点：复制（提取）地点没有与对应文书中的证据一致[0m
[0;36m执法人员及执法证号：不为空[0m
[0;36m结尾时间：结尾时间格式正确[0m
[0;31mwarning: 结尾时间：时间无法提取[0m
证据复制提取单_ (3).docx审查完毕

正在审查证据复制提取单_ (4).docx，审查结果如下：
[0;36m烟草专卖局：烟草专卖局不为空[0m
[0;36m复制（提取）地点：复制（提取）地点：不为空[0m
[0;36m执法人员及执法证号：不为空[0m
[0;36m结尾时间：结尾时间格式正确[0m
[0;31mwarning: 结尾时间：时间无法提取[0m
证据复制提取单_ (4).docx审查完毕

正在审查证据复制提取单_ (5).docx，审查结果如下：
[0;36m烟草专卖局：烟草专卖局不为空[0m
[0;36m复制（提取）地点：复制（提取）地点：不为空[0m
[0;36m执法人员及执法证号：不为空[0m
[0;36m结尾时间：结尾时间格式正确[0m
[0;31mwarning: 结尾时间：时间无法提取[0m
证据复制提取单_ (5).docx审查完毕

正在审查证据复制提取单_.docx，审查结果如下：
[0;36m烟草专卖局：烟草专卖局不为空[0m
[0;36m复制（提取）地点：复制（提取）地点：不为空[0m
[0;31mwarning: 复制（提取）地点：复制（提取）地点没有与对应文书中的证据一致[0m
[0;36m执法人员及执法证号：不为空[0m
[0;36m结尾时间：结尾时间格式正确[0m
[0;31mwarning: 结尾时间：时间无法提取[0m
证据复制提取单_.docx审查完毕

正在审查调查终结报告_.docx，审查结果如下：
[0;36m案由：正确。案由不为空[0m
[0;31mwarning: 案由：案由一栏应该加[涉嫌]两字[0m
[0;31mwarning: 文件缺失：《立案报告表》不存在[0m
[0;36m立案日期：正确。不为空[0m
[0;31mwarning: 文件缺失：《立案报告表》不存在[0m
[0;31mwarning: 文件缺失：《立案报告表》不存在[0m
[0;31mwarning: 文件缺失：《立案报告表》不存在[0m
[0;36m调查事实：提示。本栏依据主观审查[0m
[0;31mwarning: 文件缺失：《立案报告表》不存在[0m
[0;36m处罚依据：提示，本栏细分案由进行讨论[0m
[0;36m处理意见：正确。不为空[0m
[0;31mwarning: 调查事实：未得出是否已经查明事实[0m
[0;31mwarning: 文件缺失：《检查（勘验）笔录》不存在[0m
[0;31mwarning: 调查事实：不包含烟草专卖零售许可证[0m
[0;31mwarning: 调查事实：不包含卷烟数目[0m
[0;31mwarning: 调查事实：不包含法律条款[0m
《案件调查终结报告》审查完毕

正在审查送达公告_.docx，审查结果如下：
[0;31mwarning: 文书缺失：《行政处罚决定书》.docx不存在[0m
[0;31mwarning: 时间：“时间”与《立案报告表》中记载的“案发时间”（2021-01-02）不一致！[0m
[0;31mwarning: 地点： “地点”与《立案报告表》中记载的“案发地点”（成都市成华区龙潭街道石马村六组出租房）不一致！[0m
文档存在格式错误，函数失效：self.check_reason2() 遇到错误:('处罚依据',)
[0;31mwarning: 案由：“案由”与《立案报告表》中记载的“案由”（涉嫌存储假冒伪劣烟草制品）不一致！[0m
[0;31mwarning: 文书缺失：《行政处罚决定书》.docx不存在[0m
送达公告_.docx审查完毕


***********************************************************************
日志信息 2022-08-02 11:49:41
审查命令:C:\WorkSpace\tobacco-master\yancaoRegularDemo\Anjuan_api.py C:\Users\Administrator\Desktop\案卷组_成烟立测试文书\2021184356_成烟立[2021]第4号 C:\NewFile\Test\20220802114813
审查案卷返回:正在审查卷内备考表_.docx，审查结果如下：
[0;31mwarning: 本卷情况说明：'本卷情况说明'填写内容不合规，应填写“本卷材料齐全”或“假冒伪劣卷烟待公开统一销毁”[0m
[0;31mwarning: 立卷时间：《结案报告表》.docx不存在，无法从该文件获取结案日期[0m
卷内备考表_.docx审查完毕

正在审查延长调查期限告知书_.docx，审查结果如下：
[0;31mwarning: 被告知人名字/名称：与《立案报告表》当事人不一致[0m
[0;31mwarning: 文件缺失：《延长案件调查终结审批表》不存在[0m
《延长调查期限告知书》审查完毕

正在审查延长调查终结期限审批表_.docx，审查结果如下：
[0;36m案由：正确。与《立案报告表》一致,《立案报告表》中为：涉嫌运输假冒伪劣烟草制品[0m
[0;31mwarning: 立案日期：与《立案报告表》立案日期（即负责人意见签名时间）不一致[0m
[0;36m当事人：正确。与《立案报告表》一致,《立案报告表》中为：姓名不详[0m
[0;31mwarning: 证件类型及号码：与《立案报告表》不一致,《立案报告表》中为：/[0m
[0;31mwarning: 地址：与《立案报告表》不一致,《立案报告表》中为：/[0m
[0;31mwarning: 案情摘要：与《立案报告表》不一致,《立案报告表》中为：2021年01月03日，根据群众举报，我局执法人员会同公安干警在成华区荆翠西路对李军驾驶的川A3N4Z6大众牌小型普通轿车的依法进行检查，在该车内查获用标有“海澜HL”字样纸箱伪装的烟草制品：牡丹（软）19条、娇子（宽窄好运）31条、娇子（宽窄如意）76条、南京（红）5条等共计9个品种211条，因该批卷烟涉嫌假冒伪劣烟草制品，当事人涉嫌运输假冒伪劣烟草制品，其行为涉嫌违反了《成都市烟草专卖管理条例》第十五条第一款之规定，我局执法人员遂依法将上述烟草制品予以先行登记保存，以待进一步调查。[0m
[0;36m承办部门意见_日期：正确。在《立案报告表》负责人意见日期一栏30天内(如有法定节假日，顺延到法定节假日后一天)[0m
[0;36m负责人意见_日期：正确。在《立案报告表》负责人意见日期一栏30天内(如有法定节假日，顺延到法定节假日后一天)[0m
《延长调查终结审批表》审查完毕

正在审查涉案烟草专卖品核价表_.docx，审查结果如下：
[0;36m名字:名字不为空[0m
[0;36m表格序号：表格格式正确[0m
[0;31mwarning: 表格：表格合计错误[0m
[0;31mwarning: 表格：表格合计错误[0m
[0;31mwarning: 表格：表格合计错误[0m
[0;31mwarning: 当事人：当事人不能为空[0m
涉案烟草专卖品核价表_.docx审查完毕

正在审查行政处理决定书_.docx，审查结果如下：
文档存在格式错误，函数失效：self.check_Notice() 遇到错误:('list index out of range',)
[0;31mwarning: 表格缺失：《案件处理审批表》.docx不存在[0m
《行政处理决定书》审查完毕

正在审查证据先行登记保存批准书_.docx，审查结果如下：
[0;31mwarning: 当事人名字：“当事人名字/名称”（姓名不详）与《检查（勘验）笔录》中“被检查人（被勘验人）（未查找到）”不一致[0m
[0;36m案由：案由不为空[0m
[0;36m表格：共计：（品种）数正确[0m
[0;31mwarning: 表格：总计：（数量）不能为空[0m
[0;31mwarning: 承办人（签名）：承办人（签名）不能为空[0m
[0;36m负责人意见并签名：负责人意见并签名：不为空[0m
[0;36m承办人（签名）：承办人（签名） 日期正确[0m
[0;36m负责人意见并签名： 日期正确[0m
[0;36m承办人签名时间：承办人签名时间与负责人签名时间一致。[0m
证据先行登记保存批准书_.docx审查完毕

正在审查证据复制提取单_ (10).docx，审查结果如下：
[0;36m烟草专卖局：烟草专卖局不为空[0m
[0;36m复制（提取）地点：复制（提取）地点：不为空[0m
[0;31mwarning: 复制（提取）地点：复制（提取）地点没有与对应文书中的证据一致[0m
[0;36m执法人员及执法证号：不为空[0m
[0;36m结尾时间：结尾时间格式正确[0m
[0;31mwarning: 结尾时间：时间无法提取[0m
证据复制提取单_ (10).docx审查完毕

正在审查证据复制提取单_ (11).docx，审查结果如下：
[0;36m烟草专卖局：烟草专卖局不为空[0m
[0;36m复制（提取）地点：复制（提取）地点：不为空[0m
[0;31mwarning: 复制（提取）地点：复制（提取）地点没有与对应文书中的证据一致[0m
[0;36m执法人员及执法证号：不为空[0m
[0;36m结尾时间：结尾时间格式正确[0m
[0;31mwarning: 结尾时间：时间无法提取[0m
证据复制提取单_ (11).docx审查完毕

正在审查证据复制提取单_ (6).docx，审查结果如下：
[0;36m烟草专卖局：烟草专卖局不为空[0m
[0;36m复制（提取）地点：复制（提取）地点：不为空[0m
[0;31mwarning: 复制（提取）地点：复制（提取）地点没有与对应文书中的证据一致[0m
[0;36m执法人员及执法证号：不为空[0m
[0;36m结尾时间：结尾时间格式正确[0m
[0;31mwarning: 结尾时间：时间无法提取[0m
证据复制提取单_ (6).docx审查完毕

正在审查证据复制提取单_ (7).docx，审查结果如下：
[0;36m烟草专卖局：烟草专卖局不为空[0m
[0;36m复制（提取）地点：复制（提取）地点：不为空[0m
[0;31mwarning: 复制（提取）地点：复制（提取）地点没有与对应文书中的证据一致[0m
[0;36m执法人员及执法证号：不为空[0m
[0;36m结尾时间：结尾时间格式正确[0m
[0;31mwarning: 结尾时间：时间无法提取[0m
证据复制提取单_ (7).docx审查完毕

正在审查证据复制提取单_ (8).docx，审查结果如下：
[0;36m烟草专卖局：烟草专卖局不为空[0m
[0;36m复制（提取）地点：复制（提取）地点：不为空[0m
[0;31mwarning: 复制（提取）地点：复制（提取）地点没有与对应文书中的证据一致[0m
[0;36m执法人员及执法证号：不为空[0m
[0;36m结尾时间：结尾时间格式正确[0m
[0;31mwarning: 结尾时间：时间无法提取[0m
证据复制提取单_ (8).docx审查完毕

正在审查证据复制提取单_ (9).docx，审查结果如下：
[0;36m烟草专卖局：烟草专卖局不为空[0m
[0;36m复制（提取）地点：复制（提取）地点：不为空[0m
[0;31mwarning: 复制（提取）地点：复制（提取）地点没有与对应文书中的证据一致[0m
[0;36m执法人员及执法证号：不为空[0m
[0;36m结尾时间：结尾时间格式正确[0m
[0;31mwarning: 结尾时间：时间无法提取[0m
证据复制提取单_ (9).docx审查完毕

正在审查送达公告_.docx，审查结果如下：
[0;31mwarning: 文书缺失：《行政处罚决定书》.docx不存在[0m
[0;31mwarning: 时间：“时间”与《立案报告表》中记载的“案发时间”（2021-01-03）不一致！[0m
[0;31mwarning: 地点： “地点”与《立案报告表》中记载的“案发地点”（成华区荆翠西路）不一致！[0m
[0;31mwarning: 案由：“案由”与《立案报告表》中记载的“案由”（涉嫌运输假冒伪劣烟草制品）不一致！[0m
[0;31mwarning: 文书缺失：《行政处罚决定书》.docx不存在[0m
送达公告_.docx审查完毕

正在审查送达回证_.docx，审查结果如下：
[0;31mwarning: 送达文书名称：送达文书名称错误，应为 行政处罚决定书[0m
[0;31mwarning: 文书缺失：《行政处罚决定书》.docx不存在[0m
送达回证_.docx审查完毕


