***********************************************************************
日志信息 2022-11-14 14:35:36
审查合同发生错误:加载Sbert………………
运行设备： cpu
加载Sbert完成…………
处理：1个文件
[['C:\\Users\\ChenBaiyang\\Desktop\\合同组测试用例\\标准文件\\买卖合同.docx', 'standard', '0']]
['C:/Users/ChenBaiyang/Desktop/合同组测试用例/标准文件/买卖合同.docx', 'standard', 0]
合同为标准合同
买卖合同标准审查
(-2147352567, '发生意外。', (0, 'Microsoft Word', '“Close”不是一种属性。', 'wdmain11.chm', 25342, -2146822426), None)
[]
[]

乙方应在收到货确认无误后7日内付清全部款项。

C:/审查结果/20221114143450/买卖合同(已审查).docx
(-2147352567, '发生意外。', (0, 'Microsoft Word', '“Close”不是一种属性。', 'wdmain11.chm', 25342, -2146822426), None)
C:\WorkSpace\客户端\客户端
C:\WorkSpace\客户端\客户端
4
C:/审查结果/20221114143450/买卖合同(已审查)(完整审查).docx
不是我卡的~~~~~~~~~~~~~~~~~~~~~~~~~~~~~~~~~~~~~~~~~~~~~~~~~标准
中间文件已删除
{'甲方（买方）': '四川省烟草公司达州市公司', '甲方（买方）住所地': '四川省达州市达川区三里坪社区街道办仰天湾社区二小区', '甲方（买方）法定代表人/负责人': '张三', '甲方（买方）统一社会信用代码/身份证号码': '124403006955886982988', '甲方（买方）联系方式': '1399617853898', '甲方（买方）电子邮箱': '13996178538@163.con', '乙方（卖方）': '四川良仕农业科技有限公司', '乙方（卖方）住所地': '成都市海淀区武侯大道铁佛路106号附4号', '乙方（卖方）法定代表人/负责人': '李四', '乙方（卖方）统一社会信用代码/身份证号码': '510104200001019016', '乙方（卖方）联系方式': '028853677819', '乙方（卖方）电子邮箱': 'lisiqq.com', '货品名称': '电动升降桌', '货品型号': 'E2S', '货品材质': '杉木', '规格参数': '112cmx29.5cmx16.0cm', '货品数量（单位）': '88', '货品单价（元）': '75', '其他': '（1）标准一（2）标准二', '货品总金额（价税合计）': '6128', '合同价款(不含税)': '188', '税金': '225', '税率': '3', '材质标准': '《招标文件》', '交货地点': '成都市市达县大梁村', '交货日期': '2021-2-29', '交货方式': '包送不包安装', '交付标准': '到付', '联系人及联系方式': '张三', '运输方式': '货运', '验收期限-交货方式': '送达', '验收期限': '7', '签署验收文件': '7', '货物保质期': '2', '付款方式及期限': '\n乙方应在收到货确认无误后7日内付清全部款项。\n', '乙方纳税人类别': '个人', '乙方计税方式': '一般计税方法', '乙方纳税人识别号': '912101027984576909', '乙方开户行': '建行双流长城路支行', '乙方开户名': '李四', '乙方开户账号': '2869563300479', '甲方纳税人类别': '公司', '甲方计税方式': '一般计税方法', '甲方纳税人识别号': '9142010077138804X9', '甲方开户行': '建行达州市达县支行', '甲方开户名': '四川省烟草公司达州市公司', '甲方开户账号': '4200112713805300008399', '售后服务-回应时限': '24', '售后服务-到达时限': '48', '售后服务-修复时限': '6', '售后服务-承诺修复': '6', '售后服务-延长修复': '24', '卖方违约金': '10', '卖方逾期': '7', '卖方违约金-逾期': '50', '卖方违约金-单方面取消': '50', '违约责任-免费更换期限': '7', '违约责任-免费更换超时': '7', '卖方违约金-质量不符': '35', '解决纠纷-甲方住所地': '成都市武侯区', '合同总份数': '伍', '买方合同份数': '叁', '卖方份数': '叁'} ['甲方（买方）', '甲方（买方）住所地', '甲方（买方）法定代表人/负责人', '甲方（买方）电子邮箱', '乙方（卖方）', '乙方（卖方）住所地', '乙方（卖方）法定代表人/负责人', '货品名称', '货品型号', '货品材质', '规格参数', '货品数量（单位）', '货品单价（元）', '货品情况-其他', '税率', '材质标准', '引用标准', '交货地点', '交付标准', '联系人及联系方式', '运输方式', '验收期限', '签署验收文件', '货物保质期', '付款方式及期限', '乙方计税方式', '乙方纳税人识别号', '乙方开户行', '乙方开户名', '甲方计税方式', '甲方纳税人识别号', '甲方开户行', '甲方开户名', '售后服务-回应时限', '售后服务-到达时限', '售后服务-修复时限', '售后服务-承诺修复', '售后服务-延长修复', '卖方违约金', '卖方逾期', '违约责任-免费更换期限', '违约责任-免费更换超时', '合同总份数', '买方合同份数', '卖方合同份数'] {'甲方（买方）统一社会信用代码/身份证号码': '统一社会信用代码未填写正确或身份证号码位数不对', '甲方（买方）联系方式': '联系方式填写有误', '乙方（卖方）统一社会信用代码/身份证号码': '统一社会信用代码未填写正确或身份证号码校验错误', '乙方（卖方）联系方式': '联系方式填写有误', '乙方（卖方）电子邮箱': '乙方（卖方）电子邮箱填写有误', '货品总金额（价税合计）': '货品总金额（价税合计）人民币大写与数值不一致', '合同价款(不含税)': '合同价款(不含税)人民币大写与数值不一致', '税金': '税金人民币大写与数值不一致', '交货日期': '交货日期填写不规范', '交货方式': '交货方式填写错误，请填写自提、包送包卸货或包送包安装', '验收期限-交货方式': '卖方交货方式与合同第四款第三项不一致', '乙方纳税人类别': '乙方纳税人类别填写错误', '乙方开户账号': '乙方开户账号填写错误', '甲方纳税人类别': '甲方纳税人类别填写错误', '甲方开户账号': '甲方开户账号填写错误', '卖方违约金-逾期': '卖方违约金-逾期比例超出', '卖方违约金-单方面取消': '卖方违约金-单方面取消比例超出', '卖方违约金-质量不符': '卖方违约金-质量不符比例超出', '解决纠纷-甲方住所地': '甲方住所地与合同页中描述不符'} {'订购货品情况': '请审核货品情况是否与双方约定或招标文件等一致', '质量要求': '请审核材质标准、引用国家标准是否正确', '验收期限': '请审核验收期限设置是否合理', '签署验收文件': '请审核签署验收文件期限设置是否合理', '货物保质期': '请审核货物保质期设置是否符合相关规定、是否合理', '付款方式及期限': '请审核付款方式及期限是否与双方约定或招标文件一致', '售后服务': '请审核时间设置是否与招投标文件一致'} []
错误的要素:
{'甲方（买方）统一社会信用代码/身份证号码': '统一社会信用代码未填写正确或身份证号码位数不对', '甲方（买方）联系方式': '联系方式填写有误', '乙方（卖方）统一社会信用代码/身份证号码': '统一社会信用代码未填写正确或身份证号码校验错误', '乙方（卖方）联系方式': '联系方式填写有误', '乙方（卖方）电子邮箱': '乙方（卖方）电子邮箱填写有误', '货品总金额（价税合计）': '货品总金额（价税合计）人民币大写与数值不一致', '合同价款(不含税)': '合同价款(不含税)人民币大写与数值不一致', '税金': '税金人民币大写与数值不一致', '交货日期': '交货日期填写不规范', '交货方式': '交货方式填写错误，请填写自提、包送包卸货或包送包安装', '验收期限-交货方式': '卖方交货方式与合同第四款第三项不一致', '乙方纳税人类别': '乙方纳税人类别填写错误', '乙方开户账号': '乙方开户账号填写错误', '甲方纳税人类别': '甲方纳税人类别填写错误', '甲方开户账号': '甲方开户账号填写错误', '卖方违约金-逾期': '卖方违约金-逾期比例超出', '卖方违约金-单方面取消': '卖方违约金-单方面取消比例超出', '卖方违约金-质量不符': '卖方违约金-质量不符比例超出', '解决纠纷-甲方住所地': '甲方住所地与合同页中描述不符'}
提示的要素:
{'订购货品情况': '请审核货品情况是否与双方约定或招标文件等一致', '质量要求': '请审核材质标准、引用国家标准是否正确', '验收期限': '请审核验收期限设置是否合理', '签署验收文件': '请审核签署验收文件期限设置是否合理', '货物保质期': '请审核货物保质期设置是否符合相关规定、是否合理', '付款方式及期限': '请审核付款方式及期限是否与双方约定或招标文件一致', '售后服务': '请审核时间设置是否与招投标文件一致'}
审查成功！

***********************************************************************
日志信息 2022-11-14 14:37:28
审查合同发生错误:加载Sbert………………
运行设备： cpu
加载Sbert完成…………
处理：1个文件
[['C:\\Users\\ChenBaiyang\\Desktop\\合同组测试用例\\标准文件\\建筑合同.docx', 'standard', '4']]
['C:/Users/ChenBaiyang/Desktop/合同组测试用例/标准文件/建筑合同.docx', 'standard', 4]
合同为标准合同
建筑合同标准审查
请确定"C:/Users/ChenBaiyang/Desktop/合同组测试用例/标准文件/招标文件.docx"不是空文档！
招标文件提取：C:/Users/ChenBaiyang/Desktop/合同组测试用例/标准文件/招标文件.docx
签约合同价:None
安全文明施工费:None
材料和工程设备暂估价金额:None
专业工程暂估价金额:None
暂列金额:None
工程内容:None
承包人项目经理:None
工程名称:None
工程地点:None
工程立项批准文号:None
资金来源:None
计划工期:None
C:/审查结果/20221114143634/建筑合同(已审查).docx
错误的要素:
{'主体&甲方（发包人）：': '第一部分开头：甲方（发包人）：未填写完整', '主体&甲方（发包人）住所地': '第一部分开头：住所地未填写完整', '主体&甲方（发包人）法定代表人/负责人': '第一部分开头：法定代表人/负责人未填写完整', '主体&甲方（发包人）统一社会信用代码/身份证号码': '第一部分开头：统一社会信用代码/身份证号码未填写完整', '主体&甲方（发包人）联系电话': '第一部分开头：联系电话未填写完整', '主体&乙方（承包人）：': '第一部分开头：乙方（承包人）：未填写完整', '主体&乙方（承包人）住所地': '第一部分开头：住所地未填写完整', '主体&乙方（承包人）法定代表人/负责人': '第一部分开头：第一部分开头：法定代表人/负责人未填写完整', '主体&乙方（承包人）统一社会信用代码/身份证号码': '统一社会信用代码/身份证号码未填写完整', '主体&乙方（承包人）联系电话': '第一部分开头：联系电话未填写完整', '工程名称': '第一部分_工程概况：工程名称与招标文件不一致', '工程地点': '第一部分_工程概况：工程地点与招标文件不一致', '工程立项批准文号': '第一部分_工程概况：工程立项批准文号与招标文件不一致', '资金来源': '第一部分_工程概况：资金来源与招标文件不一致', '工程内容': '第一部分_工程概况：工程内容与招标文件不一致', '计划开工日期': '第一部分_合同工期：计划开工日期未填写完整', '计划竣工日期': '第一部分_合同工期：计划竣工日期未填写完整', '工期总日历天数': '第一部分_合同工期：工期总日历天数未填写完整', '签约合同价': '第一部分_签约合同价与合同价格形式：签约合同价未填写完整或大小写不一致', '安全文明施工费': '第一部分_签约合同价与合同价格形式：安全文明施工费未填写完整或大小写不一致', '材料和工程设备暂估价金额': '第一部分_签约合同价与合同价格形式：材料和工程设备暂估价金额未填写完整或大小写不一致', '专业工程暂估价金额': '第一部分_签约合同价与合同价格形式：专业工程暂估价金额未填写完整或大小写不一致', '暂列金额': '第一部分_签约合同价与合同价格形式：暂列金额未填写完整或大小写不一致', '合同价格形式': '第一部分_签约合同价与合同价格形式：合同价格形式未填写正确', '承包人项目经理': '第一部分_项目经理：承包人项目经理未填写完整', '签订时间': '第一部分_签订时间：签订时间未填写完整', '签订地点': '第一部分_签订地点：签订地点未填写完整', '第一部分_结尾发包人': '第一部分_结尾签字：第一部分_结尾发包人未填写完整', '第一部分_结尾承包人': '第一部分_结尾签字：第一部分_结尾承包人未填写完整', '法定代表人或其委托代理人签字': '第一部分_结尾签字：法定代表人或其委托代理人签字未填写完整', '统一社会信用代码': '第一部分_结尾要素：统一社会信用代码未填写完整', '地  址': '第一部分_结尾要素：地  址未填写完整', '邮政编码': '第一部分_结尾要素：邮政编码未填写完整', '法定代表人': '第一部分_结尾要素：法定代表人未填写完整', '委托代理人': '第一部分_结尾要素：委托代理人未填写完整', '电  话': '第一部分_结尾要素：电  话未填写完整', '传  真': '第一部分_结尾要素：传  真未填写完整', '电子信箱': '第一部分_结尾要素：电子信箱未填写完整', '开户银行': '第一部分_结尾要素：开户银行未填写完整', '发包人账号_承包人账号': '第一部分_结尾要素：发包人账号_承包人账号未填写完整', '词语定义_合同': '词语定义_合同未填写完整', '监理人_名称': '第三部分_1.1 词语定义:监理人_名称未填写完整', '监理人_资质类别和等级': '第三部分_1.1 词语定义:监理人_资质类别和等级未填写完整', '监理人_联系电话': '第三部分_1.1 词语定义:监理人_联系电话未填写完整', '监理人_电子信箱': '第三部分_1.1 词语定义:监理人_电子信箱未填写完整', '监理人_通信地址': '第三部分_1.1 词语定义:监理人_通信地址未填写完整', '设计人_名称': '第三部分_1.1 词语定义:设计人_名称未填写完整', '设计人_资质类别和等级': '第三部分_1.1 词语定义:设计人_资质类别和等级未填写完整', '设计人_联系电话': '第三部分_1.1 词语定义:设计人_联系电话未填写完整', '设计人_电子信箱': '第三部分_1.1 词语定义:设计人_电子信箱未填写完整', '设计人_通信地址': '第三部分_1.1 词语定义:设计人_通信地址未填写完整', '1.1.3.1': '第三部分_1.1 词语定义:工程和设备未填写完整', '1.1.3.2': '第三部分_1.1 词语定义:1.1.3.2未填写完整', '1.1.3.3': '第三部分_1.1 词语定义:1.1.3.3未填写完整', '1.3法律': '第三部分_1.3法律 :适用于合同的其他规范性文件未填写完整', '1.4.1适用于工程的标准规范包括': '第三部分_1.4 标准和规范 :适用于工程的标准规范未填写完整', '发包人提供国外标准、规范的名称': '第三部分_1.4 标准和规范 :发包人提供国外标准、规范的名称未填写完整', '发包人提供国外标准、规范的份数': '第三部分_1.4 标准和规范 :发包人提供国外标准、规范的份数未填写完整', '发包人对工程的技术标准和功能要求的特殊要求': '第三部分_1.4 标准和规范 :发包人对工程的技术标准和功能要求的特殊要求未填写完整', '合同文件的优先顺序': '第三部分_1.5 合同文件的优先顺序:合同文件的优先顺序未填写完整', '发包人向承包人提供图纸的期限': '第三部分_1.6 图纸和承包人文件:发包人向承包人提供图纸的期限未填写完整', '发包人向承包人提供图纸的数量': '第三部分_1.6 图纸和承包人文件:发包人向承包人提供图纸的数量未填写完整', '发包人向承包人提供图纸的内容': '第三部分_1.6 图纸和承包人文件:发包人向承包人提供图纸的内容未填写完整', '需要由承包人提供的文件': '第三部分_1.6 图纸和承包人文件:需要由承包人提供的文件未填写完整', '承包人提供的文件的期限': '第三部分_1.6 图纸和承包人文件:承包人提供的文件的期限未填写完整', '承包人提供的文件的数量': '第三部分_1.6 图纸和承包人文件:承包人提供的文件的数量未填写完整', '承包人提供的文件的形式': '第三部分_1.6 图纸和承包人文件:承包人提供的文件的形式未填写完整', '发包人审批承包人文件的期限': '第三部分_1.6 图纸和承包人文件:发包人审批承包人文件的期限未填写完整', '关于现场图纸准备的约定': '第三部分_1.6 图纸和承包人文件:关于现场图纸准备的约定未填写完整', '书面函件送达时间': '第三部分_1.7 联络:书面函件送达时间错误', '发包人接收文件的地点': '第三部分_1.7 联络:发包人接收文件的地点未填写完整', '发包人指定的接收人': '第三部分_1.7 联络:发包人指定的接收人未填写完整', '承包人接收文件的地点': '第三部分_1.7 联络:承包人接收文件的地点未填写完整', '承包人指定的接收人': '第三部分_1.7 联络:承包人指定的接收人未填写完整', '监理人接收文件的地点': '第三部分_1.7 联络:监理人接收文件的地点未填写完整', '监理人指定的接收人': '第三部分_1.7 联络:监理人指定的接收人未填写完整', '关于出入现场的权利的约定': '第三部分_1.8 交通运输:关于出入现场的权利的约定未填写完整', '关于场外交通和场内交通的边界的约定': '第三部分_1.8 交通运输:关于场外交通和场内交通的边界的约定未填写完整', '关于发包人向承包人免费提供满足工程施工需要的场内道路和交通设施的约定': '第三部分_1.8 交通运输:关于发包人向承包人免费提供满足工程施工需要的场内道路和交通设施的约定未填写完整', '超大件和超重件的运输承担人': '第三部分_1.8 交通运输:超大件和超重件的运输承担人未填写完整', '技术规范以及反映发包人关于合同要求或其他类似性质的文件的著作权的归属': '第三部分_1.9 知识产权:技术规范以及反映发包人关于合同要求或其他类似性质的文件的著作权的归属未填写完整', '关于发包人提供的上述文件的使用限制的要求': '第三部分_1.9 知识产权:关于发包人提供的上述文件的使用限制的要求未填写完整', '关于承包人为实施工程所编制文件的著作权的归属': '第三部分_1.9 知识产权:关于承包人为实施工程所编制文件的著作权的归属未填写完整', '关于承包人提供的上述文件的使用限制的要求': '第三部分_1.9 知识产权:关于承包人提供的上述文件的使用限制的要求未填写完整', '承包人在施工过程中所采用的专利、专有技术、技术秘密的使用费的承担方式': '第三部分_1.9 知识产权:承包人在施工过程中所采用的专利、专有技术、技术秘密的使用费的承担方式未填写完整', '出现工程量清单错误时，是否调整合同价格': '第三部分_1.10工程量清单错误的修正:出现工程量清单错误时，是否调整合同价格未填写完整', '允许调整合同价格的工程量偏差范围': '第三部分_1.10工程量清单错误的修正:允许调整合同价格的工程量偏差范围未填写完整', '发包人代表_项目负责人_姓名': '第三部分_2. 发包人:发包人代表_项目负责人_姓名未填写完整', '发包人代表_项目负责人_身份证': '第三部分_2. 发包人:发包人代表_项目负责人_身份证未填写完整', '发包人代表_项目负责人_职务': '第三部分_2. 发包人:发包人代表_项目负责人_职务未填写完整', '发包人代表_项目负责人_电话': '第三部分_2. 发包人:发包人代表_项目负责人_电话未填写完整', '发包人代表_项目负责人_电子信箱': '第三部分_2. 发包人:发包人代表_项目负责人_电子信箱未填写完整', '发包人代表_项目负责人_通信地址': '第三部分_2. 发包人:发包人代表_项目负责人_通信地址未填写完整', '发包人代表_现场代表_姓名': '第三部分_2. 发包人:发包人代表_现场代表_姓名未填写完整', '发包人代表_现场代表_身份证': '第三部分_2. 发包人:发包人代表_现场代表_身份证未填写完整', '发包人代表_现场代表_职务': '第三部分_2. 发包人:发包人代表_现场代表_职务未填写完整', '发包人代表_现场代表_电话': '第三部分_2. 发包人:发包人代表_现场代表_电话未填写完整', '发包人代表_现场代表_电子信箱': '第三部分_2. 发包人:发包人代表_现场代表_电子信箱未填写完整', '发包人代表_现场代表_通信地址': '第三部分_2. 发包人:发包人代表_现场代表_通信地址未填写完整', '发包人代表_技术负责人_姓名': '第三部分_2. 发包人:发包人代表_技术负责人_姓名未填写完整', '发包人代表_技术负责人_身份证': '第三部分_2. 发包人:发包人代表_技术负责人_身份证未填写完整', '发包人代表_技术负责人_职务': '第三部分_2. 发包人:发包人代表_技术负责人_职务未填写完整', '发包人代表_技术负责人_电话': '第三部分_2. 发包人:发包人代表_技术负责人_电话未填写完整', '发包人代表_技术负责人_电子信箱': '第三部分_2. 发包人:发包人代表_技术负责人_电子信箱未填写完整', '发包人代表_技术负责人_通信地址': '第三部分_2. 发包人:发包人代表_技术负责人_通信地址未填写完整', '2.4.1时间': '2.4.1时间未填写完整', '（9）承包人提交的竣工资料的内容': '第三部分_3. 承包人:（9）承包人提交的竣工资料的内容未填写完整', '承包人需要提交的竣工资料套数': '第三部分_3. 承包人:承包人需要提交的竣工资料套数未填写完整', '承包人提交的竣工资料的费用承担': '第三部分_3. 承包人:承包人提交的竣工资料的费用承担未填写完整', '承包人提交的竣工资料移交时间': '承包人提交的竣工资料移交时间未填写完整', '承包人提交的竣工资料形式要求': '第三部分_3. 承包人:承包人提交的竣工资料形式要求未填写完整', '3.2.1姓名': '第三部分_3. 承包人:3.2.1姓名未填写完整', '3.2.1身份证号': '第三部分_3. 承包人:3.2.1身份证号未填写完整', '3.2.1建造师执业资格等级': '第三部分_3. 承包人:3.2.1建造师执业资格等级未填写完整', '3.2.1建造师注册证书号': '第三部分_3. 承包人:3.2.1建造师注册证书号未填写完整', '3.2.1建造师执业印章号': '第三部分_3. 承包人:3.2.1建造师执业印章号未填写完整', '3.2.1安全生产考核合格证书号': '第三部分_3. 承包人:3.2.1安全生产考核合格证书号未填写完整', '3.2.1联系电话': '第三部分_3. 承包人:3.2.1联系电话未填写完整', '3.2.1电子信箱': '第三部分_3. 承包人:3.2.1电子信箱未填写完整', '3.2.1通信地址': '第三部分_3. 承包人:3.2.1通信地址未填写完整', '承包人对项目经理的授权范围如下': '第三部分_3. 承包人:承包人对项目经理的授权范围如下未填写完整', '关于项目经理每月在施工现场的时间要求': '第三部分_3. 承包人:关于项目经理每月在施工现场的时间要求未填写完整', '承包人未提交劳动合同，以及没有为项目经理缴纳社会保险证明的违约责任': '第三部分_3. 承包人:承包人未提交劳动合同，以及没有为项目经理缴纳社会保险证明的违约责任未填写完整', '项目经理未经批准，擅自离开施工现场的违约责任': '第三部分_3. 承包人:项目经理未经批准，擅自离开施工现场的违约责任未填写完整', '3.2.2 承包人擅自更换项目经理的违约责任': '第三部分_3. 承包人:3.2.2 承包人擅自更换项目经理的违约责任未填写完整', '  3.2.3 承包人无正当理由拒绝更换项目经理的违约责任': '  第三部分_3. 承包人:3.2.3 承包人无正当理由拒绝更换项目经理的违约责任未填写完整', '3.3.1 承包人提交项目管理机构及施工现场管理人员安排报告的期限': '第三部分_3. 承包人:3.3.1 承包人提交项目管理机构及施工现场管理人员安排报告的期限未填写完整', '3.3.3 承包人无正当理由拒绝撤换主要施工管理人员的违约责任': '第三部分_3. 承包人:3.3.3 承包人无正当理由拒绝撤换主要施工管理人员的违约责任未填写完整', '3.3.4 承包人主要施工管理人员离开施工现场的批准要求': '第三部分_3. 承包人:3.3.4 承包人主要施工管理人员离开施工现场的批准要求未填写完整', '3.3.5承包人擅自更换主要施工管理人员的违约责任': '第三部分_3. 承包人:3.3.5承包人擅自更换主要施工管理人员的违约责任未填写完整', '承包人主要施工管理人员擅自离开施工现场的违约责任': '第三部分_3. 承包人:承包人主要施工管理人员擅自离开施工现场的违约责任未填写完整', '禁止分包的工程': '第三部分_3.5 分包:禁止分包的工程未填写完整', '主体结构、关键性工作的范围': '第三部分_3.5 分包:主体结构、关键性工作的范围未填写完整', '允许分包的专业工程包括': '第三部分_3.5 分包:允许分包的专业工程包括未填写完整', '关于分包合同价款支付的约定': '第三部分_3.5 分包:关于分包合同价款支付的约定未填写完整', '承包人负责照管工程及工程相关的材料、工程设备的起始时间': '第三部分_3.6 工程照管与成品、半成品保护:承包人负责照管工程及工程相关的材料、工程设备的起始时间未填写完整', '承包人是否提供履约担保': '第三部分_3.6 工程照管与成品、半成品保护:承包人是否提供履约担保未填写完整', '承包人提供履约担保的形式、金额及期限的': '承包人提供履约担保的形式、金额及期限的履约担保形式未填写完整', '基本履约保证金：中标价的': '第三部分_3.6 工程照管与成品、半成品保护:基本履约保证金：中标价的未填写完整', '基本履约保证金＝中标价': '第三部分_3.6 工程照管与成品、半成品保护:基本履约保证金＝中标价未填写完整', '基本履约保证金＝中标价（扣除暂列金及专业工程暂估价部分）': '第三部分_3.6 工程照管与成品、半成品保护:基本履约保证金＝中标价（扣除暂列金及专业工程暂估价部分）未填写完整', '履约保证金的退还：竣工验收合格后，承包人提交退还申请后': '第三部分_3.6 工程照管与成品、半成品保护:履约保证金的退还：竣工验收合格后，承包人提交退还申请后未填写完整', '关于监理人的监理内容': '第三部分_4. 监理人:关于监理人的监理内容未填写完整', '关于监理人的监理权限': '第三部分_4. 监理人:关于监理人的监理权限未填写完整', '关于监理人在施工现场的办公场所、生活场所的提供和费用承担的约定': '第三部分_4. 监理人:关于监理人在施工现场的办公场所、生活场所的提供和费用承担的约定未填写完整', '总监理工程师姓名': '第三部分_4. 监理人:总监理工程师姓名未填写完整', '总监理工程师职务': '第三部分_4. 监理人:总监理工程师职务未填写完整', '监理工程师执业资格证书号': '第三部分_4. 监理人:监理工程师执业资格证书号未填写完整', '总监理工程师联系电话': '第三部分_4. 监理人:总监理工程师联系电话未填写完整', '总监理工程师电子信箱': '第三部分_4. 监理人:总监理工程师电子信箱未填写完整', '总监理工程师通信地址': '第三部分_4. 监理人:总监理工程师通信地址未填写完整', '关于监理人的其他约定': '第三部分_4. 监理人:关于监理人的其他约定未填写完整', '在发包人和承包人不能通过协商达成一致意见时，发包人授权监理人对以下事项进行确定': '第三部分_4. 监理人:在发包人和承包人不能通过协商达成一致意见时，发包人授权监理人对以下事项进行确定未填写完整', '特殊质量标准和要求': '第三部分_5. 工程质量:特殊质量标准和要求未填写完整', '关于工程奖项的约定': '第三部分_5. 工程质量:关于工程奖项的约定未填写完整', '监理人不能按时进行检查时，应提前': '第三部分_5. 工程质量:监理人不能按时进行检查时，应提前时间未填写完整', '关于延期最长不得超过': '第三部分_5. 工程质量:关于延期最长不得超过时间未填写完整', '6.1.1 项目安全生产的达标目标及相应事项的约定': '第三部分_6. 安全文明施工与环境保护:6.1.1 项目安全生产的达标目标及相应事项的约定未填写完整', '6.1.2 关于治安保卫的特别约定': '第三部分_6. 安全文明施工与环境保护:6.1.2 关于治安保卫的特别约定未填写完整', '关于编制施工场地治安管理计划的约定': '第三部分_6. 安全文明施工与环境保护:关于编制施工场地治安管理计划的约定未填写完整', '合同当事人对文明施工的要求': '第三部分_6. 安全文明施工与环境保护:合同当事人对文明施工的要求未填写完整', '6.1.6 关于安全文明施工费支付比例和支付期限的约定': '第三部分_6. 安全文明施工与环境保护:6.1.6 关于安全文明施工费支付比例和支付期限的约定未填写完整', '7.1.1 合同当事人约定的施工组织设计应包括的其他内容': '第三部分_7. 工期和进度:7.1.1 合同当事人约定的施工组织设计应包括的其他内容未填写完整', '承包人提交详细施工组织设计的期限的约定': '第三部分_7. 工期和进度:承包人提交详细施工组织设计的期限的约定未填写完整', '发包人和监理人在收到详细的施工组织设计后确认或提出修改意见的期限': '第三部分_7. 工期和进度:发包人和监理人在收到详细的施工组织设计后确认或提出修改意见的期限未填写完整', '发包人和监理人在收到修订的施工进度计划后确认或提出修改意见的期限': '第三部分_7. 工期和进度:发包人和监理人在收到修订的施工进度计划后确认或提出修改意见的期限未填写完整', '关于承包人提交工程开工报审表的期限': '第三部分_7. 工期和进度:关于承包人提交工程开工报审表的期限未填写完整', '关于发包人应完成的其他开工准备工作及期限': '第三部分_7. 工期和进度:关于发包人应完成的其他开工准备工作及期限未填写完整', '关于承包人应完成的其他开工准备工作及期限': '第三部分_7. 工期和进度:关于承包人应完成的其他开工准备工作及期限未填写完整', '7.3.2开工通知': '第三部分_7. 工期和进度:7.3.2开工通知未填写完整', '7.4.1发包人通过监理人向承包人提供测量基准点、基准线和水准点及其书面资料的期限': '第三部分_7. 工期和进度:7.4.1发包人通过监理人向承包人提供测量基准点、基准线和水准点及其书面资料的期限未填写完整', '因承包人原因造成工期延误，逾期竣工违约金的计算方法_价格': '第三部分_7. 工期和进度:因承包人原因造成工期延误，逾期竣工违约金的计算方法_价格未填写完整', '因承包人原因造成工期延误，逾期竣工违约金的计算方法_天数': '第三部分_7. 工期和进度:因承包人原因造成工期延误，逾期竣工违约金的计算方法_天数未填写完整', '因承包人原因造成工期延误，逾期竣工违约金的上限': '第三部分_7. 工期和进度:因承包人原因造成工期延误，逾期竣工违约金的上限未填写完整', '不利物质条件的其他情形和有关约定': '第三部分_7. 工期和进度:不利物质条件的其他情形和有关约定未填写完整', '7.9.2提前竣工的奖励': '第三部分_7. 工期和进度:7.9.2提前竣工的奖励未填写完整', '8.4.1发包人供应的材料设备的保管费用的承担': '第三部分_8. 材料与设备:8.4.1发包人供应的材料设备的保管费用的承担未填写完整', '需要承包人报送样品的材料或工程设备，样品的种类、名称、规格、数量要求': '第三部分_8. 材料与设备:需要承包人报送样品的材料或工程设备，样品的种类、名称、规格、数量要求未填写完整', '关于修建临时设施费用承担的约定': '第三部分_8. 材料与设备:关于修建临时设施费用承担的约定未填写完整', '施工现场需要配置的试验场所': '第三部分_9. 试验与检验:施工现场需要配置的试验场所未填写完整', '施工现场需要配备的试验设备': '第三部分_9. 试验与检验:施工现场需要配备的试验设备未填写完整', '施工现场需要具备的其他试验条件': '第三部分_9. 试验与检验:施工现场需要具备的其他试验条件未填写完整', '现场工艺试验的有关约定': '第三部分_9. 试验与检验:现场工艺试验的有关约定未填写完整', '关于变更的范围的约定': '第三部分_10. 变更:关于变更的范围的约定未填写完整', '监理人审查承包人合理化建议的期限': '第三部分_10. 变更:监理人审查承包人合理化建议的期限未填写完整', '发包人审批承包人合理化建议的期限': '第三部分_10. 变更:发包人审批承包人合理化建议的期限未填写完整', '承包人提出的合理化建议降低了合同价格或者提高了工程经济效益的奖励的方法和金额为': '第三部分_10. 变更:承包人提出的合理化建议降低了合同价格或者提高了工程经济效益的奖励的方法和金额为未填写完整', '承包人直接实施的暂估价项目的约定': '第三部分_10. 变更:承包人直接实施的暂估价项目的约定未填写完整', '合同当事人关于暂列金额使用的约定': '第三部分_10. 变更:合同当事人关于暂列金额使用的约定未填写完整', '专用合同条款①_1': '第三部分_11. 价格调整:专用合同条款①_1未填写完整', '专用合同条款①_2': '第三部分_11. 价格调整:专用合同条款①_2未填写完整', '专用合同条款②_1': '第三部分_11. 价格调整:专用合同条款②_1未填写完整', '专用合同条款②_2': '第三部分_11. 价格调整:专用合同条款②_2未填写完整', '专用合同条款③_1': '第三部分_11. 价格调整:专用合同条款③_1未填写完整', '预付款支付比例或金额': '第三部分_12. 合同价格、计量与支付:预付款支付比例或金额未填写完整', '预付款支付期限': '第三部分_12. 合同价格、计量与支付:预付款支付期限未填写完整', '承包人提交预付款担保的期限': '第三部分_12. 合同价格、计量与支付:承包人提交预付款担保的期限未填写完整', '预付款担保的形式为': '第三部分_12. 合同价格、计量与支付:预付款担保的形式为未填写完整', '关于计量周期的约定': '第三部分_12. 合同价格、计量与支付:关于计量周期的约定未填写完整', '关于付款周期的约定': '第三部分_12. 合同价格、计量与支付:关于付款周期的约定未填写完整', '关于进度付款申请单编制的约定': '第三部分_12. 合同价格、计量与支付:关于进度付款申请单编制的约定未填写完整', '（1）监理人审查并报送发包人的期限': '第三部分_12. 合同价格、计量与支付:（1）监理人审查并报送发包人的期限未填写完整', '发包人完成审批并签发进度款支付证书的期限_1': '第三部分_12. 合同价格、计量与支付:发包人完成审批并签发进度款支付证书的期限_1未填写完整', '发包人完成审批并签发进度款支付证书的期限_2': '第三部分_12. 合同价格、计量与支付:发包人完成审批并签发进度款支付证书的期限_2未填写完整', '（2）发包人支付进度款的期限': '第三部分_12. 合同价格、计量与支付:（2）发包人支付进度款的期限未填写完整', '3、单价合同的总价项目支付分解表的编制与审批': '第三部分_12. 合同价格、计量与支付:3、单价合同的总价项目支付分解表的编制与审批未填写完整', '13.1.2监理人不能按时进行验收时': '第三部分_13. 验收和工程试车:13.1.2监理人不能按时进行验收时未填写完整', '13.1关于延期最长不得超过': '第三部分_13. 验收和工程试车:13.1关于延期最长不得超过未填写完整', '13.2.5移交、接收全部与部分工程': '第三部分_13. 验收和工程试车:提取错误', '关于投料试车相关事项的约定': '第三部分_13. 验收和工程试车:关于投料试车相关事项的约定未填写完整', '承包人完成竣工退场的期限': '第三部分_13. 验收和工程试车:承包人完成竣工退场的期限未填写完整', '承包人提交竣工结算申请单的期限': '第三部分_14. 竣工结算:14.1 竣工结算申请承包人提交竣工结算申请单的期限未填写完整', '发包人审批竣工付款申请单的期限': '第三部分_14. 竣工结算:14.2 竣工结算审核发包人审批竣工付款申请单的期限未填写完整', '发包人完成竣工付款的期限': '第三部分_14. 竣工结算:发包人完成竣工付款的期限未填写完整', '承包人提交最终结算申请单的期限': '第三部分_14. 竣工结算:14.4.1 最终结清 承包人提交最终结算申请单的期限未填写完整', '发包人完成最终结清申请单的审批并颁发最终结清证书的期限': '第三部分_14. 竣工结算:14.4.2 最终结清证书和支付 发包人完成最终结清申请单的审批并颁发最终结清证书的期限未填写完整', '发包人完成支付的期限': '第三部分_14. 竣工结算:14.4.2 最终结清证书和支付 发包人完成支付的期限未填写完整', '缺陷责任期的具体期限': '第三部分_15. 缺陷责任期与保修 15.2缺陷责任期缺陷责任期的具体期限未填写完整', '质量保证金采用方式': '第三部分_15. 缺陷责任期与保修 15.3.1 承包人提供质量保证金的方式 质量保证金采用方式未填写完整', '%的工程款': '第三部分_15. 缺陷责任期与保修 15.3.1 承包人提供质量保证金的方式 %的工程款未填写完整', '质量保证金的扣留采取方式': '第三部分_15. 缺陷责任期与保修 15.3.2 质量保证金的扣留  质量保证金的扣留采取方式未填写完整', '质量保证金为工程结算审定金额的【】％': '第三部分_15. 缺陷责任期与保修 15.3.2 质量保证金的扣留  质量保证金为工程结算审定金额的【】％未填写完整', '在缺限责任期满后无质量问题【】天': '第三部分_15. 缺陷责任期与保修 15.3.2 质量保证金的扣留  在缺限责任期满后无质量问题【】天未填写完整', '双方是否扣留防水质保金': '第三部分_15. 缺陷责任期与保修 15.3.2 质量保证金的扣留  双方是否扣留防水质保金未填写完整', '15.4.3 修复通知': '第三部分_15. 缺陷责任期与保修 15.4.3 修复通知 15.4.3 修复通知未填写完整', '16.2.2承包人违约的责任_5_1': '第三部分_16. 违约 16.2.2承包人违约的责任 16.2.2承包人违约的责任_5_1未填写完整', '16.2.2承包人违约的责任_5_2': '第三部分_16. 违约 16.2.2承包人违约的责任要素 16.2.2承包人违约的责任_5_2未填写完整', '21.6单位名称': '第三部分_21.6 开票信息 21.6单位名称未填写完整', '21.6税号': '第三部分_21.6 开票信息 21.6税号未填写完整', '21.6地址': '第三部分_21.6 开票信息 21.6地址未填写完整', '21.6电话': '第三部分_21.6 开票信息 21.6电话未填写完整', '21.6开户银行': '第三部分_21.6 开票信息 21.6开户银行未填写完整', '工程质量保修书_发包人': '附件 工程质量保修书:不与合同的发包人名称一致', '工程质量保修书_承包人': '附件 工程质量保修书:不与合同的承包人名称一致', '工程质量保修书_工程全称': '附件 工程质量保修书:码云与合同协议书第一条第1款工程名称一致', '三、缺陷责任期': '附件 工程质量保修书:没有与专用条款15.2约定的期限一致', '附件 工程质量保修书 结尾地址': '附件 工程质量保修书:与合同协议书落款处内容不一致', '附件 工程质量保修书 结尾法定代表人': '附件 工程质量保修书:与合同协议书落款处内容不一致', ' 附件：工程质量保修书结尾委托代理人': ' 附件：工程质量保修书:与合同协议书落款处内容不一致', ' 附件：工程质量保修书结尾电话': ' 附件：工程质量保修书: 附件：工程质量保修书结尾电话未填写完整', ' 附件：履约担保：发包人名称_1': ' 附件：履约担保:与合同发包人不一致', ' 附件：履约担保：发包人名称0': ' 附件：履约担保:与合同发包人不一致', ' 附件：履约担保：承包人名称0': ' 附件：履约担保:与合同发包人不一致', ' 附件：履约担保：担保金额': ' 附件：履约担保：担保金额未填写完整或大小写不一致或与3.7担保金额计算公式结果不一致', ' 附件：履约担保：承包人名称': ' 附件：履约担保:与合同承包人不一致', ' 附件：履约担保：结尾签字': ' 附件：履约担保:结尾担保方与合同约定不一致', ' 附件：履约担保：结尾时间': ' 附件：履约担保:签订时间与合同时间不一致', ' 附件：预付款担保 ：发包人名称_1': ' 附件：预付款担保:发包人名称_1与合同发包人不一致', ' 附件：预付款担保 ：承包人': ' 附件：预付款担保: 附件：预付款担保开头承包人与合同承包人不一致', ' 附件：预付款担保 ：发包人名称_2': ' 附件：预付款担保:发包人名称_2与合同承包人不一致', ' 附件：预付款担保 ：签订时间': ' 附件：预付款担保 ：签订时间未填写完整', ' 附件：预付款担保：担保金额': ' 附件：预付款担保：担保金额未填写完整或大小写不一致或与3.7担保金额计算公式结果不一致', ' 附件：预付款担保 ：承包人名称': ' 附件：预付款担保:结尾担保人与合同承包人不一致', ' 附件：预付款担保 ：结尾签字': ' 附件：预付款担保:结尾担保方法定代表人或委托代理人与合同约定不一致', ' 附件：预付款担保 ：结尾时间': ' 附件：预付款担保 ：结尾时间未填写完整', ' 附件：支付担保_承包人': ' 附件：支付担保_承包人未填写完整', ' 附件：支付担保_发包人': ' 附件：支付担保_发包人未填写完整', ' 附件：支付担保 ：签订时间': ' 附件：支付担保 ：签订时间未填写完整', ' 附件：支付担保 ：担保人名称': ' 附件：支付担保 ：担保人名称未填写完整', ' 附件：支付担保 ：结尾签字': ' 附件：支付担保 ：结尾签字未填写完整', ' 附件：支付担保 ：结尾时间': ' 附件：支付担保 ：结尾时间未填写完整', ' 附件：安全、文明施工责任书_发包人': ' 附件：安全、文明施工责任书_发包人未填写完整', ' 附件：安全、文明施工责任书_承包人': ' 附件：安全、文明施工责任书_承包人未填写完整', ' 附件：安全、文明施工责任书_结尾签字_甲方': ' 附件：安全、文明施工责任书_结尾签字_甲方未填写完整', ' 附件：安全、文明施工责任书_结尾签字_乙方': ' 附件：安全、文明施工责任书_结尾签字_乙方未填写完整', ' 附件：安全、文明施工责任书_结尾签字_甲方法定': ' 附件：安全、文明施工责任书_结尾签字_甲方法定未填写完整', ' 附件：安全、文明施工责任书_结尾签字_甲方代理': ' 附件：安全、文明施工责任书_结尾签字_甲方代理未填写完整', ' 附件：安全、文明施工责任书_结尾签字_乙方代理': ' 附件：安全、文明施工责任书_结尾签字_乙方代理未填写完整', ' 附件：廉政合同_工程名称': ' 附件：廉政合同_工程名称未填写完整', ' 附件：廉政合同_工程地址': ' 附件：廉政合同_工程地址未填写完整', ' 附件：廉政合同_发包单位名称': ' 附件：廉政合同_发包单位名称未填写完整', ' 附件：廉政合同_承包单位名称': ' 附件：廉政合同_承包单位名称未填写完整', ' 附件：廉政合同结尾甲方单位': ' 附件：廉政合同结尾甲方单位未填写完整', ' 附件：廉政合同结尾乙方单位': ' 附件：廉政合同结尾乙方单位未填写完整', ' 附件：廉政合同结尾甲方法定代表人': ' 附件：廉政合同结尾甲方法定代表人未填写完整', ' 附件：廉政合同结尾乙方法定代表人': ' 附件：廉政合同结尾乙方法定代表人未填写完整', ' 附件：廉政合同：甲方结尾时间': ' 附件：廉政合同：甲方结尾时间未填写完整', ' 附件：廉政合同：乙方结尾时间': ' 附件：廉政合同：乙方结尾时间未填写完整', ' 附件：安全生产合同甲方': ' 附件：安全生产合同甲方未填写完整', ' 附件：安全生产合同乙方': ' 附件：安全生产合同乙方未填写完整', ' 附件：安全生产合同结尾发包人': ' 附件：安全生产合同结尾发包人未填写完整', ' 附件：安全生产合同结尾承包人': ' 附件：安全生产合同结尾承包人未填写完整', ' 附件：安全生产合同结尾发包人代理人\\代表人': ' 附件：安全生产合同结尾发包人代理人\\代表人未填写完整', ' 附件：安全生产合同结尾承包人代理人\\代表人': ' 附件：安全生产合同结尾承包人代理人\\代表人未填写完整'}
提示的要素:
{'主体&甲方（发包人）：': '第一部分开头：请审核是否与交易相对方提供的身份证明文件一致', '主体&乙方（承包人）：': '第一部分开头：请审核是否与交易相对方提供的身份证明文件一致', '工程概况': '请比对该部分内容是否与招标文件的“项目概况”内容一致', '二、合同工期': '请比对该部分内容是否与招标文件的“工期”内容一致', '签约合同价': '检查该部分与招标文件是否一致', '第一部分_结尾印章': '请核对印章的名称与合同主体信息中的名称是否一致，请使用企业信息查询工具等核实各项填写内容是否与公示信息一致', '2.1 发包人代表': '请核实该条信息是否与发包人代表提供的身份证件所载内容是否一致', '3.2.1通信地址': '请核对项目经理资质证书并确定上述内容的准确性', '其他关于分包的约定': '第三部分_3.5 分包:请核实允许专业分包工程的必要性，并关注专业分包工程的专业分包合同，核实本条内容是否与专业分包合同约定一致', '4.1监理人的一般规定': '第三部分_4. 监理人:请核对本条约定与监理合同的相关约定是否一致', '承包人提前通知监理人隐蔽工程检查的期限的约定': '第三部分_5. 工程质量:请认真比对通用条款的约定，原则上承包人提前通知监理人隐蔽工程检查的期限不应小于隐蔽工程封闭前72小时', '预付款扣回的方式': '第三部分_12. 合同价格、计量与支付:可根据项目实际情况约定扣回比例和扣回时间。请要求财务部门确定该条款内容。', '关于付款周期的约定': '第三部分_12. 合同价格、计量与支付:请财务部门确定付款周期的约定内容', '（2）发包人支付进度款的期限': '第三部分_12. 合同价格、计量与支付:请要求财务部门确定该条款内容', '关于投料试车相关事项的约定': '第三部分_13. 验收和工程试车:核实双方约定是否与本条约定一致', '承包人提交竣工结算申请单的期限': '第三部分_14. 竣工结算:14.1 竣工结算申请请财务部门确定该条内容', '发包人审批竣工付款申请单的期限': '第三部分_14. 竣工结算:14.2 竣工结算审核请财务部门确定该条内容', '发包人完成竣工付款的期限': '第三部分_14. 竣工结算:14.2 竣工结算审核请财务部门确定该条内容', '承包人提交最终结清申请单的份数': '第三部分_14. 竣工结算:14.4.1 最终结清申请单不应少于3份', '质量保证金采用方式': '第三部分_15. 缺陷责任期与保修 15.3.1 承包人提供质量保证金的方式原则上采用第2种', '%的工程款': '第三部分_15. 缺陷责任期与保修 15.3.1 承包人提供质量保证金的方式 质保金不应少于3%。若少于请要求说明必要性，并由审计部门、财务部门核实', '质量保证金的扣留采取方式': '第三部分_15. 缺陷责任期与保修 15.3.2 质量保证金的扣留  原则上采用第2种', '在缺限责任期满后无质量问题': '第三部分_15. 缺陷责任期与保修 15.3.2 质量保证金的扣留  请由财务部门核实该支付日期', '承包人承揽工程项目一览表': '附件 承包人承揽工程项目一览表:请工程技术部门对此确认', '发包人供应材料设备一览表': '附件 发包人供应材料设备一览表:请工程技术部门对此确认', '主要建设工程文件目录': '附件 主要建设工程文件目录:请工程技术部门对此确认', '承包人用于本工程施工的机械设备表': '请工程技术部门对此确认', '承包人主要施工管理人员表': '附件 承包人主要施工管理人员表:请核实与主合同约定内容是否一致，请工程技术部门对此确认', '分包人主要施工管理人员表': '附件 分包人主要施工管理人员表:请核实与主合同约定内容是否一致，请工程技术部门对此确认', '材料暂估价表': '附件 暂估价一览表:请工程技术部门对此确认。', '工程设备暂估价表': '请工程技术部门对此确认。', '专业工程暂估价表': '附件 暂估价一览表:请工程技术部门对此确认。', '发包人（全称）：': '附件 工程质量保修书:请工程技术部门对此确认', '承包人（全称）：': '附件 工程质量保修书:请工程技术部门对此确认', ' 附件：工程质量保修书结尾': ' 附件：工程质量保修书:请核实下列信息是否与合同协议书内容是否一致', ' 附件：支付担保': ' 附件：支付担保:若合同协议书或专用条款并未约定发包人的支付担保，则本附件不适用', ' 附件：支付担保_一_3': '应与双方就发包人支付担保的约定一致。', ' 附件：支付担保_二_2': '应与双方就发包人支付担保的约定一致。', ' 附件：支付担保_四_3': '应与双方就发包人支付担保的约定一致。', ' 附件：支付担保_五_5': '应与双方就发包人支付担保的约定一致。'}
审查成功！

***********************************************************************
日志信息 2022-11-14 14:38:32
审查合同发生错误:加载Sbert………………
运行设备： cpu
加载Sbert完成…………
处理：1个文件
[['C:\\Users\\ChenBaiyang\\Desktop\\合同组测试用例\\标准文件\\房屋租赁合同.docx', 'standard', '1']]
['C:/Users/ChenBaiyang/Desktop/合同组测试用例/标准文件/房屋租赁合同.docx', 'standard', 1]
合同为标准合同
租赁合同标准审查
(-2147352567, '发生意外。', (0, 'Microsoft Word', '“Close”不是一种属性。', 'wdmain11.chm', 25342, -2146822426), None)
_4_
C:/审查结果/20221114143801/房屋租赁合同(已审查).docx
(-2147352567, '发生意外。', (0, 'Microsoft Word', '“Close”不是一种属性。', 'wdmain11.chm', 25342, -2146822426), None)
C:\WorkSpace\客户端\客户端
C:\WorkSpace\客户端\客户端
36
C:/审查结果/20221114143801/房屋租赁合同(已审查)(完整审查).docx
不是我卡的~~~~~~~~~~~~~~~~~~~~~~~~~~~~~~~~~~~~~~~~~~~~~~~~~标准
中间文件已删除
{'主体&出租方': '四川省烟草公司达州市公司', '主体&出租方法定代表人/负责人': '张三', '主体&出租方住所地': '四川省达州市达川区三里坪社区街道办仰天湾社区二小区', '主体&出租方统一社会信用代码/身份证号码': '92440300MA5H03Y65', '主体&出租方联系电话': '1307285979', '主体&出租方电子邮箱': '1307285979@.com', '主体&承租方': '四川良仕农业科技有限公司', '主体&承租方法定代表人/负责人': '张三', '主体&承租方住所地': '四川省达州市达川区三里坪社区街道办仰天湾社区二小区', '主体&承租方统一社会信用代码/身份证号码': '92440300MA5H03Y65', '主体&承租方联系电话': '1307285979', '主体&承租方电子邮箱': '1307285979@.com', '主体&房屋地址': '四川省达州市达川区三里坪社区街道办仰天湾社区二小区', '主体&建筑面积': '90', '主体&证书号码': '0010039952', '主体&房屋用途': '居住', '主体&4、租赁房屋': '好', '主体&5、租赁房屋': '好', '二&租赁期限check': '2018-1-1', '二&租赁期限': '2018-1-1起至2021-1-1', '主体&三、租赁费用&1、租金': '    999    ', '主体&三、租赁费用&1、租金是否上调': ' 否 ', '主体&三、租金费用&2、租金计算方式': '月', '主体&开户行': '工商银行成都武侯祠支行', '主体&开户名': '张三', '主体&银行账号': '4402256', '主体&履约保证金': '5', '四&租赁房屋交付时间': '2011-1-1', '主体&四&4': '_4_', '主体&甲方联系人': '张三', '主体&甲方通信地址': '四川省达州市达川区三里坪社区街道办仰天湾社区二小区三栋2单元111室', '主体&甲方电子邮箱': '1307285979@.com', '主体&甲方联系电话': '1307285979', '主体&乙方联系人': '张三', '主体&乙方通信地址': '四川省达州市达川区三里坪社区街道办仰天湾社区二小区三栋2单元111室', '主体&乙方电子邮箱': '1307285979@.com', '主体&乙方联系电话': '1307285979', '主体&十一、合同的争议解决方法': '四川省成都市', '主体&出租方法定代表人/授权代表': '张五', '主体&承租方法定代表人/授权代表': '张五'} ['主体&出租方', '主体&出租方法定代表人/负责人', '主体&出租方住所地', '主体&承租方', '主体&承租方法定代表人/负责人', '主体&承租方住所地', '主体&房屋地址', '主体&建筑面积', '主体&证书号码', '主体&房屋用途', '主体&三、租金费用&2、租金计算方式', '三、租赁费用&3、租金支付方式（1）', '主体&开户行', '主体&开户名', '主体&银行账号', '主体&四&4', '主体&甲方联系人', '主体&甲方通信地址', '主体&甲方电子邮箱', '主体&乙方联系人', '主体&乙方通信地址', '主体&乙方电子邮箱'] {'主体&出租方统一社会信用代码/身份证号码': '统一社会信用代码未填写正确或身份证号码地区非法', '主体&出租方联系电话': '联系电话填写有误', '主体&出租方电子邮箱': '出租方电子邮箱填写有误', '主体&承租方统一社会信用代码/身份证号码': '统一社会信用代码未填写正确或身份证号码地区非法', '主体&承租方联系电话': '联系电话填写有误', '主体&承租方电子邮箱': '承租方电子邮箱填写有误', '主体&4、租赁房屋': '租赁房屋填写错误', '主体&5、租赁房屋': '租赁房屋填写错误', '二&租赁期限': '请核对租赁期限是否准确', '三、租赁费用&1、租金': '请财务部门确认租金具体数额是否准确', '主体&履约保证金': '请财务部门确认履约保证金是否准确', '四&租赁房屋交付时间': '请核对租赁房屋交付时间是否与第二条租赁期限起始日期一致', '主体&甲方联系电话': '甲方联系电话填写有误', '主体&乙方联系电话': '乙方联系电话填写有误', '主体&十一、合同的争议解决方法': '主体&十一、合同的争议解决方法填写有误', '主体&出租方法定代表人/授权代表': '法定代表人/授权代表与合同首部主体信息不一致', '主体&承租方法定代表人/授权代表': '法定代表人/授权代表与合同首部主体信息不一致'} {'主体&出租方统一社会信用代码/身份证号码': '出租方统一社会信用代码/身份证号码未填写完整', '主体&出租方联系电话': '出租方联系电话未填写完整', '主体&出租方电子邮箱审核提示': '请审核主体出租方电子邮箱是否填写正确', '主体&承租方统一社会信用代码/身份证号码': '承租方统一社会信用代码/身份证号码未填写完整', '主体&承租方联系电话': '承租方联系电话未填写完整', '主体&承租方电子邮箱审核提示': '请审核主体承租方电子邮箱是否填写正确', '主体&4、租赁房屋审核提示': '请审核主体租赁房屋是否填写正确', '主体&5、租赁房屋审核提示': '请审核主体租赁房屋是否填写正确', '主体&租赁期限审核提示': '请审核主体租赁期限是否填写正确', '主体&三、租赁费用&1、租金审核提示': '在“是”“否”中二选一', '主体&三、租金费用&2、租金计算方式': '请检查租金计算方式是否填写完整', '主体&银行账号': '请财务部门确认银行账户是否准确', '主体&履约保证金': '请财务部门确认履约保证金是否准确', '主体&租赁房屋交付时间审核提示': '请审核主体租赁房屋交付时间是否与第二条租赁期限起始日期一致', '主体&四&4': '请核对第（4）项具体内容', '主体&甲方联系电话': '甲方联系电话未填写完整', '主体&乙方联系电话': '乙方联系电话未填写完整', '主体&十一、合同的争议解决方法': '主体&十一、合同的争议解决方法未填写完整', '主体&出租方法定代表人/授权代表': '请核实法定代表人或负责人信息填写是否正确', '主体&承租方法定代表人/授权代表': '请核实法定代表人或负责人信息填写是否正确'}
错误的要素:
{'主体&出租方统一社会信用代码/身份证号码': '统一社会信用代码未填写正确或身份证号码地区非法', '主体&出租方联系电话': '联系电话填写有误', '主体&出租方电子邮箱': '出租方电子邮箱填写有误', '主体&承租方统一社会信用代码/身份证号码': '统一社会信用代码未填写正确或身份证号码地区非法', '主体&承租方联系电话': '联系电话填写有误', '主体&承租方电子邮箱': '承租方电子邮箱填写有误', '主体&4、租赁房屋': '租赁房屋填写错误', '主体&5、租赁房屋': '租赁房屋填写错误', '二&租赁期限': '请核对租赁期限是否准确', '三、租赁费用&1、租金': '请财务部门确认租金具体数额是否准确', '主体&履约保证金': '请财务部门确认履约保证金是否准确', '四&租赁房屋交付时间': '请核对租赁房屋交付时间是否与第二条租赁期限起始日期一致', '主体&甲方联系电话': '甲方联系电话填写有误', '主体&乙方联系电话': '乙方联系电话填写有误', '主体&十一、合同的争议解决方法': '主体&十一、合同的争议解决方法填写有误', '主体&出租方法定代表人/授权代表': '法定代表人/授权代表与合同首部主体信息不一致', '主体&承租方法定代表人/授权代表': '法定代表人/授权代表与合同首部主体信息不一致'}
提示的要素:
{'主体&出租方统一社会信用代码/身份证号码': '出租方统一社会信用代码/身份证号码未填写完整', '主体&出租方联系电话': '出租方联系电话未填写完整', '主体&出租方电子邮箱审核提示': '请审核主体出租方电子邮箱是否填写正确', '主体&承租方统一社会信用代码/身份证号码': '承租方统一社会信用代码/身份证号码未填写完整', '主体&承租方联系电话': '承租方联系电话未填写完整', '主体&承租方电子邮箱审核提示': '请审核主体承租方电子邮箱是否填写正确', '主体&4、租赁房屋审核提示': '请审核主体租赁房屋是否填写正确', '主体&5、租赁房屋审核提示': '请审核主体租赁房屋是否填写正确', '主体&租赁期限审核提示': '请审核主体租赁期限是否填写正确', '主体&三、租赁费用&1、租金审核提示': '在“是”“否”中二选一', '主体&三、租金费用&2、租金计算方式': '请检查租金计算方式是否填写完整', '主体&银行账号': '请财务部门确认银行账户是否准确', '主体&履约保证金': '请财务部门确认履约保证金是否准确', '主体&租赁房屋交付时间审核提示': '请审核主体租赁房屋交付时间是否与第二条租赁期限起始日期一致', '主体&四&4': '请核对第（4）项具体内容', '主体&甲方联系电话': '甲方联系电话未填写完整', '主体&乙方联系电话': '乙方联系电话未填写完整', '主体&十一、合同的争议解决方法': '主体&十一、合同的争议解决方法未填写完整', '主体&出租方法定代表人/授权代表': '请核实法定代表人或负责人信息填写是否正确', '主体&承租方法定代表人/授权代表': '请核实法定代表人或负责人信息填写是否正确'}
审查成功！

***********************************************************************
日志信息 2022-11-14 14:39:12
审查合同发生错误:加载Sbert………………
运行设备： cpu
加载Sbert完成…………
处理：1个文件
[['C:\\Users\\ChenBaiyang\\Desktop\\合同组测试用例\\标准文件\\采购合同.docx', 'standard', '2']]
['C:/Users/ChenBaiyang/Desktop/合同组测试用例/标准文件/采购合同.docx', 'standard', 2]
合同为标准合同
采购合同标准审查
(-2147352567, '发生意外。', (0, 'Microsoft Word', '“Close”不是一种属性。', 'wdmain11.chm', 25342, -2146822426), None)
要素


C:/审查结果/20221114143841/采购合同(已审查).docx
(-2147352567, '发生意外。', (0, 'Microsoft Word', '“Close”不是一种属性。', 'wdmain11.chm', 25342, -2146822426), None)
C:\WorkSpace\客户端\客户端
C:\WorkSpace\客户端\客户端
2
'固定的项目负责人及具体服务人员信息不完善'
'合同期限'
'供货/服务价格条款'
'供货/服务的考核条款'
'入库资格的规定'
C:/审查结果/20221114143841/采购合同(已审查)(完整审查).docx
不是我卡的~~~~~~~~~~~~~~~~~~~~~~~~~~~~~~~~~~~~~~~~~~~~~~~~~标准
中间文件已删除
错误的要素:
{'主体&甲方': '甲方未填写完整', '主体&甲方法定代表人/负责人': '法定代表人/负责人未填写完整', '主体&甲方住所地': '住所地未填写完整', '主体&甲方统一社会信用代码/身份证号码': '统一社会信用代码未填写正确或身份证号码地区非法', '主体&乙方': '乙方未填写完整', '主体&乙方法定代表人/负责人': '法定代表人/负责人未填写完整', '主体&乙方住所地': '住所地未填写完整', '主体&乙方统一社会信用代码/身份证号码': '统一社会信用代码未填写正确或身份证号码位数不对', '主体&乙方联系方式': '联系方式填写有误', '主体&招标编号': '招标编号未填写完整', '主体&招标项目': '招标项目未填写完整', '三1&协议期限': '协议期限时间未填写规范', '三3行-2&项目负责人及具体服务人员表': '证件号码：身份证号码出生日期超出范围或含有非法字符、邮箱格式不规范', '四3&甲方对乙方相关管理依据': '按照甲方对供应商库的相关管理要求未填写完整'}
提示的要素:
{'主体&主体审核提示': '请审核主体相关信息是否正确', '三3&表格审核提示': '请审核表格相关填写信息是否正确', '四3&供货/服务范围及质量其他要求': '请核实该项约定的必要性和合理性'}
审查成功！

***********************************************************************
日志信息 2022-11-14 14:42:12
审查合同发生错误:加载Sbert………………
运行设备： cpu
加载Sbert完成…………
处理：1个文件
[['C:\\Users\\ChenBaiyang\\Desktop\\合同组测试用例\\标准文件\\物业管理合同.docx', 'standard', '3']]
['C:/Users/ChenBaiyang/Desktop/合同组测试用例/标准文件/物业管理合同.docx', 'standard', 3]
合同为标准合同
物业管理合同标准审查
(-2147352567, '发生意外。', (0, 'Microsoft Word', '“Close”不是一种属性。', 'wdmain11.chm', 25342, -2146822426), None)
单元格（0，0）的值为：甲方： 

甲方： 
单元格（0，1）的值为：乙方： 

乙方： 
单元格（1，0）的值为：(签章)   

(签章)   
单元格（1，1）的值为：(签章)

(签章)
单元格（2，0）的值为：法定（授权）代表人：张飞

法定（授权）代表人：张飞
单元格（2，1）的值为：法定（授权）代表人：李儒

法定（授权）代表人：李儒
单元格（3，0）的值为：2017年  2  月 29  日   
【1、系统核对：（1）是否填写完整；（2）核对法定代表人或负责人与合同首部主体信息是否一致，如不一致，2、系统提示：“请核实法定代表人或负责人信息填写是否正确”】


2017年  2  月 29  日   
【1、系统核对：（1）是否填写完整；（2）核对法定代表人或负责人与合同首部主体信息是否一致，如不一致，2、系统提示：“请核实法定代表人或负责人信息填写是否正确”】

单元格（3，1）的值为：2017年 4月 31日

2017年 4月 31日
['2017', '3', '22', '2018', '2', '10']
6
['2017', '3', '22', '2018', '2', '10']
6
111111
<class 'str'>
['生活纪律', '巡查管理', '员工培训', '物资管理', '办公区域', '卫生间', '会议室及观景阳台', '天花板', '楼道', '电梯', '室外道路', '园区垃圾箱', '其他', '值班时间', '外来人员车辆', '值班室清洁', '安全检查', '前台接待', '登记', '会务服务', '报刊分发', '邮寄', '文印', '食品安全', '', '食堂卫生', '维修处理', '日常巡查', '绿化补种', '病虫害防治', '']
False
False
['劳动纪律', '巡查管理', '员工培训', '物资管理', '办公区域', '卫生间', '会议室及观景阳台', '天花板', '楼道', '电梯', '室外道路', '园区垃圾箱', '其他', '值班时间', '外来人员车辆', '值班室清洁', '安全检查', '前台接待', '登记', '会务服务', '报刊分发', '邮寄', '文印', '食品安全', '安全记录', '食堂卫生', '维修处理', '日常巡查', '绿化补种', '病虫害防治', '除草、施肥']
1
False
2
False
甲方：
<class 'str'>

甲方
乙方： 
<class 'str'>
乙方
法定（授权）代表人：张飞
张飞
False
法定（授权）代表人：李儒
李儒
False
2017年  2  月 29  日   
【1、系统核对：（1）是否填写完整；（2）核对法定代表人或负责人与合同首部主体信息是否一致，如不一致，2、系统提示：“请核实法定代表人或负责人信息填写是否正确”】

2017年 4月 31日
C:/审查结果/20221114144122/物业管理合同(已审查).docx
(-2147352567, '发生意外。', (0, 'Microsoft Word', '“Close”不是一种属性。', 'wdmain11.chm', 25342, -2146822426), None)
C:\WorkSpace\客户端\客户端
C:\WorkSpace\客户端\客户端
190
'知识产权条款'
C:/审查结果/20221114144122/物业管理合同(已审查)(完整审查).docx
不是我卡的~~~~~~~~~~~~~~~~~~~~~~~~~~~~~~~~~~~~~~~~~~~~~~~~~标准
{'甲方': '1', '甲方住所地': '1', '甲方住所地1': '1', '甲方法定代表人': '1', '甲方法定代表人1': '1张三', '甲方组织信用代码/身份证号': '1', '甲方组织信用代码/身份证号1': '1', '甲方联系方式': '1', '甲方联系方式1': '1212284', '乙方': '否', '乙方住所地': '否', '乙方住所地1': '否', '乙方法定代表人': '否', '乙方法定代表人1': '否李四', '乙方组织信用代码/身份证号': '否', '乙方组织信用代码/身份证号1': '否51302719780922330', '乙方联系方式': '否', '乙方联系方式1': '否130123412', '物业服务范围': '', '物业服务地点': '', '合同期限': '2017-3-22至2018-2-10', '安全保卫': '是', '卫生保洁': '是', '卫生保洁-其他': '', '接待及会务服务': '是', '员工食堂': '是', '设施设备维修': '是', '绿化养护': '是', '人员配备要求': '', '货品总金额（价税合计）': '9999', '物管费支付': '年', '物管费支付期限': '32', '履约保证金': '19000', '履约保证金支付期限': '2017-3-32', '附件': '考核标准表（供参考）', '考核期限': '8', '违约金': '40', '合同总份数': '', '合同双方份数': '', '甲方-尾部': '', '乙方-尾部': '', '甲方法定（授权）代表人': '张飞', '乙方法定（授权）代表人': '李儒', '签字时间甲方': '2017-2-29', '签字时间乙方': '2017-4-31'} ['甲方1', '甲方住所地1', '甲方法定代表人1', '乙方1', '乙方住所地1', '乙方法定代表人1', '附件'] {'甲方': '【】中应填写有或无', '甲方住所地': '【】中应填写有或无', '甲方法定代表人': '【】中应填写有或无', '甲方组织信用代码/身份证号': '【】中应填写有或无', '甲方组织信用代码/身份证号1': '组织信用代码未填写正确或身份证号码地区非法', '甲方联系方式': '【】中应填写有或无', '甲方联系方式1': '甲方联系方式填写有误', '乙方': '【】中应填写有或无', '乙方住所地': '【】中应填写有或无', '乙方法定代表人': '【】中应填写有或无', '乙方组织信用代码/身份证号': '组织信用代码，身份证号【】中应填写有或无', '乙方组织信用代码/身份证号1': '组织信用代码未填写正确或身份证号码地区非法', '乙方联系方式': '【】中应填写有或无', '乙方联系方式1': '乙方联系方式填写有误', '物业服务范围': '物业服务范围未填写', '物业服务地点': '物业服务地点未填写', '合同期限': '合同期限错误，期限未达一年', '安全保卫': '【】中应填写有或无', '卫生保洁': '【】中应填写有或无', '卫生保洁-其他': '应填写无', '接待及会务服务': '【】中应填写有或无', '员工食堂': '【】中应填写有或无', '设施设备维修': '【】中应填写有或无', '绿化养护': '【】中应填写有或无', '物业管理费': '物业管理费人民币大写与数值不一致', '物管费支付': '【】中应填写有或无', '物管费支付期限': '物管费支付期限未填写或错误', '履约保证金': '履约保证金人民币大写与数值不一致', '履约保证金支付期限': '履约保证金支付期限日期填写错误', '考核标准表': '考核标准表不完整', '考核期限': '考核期限未填写或错误，该数值在1-7之间选择', '违约金': '违约金未填写或错误，该数值在10-30之间', '总份数': '合同总份数未填写', '双方份数': '合同双方份数未填写', '甲方-尾部': '甲方-尾部未填写', '乙方-尾部': '乙方-尾部未填写', '甲方法定（授权）代表人': '甲方法定（授权）代表人与合同首部主体信息不一致，请核实', '乙方法定（授权）代表人': '乙方法定（授权）代表人与合同首部主体信息不一致，请核实', '签字时间甲方': '甲方签字日期填写错误', '签字时间乙方': '乙方签字日期填写错误'} {'人员配备要求': '请核实人员配备要求与招投标文件相关内容一致', '附件': '请向主管部门核实附件一的内容'}
错误的要素:
{'甲方': '【】中应填写有或无', '甲方住所地': '【】中应填写有或无', '甲方法定代表人': '【】中应填写有或无', '甲方组织信用代码/身份证号': '【】中应填写有或无', '甲方组织信用代码/身份证号1': '组织信用代码未填写正确或身份证号码地区非法', '甲方联系方式': '【】中应填写有或无', '甲方联系方式1': '甲方联系方式填写有误', '乙方': '【】中应填写有或无', '乙方住所地': '【】中应填写有或无', '乙方法定代表人': '【】中应填写有或无', '乙方组织信用代码/身份证号': '组织信用代码，身份证号【】中应填写有或无', '乙方组织信用代码/身份证号1': '组织信用代码未填写正确或身份证号码地区非法', '乙方联系方式': '【】中应填写有或无', '乙方联系方式1': '乙方联系方式填写有误', '物业服务范围': '物业服务范围未填写', '物业服务地点': '物业服务地点未填写', '合同期限': '合同期限错误，期限未达一年', '安全保卫': '【】中应填写有或无', '卫生保洁': '【】中应填写有或无', '卫生保洁-其他': '应填写无', '接待及会务服务': '【】中应填写有或无', '员工食堂': '【】中应填写有或无', '设施设备维修': '【】中应填写有或无', '绿化养护': '【】中应填写有或无', '物业管理费': '物业管理费人民币大写与数值不一致', '物管费支付': '【】中应填写有或无', '物管费支付期限': '物管费支付期限未填写或错误', '履约保证金': '履约保证金人民币大写与数值不一致', '履约保证金支付期限': '履约保证金支付期限日期填写错误', '考核标准表': '考核标准表不完整', '考核期限': '考核期限未填写或错误，该数值在1-7之间选择', '违约金': '违约金未填写或错误，该数值在10-30之间', '总份数': '合同总份数未填写', '双方份数': '合同双方份数未填写', '甲方-尾部': '甲方-尾部未填写', '乙方-尾部': '乙方-尾部未填写', '甲方法定（授权）代表人': '甲方法定（授权）代表人与合同首部主体信息不一致，请核实', '乙方法定（授权）代表人': '乙方法定（授权）代表人与合同首部主体信息不一致，请核实', '签字时间甲方': '甲方签字日期填写错误', '签字时间乙方': '乙方签字日期填写错误'}
提示的要素:
{'人员配备要求': '请核实人员配备要求与招投标文件相关内容一致', '附件': '请向主管部门核实附件一的内容'}
审查成功！

***********************************************************************
日志信息 2022-11-14 14:43:18
审查合同发生错误:加载Sbert………………
运行设备： cpu
加载Sbert完成…………
处理：1个文件
[['C:\\Users\\ChenBaiyang\\Desktop\\合同组测试用例\\非标准文件\\买卖合同\\非标准买卖合同(1).docx', 'nonstandard', '0']]
['C:/Users/ChenBaiyang/Desktop/合同组测试用例/非标准文件/买卖合同/非标准买卖合同(1).docx', 'nonstandard', 0]
买卖合同非标准审查
(-2147352567, '发生意外。', (0, 'Microsoft Word', '“Close”不是一种属性。', 'wdmain11.chm', 25342, -2146822426), None)
C:\WorkSpace\客户端\客户端
C:\WorkSpace\客户端\客户端
18
C:/审查结果/20221114144243/非标准买卖合同(1)(完整审查).docx
不是我卡的~~~~~~~~~~~~~~~~~~~~~~~~~~~~~~~~~~~~~~~~~~~~~~~~~标准
合同为非标准合同，对该合同进行风险性检测和完整性检测！
审查成功！

***********************************************************************
日志信息 2022-11-14 14:44:30
审查合同发生错误:加载Sbert………………
运行设备： cpu
加载Sbert完成…………
处理：1个文件
[['C:\\Users\\ChenBaiyang\\Desktop\\合同组测试用例\\非标准文件\\租赁合同\\非标准租赁合同(1).docx', 'nonstandard', '1']]
['C:/Users/ChenBaiyang/Desktop/合同组测试用例/非标准文件/租赁合同/非标准租赁合同(1).docx', 'nonstandard', 1]
租赁合同非标准审查
(-2147352567, '发生意外。', (0, 'Microsoft Word', '“Close”不是一种属性。', 'wdmain11.chm', 25342, -2146822426), None)
C:\WorkSpace\客户端\客户端
C:\WorkSpace\客户端\客户端
C:/审查结果/20221114144358/非标准租赁合同(1)(完整审查).docx
不是我卡的~~~~~~~~~~~~~~~~~~~~~~~~~~~~~~~~~~~~~~~~~~~~~~~~~标准
合同为非标准合同，对该合同进行风险性检测和完整性检测！
审查成功！

***********************************************************************
日志信息 2022-11-14 14:46:46
审查合同发生错误:加载Sbert………………
运行设备： cpu
加载Sbert完成…………
处理：1个文件
[['C:\\Users\\ChenBaiyang\\Desktop\\合同组测试用例\\非标准文件\\采购合同\\非标准采购合同.docx', 'nonstandard', '2']]
['C:/Users/ChenBaiyang/Desktop/合同组测试用例/非标准文件/采购合同/非标准采购合同.docx', 'nonstandard', 2]
采购合同非标准审查
(-2147352567, '发生意外。', (0, 'Microsoft Word', '“Close”不是一种属性。', 'wdmain11.chm', 25342, -2146822426), None)
C:\WorkSpace\客户端\客户端
C:\WorkSpace\客户端\客户端
3
'固定的项目负责人及具体服务人员信息不完善'
'供货/服务价格条款'
'供货/服务范围及质量要求条款'
'供货/服务的考核条款'
'入库资格的规定'
C:/审查结果/20221114144623/非标准采购合同(完整审查).docx
不是我卡的~~~~~~~~~~~~~~~~~~~~~~~~~~~~~~~~~~~~~~~~~~~~~~~~~标准
合同为非标准合同，对该合同进行风险性检测和完整性检测！
审查成功！

***********************************************************************
日志信息 2022-11-14 14:47:54
审查合同发生错误:加载Sbert………………
运行设备： cpu
加载Sbert完成…………
处理：1个文件
[['C:\\Users\\ChenBaiyang\\Desktop\\合同组测试用例\\非标准文件\\物业服务合同\\非标准物业合同(1).docx', 'nonstandard', '3']]
['C:/Users/ChenBaiyang/Desktop/合同组测试用例/非标准文件/物业服务合同/非标准物业合同(1).docx', 'nonstandard', 3]
物业管理合同非标准审查
(-2147352567, '发生意外。', (0, 'Microsoft Word', '“Close”不是一种属性。', 'wdmain11.chm', 25342, -2146822426), None)
C:\WorkSpace\客户端\客户端
C:\WorkSpace\客户端\客户端
35
'知识产权条款'
C:/审查结果/20221114144720/非标准物业合同(1)(完整审查).docx
不是我卡的~~~~~~~~~~~~~~~~~~~~~~~~~~~~~~~~~~~~~~~~~~~~~~~~~标准
合同为非标准合同，对该合同进行风险性检测和完整性检测！
审查成功！

