***********************************************************************
日志信息 2022-08-02 16:04:02
审查命令:C:\WorkSpace\tobacco-master\yancaoRegularDemo\Anjuan_api.py C:\Users\Administrator\Desktop\案卷组_成烟立测试文书\2021185592_成烟立[2021]第17号 C:\NewFile\Test\20220802160206
审查案卷返回:正在审查公告，审查结果如下：
[0;36m表头：表头不为空[0m
[0;31mwarning: 正文：立案报告表案发时间无法获取[0m
[0;36m正文：案发地点不为空[0m
[0;31mwarning: 正文：无法获取立案报表表案发地点[0m
[0;36m正文：地址不为空[0m
[0;36m正文：地址不为空[0m
[0;36m联系人：不为空[0m
[0;36m联系电话：不为空[0m
[0;31mwarning: 表格：品种规格或数量与先行登记保存通知书不一致[0m
[0;31mwarning: 表格：共计：（数量）数无法识别[0m
[0;31mwarning: 表格：总计：（数量）数无法识别[0m
[0;31mwarning: 表格：共计：错误[0m
[0;31mwarning: 表格：总计：错误[0m
[0;36m结尾时间：结尾时间格式正确[0m
公告_.docx审查完毕

正在审查卷内备考表_ (3).docx，审查结果如下：
文档存在格式错误，函数失效：self.check_Description() 遇到错误:("Package not found at 'C:/Users/Administrator/Desktop/案卷组_成烟立测试文书/2021185592_成烟立[2021]第17号/卷内备考表_.docx'",)
卷内备考表_ (3).docx审查完毕

正在审查延长调查期限告知书_ (1).docx，审查结果如下：
[0;31mwarning: 被告知人名字/名称：与《立案报告表》当事人不一致[0m
[0;31mwarning: 文件缺失：《延长案件调查终结审批表》不存在[0m
《延长调查期限告知书》审查完毕

正在审查延长调查终结期限审批表_.docx，审查结果如下：
[0;36m案由：正确。与《立案报告表》一致,《立案报告表》中为：涉嫌存储假冒伪劣烟草制品[0m
[0;31mwarning: 立案日期：与《立案报告表》立案日期（即负责人意见签名时间）不一致[0m
[0;36m当事人：正确。与《立案报告表》一致,《立案报告表》中为：姓名不详[0m
[0;31mwarning: 证件类型及号码：与《立案报告表》不一致,《立案报告表》中为：/[0m
[0;31mwarning: 地址：与《立案报告表》不一致,《立案报告表》中为：/[0m
[0;31mwarning: 案情摘要：与《立案报告表》不一致,《立案报告表》中为：2021年01月12日，我局执法人员在成华区熊猫大道1103号一库房内查获用非卷烟纸箱伪装的烟草制品:云烟（软珍品）12条、云烟（紫）13条、红塔山（硬经典100）9条等共计12个品种84条，因该批卷烟涉嫌假冒伪劣烟草制品，当事人涉嫌存储假冒伪劣烟草制品，其行为涉嫌违反了《成都市烟草专卖管理条例》第十五条第一款之规定，我局执法人员遂依法将上述烟草制品予以先行登记保存，以待进一步调查。[0m
[0;36m承办部门意见_日期：正确。在《立案报告表》负责人意见日期一栏30天内(如有法定节假日，顺延到法定节假日后一天)[0m
[0;36m负责人意见_日期：正确。在《立案报告表》负责人意见日期一栏30天内(如有法定节假日，顺延到法定节假日后一天)[0m
《延长调查终结审批表》审查完毕

正在审查案件处理审批表_ (4).docx，审查结果如下：
[0;31mwarning: 文件缺失：《案件调查终结报告》.docx不存在[0m
[0;31mwarning: 文件缺失：《延长调查终结审批表》.docx不存在[0m
[0;31mwarning: 文件缺失：《先行登记保存证据处理通知书》不存在[0m
[0;31mwarning: 文件缺失：《涉案物品返还清单》不存在[0m
[0;31mwarning: 文件缺失：《案件调查终结报告_》不存在[0m
[0;31mwarning: 立案日期：与《立案报告表》中的“负责人意见”的时间不同[0m
[0;31mwarning: 身份证信息缺失：文件夹中没有包含《证据复制提取单》或《证据复制提取单》不包含身份证信息！因此无法比较当事人信息！[0m
[0;31mwarning: 案发时间：与《立案报告表》中记载的2021年01月12日11时05分不一致[0m
[0;31mwarning: 文件缺失：《涉案物品返回清单》不存在[0m
[0;31mwarning: 涉案金额：未捕捉到涉案金额信息[0m
[0;31mwarning: 文件缺失：《案件集体讨论记录》不存在[0m
[0;36m承办部门意见：正确。为同意[0m
[0;31mwarning: 承办部门意见日期：在“承办人意见”的日期之前[0m
[0;36m法制部门意见：正确。为同意[0m
[0;31mwarning: 法制部门意见日期：在“承办人意见”的日期之前[0m
[0;36m负责人意见：正确。为同意[0m
[0;31mwarning: 负责人意见日期：在“法制部门意见”的日期之前[0m
[0;31mwarning: 文件缺失：《检查（勘验）笔录》不存在[0m
[0;31mwarning: 案件事实：不包含烟草专卖零售许可证[0m
[0;31mwarning: 案件事实：不包含卷烟数目[0m
[0;31mwarning: 案件事实：不包含法律条款[0m
rdfpath: 
False
在rdf没找到阈值单位或惩罚单位，rdf文件出错了
[0;31mwarning: 自由裁量权：“承办人意见”中不存在“从轻“字样，且不存在从轻证据。“承办人意见”中不存在“从重“字样。“承办人意见”中不存在“从轻“字样，且不存在从轻证据。“承办人意见”中不存在“从重“字样。由于案由撰写不规范，所以在库中未提取到对应案由的信息！[0m
《案件处理审批表》审查完毕

正在审查涉案烟草专卖品核价表_ (4).docx，审查结果如下：
[0;36m名字:名字不为空[0m
[0;36m正文时间：时间与立案时间一致[0m
文档存在格式错误，函数失效：self.formRight() 遇到错误:("Package not found at 'C:\\NewFile/Test/20220802160206/涉案烟草专卖品核价表_.docx'",)
[0;31mwarning: 当事人：当事人不能为空[0m
[0;36m结尾日期：结尾时间在案件调查终结报告处理意见栏所注明的日期之前[0m
[0;31mwarning: 质检报告：不存在质检报告[0m
涉案烟草专卖品核价表_ (4).docx审查完毕

正在审查立案报告表_ (4).docx，审查结果如下：
C:\NewFile/Test/20220802160206/立案报告表_ (4).docx
[0;36m案由：案由不为空,主观审查[0m
[0;36m案由：案由格式正确[0m
[0;31mwarning: 案由：“案由”没有与卷宗封面（）、行政处罚决定书（）、证据先行登记保存通知书（存储假冒伪劣烟草制品的）、委托鉴定告知书（）、询问（调查）通知书（）等文书保持一致[0m
[0;36m案件来源：案件来源不为空,主观审查[0m
[0;31mwarning: 检查（勘验）时间：《勘验（检查）笔录》不存在[0m
[0;31mwarning: 案发时间：缺少检查（勘验）笔录开始检查时间[0m
[0;31mwarning: 案发地点：“案发地点”格式不正确，应具体到XX市XX县（区）XX乡镇（街道）XX号[0m
[0;31mwarning: 检查（勘验）地点：《勘验（检查）笔录》不存在[0m
[0;31mwarning: 案发地点：缺少检查（勘验）笔录地点[0m
[0;31mwarning: 案发地点：《勘验（检查）笔录》不存在[0m
[0;36m当事人：当事人姓名与行政处罚决定书、检查（勘验）笔录、证据先行登记保存批准书等文书所记载的当事人名称（姓名）一致[0m
[0;31mwarning: 证件类型及号码：立案（不予立案）报告表_证件类型及号码 不能为空[0m
[0;31mwarning: 地址：立案（不予立案）报告表_地址 不能为空[0m
[0;36m案情摘要：摘要中案发日期应与案发时间栏日期一致[0m
[0;31mwarning: 案情摘要：检查勘验 日期无法找到[0m
[0;36m案情摘要：案情摘要 包含执法人员[0m
[0;31mwarning: 案情摘要：无法得到 检查勘验地点[0m
[0;31mwarning: 案情摘要：案情摘要未包含 烟草专卖零售许可证要素[0m
[0;36m案情摘要：案情摘要包含 卷烟数目要素[0m
[0;31mwarning: 案情摘要：案情摘要未包含 法律条款 要素[0m
[0;31mwarning: 承办人意见：承办人意见未签名[0m
[0;36m承办人意见：承办人时间在案件调查终结报告处理意见栏所注明的日期之前[0m
[0;36m承办部门意见：同意立案[0m
[0;31mwarning: 承办部门意见：承办部门意见未签名[0m
[0;36m承办部门意见：承办部门时间在案件调查终结报告处理意见栏所注明的日期之前[0m
[0;31mwarning: 负责人意见：负责人意见未签名[0m
[0;36m负责人意见：负责人意见时间在案件调查终结报告处理意见栏所注明的日期之前[0m
立案报告表_ (4).docx审查完毕

正在审查结案报告表_ (4).docx，审查结果如下：
[0;31mwarning: 案由：案由填写不合法，填写内容应在“未在当地烟草专卖批发企业进货、销售非法生产的烟草专卖品、无烟草专卖零售许可证经营烟草制品零售业务、无烟草专卖品准运证运输烟草专卖品、走私烟草专卖品、销售假冒注册商标且伪劣卷烟”中。[0m
[0;31mwarning: 文书缺失：《行政处罚决定书》.docx不存在[0m
[0;31mwarning: 文书缺失：《案件集体讨论记录》.docx不存在[0m
[0;31mwarning: 文书缺失：《陈述申辩记录》.docx不存在[0m
[0;31mwarning: 文书缺失：《卷宗封面》.docx不存在[0m
[0;31mwarning: 立案日期”立案日期“与《涉案烟草专卖品核价表》中的“立案日期”（二〇二一年一月二十二日）不一致！[0m
[0;31mwarning: 文书缺失：《延长案件调查终结审批表》.docx不存在[0m
[0;31mwarning: 文书缺失：《卷宗封面》.docx不存在[0m
[0;31mwarning: 文书缺失：《卷宗封面》.docx不存在[0m
[0;31mwarning: 文书缺失：《先行登记保存证据处理通知书》.docx不存在[0m
[0;31mwarning: 文书缺失：《抽样取证物品清单》.docx不存在[0m
[0;31mwarning: 当事人：“当事人”与《涉案烟草专卖品核价表》中的“当事人”（成都市成华区烟草专卖局）不一致！[0m
[0;31mwarning: 文书缺失：《卷烟鉴别检验样品留样、损耗费用审批表》.docx不存在[0m
[0;31mwarning: 文书缺失：《延长案件调查终结审批表》.docx不存在[0m
[0;31mwarning: 文书缺失：《先行登记保存证据处理通知书》.docx不存在[0m
[0;31mwarning: 文书缺失：《行政处罚事先告知书》.docx不存在[0m
[0;31mwarning: 文书缺失：《听证告知书》.docx不存在[0m
[0;31mwarning: 文书缺失：《当场行政处罚决定书》.docx不存在[0m
[0;31mwarning: 文书缺失：《行政处罚决定书》.docx不存在[0m
[0;31mwarning: 文书缺失：《违法物品销毁记录表》.docx不存在[0m
[0;31mwarning: 案情摘要：“案情摘要”并未包含时间信息！[0m
[0;31mwarning: 案情摘要：“案情摘要”并未包含地点信息！[0m
[0;31mwarning: 执行情况：“执行情况”为“未执行”，请人工核验！[0m
[0;31mwarning: 承办人结案理由：“承办人结案理由”中当事人未接受处罚，请人工核验！[0m
[0;31mwarning: 是否建议结案：“承办部门意见”中未审查到建议结案，请人工核验！[0m
[0;31mwarning: 负责人意见：“负责人意见”中没有注明日期或格式日期格式不规范！[0m
《结案报告表》审查完毕

正在审查行政处理决定书_.docx，审查结果如下：
[0;31mwarning: 案件基本情况：案件基本情况与《案件处理审批表》中“案件事实”记载的不一致！[0m
[0;31mwarning: 作出行政处理决定日期：作出行政处理决定日期应在《案件处理审批表》时间（同意。签名：日期:2021-2-24）之后！[0m
《行政处理决定书》审查完毕

正在审查证据先行登记保存批准书_ (3).docx，审查结果如下：
[0;31mwarning: 当事人名字：“当事人名字/名称”（姓名不详）与《检查（勘验）笔录》中“被检查人（被勘验人）（未查找到）”不一致[0m
文档存在格式错误，函数失效：self.peopleAndReasonRight() 遇到错误:(-2147352567, '发生意外。', (0, 'Microsoft Word', '此方法或属性无效，因为 对象涉及文档中一受保护区域。', 'wdmain11.chm', 37373, -2146823683), None)
[0;36m表格：共计：（品种）数正确[0m
[0;31mwarning: 表格：总计：（数量）不能为空[0m
文档存在格式错误，函数失效：self.formRight() 遇到错误:(-2147352567, '发生意外。', (0, 'Microsoft Word', '此方法或属性无效，因为 对象涉及文档中一受保护区域。', 'wdmain11.chm', 37373, -2146823683), None)
[0;31mwarning: 承办人（签名）：承办人（签名）不能为空[0m
文档存在格式错误，函数失效：self.signAndDateRight() 遇到错误:(-2147352567, '发生意外。', (0, 'Microsoft Word', '此方法或属性无效，因为 对象涉及文档中一受保护区域。', 'wdmain11.chm', 37373, -2146823683), None)
证据先行登记保存批准书_ (3).docx审查完毕

正在审查证据复制提取单_ (20).docx，审查结果如下：
[0;36m烟草专卖局：烟草专卖局不为空[0m
[0;36m复制（提取）地点：复制（提取）地点：不为空[0m
[0;31mwarning: 复制（提取）地点：复制（提取）地点没有与对应文书中的证据一致[0m
[0;36m执法人员及执法证号：不为空[0m
[0;36m结尾时间：结尾时间格式正确[0m
[0;31mwarning: 结尾时间：时间无法提取[0m
证据复制提取单_ (20).docx审查完毕

正在审查证据复制提取单_ (21).docx，审查结果如下：
[0;36m烟草专卖局：烟草专卖局不为空[0m
[0;36m复制（提取）地点：复制（提取）地点：不为空[0m
[0;31mwarning: 复制（提取）地点：复制（提取）地点没有与对应文书中的证据一致[0m
[0;36m执法人员及执法证号：不为空[0m
[0;36m结尾时间：结尾时间格式正确[0m
[0;31mwarning: 结尾时间：时间无法提取[0m
证据复制提取单_ (21).docx审查完毕

正在审查调查终结报告_ (4).docx，审查结果如下：
[0;36m案由：正确。案由不为空[0m
[0;31mwarning: 案由：案由一栏应该加[涉嫌]两字[0m
[0;31mwarning: 文件缺失：《立案报告表》不存在[0m
[0;36m立案日期：正确。不为空[0m
[0;31mwarning: 文件缺失：《立案报告表》不存在[0m
[0;31mwarning: 文件缺失：《立案报告表》不存在[0m
[0;31mwarning: 文件缺失：《立案报告表》不存在[0m
[0;36m调查事实：提示。本栏依据主观审查[0m
[0;31mwarning: 文件缺失：《立案报告表》不存在[0m
[0;36m处罚依据：提示，本栏细分案由进行讨论[0m
[0;36m处理意见：正确。不为空[0m
[0;31mwarning: 调查事实：未得出是否已经查明事实[0m
[0;31mwarning: 文件缺失：《检查（勘验）笔录》不存在[0m
[0;31mwarning: 调查事实：不包含烟草专卖零售许可证[0m
[0;31mwarning: 调查事实：不包含卷烟数目[0m
[0;31mwarning: 调查事实：不包含法律条款[0m
《案件调查终结报告》审查完毕

正在审查送达公告_.docx，审查结果如下：
[0;31mwarning: 文书缺失：《行政处罚决定书》.docx不存在[0m
[0;31mwarning: 时间：“时间”与《立案报告表》中记载的“案发时间”（2021-01-12）不一致！[0m
[0;31mwarning: 地点： “地点”与《立案报告表》中记载的“案发地点”（成华区熊猫大道1103号一库房内）不一致！[0m
文档存在格式错误，函数失效：self.check_reason2() 遇到错误:('处罚依据',)
[0;31mwarning: 案由：“案由”与《立案报告表》中记载的“案由”（涉嫌存储假冒伪劣烟草制品）不一致！[0m
[0;31mwarning: 文书缺失：《行政处罚决定书》.docx不存在[0m
送达公告_.docx审查完毕

正在审查送达回证_ (4).docx，审查结果如下：
[0;31mwarning: 送达文书名称：送达文书名称错误，应为 行政处罚决定书[0m
[0;31mwarning: 文书缺失：《行政处罚决定书》.docx不存在[0m
送达回证_ (4).docx审查完毕


***********************************************************************
日志信息 2022-08-02 16:13:29
审查命令:C:\WorkSpace\tobacco-master\yancaoRegularDemo\Anjuan_api.py C:\Users\Administrator\Desktop\案卷组_成烟立测试文书\2021185592_成烟立[2021]第17号 C:\NewFile\Test\20220802161145
审查案卷返回:正在审查公告，审查结果如下：
[0;36m表头：表头不为空[0m
[0;31mwarning: 正文：立案报告表案发时间无法获取[0m
[0;36m正文：案发地点不为空[0m
[0;31mwarning: 正文：无法获取立案报表表案发地点[0m
[0;36m正文：地址不为空[0m
[0;36m正文：地址不为空[0m
[0;36m联系人：不为空[0m
[0;36m联系电话：不为空[0m
[0;31mwarning: 表格：品种规格或数量与先行登记保存通知书不一致[0m
[0;31mwarning: 表格：共计：（数量）数无法识别[0m
[0;31mwarning: 表格：总计：（数量）数无法识别[0m
[0;31mwarning: 表格：共计：错误[0m
[0;31mwarning: 表格：总计：错误[0m
[0;36m结尾时间：结尾时间格式正确[0m
公告_.docx审查完毕

正在审查卷内备考表_ (3).docx，审查结果如下：
文档存在格式错误，函数失效：self.check_Description() 遇到错误:("Package not found at 'C:/Users/Administrator/Desktop/案卷组_成烟立测试文书/2021185592_成烟立[2021]第17号/卷内备考表_.docx'",)
卷内备考表_ (3).docx审查完毕

正在审查延长调查期限告知书_ (1).docx，审查结果如下：
[0;31mwarning: 被告知人名字/名称：与《立案报告表》当事人不一致[0m
[0;31mwarning: 文件缺失：《延长案件调查终结审批表》不存在[0m
《延长调查期限告知书》审查完毕

正在审查延长调查终结期限审批表_.docx，审查结果如下：
[0;36m案由：正确。与《立案报告表》一致,《立案报告表》中为：涉嫌存储假冒伪劣烟草制品[0m
[0;31mwarning: 立案日期：与《立案报告表》立案日期（即负责人意见签名时间）不一致[0m
[0;36m当事人：正确。与《立案报告表》一致,《立案报告表》中为：姓名不详[0m
[0;31mwarning: 证件类型及号码：与《立案报告表》不一致,《立案报告表》中为：/[0m
[0;31mwarning: 地址：与《立案报告表》不一致,《立案报告表》中为：/[0m
[0;31mwarning: 案情摘要：与《立案报告表》不一致,《立案报告表》中为：2021年01月12日，我局执法人员在成华区熊猫大道1103号一库房内查获用非卷烟纸箱伪装的烟草制品:云烟（软珍品）12条、云烟（紫）13条、红塔山（硬经典100）9条等共计12个品种84条，因该批卷烟涉嫌假冒伪劣烟草制品，当事人涉嫌存储假冒伪劣烟草制品，其行为涉嫌违反了《成都市烟草专卖管理条例》第十五条第一款之规定，我局执法人员遂依法将上述烟草制品予以先行登记保存，以待进一步调查。[0m
[0;36m承办部门意见_日期：正确。在《立案报告表》负责人意见日期一栏30天内(如有法定节假日，顺延到法定节假日后一天)[0m
[0;36m负责人意见_日期：正确。在《立案报告表》负责人意见日期一栏30天内(如有法定节假日，顺延到法定节假日后一天)[0m
《延长调查终结审批表》审查完毕

正在审查案件处理审批表_ (4).docx，审查结果如下：
[0;31mwarning: 文件缺失：《案件调查终结报告》.docx不存在[0m
[0;31mwarning: 文件缺失：《延长调查终结审批表》.docx不存在[0m
[0;31mwarning: 文件缺失：《先行登记保存证据处理通知书》不存在[0m
[0;31mwarning: 文件缺失：《涉案物品返还清单》不存在[0m
[0;31mwarning: 文件缺失：《案件调查终结报告_》不存在[0m
[0;31mwarning: 立案日期：与《立案报告表》中的“负责人意见”的时间不同[0m
[0;31mwarning: 身份证信息缺失：文件夹中没有包含《证据复制提取单》或《证据复制提取单》不包含身份证信息！因此无法比较当事人信息！[0m
[0;31mwarning: 案发时间：与《立案报告表》中记载的2021年01月12日11时05分不一致[0m
[0;31mwarning: 文件缺失：《涉案物品返回清单》不存在[0m
[0;31mwarning: 涉案金额：未捕捉到涉案金额信息[0m
[0;31mwarning: 文件缺失：《案件集体讨论记录》不存在[0m
[0;36m承办部门意见：正确。为同意[0m
[0;31mwarning: 承办部门意见日期：在“承办人意见”的日期之前[0m
[0;36m法制部门意见：正确。为同意[0m
[0;31mwarning: 法制部门意见日期：在“承办人意见”的日期之前[0m
[0;36m负责人意见：正确。为同意[0m
[0;31mwarning: 负责人意见日期：在“法制部门意见”的日期之前[0m
[0;31mwarning: 文件缺失：《检查（勘验）笔录》不存在[0m
[0;31mwarning: 案件事实：不包含烟草专卖零售许可证[0m
[0;31mwarning: 案件事实：不包含卷烟数目[0m
[0;31mwarning: 案件事实：不包含法律条款[0m
rdfpath: 
False
在rdf没找到阈值单位或惩罚单位，rdf文件出错了
[0;31mwarning: 自由裁量权：“承办人意见”中不存在“从轻“字样，且不存在从轻证据。“承办人意见”中不存在“从重“字样。“承办人意见”中不存在“从轻“字样，且不存在从轻证据。“承办人意见”中不存在“从重“字样。由于案由撰写不规范，所以在库中未提取到对应案由的信息！[0m
《案件处理审批表》审查完毕

正在审查涉案烟草专卖品核价表_ (4).docx，审查结果如下：
[0;36m名字:名字不为空[0m
[0;36m正文时间：时间与立案时间一致[0m
文档存在格式错误，函数失效：self.formRight() 遇到错误:("Package not found at 'C:\\NewFile/Test/20220802161145/涉案烟草专卖品核价表_.docx'",)
[0;31mwarning: 当事人：当事人不能为空[0m
[0;36m结尾日期：结尾时间在案件调查终结报告处理意见栏所注明的日期之前[0m
[0;31mwarning: 质检报告：不存在质检报告[0m
涉案烟草专卖品核价表_ (4).docx审查完毕

正在审查立案报告表_ (4).docx，审查结果如下：
C:\NewFile/Test/20220802161145/立案报告表_ (4).docx
[0;36m案由：案由不为空,主观审查[0m
[0;36m案由：案由格式正确[0m
[0;31mwarning: 案由：“案由”没有与卷宗封面（）、行政处罚决定书（）、证据先行登记保存通知书（存储假冒伪劣烟草制品的）、委托鉴定告知书（）、询问（调查）通知书（）等文书保持一致[0m
[0;36m案件来源：案件来源不为空,主观审查[0m
[0;31mwarning: 检查（勘验）时间：《勘验（检查）笔录》不存在[0m
[0;31mwarning: 案发时间：缺少检查（勘验）笔录开始检查时间[0m
[0;31mwarning: 案发地点：“案发地点”格式不正确，应具体到XX市XX县（区）XX乡镇（街道）XX号[0m
[0;31mwarning: 检查（勘验）地点：《勘验（检查）笔录》不存在[0m
[0;31mwarning: 案发地点：缺少检查（勘验）笔录地点[0m
[0;31mwarning: 案发地点：《勘验（检查）笔录》不存在[0m
[0;36m当事人：当事人姓名与行政处罚决定书、检查（勘验）笔录、证据先行登记保存批准书等文书所记载的当事人名称（姓名）一致[0m
[0;31mwarning: 证件类型及号码：立案（不予立案）报告表_证件类型及号码 不能为空[0m
[0;31mwarning: 地址：立案（不予立案）报告表_地址 不能为空[0m
[0;36m案情摘要：摘要中案发日期应与案发时间栏日期一致[0m
[0;31mwarning: 案情摘要：检查勘验 日期无法找到[0m
[0;36m案情摘要：案情摘要 包含执法人员[0m
[0;31mwarning: 案情摘要：无法得到 检查勘验地点[0m
[0;31mwarning: 案情摘要：案情摘要未包含 烟草专卖零售许可证要素[0m
[0;36m案情摘要：案情摘要包含 卷烟数目要素[0m
[0;31mwarning: 案情摘要：案情摘要未包含 法律条款 要素[0m
[0;31mwarning: 承办人意见：承办人意见未签名[0m
[0;36m承办人意见：承办人时间在案件调查终结报告处理意见栏所注明的日期之前[0m
[0;36m承办部门意见：同意立案[0m
[0;31mwarning: 承办部门意见：承办部门意见未签名[0m
[0;36m承办部门意见：承办部门时间在案件调查终结报告处理意见栏所注明的日期之前[0m
[0;31mwarning: 负责人意见：负责人意见未签名[0m
[0;36m负责人意见：负责人意见时间在案件调查终结报告处理意见栏所注明的日期之前[0m
立案报告表_ (4).docx审查完毕

正在审查结案报告表_ (4).docx，审查结果如下：
[0;31mwarning: 案由：案由填写不合法，填写内容应在“未在当地烟草专卖批发企业进货、销售非法生产的烟草专卖品、无烟草专卖零售许可证经营烟草制品零售业务、无烟草专卖品准运证运输烟草专卖品、走私烟草专卖品、销售假冒注册商标且伪劣卷烟”中。[0m
[0;31mwarning: 文书缺失：《行政处罚决定书》.docx不存在[0m
[0;31mwarning: 文书缺失：《案件集体讨论记录》.docx不存在[0m
[0;31mwarning: 文书缺失：《陈述申辩记录》.docx不存在[0m
[0;31mwarning: 文书缺失：《卷宗封面》.docx不存在[0m
[0;31mwarning: 立案日期”立案日期“与《涉案烟草专卖品核价表》中的“立案日期”（二〇二一年一月二十二日）不一致！[0m
[0;31mwarning: 文书缺失：《延长案件调查终结审批表》.docx不存在[0m
[0;31mwarning: 文书缺失：《卷宗封面》.docx不存在[0m
[0;31mwarning: 文书缺失：《卷宗封面》.docx不存在[0m
[0;31mwarning: 文书缺失：《先行登记保存证据处理通知书》.docx不存在[0m
[0;31mwarning: 文书缺失：《抽样取证物品清单》.docx不存在[0m
[0;31mwarning: 当事人：“当事人”与《涉案烟草专卖品核价表》中的“当事人”（成都市成华区烟草专卖局）不一致！[0m
[0;31mwarning: 文书缺失：《卷烟鉴别检验样品留样、损耗费用审批表》.docx不存在[0m
[0;31mwarning: 文书缺失：《延长案件调查终结审批表》.docx不存在[0m
[0;31mwarning: 文书缺失：《先行登记保存证据处理通知书》.docx不存在[0m
[0;31mwarning: 文书缺失：《行政处罚事先告知书》.docx不存在[0m
[0;31mwarning: 文书缺失：《听证告知书》.docx不存在[0m
[0;31mwarning: 文书缺失：《当场行政处罚决定书》.docx不存在[0m
[0;31mwarning: 文书缺失：《行政处罚决定书》.docx不存在[0m
[0;31mwarning: 文书缺失：《违法物品销毁记录表》.docx不存在[0m
[0;31mwarning: 案情摘要：“案情摘要”并未包含时间信息！[0m
[0;31mwarning: 案情摘要：“案情摘要”并未包含地点信息！[0m
[0;31mwarning: 执行情况：“执行情况”为“未执行”，请人工核验！[0m
[0;31mwarning: 承办人结案理由：“承办人结案理由”中当事人未接受处罚，请人工核验！[0m
[0;31mwarning: 是否建议结案：“承办部门意见”中未审查到建议结案，请人工核验！[0m
[0;31mwarning: 负责人意见：“负责人意见”中没有注明日期或格式日期格式不规范！[0m
《结案报告表》审查完毕

正在审查行政处理决定书_.docx，审查结果如下：
[0;31mwarning: 案件基本情况：案件基本情况与《案件处理审批表》中“案件事实”记载的不一致！[0m
[0;31mwarning: 作出行政处理决定日期：作出行政处理决定日期应在《案件处理审批表》时间（同意。签名：日期:2021-2-24）之后！[0m
《行政处理决定书》审查完毕

正在审查证据先行登记保存批准书_ (3).docx，审查结果如下：
[0;31mwarning: 当事人名字：“当事人名字/名称”（姓名不详）与《检查（勘验）笔录》中“被检查人（被勘验人）（未查找到）”不一致[0m
文档存在格式错误，函数失效：self.peopleAndReasonRight() 遇到错误:(-2147352567, '发生意外。', (0, 'Microsoft Word', '此方法或属性无效，因为 对象涉及文档中一受保护区域。', 'wdmain11.chm', 37373, -2146823683), None)
[0;36m表格：共计：（品种）数正确[0m
[0;31mwarning: 表格：总计：（数量）不能为空[0m
文档存在格式错误，函数失效：self.formRight() 遇到错误:(-2147352567, '发生意外。', (0, 'Microsoft Word', '此方法或属性无效，因为 对象涉及文档中一受保护区域。', 'wdmain11.chm', 37373, -2146823683), None)
[0;31mwarning: 承办人（签名）：承办人（签名）不能为空[0m
文档存在格式错误，函数失效：self.signAndDateRight() 遇到错误:(-2147352567, '发生意外。', (0, 'Microsoft Word', '此方法或属性无效，因为 对象涉及文档中一受保护区域。', 'wdmain11.chm', 37373, -2146823683), None)
证据先行登记保存批准书_ (3).docx审查完毕

正在审查证据复制提取单_ (20).docx，审查结果如下：
[0;36m烟草专卖局：烟草专卖局不为空[0m
[0;36m复制（提取）地点：复制（提取）地点：不为空[0m
[0;31mwarning: 复制（提取）地点：复制（提取）地点没有与对应文书中的证据一致[0m
[0;36m执法人员及执法证号：不为空[0m
[0;36m结尾时间：结尾时间格式正确[0m
[0;31mwarning: 结尾时间：时间无法提取[0m
证据复制提取单_ (20).docx审查完毕

正在审查证据复制提取单_ (21).docx，审查结果如下：
[0;36m烟草专卖局：烟草专卖局不为空[0m
[0;36m复制（提取）地点：复制（提取）地点：不为空[0m
[0;31mwarning: 复制（提取）地点：复制（提取）地点没有与对应文书中的证据一致[0m
[0;36m执法人员及执法证号：不为空[0m
[0;36m结尾时间：结尾时间格式正确[0m
[0;31mwarning: 结尾时间：时间无法提取[0m
证据复制提取单_ (21).docx审查完毕

正在审查调查终结报告_ (4).docx，审查结果如下：
[0;36m案由：正确。案由不为空[0m
[0;31mwarning: 案由：案由一栏应该加[涉嫌]两字[0m
[0;31mwarning: 文件缺失：《立案报告表》不存在[0m
[0;36m立案日期：正确。不为空[0m
[0;31mwarning: 文件缺失：《立案报告表》不存在[0m
[0;31mwarning: 文件缺失：《立案报告表》不存在[0m
[0;31mwarning: 文件缺失：《立案报告表》不存在[0m
[0;36m调查事实：提示。本栏依据主观审查[0m
[0;31mwarning: 文件缺失：《立案报告表》不存在[0m
[0;36m处罚依据：提示，本栏细分案由进行讨论[0m
[0;36m处理意见：正确。不为空[0m
[0;31mwarning: 调查事实：未得出是否已经查明事实[0m
[0;31mwarning: 文件缺失：《检查（勘验）笔录》不存在[0m
[0;31mwarning: 调查事实：不包含烟草专卖零售许可证[0m
[0;31mwarning: 调查事实：不包含卷烟数目[0m
[0;31mwarning: 调查事实：不包含法律条款[0m
《案件调查终结报告》审查完毕

正在审查送达公告_.docx，审查结果如下：
[0;31mwarning: 文书缺失：《行政处罚决定书》.docx不存在[0m
[0;31mwarning: 时间：“时间”与《立案报告表》中记载的“案发时间”（2021-01-12）不一致！[0m
[0;31mwarning: 地点： “地点”与《立案报告表》中记载的“案发地点”（成华区熊猫大道1103号一库房内）不一致！[0m
文档存在格式错误，函数失效：self.check_reason2() 遇到错误:('处罚依据',)
[0;31mwarning: 案由：“案由”与《立案报告表》中记载的“案由”（涉嫌存储假冒伪劣烟草制品）不一致！[0m
[0;31mwarning: 文书缺失：《行政处罚决定书》.docx不存在[0m
送达公告_.docx审查完毕

正在审查送达回证_ (4).docx，审查结果如下：
[0;31mwarning: 送达文书名称：送达文书名称错误，应为 行政处罚决定书[0m
[0;31mwarning: 文书缺失：《行政处罚决定书》.docx不存在[0m
送达回证_ (4).docx审查完毕


***********************************************************************
日志信息 2022-08-02 16:32:50
审查命令:C:\WorkSpace\tobacco-master\yancaoRegularDemo\Anjuan_api.py C:\Users\Administrator\Desktop\案卷组_成烟立测试文书\2021185592_成烟立[2021]第17号 C:\NewFile\Test\20220802163233
审查案卷返回:
***********************************************************************
日志信息 2022-08-02 16:35:54
审查命令:C:\WorkSpace\tobacco-master\yancaoRegularDemo\Anjuan_api.py C:\Users\Administrator\Desktop\案卷组_成烟立测试文书\2021185592_成烟立[2021]第17号 C:\NewFile\Test\20220802163425
审查案卷返回:正在审查公告，审查结果如下：
[0;36m表头：表头不为空[0m
[0;31mwarning: 正文：立案报告表案发时间无法获取[0m
[0;36m正文：案发地点不为空[0m
[0;31mwarning: 正文：无法获取立案报表表案发地点[0m
[0;36m正文：地址不为空[0m
[0;36m正文：地址不为空[0m
[0;36m联系人：不为空[0m
[0;36m联系电话：不为空[0m
[0;31mwarning: 表格：品种规格或数量与先行登记保存通知书不一致[0m
[0;31mwarning: 表格：共计：（数量）数无法识别[0m
[0;31mwarning: 表格：总计：（数量）数无法识别[0m
[0;31mwarning: 表格：共计：错误[0m
[0;31mwarning: 表格：总计：错误[0m
[0;36m结尾时间：结尾时间格式正确[0m
公告_.docx审查完毕

正在审查卷内备考表_ (3).docx，审查结果如下：
文档存在格式错误，函数失效：self.check_Description() 遇到错误:("Package not found at 'C:/Users/Administrator/Desktop/案卷组_成烟立测试文书/2021185592_成烟立[2021]第17号/卷内备考表_.docx'",)
卷内备考表_ (3).docx审查完毕

正在审查延长调查期限告知书_ (1).docx，审查结果如下：
[0;31mwarning: 被告知人名字/名称：与《立案报告表》当事人不一致[0m
[0;31mwarning: 文件缺失：《延长案件调查终结审批表》不存在[0m
《延长调查期限告知书》审查完毕

正在审查延长调查终结期限审批表_.docx，审查结果如下：
[0;36m案由：正确。与《立案报告表》一致,《立案报告表》中为：涉嫌存储假冒伪劣烟草制品[0m
[0;31mwarning: 立案日期：与《立案报告表》立案日期（即负责人意见签名时间）不一致[0m
[0;36m当事人：正确。与《立案报告表》一致,《立案报告表》中为：姓名不详[0m
[0;31mwarning: 证件类型及号码：与《立案报告表》不一致,《立案报告表》中为：/[0m
[0;31mwarning: 地址：与《立案报告表》不一致,《立案报告表》中为：/[0m
[0;31mwarning: 案情摘要：与《立案报告表》不一致,《立案报告表》中为：2021年01月12日，我局执法人员在成华区熊猫大道1103号一库房内查获用非卷烟纸箱伪装的烟草制品:云烟（软珍品）12条、云烟（紫）13条、红塔山（硬经典100）9条等共计12个品种84条，因该批卷烟涉嫌假冒伪劣烟草制品，当事人涉嫌存储假冒伪劣烟草制品，其行为涉嫌违反了《成都市烟草专卖管理条例》第十五条第一款之规定，我局执法人员遂依法将上述烟草制品予以先行登记保存，以待进一步调查。[0m
[0;36m承办部门意见_日期：正确。在《立案报告表》负责人意见日期一栏30天内(如有法定节假日，顺延到法定节假日后一天)[0m
[0;36m负责人意见_日期：正确。在《立案报告表》负责人意见日期一栏30天内(如有法定节假日，顺延到法定节假日后一天)[0m
《延长调查终结审批表》审查完毕

正在审查案件处理审批表_ (4).docx，审查结果如下：
[0;31mwarning: 文件缺失：《案件调查终结报告》.docx不存在[0m
[0;31mwarning: 文件缺失：《延长调查终结审批表》.docx不存在[0m
[0;31mwarning: 文件缺失：《先行登记保存证据处理通知书》不存在[0m
[0;31mwarning: 文件缺失：《涉案物品返还清单》不存在[0m
[0;31mwarning: 文件缺失：《案件调查终结报告_》不存在[0m
[0;31mwarning: 立案日期：与《立案报告表》中的“负责人意见”的时间不同[0m
[0;31mwarning: 身份证信息缺失：文件夹中没有包含《证据复制提取单》或《证据复制提取单》不包含身份证信息！因此无法比较当事人信息！[0m
[0;31mwarning: 案发时间：与《立案报告表》中记载的2021年01月12日11时05分不一致[0m
[0;31mwarning: 文件缺失：《涉案物品返回清单》不存在[0m
[0;31mwarning: 涉案金额：未捕捉到涉案金额信息[0m
[0;31mwarning: 文件缺失：《案件集体讨论记录》不存在[0m
[0;36m承办部门意见：正确。为同意[0m
[0;31mwarning: 承办部门意见日期：在“承办人意见”的日期之前[0m
[0;36m法制部门意见：正确。为同意[0m
[0;31mwarning: 法制部门意见日期：在“承办人意见”的日期之前[0m
[0;36m负责人意见：正确。为同意[0m
[0;31mwarning: 负责人意见日期：在“法制部门意见”的日期之前[0m
[0;31mwarning: 文件缺失：《检查（勘验）笔录》不存在[0m
[0;31mwarning: 案件事实：不包含烟草专卖零售许可证[0m
[0;31mwarning: 案件事实：不包含卷烟数目[0m
[0;31mwarning: 案件事实：不包含法律条款[0m
rdfpath: 
False
在rdf没找到阈值单位或惩罚单位，rdf文件出错了
[0;31mwarning: 自由裁量权：“承办人意见”中不存在“从轻“字样，且不存在从轻证据。“承办人意见”中不存在“从重“字样。“承办人意见”中不存在“从轻“字样，且不存在从轻证据。“承办人意见”中不存在“从重“字样。由于案由撰写不规范，所以在库中未提取到对应案由的信息！[0m
《案件处理审批表》审查完毕

正在审查涉案烟草专卖品核价表_ (4).docx，审查结果如下：
[0;36m名字:名字不为空[0m
[0;36m正文时间：时间与立案时间一致[0m
文档存在格式错误，函数失效：self.formRight() 遇到错误:("Package not found at 'C:\\NewFile/Test/20220802163425/涉案烟草专卖品核价表_.docx'",)
[0;31mwarning: 当事人：当事人不能为空[0m
[0;36m结尾日期：结尾时间在案件调查终结报告处理意见栏所注明的日期之前[0m
[0;31mwarning: 质检报告：不存在质检报告[0m
涉案烟草专卖品核价表_ (4).docx审查完毕

正在审查立案报告表_ (4).docx，审查结果如下：
C:\NewFile/Test/20220802163425/立案报告表_ (4).docx
[0;36m案由：案由不为空,主观审查[0m
[0;36m案由：案由格式正确[0m
[0;31mwarning: 案由：“案由”没有与卷宗封面（）、行政处罚决定书（）、证据先行登记保存通知书（存储假冒伪劣烟草制品的）、委托鉴定告知书（）、询问（调查）通知书（）等文书保持一致[0m
[0;36m案件来源：案件来源不为空,主观审查[0m
[0;31mwarning: 检查（勘验）时间：《勘验（检查）笔录》不存在[0m
[0;31mwarning: 案发时间：缺少检查（勘验）笔录开始检查时间[0m
[0;31mwarning: 案发地点：“案发地点”格式不正确，应具体到XX市XX县（区）XX乡镇（街道）XX号[0m
[0;31mwarning: 检查（勘验）地点：《勘验（检查）笔录》不存在[0m
[0;31mwarning: 案发地点：缺少检查（勘验）笔录地点[0m
[0;31mwarning: 案发地点：《勘验（检查）笔录》不存在[0m
[0;36m当事人：当事人姓名与行政处罚决定书、检查（勘验）笔录、证据先行登记保存批准书等文书所记载的当事人名称（姓名）一致[0m
[0;31mwarning: 证件类型及号码：立案（不予立案）报告表_证件类型及号码 不能为空[0m
[0;31mwarning: 地址：立案（不予立案）报告表_地址 不能为空[0m
[0;36m案情摘要：摘要中案发日期应与案发时间栏日期一致[0m
[0;31mwarning: 案情摘要：检查勘验 日期无法找到[0m
[0;36m案情摘要：案情摘要 包含执法人员[0m
[0;31mwarning: 案情摘要：无法得到 检查勘验地点[0m
[0;31mwarning: 案情摘要：案情摘要未包含 烟草专卖零售许可证要素[0m
[0;36m案情摘要：案情摘要包含 卷烟数目要素[0m
[0;31mwarning: 案情摘要：案情摘要未包含 法律条款 要素[0m
[0;31mwarning: 承办人意见：承办人意见未签名[0m
[0;36m承办人意见：承办人时间在案件调查终结报告处理意见栏所注明的日期之前[0m
[0;36m承办部门意见：同意立案[0m
[0;31mwarning: 承办部门意见：承办部门意见未签名[0m
[0;36m承办部门意见：承办部门时间在案件调查终结报告处理意见栏所注明的日期之前[0m
[0;31mwarning: 负责人意见：负责人意见未签名[0m
[0;36m负责人意见：负责人意见时间在案件调查终结报告处理意见栏所注明的日期之前[0m
立案报告表_ (4).docx审查完毕

正在审查结案报告表_ (4).docx，审查结果如下：
[0;31mwarning: 案由：案由填写不合法，填写内容应在“未在当地烟草专卖批发企业进货、销售非法生产的烟草专卖品、无烟草专卖零售许可证经营烟草制品零售业务、无烟草专卖品准运证运输烟草专卖品、走私烟草专卖品、销售假冒注册商标且伪劣卷烟”中。[0m
[0;31mwarning: 文书缺失：《行政处罚决定书》.docx不存在[0m
[0;31mwarning: 文书缺失：《案件集体讨论记录》.docx不存在[0m
[0;31mwarning: 文书缺失：《陈述申辩记录》.docx不存在[0m
[0;31mwarning: 文书缺失：《卷宗封面》.docx不存在[0m
[0;31mwarning: 立案日期”立案日期“与《涉案烟草专卖品核价表》中的“立案日期”（二〇二一年一月二十二日）不一致！[0m
[0;31mwarning: 文书缺失：《延长案件调查终结审批表》.docx不存在[0m
[0;31mwarning: 文书缺失：《卷宗封面》.docx不存在[0m
[0;31mwarning: 文书缺失：《卷宗封面》.docx不存在[0m
[0;31mwarning: 文书缺失：《先行登记保存证据处理通知书》.docx不存在[0m
[0;31mwarning: 文书缺失：《抽样取证物品清单》.docx不存在[0m
[0;31mwarning: 当事人：“当事人”与《涉案烟草专卖品核价表》中的“当事人”（成都市成华区烟草专卖局）不一致！[0m
[0;31mwarning: 文书缺失：《卷烟鉴别检验样品留样、损耗费用审批表》.docx不存在[0m
[0;31mwarning: 文书缺失：《延长案件调查终结审批表》.docx不存在[0m
[0;31mwarning: 文书缺失：《先行登记保存证据处理通知书》.docx不存在[0m
[0;31mwarning: 文书缺失：《行政处罚事先告知书》.docx不存在[0m
[0;31mwarning: 文书缺失：《听证告知书》.docx不存在[0m
[0;31mwarning: 文书缺失：《当场行政处罚决定书》.docx不存在[0m
[0;31mwarning: 文书缺失：《行政处罚决定书》.docx不存在[0m
[0;31mwarning: 文书缺失：《违法物品销毁记录表》.docx不存在[0m
[0;31mwarning: 案情摘要：“案情摘要”并未包含时间信息！[0m
[0;31mwarning: 案情摘要：“案情摘要”并未包含地点信息！[0m
[0;31mwarning: 执行情况：“执行情况”为“未执行”，请人工核验！[0m
[0;31mwarning: 承办人结案理由：“承办人结案理由”中当事人未接受处罚，请人工核验！[0m
[0;31mwarning: 是否建议结案：“承办部门意见”中未审查到建议结案，请人工核验！[0m
[0;31mwarning: 负责人意见：“负责人意见”中没有注明日期或格式日期格式不规范！[0m
《结案报告表》审查完毕

正在审查行政处理决定书_.docx，审查结果如下：
[0;31mwarning: 案件基本情况：案件基本情况与《案件处理审批表》中“案件事实”记载的不一致！[0m
[0;31mwarning: 作出行政处理决定日期：作出行政处理决定日期应在《案件处理审批表》时间（同意。签名：日期:2021-2-24）之后！[0m
《行政处理决定书》审查完毕

正在审查证据先行登记保存批准书_ (3).docx，审查结果如下：
[0;31mwarning: 当事人名字：“当事人名字/名称”（姓名不详）与《检查（勘验）笔录》中“被检查人（被勘验人）（未查找到）”不一致[0m
文档存在格式错误，函数失效：self.peopleAndReasonRight() 遇到错误:(-2147352567, '发生意外。', (0, 'Microsoft Word', '此方法或属性无效，因为 对象涉及文档中一受保护区域。', 'wdmain11.chm', 37373, -2146823683), None)
[0;36m表格：共计：（品种）数正确[0m
[0;31mwarning: 表格：总计：（数量）不能为空[0m
文档存在格式错误，函数失效：self.formRight() 遇到错误:(-2147352567, '发生意外。', (0, 'Microsoft Word', '此方法或属性无效，因为 对象涉及文档中一受保护区域。', 'wdmain11.chm', 37373, -2146823683), None)
[0;31mwarning: 承办人（签名）：承办人（签名）不能为空[0m
文档存在格式错误，函数失效：self.signAndDateRight() 遇到错误:(-2147352567, '发生意外。', (0, 'Microsoft Word', '此方法或属性无效，因为 对象涉及文档中一受保护区域。', 'wdmain11.chm', 37373, -2146823683), None)
证据先行登记保存批准书_ (3).docx审查完毕

正在审查证据复制提取单_ (20).docx，审查结果如下：
[0;36m烟草专卖局：烟草专卖局不为空[0m
[0;36m复制（提取）地点：复制（提取）地点：不为空[0m
[0;31mwarning: 复制（提取）地点：复制（提取）地点没有与对应文书中的证据一致[0m
[0;36m执法人员及执法证号：不为空[0m
[0;36m结尾时间：结尾时间格式正确[0m
[0;31mwarning: 结尾时间：时间无法提取[0m
证据复制提取单_ (20).docx审查完毕

正在审查证据复制提取单_ (21).docx，审查结果如下：
[0;36m烟草专卖局：烟草专卖局不为空[0m
[0;36m复制（提取）地点：复制（提取）地点：不为空[0m
[0;31mwarning: 复制（提取）地点：复制（提取）地点没有与对应文书中的证据一致[0m
[0;36m执法人员及执法证号：不为空[0m
[0;36m结尾时间：结尾时间格式正确[0m
[0;31mwarning: 结尾时间：时间无法提取[0m
证据复制提取单_ (21).docx审查完毕

正在审查调查终结报告_ (4).docx，审查结果如下：
[0;36m案由：正确。案由不为空[0m
[0;31mwarning: 案由：案由一栏应该加[涉嫌]两字[0m
[0;31mwarning: 文件缺失：《立案报告表》不存在[0m
[0;36m立案日期：正确。不为空[0m
[0;31mwarning: 文件缺失：《立案报告表》不存在[0m
[0;31mwarning: 文件缺失：《立案报告表》不存在[0m
[0;31mwarning: 文件缺失：《立案报告表》不存在[0m
[0;36m调查事实：提示。本栏依据主观审查[0m
[0;31mwarning: 文件缺失：《立案报告表》不存在[0m
[0;36m处罚依据：提示，本栏细分案由进行讨论[0m
[0;36m处理意见：正确。不为空[0m
[0;31mwarning: 调查事实：未得出是否已经查明事实[0m
[0;31mwarning: 文件缺失：《检查（勘验）笔录》不存在[0m
[0;31mwarning: 调查事实：不包含烟草专卖零售许可证[0m
[0;31mwarning: 调查事实：不包含卷烟数目[0m
[0;31mwarning: 调查事实：不包含法律条款[0m
《案件调查终结报告》审查完毕

正在审查送达公告_.docx，审查结果如下：
[0;31mwarning: 文书缺失：《行政处罚决定书》.docx不存在[0m
[0;31mwarning: 时间：“时间”与《立案报告表》中记载的“案发时间”（2021-01-12）不一致！[0m
[0;31mwarning: 地点： “地点”与《立案报告表》中记载的“案发地点”（成华区熊猫大道1103号一库房内）不一致！[0m
文档存在格式错误，函数失效：self.check_reason2() 遇到错误:('处罚依据',)
[0;31mwarning: 案由：“案由”与《立案报告表》中记载的“案由”（涉嫌存储假冒伪劣烟草制品）不一致！[0m
[0;31mwarning: 文书缺失：《行政处罚决定书》.docx不存在[0m
送达公告_.docx审查完毕

正在审查送达回证_ (4).docx，审查结果如下：
[0;31mwarning: 送达文书名称：送达文书名称错误，应为 行政处罚决定书[0m
[0;31mwarning: 文书缺失：《行政处罚决定书》.docx不存在[0m
送达回证_ (4).docx审查完毕


