***********************************************************************
日志信息 2022-07-26 15:25:42
审查合同发生错误:加载Sbert………………
运行设备： cpu
加载Sbert完成…………
处理：1个文件
[['C:\\Users\\Administrator\\Desktop\\合同组测试用例\\标准文件\\建筑合同.docx', 'nonstandard', '4']]
['C:/Users/Administrator/Desktop/合同组测试用例/标准文件/建筑合同.docx', 'nonstandard', 4]
合同出错：
合同审查出现错误local variable 'contract_check_result' referenced before assignment

***********************************************************************
日志信息 2022-07-26 15:27:23
审查合同发生错误:加载Sbert………………
运行设备： cpu
加载Sbert完成…………
处理：1个文件
[['C:\\Users\\Administrator\\Desktop\\合同组测试用例\\标准文件\\建筑合同.docx', 'nonstandard', '4']]
['C:/Users/Administrator/Desktop/合同组测试用例/标准文件/建筑合同.docx', 'nonstandard', 4]
合同出错：
合同审查出现错误local variable 'contract_check_result' referenced before assignment

***********************************************************************
日志信息 2022-07-26 15:29:12
审查合同发生错误:加载Sbert………………
运行设备： cpu
加载Sbert完成…………
处理：1个文件
[['C:\\Users\\Administrator\\Desktop\\合同组测试用例\\标准文件\\建筑合同.docx', 'standard', '4']]
['C:/Users/Administrator/Desktop/合同组测试用例/标准文件/建筑合同.docx', 'standard', 4]
合同为标准合同
建筑合同标准审查
招标文件提取：C:/Users/Administrator/Desktop/合同组测试用例/标准文件\招标文件.docx
签约合同价:11
安全文明施工费:22
材料和工程设备暂估价金额:/
专业工程暂估价金额:/
暂列金额:/
工程内容:详见工程量清单
承包人项目经理:aa
工程名称:
工程地点:四川省成都市东三环路二段66号
工程立项批准文号:
资金来源:见投标人须知前附表
计划工期:365
C:/审查结果/20220726152752/建筑合同(已审查).docx
C:/Users/Administrator/Desktop/合同组测试用例/标准文件/建筑合同.docx 审查出错 'gbk' codec can't encode character '\xa5' in position 371: illegal multibyte sequence
合同审查出错！
错误的要素:
{}
提示的要素:
{}

***********************************************************************
日志信息 2022-07-26 15:34:21
审查合同发生错误:加载Sbert………………
运行设备： cpu
加载Sbert完成…………
处理：1个文件
[['C:\\Users\\Administrator\\Desktop\\合同组测试用例\\标准文件\\建筑合同.docx', 'standard', '4']]
['C:/Users/Administrator/Desktop/合同组测试用例/标准文件/建筑合同.docx', 'standard', 4]
合同为标准合同
建筑合同标准审查
招标文件提取：C:/Users/Administrator/Desktop/合同组测试用例/标准文件\招标文件.docx
签约合同价:11
安全文明施工费:22
材料和工程设备暂估价金额:/
专业工程暂估价金额:/
暂列金额:/
工程内容:详见工程量清单
承包人项目经理:aa
工程名称:
工程地点:四川省成都市东三环路二段66号
工程立项批准文号:
资金来源:见投标人须知前附表
计划工期:365
C:/审查结果/20220726153250/建筑合同(已审查).docx
C:/Users/Administrator/Desktop/合同组测试用例/标准文件/建筑合同.docx 审查出错 'gbk' codec can't encode character '\xa5' in position 371: illegal multibyte sequence
合同审查出错！
错误的要素:
{}
提示的要素:
{}

***********************************************************************
日志信息 2022-07-26 15:37:49
审查合同发生错误:加载Sbert………………
运行设备： cpu
加载Sbert完成…………
处理：1个文件
[['C:\\Users\\Administrator\\Desktop\\合同组测试用例\\标准文件\\建筑合同.docx', 'standard', '4']]
['C:/Users/Administrator/Desktop/合同组测试用例/标准文件/建筑合同.docx', 'standard', 4]
合同为标准合同
建筑合同标准审查
招标文件提取：C:/Users/Administrator/Desktop/合同组测试用例/标准文件/招标文件.docx
签约合同价:11
安全文明施工费:22
材料和工程设备暂估价金额:/
专业工程暂估价金额:/
暂列金额:/
工程内容:详见工程量清单
承包人项目经理:aa
工程名称:
工程地点:四川省成都市东三环路二段66号
工程立项批准文号:
资金来源:见投标人须知前附表
计划工期:365
C:/Users/Administrator/Desktop/合同组测试用例/标准文件/建筑合同.docx 审查出错 (-2147352567, '发生意外。', (0, 'Microsoft Word', '指定区域并非来自正确的文档或部分。', 'wdmain11.chm', 25330, -2146822438), None)
合同审查出错！
错误的要素:
{}
提示的要素:
{}

***********************************************************************
日志信息 2022-07-26 15:39:02
审查合同发生错误:加载Sbert………………
运行设备： cpu
加载Sbert完成…………
处理：1个文件
[['C:\\Users\\Administrator\\Desktop\\合同组测试用例\\标准文件\\建筑合同.docx', 'standard', '4']]
['C:/Users/Administrator/Desktop/合同组测试用例/标准文件/建筑合同.docx', 'standard', 4]
合同为标准合同
建筑合同标准审查
招标文件提取：C:/Users/Administrator/Desktop/合同组测试用例/标准文件/招标文件.docx
签约合同价:11
安全文明施工费:22
材料和工程设备暂估价金额:/
专业工程暂估价金额:/
暂列金额:/
工程内容:详见工程量清单
承包人项目经理:aa
工程名称:
工程地点:四川省成都市东三环路二段66号
工程立项批准文号:
资金来源:见投标人须知前附表
计划工期:365
C:/Users/Administrator/Desktop/合同组测试用例/标准文件/建筑合同.docx 审查出错 (-2147418111, '被呼叫方拒绝接收呼叫。', None, None)
合同审查出错！
错误的要素:
{}
提示的要素:
{}

***********************************************************************
日志信息 2022-07-26 15:40:39
审查合同发生错误:加载Sbert………………
运行设备： cpu
加载Sbert完成…………
处理：1个文件
[['C:\\Users\\Administrator\\Desktop\\合同组测试用例\\标准文件\\建筑合同.docx', 'standard', '4']]
['C:/Users/Administrator/Desktop/合同组测试用例/标准文件/建筑合同.docx', 'standard', 4]
合同为标准合同
建筑合同标准审查
招标文件提取：C:/Users/Administrator/Desktop/合同组测试用例/标准文件/招标文件.docx
签约合同价:11
安全文明施工费:22
材料和工程设备暂估价金额:/
专业工程暂估价金额:/
暂列金额:/
工程内容:详见工程量清单
承包人项目经理:aa
工程名称:
工程地点:四川省成都市东三环路二段66号
工程立项批准文号:
资金来源:见投标人须知前附表
计划工期:365
C:/审查结果/20220726153917/建筑合同(已审查).docx
C:/Users/Administrator/Desktop/合同组测试用例/标准文件/建筑合同.docx 审查出错 'gbk' codec can't encode character '\xa5' in position 371: illegal multibyte sequence
合同审查出错！
错误的要素:
{}
提示的要素:
{}

***********************************************************************
日志信息 2022-07-26 15:48:24
审查合同发生错误:加载Sbert………………
运行设备： cpu
加载Sbert完成…………
处理：1个文件
[['C:\\Users\\Administrator\\Desktop\\合同组测试用例\\非标准文件\\租赁合同\\非标准租赁合同 (7).docx', 'nonstandard', '1']]
['C:/Users/Administrator/Desktop/合同组测试用例/非标准文件/租赁合同/非标准租赁合同 (7).docx', 'nonstandard', 1]
租赁合同非标准审查
(-2147352567, '发生意外。', (0, 'Microsoft Word', '“Close”不是一种属性。', 'wdmain11.chm', 25342, -2146822426), None)
[Errno 2] No such file or directory: 'userdict.txt'
C:/审查结果/20220726154756/非标准租赁合同(7)(完整审查).docx
C:/Users/Administrator/Desktop/合同组测试用例/非标准文件/租赁合同/非标准租赁合同(7).docx 审查出错 local variable 'check_intergrity' referenced before assignment
合同审查出错！
合同为非标准合同，对该合同进行风险性检测和完整性检测！

***********************************************************************
日志信息 2022-07-26 15:51:48
审查合同发生错误:加载Sbert………………
运行设备： cpu
加载Sbert完成…………
处理：1个文件
[['C:\\Users\\Administrator\\Desktop\\合同组测试用例\\非标准文件\\买卖合同\\非标准买卖合同 (9).docx', 'nonstandard', '0']]
['C:/Users/Administrator/Desktop/合同组测试用例/非标准文件/买卖合同/非标准买卖合同 (9).docx', 'nonstandard', 0]
买卖合同非标准审查
(-2147352567, '发生意外。', (0, 'Microsoft Word', '“Close”不是一种属性。', 'wdmain11.chm', 25342, -2146822426), None)
[Errno 2] No such file or directory: 'userdict.txt'
C:/审查结果/20220726155122/非标准买卖合同(9)(完整审查).docx
C:/Users/Administrator/Desktop/合同组测试用例/非标准文件/买卖合同/非标准买卖合同(9).docx 审查出错 local variable 'check_intergrity' referenced before assignment
合同审查出错！
合同为非标准合同，对该合同进行风险性检测和完整性检测！

***********************************************************************
日志信息 2022-07-26 15:53:39
审查合同发生错误:加载Sbert………………
运行设备： cpu
加载Sbert完成…………
处理：1个文件
[['C:\\Users\\Administrator\\Desktop\\合同组测试用例\\标准文件\\建筑合同.docx', 'standard', '4']]
['C:/Users/Administrator/Desktop/合同组测试用例/标准文件/建筑合同.docx', 'standard', 4]
合同为标准合同
建筑合同标准审查
招标文件提取：C:/Users/Administrator/Desktop/合同组测试用例/标准文件/招标文件.docx
签约合同价:11
安全文明施工费:22
材料和工程设备暂估价金额:/
专业工程暂估价金额:/
暂列金额:/
工程内容:详见工程量清单
承包人项目经理:aa
工程名称:
工程地点:四川省成都市东三环路二段66号
工程立项批准文号:
资金来源:见投标人须知前附表
计划工期:365
C:/审查结果/20220726155223/建筑合同(已审查).docx
C:/Users/Administrator/Desktop/合同组测试用例/标准文件/建筑合同.docx 审查出错 'gbk' codec can't encode character '\xa5' in position 371: illegal multibyte sequence
合同审查出错！
错误的要素:
{}
提示的要素:
{}

***********************************************************************
日志信息 2022-07-26 15:55:39
审查合同发生错误:加载Sbert………………
运行设备： cpu
加载Sbert完成…………
处理：1个文件
[['C:\\Users\\Administrator\\Desktop\\合同组测试用例\\标准文件\\买卖合同.docx', 'standard', '0']]
['C:/Users/Administrator/Desktop/合同组测试用例/标准文件/买卖合同.docx', 'standard', 0]
合同为标准合同
买卖合同标准审查
(-2147352567, '发生意外。', (0, 'Microsoft Word', '“Close”不是一种属性。', 'wdmain11.chm', 25342, -2146822426), None)
[]
[]

乙方应在收到货确认无误后7日内付清全部款项。

C:/审查结果/20220726155509/买卖合同(已审查).docx
(-2147352567, '发生意外。', (0, 'Microsoft Word', '“Close”不是一种属性。', 'wdmain11.chm', 25342, -2146822426), None)
[Errno 2] No such file or directory: 'userdict.txt'
C:/审查结果/20220726155509/买卖合同(已审查)(完整审查).docx
local variable 'check_intergrity' referenced before assignment
错误的要素:
{'甲方（买方）统一社会信用代码/身份证号码': '统一社会信用代码未填写正确或身份证号码位数不对', '甲方（买方）联系方式': '联系方式填写有误', '乙方（卖方）统一社会信用代码/身份证号码': '统一社会信用代码未填写正确或身份证号码校验错误', '乙方（卖方）联系方式': '联系方式填写有误', '乙方（卖方）电子邮箱': '乙方（卖方）电子邮箱填写有误', '货品总金额（价税合计）': '货品总金额（价税合计）人民币大写与数值不一致', '合同价款(不含税)': '合同价款(不含税)人民币大写与数值不一致', '税金': '税金人民币大写与数值不一致', '交货日期': '交货日期填写不规范', '交货方式': '交货方式填写错误，请填写自提、包送包卸货或包送包安装', '验收期限-交货方式': '卖方交货方式与合同第四款第三项不一致', '乙方纳税人类别': '乙方纳税人类别填写错误', '乙方开户账号': '乙方开户账号填写错误', '甲方纳税人类别': '甲方纳税人类别填写错误', '甲方开户账号': '甲方开户账号填写错误', '卖方违约金-逾期': '卖方违约金-逾期比例超出', '卖方违约金-单方面取消': '卖方违约金-单方面取消比例超出', '卖方违约金-质量不符': '卖方违约金-质量不符比例超出', '解决纠纷-甲方住所地': '甲方住所地与合同页中描述不符'}
提示的要素:
{'订购货品情况': '请审核货品情况是否与双方约定或招标文件等一致', '质量要求': '请审核材质标准、引用国家标准是否正确', '验收期限': '请审核验收期限设置是否合理', '签署验收文件': '请审核签署验收文件期限设置是否合理', '货物保质期': '请审核货物保质期设置是否符合相关规定、是否合理', '付款方式及期限': '请审核付款方式及期限是否与双方约定或招标文件一致', '售后服务': '请审核时间设置是否与招投标文件一致'}

