***********************************************************************
日志信息 2022-10-30 19:28:55
审查命令:C:\WorkSpace\tobacco-master\yancaoRegularDemo\Anjuan_api.py C:\Users\Administrator\Desktop\案卷文书 C:\NewFile\Test\20221030192830
审查案卷返回:正在审查案件处理审批表_.docx，审查结果如下：
[0;31mwarning: 文件缺失：《案件调查终结报告》.docx不存在[0m
[0;31mwarning: 文件缺失：《延长调查终结审批表》.docx不存在[0m
[0;31mwarning: 文件缺失：《延长调查期限告知书》不存在[0m
[0;31mwarning: 文件缺失：《先行登记保存证据处理通知书》不存在[0m
[0;31mwarning: 文件缺失：《涉案物品返还清单》不存在[0m
[0;31mwarning: 文件缺失：《案件调查终结报告_》不存在[0m
[0;31mwarning: 文件缺失：《立案报告表》不存在[0m
[0;31mwarning: 身份证信息缺失：文件夹中没有包含《证据复制提取单》或《证据复制提取单》不包含身份证信息！因此无法比较当事人信息！[0m
[0;31mwarning: 文件缺失：《立案报告表》不存在[0m
[0;31mwarning: 文件缺失：《涉案物品返回清单》不存在[0m
[0;31mwarning: 文件缺失：《涉案烟草专卖品核价表》不存在[0m
[0;31mwarning: 文件缺失：《案件集体讨论记录》不存在[0m
[0;36m承办部门意见：正确。为同意[0m
[0;31mwarning: 承办部门意见日期：在“承办人意见”的日期之前[0m
[0;31mwarning: 法制部门意见：不含有关键词“同意”、“不同意”二者之一[0m
[0;31mwarning: 法制部门意见日期：在“承办人意见”的日期之前[0m
[0;36m负责人意见：正确。为同意[0m
[0;31mwarning: 负责人意见日期：在“法制部门意见”的日期之前[0m
[0;31mwarning: 文件缺失：《检查（勘验）笔录》不存在[0m
[0;31mwarning: 案件事实：不包含烟草专卖零售许可证[0m
[0;31mwarning: 案件事实：不包含卷烟数目[0m
[0;31mwarning: 案件事实：不包含法律条款[0m
rdfpath: 
C:\WorkSpace\tobacco-master\zhishitupu\rdf\成都市局\39.rdf
rdfpath: C:\WorkSpace\tobacco-master\zhishitupu\rdf\成都市局\39.rdf
get_yz_cf()函数在查询时产生了一个错误('list index out of range',)
在rdf没找到阈值单位或惩罚单位，rdf文件出错了
[0;31mwarning: 自由裁量权：“承办人意见”中存在“从轻“字样，但不存在从轻证据！“承办人意见”中不存在“从重“字样。“承办人意见”中存在“从轻“字样，但不存在从轻证据！“承办人意见”中不存在“从重“字样。由于案由撰写不规范，所以在库中未提取到对应案由的信息！[0m
《案件处理审批表》审查完毕

{'案件处理审批表_.docx': ['文件缺失：《案件调查终结报告》.docx不存在', '文件缺失：《延长调查终结审批表》.docx不存在', '文件缺失：《延长调查期限告知书》不存在', '文件缺失：《先行登记保存证据处理通知书》不存在', '文件缺失：《涉案物品返还清单》不存在', '文件缺失：《案件调查终结报告_》不存在', '文件缺失：《立案报告表》不存在', '身份证信息缺失：文件夹中没有包含《证据复制提取单》或《证据复制提取单》不包含身份证信息！因此无法比较当事人信息！', '文件缺失：《立案报告表》不存在', '文件缺失：《涉案物品返回清单》不存在', '文件缺失：《涉案烟草专卖品核价表》不存在', '文件缺失：《案件集体讨论记录》不存在', '承办部门意见日期：在“承办人意见”的日期之前', '法制部门意见：不含有关键词“同意”、“不同意”二者之一', '法制部门意见日期：在“承办人意见”的日期之前', '负责人意见日期：在“法制部门意见”的日期之前', '文件缺失：《检查（勘验）笔录》不存在', '案件事实：不包含烟草专卖零售许可证', '案件事实：不包含卷烟数目', '案件事实：不包含法律条款', '自由裁量权：“承办人意见”中存在“从轻“字样，但不存在从轻证据！“承办人意见”中不存在“从重“字样。“承办人意见”中存在“从轻“字样，但不存在从轻证据！“承办人意见”中不存在“从重“字样。由于案由撰写不规范，所以在库中未提取到对应案由的信息！']}

***********************************************************************
日志信息 2022-10-30 19:36:21
审查命令:C:\WorkSpace\tobacco-master\yancaoRegularDemo\Anjuan_api.py C:\Users\Administrator\Desktop\案卷文书 C:\NewFile\Test\20221030193604
审查案卷返回:正在审查案件处理审批表_.docx，审查结果如下：
[0;31mwarning: 文件缺失：《案件调查终结报告》.docx不存在[0m
[0;31mwarning: 文件缺失：《延长调查终结审批表》.docx不存在[0m
[0;31mwarning: 文件缺失：《延长调查期限告知书》不存在[0m
[0;31mwarning: 文件缺失：《先行登记保存证据处理通知书》不存在[0m
[0;31mwarning: 文件缺失：《涉案物品返还清单》不存在[0m
[0;31mwarning: 文件缺失：《案件调查终结报告_》不存在[0m
[0;31mwarning: 文件缺失：《立案报告表》不存在[0m
[0;31mwarning: 身份证信息缺失：文件夹中没有包含《证据复制提取单》或《证据复制提取单》不包含身份证信息！因此无法比较当事人信息！[0m
[0;31mwarning: 文件缺失：《立案报告表》不存在[0m
[0;31mwarning: 文件缺失：《涉案物品返回清单》不存在[0m
[0;31mwarning: 文件缺失：《涉案烟草专卖品核价表》不存在[0m
[0;31mwarning: 文件缺失：《案件集体讨论记录》不存在[0m
[0;36m承办部门意见：正确。为同意[0m
[0;31mwarning: 承办部门意见日期：在“承办人意见”的日期之前[0m
[0;31mwarning: 法制部门意见：不含有关键词“同意”、“不同意”二者之一[0m
[0;31mwarning: 法制部门意见日期：在“承办人意见”的日期之前[0m
[0;36m负责人意见：正确。为同意[0m
[0;31mwarning: 负责人意见日期：在“法制部门意见”的日期之前[0m
[0;31mwarning: 文件缺失：《检查（勘验）笔录》不存在[0m
[0;31mwarning: 案件事实：不包含烟草专卖零售许可证[0m
[0;31mwarning: 案件事实：不包含卷烟数目[0m
[0;31mwarning: 案件事实：不包含法律条款[0m
rdfpath: 
C:\WorkSpace\tobacco-master\zhishitupu\rdf\成都市局\12.rdf
rdfpath: C:\WorkSpace\tobacco-master\zhishitupu\rdf\成都市局\12.rdf
[0;31mwarning: 自由裁量权：“承办人意见”中存在“从轻“字样，但不存在从轻证据！“承办人意见”中不存在“从重“字样。“承办人意见”中存在“从轻“字样，但不存在从轻证据！“承办人意见”中不存在“从重“字样。案由“擅自收购烟叶”的处罚结果为——“[]”,无法确定理应的处罚档次，请人工核查！[0m
《案件处理审批表》审查完毕

{'案件处理审批表_.docx': ['文件缺失：《案件调查终结报告》.docx不存在', '文件缺失：《延长调查终结审批表》.docx不存在', '文件缺失：《延长调查期限告知书》不存在', '文件缺失：《先行登记保存证据处理通知书》不存在', '文件缺失：《涉案物品返还清单》不存在', '文件缺失：《案件调查终结报告_》不存在', '文件缺失：《立案报告表》不存在', '身份证信息缺失：文件夹中没有包含《证据复制提取单》或《证据复制提取单》不包含身份证信息！因此无法比较当事人信息！', '文件缺失：《立案报告表》不存在', '文件缺失：《涉案物品返回清单》不存在', '文件缺失：《涉案烟草专卖品核价表》不存在', '文件缺失：《案件集体讨论记录》不存在', '承办部门意见日期：在“承办人意见”的日期之前', '法制部门意见：不含有关键词“同意”、“不同意”二者之一', '法制部门意见日期：在“承办人意见”的日期之前', '负责人意见日期：在“法制部门意见”的日期之前', '文件缺失：《检查（勘验）笔录》不存在', '案件事实：不包含烟草专卖零售许可证', '案件事实：不包含卷烟数目', '案件事实：不包含法律条款', '自由裁量权：“承办人意见”中存在“从轻“字样，但不存在从轻证据！“承办人意见”中不存在“从重“字样。“承办人意见”中存在“从轻“字样，但不存在从轻证据！“承办人意见”中不存在“从重“字样。案由“擅自收购烟叶”的处罚结果为——“[]”,无法确定理应的处罚档次，请人工核查！']}

***********************************************************************
日志信息 2022-10-30 19:38:23
审查命令:C:\WorkSpace\tobacco-master\yancaoRegularDemo\Anjuan_api.py C:\Users\Administrator\Desktop\案卷文书 C:\NewFile\Test\20221030193807
审查案卷返回:正在审查案件处理审批表_.docx，审查结果如下：
[0;31mwarning: 文件缺失：《案件调查终结报告》.docx不存在[0m
[0;31mwarning: 文件缺失：《延长调查终结审批表》.docx不存在[0m
[0;31mwarning: 文件缺失：《延长调查期限告知书》不存在[0m
[0;31mwarning: 文件缺失：《先行登记保存证据处理通知书》不存在[0m
[0;31mwarning: 文件缺失：《涉案物品返还清单》不存在[0m
[0;31mwarning: 文件缺失：《案件调查终结报告_》不存在[0m
[0;31mwarning: 文件缺失：《立案报告表》不存在[0m
[0;31mwarning: 身份证信息缺失：文件夹中没有包含《证据复制提取单》或《证据复制提取单》不包含身份证信息！因此无法比较当事人信息！[0m
[0;31mwarning: 文件缺失：《立案报告表》不存在[0m
[0;31mwarning: 文件缺失：《涉案物品返回清单》不存在[0m
[0;31mwarning: 文件缺失：《涉案烟草专卖品核价表》不存在[0m
[0;31mwarning: 文件缺失：《案件集体讨论记录》不存在[0m
[0;36m承办部门意见：正确。为同意[0m
[0;31mwarning: 承办部门意见日期：在“承办人意见”的日期之前[0m
[0;31mwarning: 法制部门意见：不含有关键词“同意”、“不同意”二者之一[0m
[0;31mwarning: 法制部门意见日期：在“承办人意见”的日期之前[0m
[0;36m负责人意见：正确。为同意[0m
[0;31mwarning: 负责人意见日期：在“法制部门意见”的日期之前[0m
[0;31mwarning: 文件缺失：《检查（勘验）笔录》不存在[0m
[0;31mwarning: 案件事实：不包含烟草专卖零售许可证[0m
[0;31mwarning: 案件事实：不包含卷烟数目[0m
[0;31mwarning: 案件事实：不包含法律条款[0m
rdfpath: 
C:\WorkSpace\tobacco-master\zhishitupu\rdf\成都市局\16.rdf
rdfpath: C:\WorkSpace\tobacco-master\zhishitupu\rdf\成都市局\16.rdf
rdfpath: 
C:\WorkSpace\tobacco-master\zhishitupu\rdf\成都市局\20.rdf
rdfpath: C:\WorkSpace\tobacco-master\zhishitupu\rdf\成都市局\20.rdf
rdfpath: 
C:\WorkSpace\tobacco-master\zhishitupu\rdf\成都市局\13.rdf
rdfpath: C:\WorkSpace\tobacco-master\zhishitupu\rdf\成都市局\13.rdf
rdfpath: 
C:\WorkSpace\tobacco-master\zhishitupu\rdf\成都市局\45.rdf
rdfpath: C:\WorkSpace\tobacco-master\zhishitupu\rdf\成都市局\45.rdf
WARN: 不符合格式的数据：佰
rdfpath: 
C:\WorkSpace\tobacco-master\zhishitupu\rdf\成都市局\45.rdf
rdfpath: C:\WorkSpace\tobacco-master\zhishitupu\rdf\成都市局\45.rdf
[0;31mwarning: 自由裁量权：“承办人意见”中存在“从轻“字样，但不存在从轻证据！“承办人意见”中不存在“从重“字样。“承办人意见”中存在“从轻“字样，但不存在从轻证据！“承办人意见”中不存在“从重“字样。案由“生产”的处罚结果为——“['一、根据《四川省烟草专卖管理条例》第十四条第一款及《广安市烟草专卖局行政处罚自由裁量权实施细则》，生产、销售、存储假冒伪劣烟草制品货值不足1000元的，责令其停止违法行为，没收其生产、销售、存储假冒伪劣烟草制品和违法所得，可并处以生产、销售、存储假冒伪劣烟草制品货值1倍的罚款']”,但无法确定实际的处罚档次，理应档次对应的法律条文为：“(一)违法生产的烟草制品价值不足5000元的，责令其关闭，没收违法所得，处以所生产烟草制品价值一倍的罚款，并将其违法生产的烟草制品公开销毁”,且请人工核查！案由“销售”的处罚结果为——“[]”,无法确定理应的处罚档次，请人工核查！案由“运输”的处罚结果为——“[]”,无法确定理应的处罚档次，请人工核查！案由“存储”的处罚结果为——“['2、将当事人存储的假冒伪劣烟草制品：84mm钻石（荷花），计1个品种1条卷烟予以没收', '3、处以当事人存储假冒伪劣烟草制品货值500.00元10%的罚款，计罚款50.00元（大写：贰佰柒拾伍元陆角整）']”,但无法确定实际的处罚档次，理应档次对应的法律条文为：“(三)持有烟草专卖零售许可证的经营者，销售假冒伪劣烟草制品价值在500元以上或存储假冒伪劣烟草制品价值在1000元以上的，责令其停止违法行为，没收其销售或者存储的假冒伪劣烟草制品和违法所得以及用于销售的工具、设备和其他相关物资外，处以假冒伪劣烟草制品价值一倍以上二倍以下的罚款，并可以吊销其烟草专卖零售许可证”,且请人工核查！案由“投递假冒伪劣烟草制品”的处罚结果为——“[]”,无法确定理应的处罚档次，请人工核查！[0m
《案件处理审批表》审查完毕

{'案件处理审批表_.docx': ['文件缺失：《案件调查终结报告》.docx不存在', '文件缺失：《延长调查终结审批表》.docx不存在', '文件缺失：《延长调查期限告知书》不存在', '文件缺失：《先行登记保存证据处理通知书》不存在', '文件缺失：《涉案物品返还清单》不存在', '文件缺失：《案件调查终结报告_》不存在', '文件缺失：《立案报告表》不存在', '身份证信息缺失：文件夹中没有包含《证据复制提取单》或《证据复制提取单》不包含身份证信息！因此无法比较当事人信息！', '文件缺失：《立案报告表》不存在', '文件缺失：《涉案物品返回清单》不存在', '文件缺失：《涉案烟草专卖品核价表》不存在', '文件缺失：《案件集体讨论记录》不存在', '承办部门意见日期：在“承办人意见”的日期之前', '法制部门意见：不含有关键词“同意”、“不同意”二者之一', '法制部门意见日期：在“承办人意见”的日期之前', '负责人意见日期：在“法制部门意见”的日期之前', '文件缺失：《检查（勘验）笔录》不存在', '案件事实：不包含烟草专卖零售许可证', '案件事实：不包含卷烟数目', '案件事实：不包含法律条款', "自由裁量权：“承办人意见”中存在“从轻“字样，但不存在从轻证据！“承办人意见”中不存在“从重“字样。“承办人意见”中存在“从轻“字样，但不存在从轻证据！“承办人意见”中不存在“从重“字样。案由“生产”的处罚结果为——“['一、根据《四川省烟草专卖管理条例》第十四条第一款及《广安市烟草专卖局行政处罚自由裁量权实施细则》，生产、销售、存储假冒伪劣烟草制品货值不足1000元的，责令其停止违法行为，没收其生产、销售、存储假冒伪劣烟草制品和违法所得，可并处以生产、销售、存储假冒伪劣烟草制品货值1倍的罚款']”,但无法确定实际的处罚档次，理应档次对应的法律条文为：“(一)违法生产的烟草制品价值不足5000元的，责令其关闭，没收违法所得，处以所生产烟草制品价值一倍的罚款，并将其违法生产的烟草制品公开销毁”,且请人工核查！案由“销售”的处罚结果为——“[]”,无法确定理应的处罚档次，请人工核查！案由“运输”的处罚结果为——“[]”,无法确定理应的处罚档次，请人工核查！案由“存储”的处罚结果为——“['2、将当事人存储的假冒伪劣烟草制品：84mm钻石（荷花），计1个品种1条卷烟予以没收', '3、处以当事人存储假冒伪劣烟草制品货值500.00元10%的罚款，计罚款50.00元（大写：贰佰柒拾伍元陆角整）']”,但无法确定实际的处罚档次，理应档次对应的法律条文为：“(三)持有烟草专卖零售许可证的经营者，销售假冒伪劣烟草制品价值在500元以上或存储假冒伪劣烟草制品价值在1000元以上的，责令其停止违法行为，没收其销售或者存储的假冒伪劣烟草制品和违法所得以及用于销售的工具、设备和其他相关物资外，处以假冒伪劣烟草制品价值一倍以上二倍以下的罚款，并可以吊销其烟草专卖零售许可证”,且请人工核查！案由“投递假冒伪劣烟草制品”的处罚结果为——“[]”,无法确定理应的处罚档次，请人工核查！"]}

***********************************************************************
日志信息 2022-10-30 19:43:56
审查命令:C:\WorkSpace\tobacco-master\yancaoRegularDemo\Anjuan_api.py C:\Users\Administrator\Desktop\案卷文书 C:\NewFile\Test\20221030194337
审查案卷返回:正在审查案件处理审批表_.docx，审查结果如下：
[0;31mwarning: 文件缺失：《案件调查终结报告》.docx不存在[0m
[0;31mwarning: 文件缺失：《延长调查终结审批表》.docx不存在[0m
[0;31mwarning: 文件缺失：《延长调查期限告知书》不存在[0m
[0;31mwarning: 文件缺失：《先行登记保存证据处理通知书》不存在[0m
[0;31mwarning: 文件缺失：《涉案物品返还清单》不存在[0m
[0;31mwarning: 文件缺失：《案件调查终结报告_》不存在[0m
[0;31mwarning: 文件缺失：《立案报告表》不存在[0m
[0;31mwarning: 身份证信息缺失：文件夹中没有包含《证据复制提取单》或《证据复制提取单》不包含身份证信息！因此无法比较当事人信息！[0m
[0;31mwarning: 文件缺失：《立案报告表》不存在[0m
[0;31mwarning: 文件缺失：《涉案物品返回清单》不存在[0m
[0;31mwarning: 文件缺失：《涉案烟草专卖品核价表》不存在[0m
[0;31mwarning: 文件缺失：《案件集体讨论记录》不存在[0m
[0;36m承办部门意见：正确。为同意[0m
[0;31mwarning: 承办部门意见日期：在“承办人意见”的日期之前[0m
[0;31mwarning: 法制部门意见：不含有关键词“同意”、“不同意”二者之一[0m
[0;31mwarning: 法制部门意见日期：在“承办人意见”的日期之前[0m
[0;36m负责人意见：正确。为同意[0m
[0;31mwarning: 负责人意见日期：在“法制部门意见”的日期之前[0m
[0;31mwarning: 文件缺失：《检查（勘验）笔录》不存在[0m
[0;31mwarning: 案件事实：不包含烟草专卖零售许可证[0m
[0;31mwarning: 案件事实：不包含卷烟数目[0m
[0;31mwarning: 案件事实：不包含法律条款[0m
rdfpath: 
C:\WorkSpace\tobacco-master\zhishitupu\rdf\成都市局\16.rdf
rdfpath: C:\WorkSpace\tobacco-master\zhishitupu\rdf\成都市局\16.rdf
rdfpath: 
C:\WorkSpace\tobacco-master\zhishitupu\rdf\成都市局\20.rdf
rdfpath: C:\WorkSpace\tobacco-master\zhishitupu\rdf\成都市局\20.rdf
rdfpath: 
C:\WorkSpace\tobacco-master\zhishitupu\rdf\成都市局\13.rdf
rdfpath: C:\WorkSpace\tobacco-master\zhishitupu\rdf\成都市局\13.rdf
rdfpath: 
C:\WorkSpace\tobacco-master\zhishitupu\rdf\成都市局\45.rdf
rdfpath: C:\WorkSpace\tobacco-master\zhishitupu\rdf\成都市局\45.rdf
WARN: 不符合格式的数据：佰
rdfpath: 
C:\WorkSpace\tobacco-master\zhishitupu\rdf\成都市局\45.rdf
rdfpath: C:\WorkSpace\tobacco-master\zhishitupu\rdf\成都市局\45.rdf
[0;31mwarning: 自由裁量权：“承办人意见”中存在“从轻“字样，但不存在从轻证据！“承办人意见”中不存在“从重“字样。“承办人意见”中存在“从轻“字样，但不存在从轻证据！“承办人意见”中不存在“从重“字样。案由“生产”的处罚结果为——“[]”,无法确定理应的处罚档次，请人工核查！案由“销售”的处罚结果为——“[]”,无法确定理应的处罚档次，请人工核查！案由“运输”的处罚结果为——“[]”,无法确定理应的处罚档次，请人工核查！案由“存储”的处罚结果为——“['2、将当事人存储的假冒伪劣烟草制品：84mm钻石（荷花），计1个品种1条卷烟予以没收', '3、处以当事人存储假冒伪劣烟草制品货值500.00元10%的罚款，计罚款50.00元（大写：贰佰柒拾伍元陆角整）']”,但无法确定实际的处罚档次，理应档次对应的法律条文为：“(三)持有烟草专卖零售许可证的经营者，销售假冒伪劣烟草制品价值在500元以上或存储假冒伪劣烟草制品价值在1000元以上的，责令其停止违法行为，没收其销售或者存储的假冒伪劣烟草制品和违法所得以及用于销售的工具、设备和其他相关物资外，处以假冒伪劣烟草制品价值一倍以上二倍以下的罚款，并可以吊销其烟草专卖零售许可证”,且请人工核查！案由“投递假冒伪劣烟草制品”的处罚结果为——“[]”,无法确定理应的处罚档次，请人工核查！[0m
《案件处理审批表》审查完毕

{'案件处理审批表_.docx': ['文件缺失：《案件调查终结报告》.docx不存在', '文件缺失：《延长调查终结审批表》.docx不存在', '文件缺失：《延长调查期限告知书》不存在', '文件缺失：《先行登记保存证据处理通知书》不存在', '文件缺失：《涉案物品返还清单》不存在', '文件缺失：《案件调查终结报告_》不存在', '文件缺失：《立案报告表》不存在', '身份证信息缺失：文件夹中没有包含《证据复制提取单》或《证据复制提取单》不包含身份证信息！因此无法比较当事人信息！', '文件缺失：《立案报告表》不存在', '文件缺失：《涉案物品返回清单》不存在', '文件缺失：《涉案烟草专卖品核价表》不存在', '文件缺失：《案件集体讨论记录》不存在', '承办部门意见日期：在“承办人意见”的日期之前', '法制部门意见：不含有关键词“同意”、“不同意”二者之一', '法制部门意见日期：在“承办人意见”的日期之前', '负责人意见日期：在“法制部门意见”的日期之前', '文件缺失：《检查（勘验）笔录》不存在', '案件事实：不包含烟草专卖零售许可证', '案件事实：不包含卷烟数目', '案件事实：不包含法律条款', "自由裁量权：“承办人意见”中存在“从轻“字样，但不存在从轻证据！“承办人意见”中不存在“从重“字样。“承办人意见”中存在“从轻“字样，但不存在从轻证据！“承办人意见”中不存在“从重“字样。案由“生产”的处罚结果为——“[]”,无法确定理应的处罚档次，请人工核查！案由“销售”的处罚结果为——“[]”,无法确定理应的处罚档次，请人工核查！案由“运输”的处罚结果为——“[]”,无法确定理应的处罚档次，请人工核查！案由“存储”的处罚结果为——“['2、将当事人存储的假冒伪劣烟草制品：84mm钻石（荷花），计1个品种1条卷烟予以没收', '3、处以当事人存储假冒伪劣烟草制品货值500.00元10%的罚款，计罚款50.00元（大写：贰佰柒拾伍元陆角整）']”,但无法确定实际的处罚档次，理应档次对应的法律条文为：“(三)持有烟草专卖零售许可证的经营者，销售假冒伪劣烟草制品价值在500元以上或存储假冒伪劣烟草制品价值在1000元以上的，责令其停止违法行为，没收其销售或者存储的假冒伪劣烟草制品和违法所得以及用于销售的工具、设备和其他相关物资外，处以假冒伪劣烟草制品价值一倍以上二倍以下的罚款，并可以吊销其烟草专卖零售许可证”,且请人工核查！案由“投递假冒伪劣烟草制品”的处罚结果为——“[]”,无法确定理应的处罚档次，请人工核查！"]}

***********************************************************************
日志信息 2022-10-30 19:46:28
审查命令:C:\WorkSpace\tobacco-master\yancaoRegularDemo\Anjuan_api.py C:\Users\Administrator\Desktop\案卷文书 C:\NewFile\Test\20221030194612
审查案卷返回:正在审查案件处理审批表_.docx，审查结果如下：
[0;31mwarning: 文件缺失：《案件调查终结报告》.docx不存在[0m
[0;31mwarning: 文件缺失：《延长调查终结审批表》.docx不存在[0m
[0;31mwarning: 文件缺失：《延长调查期限告知书》不存在[0m
[0;31mwarning: 文件缺失：《先行登记保存证据处理通知书》不存在[0m
[0;31mwarning: 文件缺失：《涉案物品返还清单》不存在[0m
[0;31mwarning: 文件缺失：《案件调查终结报告_》不存在[0m
[0;31mwarning: 文件缺失：《立案报告表》不存在[0m
[0;31mwarning: 身份证信息缺失：文件夹中没有包含《证据复制提取单》或《证据复制提取单》不包含身份证信息！因此无法比较当事人信息！[0m
[0;31mwarning: 文件缺失：《立案报告表》不存在[0m
[0;31mwarning: 文件缺失：《涉案物品返回清单》不存在[0m
[0;31mwarning: 文件缺失：《涉案烟草专卖品核价表》不存在[0m
[0;31mwarning: 文件缺失：《案件集体讨论记录》不存在[0m
[0;36m承办部门意见：正确。为同意[0m
[0;31mwarning: 承办部门意见日期：在“承办人意见”的日期之前[0m
[0;31mwarning: 法制部门意见：不含有关键词“同意”、“不同意”二者之一[0m
[0;31mwarning: 法制部门意见日期：在“承办人意见”的日期之前[0m
[0;36m负责人意见：正确。为同意[0m
[0;31mwarning: 负责人意见日期：在“法制部门意见”的日期之前[0m
[0;31mwarning: 文件缺失：《检查（勘验）笔录》不存在[0m
[0;31mwarning: 案件事实：不包含烟草专卖零售许可证[0m
[0;31mwarning: 案件事实：不包含卷烟数目[0m
[0;31mwarning: 案件事实：不包含法律条款[0m
rdfpath: 
False
在rdf没找到阈值单位或惩罚单位，rdf文件出错了
[0;31mwarning: 自由裁量权：“承办人意见”中存在“从轻“字样，但不存在从轻证据！“承办人意见”中不存在“从重“字样。“承办人意见”中存在“从轻“字样，但不存在从轻证据！“承办人意见”中不存在“从重“字样。由于案由撰写不规范，所以在库中未提取到对应案由的信息！[0m
《案件处理审批表》审查完毕

{'案件处理审批表_.docx': ['文件缺失：《案件调查终结报告》.docx不存在', '文件缺失：《延长调查终结审批表》.docx不存在', '文件缺失：《延长调查期限告知书》不存在', '文件缺失：《先行登记保存证据处理通知书》不存在', '文件缺失：《涉案物品返还清单》不存在', '文件缺失：《案件调查终结报告_》不存在', '文件缺失：《立案报告表》不存在', '身份证信息缺失：文件夹中没有包含《证据复制提取单》或《证据复制提取单》不包含身份证信息！因此无法比较当事人信息！', '文件缺失：《立案报告表》不存在', '文件缺失：《涉案物品返回清单》不存在', '文件缺失：《涉案烟草专卖品核价表》不存在', '文件缺失：《案件集体讨论记录》不存在', '承办部门意见日期：在“承办人意见”的日期之前', '法制部门意见：不含有关键词“同意”、“不同意”二者之一', '法制部门意见日期：在“承办人意见”的日期之前', '负责人意见日期：在“法制部门意见”的日期之前', '文件缺失：《检查（勘验）笔录》不存在', '案件事实：不包含烟草专卖零售许可证', '案件事实：不包含卷烟数目', '案件事实：不包含法律条款', '自由裁量权：“承办人意见”中存在“从轻“字样，但不存在从轻证据！“承办人意见”中不存在“从重“字样。“承办人意见”中存在“从轻“字样，但不存在从轻证据！“承办人意见”中不存在“从重“字样。由于案由撰写不规范，所以在库中未提取到对应案由的信息！']}

***********************************************************************
日志信息 2022-10-30 19:58:10
审查命令:C:\WorkSpace\tobacco-master\yancaoRegularDemo\Anjuan_api.py C:\Users\Administrator\Desktop\案卷文书 C:\NewFile\Test\20221030195750
审查案卷返回:正在审查案件处理审批表_.docx，审查结果如下：
[0;31mwarning: 文件缺失：《案件调查终结报告》.docx不存在[0m
[0;31mwarning: 文件缺失：《延长调查终结审批表》.docx不存在[0m
[0;31mwarning: 文件缺失：《延长调查期限告知书》不存在[0m
[0;31mwarning: 文件缺失：《先行登记保存证据处理通知书》不存在[0m
[0;31mwarning: 文件缺失：《涉案物品返还清单》不存在[0m
[0;31mwarning: 文件缺失：《案件调查终结报告_》不存在[0m
[0;31mwarning: 文件缺失：《立案报告表》不存在[0m
[0;31mwarning: 身份证信息缺失：文件夹中没有包含《证据复制提取单》或《证据复制提取单》不包含身份证信息！因此无法比较当事人信息！[0m
[0;31mwarning: 文件缺失：《立案报告表》不存在[0m
[0;31mwarning: 文件缺失：《涉案物品返回清单》不存在[0m
[0;31mwarning: 文件缺失：《涉案烟草专卖品核价表》不存在[0m
[0;31mwarning: 文件缺失：《案件集体讨论记录》不存在[0m
[0;36m承办部门意见：正确。为同意[0m
[0;31mwarning: 承办部门意见日期：在“承办人意见”的日期之前[0m
[0;31mwarning: 法制部门意见：不含有关键词“同意”、“不同意”二者之一[0m
[0;31mwarning: 法制部门意见日期：在“承办人意见”的日期之前[0m
[0;36m负责人意见：正确。为同意[0m
[0;31mwarning: 负责人意见日期：在“法制部门意见”的日期之前[0m
[0;31mwarning: 文件缺失：《检查（勘验）笔录》不存在[0m
[0;31mwarning: 案件事实：不包含烟草专卖零售许可证[0m
[0;31mwarning: 案件事实：不包含卷烟数目[0m
[0;31mwarning: 案件事实：不包含法律条款[0m
rdfpath: 
C:\WorkSpace\tobacco-master\zhishitupu\rdf\成都市局\16.rdf
rdfpath: C:\WorkSpace\tobacco-master\zhishitupu\rdf\成都市局\16.rdf
rdfpath: 
C:\WorkSpace\tobacco-master\zhishitupu\rdf\成都市局\13.rdf
rdfpath: C:\WorkSpace\tobacco-master\zhishitupu\rdf\成都市局\13.rdf
rdfpath: 
C:\WorkSpace\tobacco-master\zhishitupu\rdf\成都市局\15.rdf
rdfpath: C:\WorkSpace\tobacco-master\zhishitupu\rdf\成都市局\15.rdf
rdfpath: 
False
在rdf没找到阈值单位或惩罚单位，rdf文件出错了
rdfpath: 
False
在rdf没找到阈值单位或惩罚单位，rdf文件出错了
[0;31mwarning: 自由裁量权：“承办人意见”中存在“从轻“字样，但不存在从轻证据！“承办人意见”中不存在“从重“字样。“承办人意见”中存在“从轻“字样，但不存在从轻证据！“承办人意见”中不存在“从重“字样。案由“生产”的处罚结果为——“[]”,无法确定理应的处罚档次，请人工核查！案由“运输”的处罚结果为——“[]”,无法确定理应的处罚档次，请人工核查！案由“邮寄”的处罚结果为——“[]”,无法确定理应的处罚档次，请人工核查！由于案由撰写不规范，所以在库中未提取到对应案由的信息！由于案由撰写不规范，所以在库中未提取到对应案由的信息！[0m
《案件处理审批表》审查完毕

{'案件处理审批表_.docx': ['文件缺失：《案件调查终结报告》.docx不存在', '文件缺失：《延长调查终结审批表》.docx不存在', '文件缺失：《延长调查期限告知书》不存在', '文件缺失：《先行登记保存证据处理通知书》不存在', '文件缺失：《涉案物品返还清单》不存在', '文件缺失：《案件调查终结报告_》不存在', '文件缺失：《立案报告表》不存在', '身份证信息缺失：文件夹中没有包含《证据复制提取单》或《证据复制提取单》不包含身份证信息！因此无法比较当事人信息！', '文件缺失：《立案报告表》不存在', '文件缺失：《涉案物品返回清单》不存在', '文件缺失：《涉案烟草专卖品核价表》不存在', '文件缺失：《案件集体讨论记录》不存在', '承办部门意见日期：在“承办人意见”的日期之前', '法制部门意见：不含有关键词“同意”、“不同意”二者之一', '法制部门意见日期：在“承办人意见”的日期之前', '负责人意见日期：在“法制部门意见”的日期之前', '文件缺失：《检查（勘验）笔录》不存在', '案件事实：不包含烟草专卖零售许可证', '案件事实：不包含卷烟数目', '案件事实：不包含法律条款', '自由裁量权：“承办人意见”中存在“从轻“字样，但不存在从轻证据！“承办人意见”中不存在“从重“字样。“承办人意见”中存在“从轻“字样，但不存在从轻证据！“承办人意见”中不存在“从重“字样。案由“生产”的处罚结果为——“[]”,无法确定理应的处罚档次，请人工核查！案由“运输”的处罚结果为——“[]”,无法确定理应的处罚档次，请人工核查！案由“邮寄”的处罚结果为——“[]”,无法确定理应的处罚档次，请人工核查！由于案由撰写不规范，所以在库中未提取到对应案由的信息！由于案由撰写不规范，所以在库中未提取到对应案由的信息！']}

