***********************************************************************
日志信息 2022-07-20 15:21:59
审查命令:C:\WorkSpace\tobacco-master\yancaoRegularDemo\Anjuan_api.py C:\Users\Administrator\Desktop\烟草输入文件夹 C:\NewFile\Test\20220720151842
审查案卷返回:正在审查举报记录表_.docx，审查结果如下：
[0;36m举报时间：举报时间格式正确[0m
[0;36m举报时间：举报时间在调查取证阶段中《勘验（检查）笔录》文书中涉及的检查开始时间（2020年04月24日15时14分）30分钟之前[0m
[0;31mwarning: 举报形式：举报形式未有“举报”字样[0m
[0;31mwarning: 举报人有关情况：未同时填写举报人的姓名、性别、住址等基本情况[0m
[0;31mwarning: 举报内容：举报内容时间格式错误或无时间[0m
[0;31mwarning: 举报内容：举报内容信息车牌号格式错误[0m
[0;31mwarning: 接待人意见：接待人未签名[0m
[0;31mwarning: 承办部门负责人意见：承办部门负责人未签名[0m
举报记录表_.docx审查完毕

正在审查先行登记保存批准书_.docx，审查结果如下：
[0;36m当事人名字：当事人名字/名称与《检查（勘验）笔录》中被检查人（被勘验人）一致[0m
[0;36m案由：案由不为空[0m
[0;31mwarning: 案由：“案由”与立案报告表中“案由”（涉嫌未在当地烟草专卖批发企业进货）不一致[0m
[0;36m表格：共计：（品种）数正确[0m
[0;31mwarning: 表格：总计：（数量）不能为空[0m
[0;31mwarning: 承办人（签名）：承办人（签名）不能为空[0m
[0;36m负责人意见并签名：负责人意见并签名：不为空[0m
[0;36m承办人（签名）：承办人（签名） 日期正确[0m
[0;36m负责人意见并签名： 日期正确[0m
[0;36m承办人签名时间：承办人签名时间与负责人签名时间一致。[0m
先行登记保存批准书_.docx审查完毕

正在审查先行登记保存证据处理通知书_.docx，审查结果如下：
[0;31mwarning: 物品品种数目：与《涉案烟草专卖品核价表》不一致[0m
[0;31mwarning: 作出日期：应在《行政处罚事先告知》作出之日3天后[0m
《先行登记保存证据处理通知书》审查完毕

正在审查公告，审查结果如下：
[0;31mwarning: 表头：表头不能为空[0m
[0;31mwarning: 正文：时间与立案报告表案发日期【2021-04-26】不一致[0m
[0;36m正文：案发地点不为空[0m
[0;31mwarning: 正文：地点与立案报告表地点不一致[0m
[0;31mwarning: 正文：地址不能为空[0m
[0;31mwarning: 正文：地址不能为空[0m
[0;36m联系人：不为空[0m
[0;36m联系电话：不为空[0m
[0;31mwarning: 表格：总计：不能为空[0m
[0;36m表格：共计：正确[0m
[0;31mwarning: 表格：总计：错误[0m
[0;31mwarning: 结尾时间：结尾时间格式错误[0m
公告_.docx审查完毕

正在审查协助调查函_.docx，审查结果如下：
[0;31mwarning: 表头：表头不能为空[0m
[0;31mwarning: 表头：第几号不能为空[0m
[0;36m表头：名字不为空[0m
[0;31mwarning: 表头：名字与立案报告表当事人【莫诗元】不同[0m
[0;31mwarning: 正文：应与《立案报告表》中“案由【涉嫌未在当地烟草专卖批发企业进货】”一致[0m
[0;31mwarning: 正文：需要调查什么不能为空[0m
[0;36m联系人：联系人不为空[0m
[0;36m联系电话：联系电话不为空[0m
[0;36m联系人：联系人与公告相同[0m
[0;31mwarning: 联系电话：联系电话与公告中【a】不同[0m
[0;36m时间：时间在《立案报告》中“案发时间”之后[0m
协助调查函_.docx审查完毕

正在审查卷宗封面_.docx，审查结果如下：
C:/Users/Administrator/Desktop/烟草输入文件夹/卷宗封面_.docx
[0;31mwarning: 案由：未从《行政处罚决定书》中提取到“案由”，因此无法对比，请人工核查！[0m
[0;31mwarning: 案由：”案由“与《案件处理审批表》中的 案由（无烟草专卖品准运证运输烟草专卖品）不一致！[0m
[0;31mwarning: 案由：”案由“与《案件集体讨论记录》中的”案由“（无烟草专卖零售许可证经营烟草制品零售业务，销售假冒伪劣烟草制品）不一致！[0m
[0;31mwarning: 案由：”案由“与《陈述申辩记录》中的 案由（未在当地烟草专卖批发企业进货  案件编号：金烟立[2021]第16号）不一致！[0m
[0;31mwarning: 案由：”案由“与《结案报告表》中的”案由“（生产、销售、运输、存储、投递假冒伪劣烟草制品）不一致！[0m
[0;31mwarning: 当事人：× “当事人”与《立案报告表》中的“当事人”（莫诗元）不一致！[0m
[0;31mwarning: 当事人：× “当事人”与《延长立案期限审批表》中的“当事人”（a）不一致！[0m
当事人许白红
[0;31mwarning: 当事人：“当事人”与《先行登记保存证据处理通知书》中的“当事人”（许白红）不一致！[0m
[0;31mwarning: 当事人：“当事人”与《抽样取证物品清单》中的“当事人”（程孝军）不一致！[0m
[0;31mwarning: 当事人：“当事人”与《涉案烟草专卖品核价表》中的“当事人”（）不一致！[0m
[0;31mwarning: 当事人： “当事人”与《卷烟鉴别检验样品留样、损耗费用审批表》中的“当事人”（程孝军）不一致！[0m
[0;31mwarning: 当事人：“当事人”与《调查终结报告》中的“当事人”（蔺良飞）不一致！[0m
[0;31mwarning: 当事人：“当事人”与《延长调查终结审批表》中的“当事人”（李东）不一致！[0m
[0;31mwarning: 当事人：“当事人”与《案件处理审批表》中的“当事人”姓名不详不一致！[0m
[0;31mwarning: 当事人：“当事人”与《先行登记保存证据处理通知书》中的“当事人”（许白红）不一致！[0m
[0;31mwarning: 当事人：“当事人”与《行政处罚事先告知书》中的“当事人”（曾小凤）不一致！[0m
[0;31mwarning: 文书缺失：《听证告知》.docx不存在[0m
[0;31mwarning: 当事人：“当事人”与《当场行政处罚决定书》中的“当事人”（罗道成）不一致！[0m
[0;31mwarning: 当事人：“当事人”与《行政处罚决定书》中的“当事人”（余春辉）不一致！[0m
[0;31mwarning: 文书缺失：《违法物品销毁记录表》.docx不存在[0m
[0;31mwarning: 当事人：“当事人”与《结案报告表》中的“当事人”（李作美）不一致！[0m
[0;31mwarning: 立案日期：“立案日期”与 “立案报告表”中领导批准立案的日期（2020年04月24日）不同！[0m
[0;31mwarning: 立案日期：”立案日期“与 “涉案烟草专卖品核价表”中的“立案日期”（2021年04月26日）不同！[0m
[0;31mwarning: 立案日期：”立案日期“与 “调查终结报告”中的“立案日期”（2020年4月1日）不同！[0m
[0;31mwarning: 立案日期：”立案日期“与 “延长案件调查终结审批表”中的“立案日期”（2021年01月01日）不同！[0m
[0;31mwarning: 立案日期：“立案日期”与 “案件处理审批表”中的 立案日期（2021年01月01日）不同！[0m
[0;31mwarning: 结案日期：《结案报告表》中没有检索到结案日期，请人工核查！[0m
[0;31mwarning: 归档日期：“归档日期”应在“结案日期”（2020-04-13）之后，表中有误！[0m
[0;31mwarning: 保存期限：“保存期限”应该为 永久！[0m
[0;31mwarning: 承办人：承办人填写不规范！[0m
[0;31mwarning: 处理结果：此文书中的“处理结果”和《行政处罚决定书》中“处理结果”不一致，请人工核查！[0m
[0;31mwarning: 共计页数：共计页数 不应为空！[0m
卷宗封面_.docx审查完毕

正在审查卷烟鉴别检验样品留样、损耗费用审批表_.docx，审查结果如下：
[0;31mwarning: 表头：表头不能为空[0m
[0;31mwarning: 案由：案由与立案报告表等文书中记载的案由不一致[0m
[0;31mwarning: 案发时间：案发时间与立案报告表等文书中记载的案发时间不一致[0m
[0;31mwarning: 案件当事人：案件当事人与立案报告表等文书中记载的案件当事人【莫诗元】不一致[0m
[0;31mwarning: 案件文号：案件文号不能为空[0m
[0;31mwarning: 案件文号：质检报告文号不能为空[0m
[0;36m表格：对应价格正确[0m
[0;31mwarning: 表格：查获数量(条) 合计错误[0m
[0;31mwarning: 表格：数量（条） 合计错误[0m
[0;31mwarning: 表格：单价(元/条) 合计错误[0m
[0;31mwarning: 表格：金额（元） 合计错误[0m
[0;36m表格：合计正确[0m
[0;31mwarning: 承办人意见：未明确损耗金额或者损耗金额合计错误[0m
[0;36m承办人意见：签名：不为空[0m
[0;31mwarning: 承办人意见：日期应在处罚决定书《送达回证》签收日期【2021年4月1日】之后[0m
[0;31mwarning: 承办部门意见：承办部门意见意见不能为空[0m
[0;31mwarning: 财务部门审核意见：财务部门审核意见不能为空[0m
[0;31mwarning: 负责人审批：负责人审批不能为空[0m
[0;31mwarning: 收款人签名签名：不能为空[0m
[0;31mwarning: 收款人签名：收款人签名时间错误[0m
卷烟鉴别检验样品留样、损耗费用审批表_.docx审查完毕

正在审查听证告知书_.docx，审查结果如下：
[0;36m作出日期：正确。与《行政处罚事先告知书》作出日期保持一致或在之前[0m
[0;31mwarning: 案发时间：与《案件调查终结报告》不一致,请检查，并参考文档检查格式[0m
[0;36m案由：正确。与《案件调查终结报告》一致[0m
[0;31mwarning: 违法条款：与《案件调查终结报告》不一致,请检查，并参考文档检查格式[0m
[0;31mwarning: 处罚依据：与《案件调查终结报告》不一致,请检查，并参考文档检查格式[0m
《听证告知书》审查完毕

正在审查延长立案期限告知书_.docx，审查结果如下：
[0;31mwarning: 表头：表头不能为空[0m
[0;36m名称：名称与立案报告表_当事人相同[0m
[0;36m立案期限：延长该案立案期限至2021年3月10日[0m
[0;36m落款时间：延长立案期限告知书_日期不为空，日期在立案日期之后，并在立案日期后的七日内[0m
[0;31mwarning: 签收日期：签收时间格式错误[0m
[0;31mwarning: 送达人：送达人不能为空，至少两哥执法人员签字[0m
[0;36m签收人：签收人不为空[0m
延长立案期限告知书_.docx审查完毕

正在审查延长立案期限审批表_.docx，审查结果如下：
[0;31mwarning: 案由：违法行为前未填写“涉嫌”二字[0m
[0;31mwarning: 当事人：“当事人”没有与立案报告表中“当事人”（莫诗元）保持一致[0m
[0;31mwarning: 当事人：“证件类型及号码”没有与立案报告表中证件类型及号码（身份证：510121198605225055）保持一致[0m
[0;31mwarning: 当事人：地址不能为空[0m
[0;31mwarning: 案情摘要：案情摘要不能为空[0m
[0;31mwarning: 延长立案期限事由及期限：延长立案期限事由及期限不能为空[0m
[0;31mwarning: 延长立案期限事由及期限：延长立案期限事由及期限未签名[0m
[0;31mwarning: 延长立案期限事由及期限：延长立案期限事由及期限未注明日期[0m
[0;31mwarning: 承办部门意见：未明确表明是否延长[0m
[0;31mwarning: 承办部门意见：承办部门意见未签名[0m
[0;31mwarning: 承办部门意见：承办部门意见未注明日期[0m
[0;31mwarning: 负责人意见：负责人意见不能为空[0m
[0;31mwarning: 负责人意见：负责人意见未签名[0m
[0;31mwarning: 负责人意见：负责人意见未注明日期[0m
延长立案期限审批表_.docx审查完毕

正在审查延长调查期限告知书_.docx，审查结果如下：
[0;31mwarning: 被告知人名字/名称：与《立案报告表》当事人不一致[0m
[0;31mwarning: 作出日期：作出日期应在《延长调查终结审批表》做出时间一致或之后[0m
《延长调查期限告知书》审查完毕

正在审查延长调查终结审批表_.docx，审查结果如下：
[0;31mwarning: 案由：与《立案报告表》不一致,《立案报告表》中为：涉嫌未在当地烟草专卖批发企业进货[0m
[0;31mwarning: 立案日期：与《立案报告表》立案日期（即负责人意见签名时间）不一致[0m
[0;31mwarning: 当事人：与《立案报告表》不一致,《立案报告表》中为：莫诗元[0m
[0;31mwarning: 证件类型及号码：与《立案报告表》不一致,《立案报告表》中为：身份证：510121198605225055[0m
[0;31mwarning: 地址：与《立案报告表》不一致,《立案报告表》中为：身份证住址：四川省中江县兴隆镇龙河村4组[0m
[0;31mwarning: 案情摘要：与《立案报告表》不一致,《立案报告表》中为：2021年05月24日，我局执法人员在黑龙江省广安市的岳池县九龙镇成果街102号，从卷烟持证经营户莫诗元的经营场所“月儿副食店”内，查获国产真品卷烟：遂我局执法人员依法将上述卷烟予以先行登记保存，并现场出具证据《先行登记保存通知书》，以待进一步调查。[0m
[0;36m承办部门意见_日期：正确。在《立案报告表》负责人意见日期一栏30天内(如有法定节假日，顺延到法定节假日后一天)[0m
[0;36m负责人意见_日期：正确。在《立案报告表》负责人意见日期一栏30天内(如有法定节假日，顺延到法定节假日后一天)[0m
《延长调查终结审批表》审查完毕

正在审查《当场行政处罚决定书》，审查结果如下：
[0;31mwarning: 当事人名称（姓名）：在本表或《检查（勘验）笔录》中为空[0m
[0;31mwarning: 法定代表人（负责人）：在本表或《检查（勘验）笔录》中为空[0m
[0;36m性别：正确。与《检查（勘验）笔录》中的记录相同[0m
[0;31mwarning: 民族：在本表或《检查（勘验）笔录》中为空[0m
[0;31mwarning: 证件类型及号码：与《检查（勘验）笔录》中的记录不同[0m
[0;31mwarning: 联系电话：与《检查（勘验）笔录》中的记录不同[0m
[0;31mwarning: 身份证住址：与《检查（勘验）笔录》中的记录不同[0m
[0;31mwarning: 经营地址：在本表或《检查（勘验）笔录》中为空[0m
[0;31mwarning: 烟草专卖许可证号码：与《检查（勘验）笔录》中的记录不同[0m
[0;31mwarning: 违法行为时间：未检索到。请检查时间格式是否规范，时间格式应为xxxx年xx月xx日xx时，中间不得有空格[0m
[0;31mwarning: 匹配失败：标准模板格式为：XXXX的行为,违反了XXXXX,现依据XXXXX规定,处以第X项行政处罚[0m
[0;36m匹配成功：正确。向XX烟草专卖局申请行政复议,为统一格式[0m
[0;31mwarning: 匹配失败：标准模板格式为：向XXX人民法院起诉[0m
[0;31mwarning: 签名数量：应当有两名以上执法人员签字，并注明执法证号。[0m
[0;31mwarning: 当事人签名：不能为空[0m
《当场行政处罚决定书》审查完毕

正在审查抽样取证物品清单_.docx，审查结果如下：
[0;36m当事人：当事人不为空[0m
[0;36m立案编号：立案编号不为空[0m
[0;31mwarning: 当事人：“当事人”（程孝军）与立案报告表中的“当事人”（莫诗元）不一致[0m
[0;31mwarning: 立案编号：“立案编号”（烟立[2021]第67号）与立案报告表中的编号（新烟立[]第号）不一致[0m
[0;36m抽样目的：抽样目的不为空[0m
[0;36m抽样时间：抽样时间格式正确[0m
[0;36m抽样地点：抽样地点不为空[0m
[0;36m样品基数：样品基数 与 抽样数量 对应正确[0m
[0;31mwarning: 承办人（签名）：不能为空[0m
[0;36m执法证号：不为空[0m
[0;36m负责人意见并签名：不为空[0m
[0;31mwarning: 负责人意见并签名：没有同意或者不同意字样[0m
[0;36m负责人意见：负责人意见并签名 日期正确[0m
[0;36m当事人（签名）：不为空[0m
[0;31mwarning: 当事人（签名）： 日期与抽样时间不同[0m
[0;31mwarning: 见证人（签名）：不能为空[0m
[0;36m见证人（签名）：日期正确[0m
[0;36m落款时间：落款时间格式正确[0m
抽样取证物品清单_.docx审查完毕

正在审查指定管辖通知书_.docx，审查结果如下：
[0;31mwarning: 表头：表头不能为空[0m
[0;36m名称：     对对对    烟草专卖局[0m
[0;31mwarning: 正文：内容与立案报告表中“当事人”（莫诗元）和“案由”（涉嫌未在当地烟草专卖批发企业进货）不一致[0m
[0;36m正文：不为空且包含“管辖权争议”字眼[0m
[0;36m日期：日期在案发日期之后[0m
指定管辖通知书_.docx审查完毕

正在审查撤销立案报告表_.docx，审查结果如下：
[0;31mwarning: 案由：案由与《立案报告表》不一致[0m
[0;31mwarning: 案件来源：案件来源与《立案报告表》不一致[0m
[0;31mwarning: 案发时间：案发时间与《立案报告表》不一致[0m
[0;31mwarning: 案发地点：案发地点与《立案报告表》不一致[0m
[0;31mwarning: 当事人：当事人与《立案报告表》不一致[0m
[0;31mwarning: 证件类型及号码：证件类型及号码与《立案报告表》不一致[0m
[0;31mwarning: 地址：地址与《立案报告表》不一致[0m
[0;31mwarning: 案情摘要：案情摘要与《立案报告表》不一致[0m
[0;36m承办人意见：正确。已填写[0m
[0;36m承办人意见：正确。已写明撤案的具体缘由[0m
[0;31mwarning: 承办人意见_承办人签名：需由两名承办人签字[0m
[0;36m承办部门意见：正确。不为空[0m
[0;36m承办部门意见：正确。已明确是否同意承办人意见[0m
[0;31mwarning: 承办部门意见：签名不能为空[0m
[0;36m承办部门意见_日期：正确。在【承办人意见_日期】之后或同一天[0m
[0;36m负责人意见：正确。不为空[0m
[0;36m负责人意见：正确。已明确是否同意撤销立案[0m
[0;31mwarning: 负责人意见：签名不能为空[0m
[0;36m负责人意见_日期：正确。在【承办部门意见_日期】之后或同一天[0m
《撤销立案报告表》审查完毕

正在审查条形码_.docx，审查结果如下：
[0;36m6901028149891[0m
条形码_.docx审查完毕

正在审查案件处理审批表_.docx，审查结果如下：
[0;36m案由：正确。与《案件调查终结报告》一致[0m
[0;31mwarning: 案由：与《延长调查终结审批表》不一致延长调查终结审批表中的案由为：涉嫌无烟草专卖品准运证运输烟草专卖品[0m
[0;36m案由：正确。与《案件调查终结报告_》一致[0m
[0;31mwarning: 立案日期：与《立案报告表》中的“负责人意见”的时间不同[0m
[0;31mwarning: 身份证信息缺失：文件夹中没有包含《证据复制提取单》或《证据复制提取单》不包含身份证信息！因此无法比较当事人信息！[0m
[0;31mwarning: 案发时间：与《立案报告表》中记载的2020年04月24日10时50分不一致[0m
[0;31mwarning: 文件缺失：《涉案物品返回清单》不存在[0m
[0;31mwarning: 涉案金额：未捕捉到涉案金额信息[0m
[0;36m承办人意见日期：正确。在《案件集体讨论记录》的时间之后[0m
[0;36m承办部门意见：正确。为同意[0m
[0;31mwarning: 承办部门意见日期：在“承办人意见”的日期之前[0m
[0;31mwarning: 法制部门意见：不含有关键词“同意”、“不同意”二者之一[0m
[0;31mwarning: 法制部门意见日期：在“承办人意见”的日期之前[0m
[0;36m负责人意见：正确。为同意[0m
[0;31mwarning: 负责人意见日期：在“法制部门意见”的日期之前[0m
[0;31mwarning: 日期不符：案件事实中的日期为2021年1月1日,与检查（勘验）时间的开始时间不一致[0m
[0;31mwarning: 案件事实地点：与检查（勘验）地点不一致[0m
[0;31mwarning: 案件事实：不包含烟草专卖零售许可证[0m
[0;31mwarning: 案件事实：不包含卷烟数目[0m
[0;31mwarning: 案件事实：不包含法律条款[0m
rdfpath: 
search_4_rdf出现了一个错误(2, '系统找不到指定的路径。')
rdfpath: search_4_rdf出现了一个错误(2, '系统找不到指定的路径。')
文档存在格式错误，函数失效：self.about_discretionary_power() 遇到错误:(2, 'No such file or directory')
《案件处理审批表》审查完毕

正在审查案件移送函_.docx，审查结果如下：
[0;31mwarning: 表头：表头不能为空[0m
['  ']
[0;31mwarning: 表头：第几号不能为空[0m
[0;36m名字：名字不为空[0m
[0;31mwarning: 名字：名字与立案报告表当事人不同[0m
[0;31mwarning: 正文：不能为空[0m
[0;36m正文：发现不为空[0m
[0;36m正文：该案涉嫌刑事犯罪在发现中[0m
[0;36m正文：不为空[0m
[0;36m正文：《中华人民共和国行政处罚法》第二十二条 在规定中[0m
[0;31mwarning: 正文：份不能为空[0m
[0;31mwarning: 正文：页不能为空[0m
[0;31mwarning: 正文：移送财物清单几页不能为空[0m
[0;31mwarning: 经办人：不能为空[0m
[0;31mwarning: 批准人：不能为空[0m
[0;36m结尾时间：结尾时间格式正确[0m
[0;36m结尾时间：结尾时间在《调查终结报告》时间之后。[0m
案件移送函_.docx审查完毕

正在审查案件移送回执_.docx，审查结果如下：
[0;31mwarning: 接收时间：接收时间在《案件移送函》作出时间【737720】之前[0m
[0;31mwarning: 接收单位意见：不能为空[0m
[0;31mwarning: 经办人：不能为空[0m
[0;31mwarning: 结尾时间：结尾时间错误在《案件移送函》作出时间【2021-1-24】之前[0m
案件移送回执_.docx审查完毕

正在审查案件调查终结报告_.docx，审查结果如下：
[0;36m案由：正确。案由不为空[0m
[0;31mwarning: 案由：案由一栏应该加[涉嫌]两字[0m
[0;31mwarning: 案由：与《立案报告表》的案由不一致[0m
[0;36m立案日期：正确。不为空[0m
[0;31mwarning: 立案日期：立案日期与《立案报告表》立案日期（即负责人意见签名时间）不一致[0m
[0;31mwarning: 证件类型及号码：《立案报告表》的证件类型及号码不一致[0m
[0;31mwarning: 当事人：与《立案报告表》的当事人不一致[0m
[0;36m调查事实：提示。本栏依据主观审查[0m
[0;31mwarning: 案件性质：与《立案报告表》的案由不一致[0m
[0;36m处罚依据：提示，本栏细分案由进行讨论[0m
[0;36m处理意见：正确。不为空[0m
[0;31mwarning: 调查事实：未得出是否已经查明事实[0m
[0;31mwarning: 调查事实：日期为2020年4月1日,与检查（勘验）时间的开始时间不一致[0m
[0;31mwarning: 调查事实：地点与检查（勘验）地点不一致[0m
[0;31mwarning: 调查事实：不包含卷烟数目[0m
[0;31mwarning: 调查事实：不包含法律条款[0m
《案件调查终结报告》审查完毕

正在审查案件集体讨论记录_.docx，审查结果如下：
[0;31mwarning: 案由：与《案件调查终结报告》不一致，案件调查终结报告中的案由为：无烟草专卖品准运证运输烟草专卖品[0m
[0;31mwarning: 案由：与《延长调查终结审批表》不一致，延长调查终结审批表中的案由为：涉嫌无烟草专卖品准运证运输烟草专卖品[0m
[0;31mwarning: 案件编号：与《立案报告表》中编号不一致[0m
[0;31mwarning: 时间：提示。时间应当在《案件处理审批表》记载的时间之前。请主观审查。[0m
[0;36m地点：正确。不为空[0m
[0;36m主持人：正确。不为空[0m
[0;36m主持人职务：正确。为“局长”或“副局长”[0m
[0;31mwarning: 姓名个数：为双数。应当为单数。[0m
[0;31mwarning: “处理意见”：与《案件调查终结报告》中的“处理意见”不一致[0m
[0;31mwarning: 签名：提示。签名应当与第7项中出席人员姓名对应，签署意见应当为“同意”“不同意”“保留”或者“弃权”中的一种。请主观审查。[0m
《案件集体讨论记录》审查完毕

正在审查检查（勘验）笔录_.docx，审查结果如下：
[0;36m检查（勘验）时间：检查时间在举报时间（['2020', '03', '11', '08', '50']）之后[0m
[0;31mwarning: 检查（勘验）地点：检查（勘验）地点（四川省广安市岳池县九龙镇成果街102号）与立案报告表“案发地点”（四川省成都市新都区石板滩镇东环西街71号）不一致[0m
[0;31mwarning: 证件类型及号码：检查（勘验）笔录“证件类型及号码”（身份证：511622198308017318 ）与立案报告表“证件类型及号码”（身份证：510121198605225055）不一致[0m
[0;31mwarning: 住址：检查（勘验）笔录“住址”（四川省广安市岳池县九龙镇成果街102号）与立案报告表“案发地点”（四川省成都市新都区石板滩镇东环西街71号）不一致[0m
[0;31mwarning: 主观审查：性别、联系电话、烟草专卖许可证号码、现场负责人主观审查。[0m
[0;31mwarning: 法定代表人（负责人）：法定代表人（负责人）不能为空[0m
[0;31mwarning: 与被检查（勘验）人关系：与被检查（勘验）人关系不能为空[0m
[0;36m被检查（勘验）人或现场负责人（签名）：被检查（勘验）人或现场负责人（签名）和日期一致[0m
[0;36m见证人（签名）：见证人（签名）和日期一致[0m
[0;36m检查（勘验）人（签名）：检查（勘验）人（签名）：和日期一致[0m
[0;31mwarning: 告知事项：告知事项 中 未说明来意[0m
[0;31mwarning: 现场情况：“现场情况”中的日期（2021年4月27日15时14分，本局行政执法人员杨斌等3人，来到四川省广安市岳池县九龙镇成果街102号程孝军的经营场所，当事人有烟草专卖零售许可证，在当事人程孝军在场的情况下，当场在周小云经营门市的烟柜查获1、涉嫌未在当地烟草专卖批发企业进货的烟草制品：84mm钻石（荷花）1条、97mm南京（炫赫门炫彩）1条、84mm中华（硬）1条、84mm娇子（软宽窄平安）1条、88mm天子（中国心中支）1条、84mm娇子（五粮醇香）1条、84mm娇子（五粮浓香细支）1条，共计7个品种8条卷烟；2、涉嫌存储假冒伪劣烟草制品：84mm钻石（荷花）1条，计1个品种1条卷烟。经请示单位局长尹小红同意后，向当事人程孝军开具了岳烟存通第21082600588号证据先行登记保存通知书，对查获的涉案烟草制品予以先行登记保存，经当事人程孝军对品种、数量核对签字确认。）应与“检查（勘验）时间”的开始时间（2020年04月24日15时14分）不一致[0m
[0;36m现场情况：现场情况 中的地点应与检查（勘验）地点 一致[0m
[0;36m现场情况：现场情况 中 含有卷烟数目要素[0m
[0;31mwarning: 告知事项：告知事项与现场情况 中 未含有出示证件要素[0m
[0;36m告知事项：告知事项与现场情况 中 含有法律条款要素[0m
[0;31mwarning: 告知事项：告知事项文本中的执法人员 不足两人[0m
[0;31mwarning: 告知事项：现场情况文本中的执法人员 不足两人[0m
检查（勘验）笔录_.docx审查完毕

正在审查涉案烟草专卖品核价表_.docx，审查结果如下：
[0;36m名字:名字不为空[0m
[0;31mwarning: 正文时间：时间与立案时间不一致[0m
[0;36m表格序号：表格格式正确[0m
[0;36m表格：品种规格应 数量与先行登记保存通知书所记载的品种规格保持一致[0m
[0;31mwarning: 表格：合计总数量出错[0m
[0;31mwarning: 经办人：经办人不能为空[0m
[0;31mwarning: 当事人：当事人不能为空[0m
[0;31mwarning: 结尾日期：结尾时间不得在案件调查终结报告处理意见栏所注明的日期之后[0m
[0;31mwarning: 质检报告：不存在质检报告[0m
涉案烟草专卖品核价表_.docx审查完毕

正在审查涉案物品返还清单_.docx，审查结果如下：
[0;31mwarning: 物品数目：与《涉案烟草专卖品核价表》中数量1不一致[0m
[0;31mwarning: 返还时间或接收时间：未填写[0m
《涉案物品返还清单》审查完毕

正在审查移送财物清单_.docx，审查结果如下：
[0;31mwarning: 移送函编号：不能为空[0m
[0;36m表格娇子（五粮醇香）84mm表格与涉案烟草专卖品核价表匹配[0m
[0;36m表格南京（炫赫门炫彩）97mm表格与涉案烟草专卖品核价表匹配[0m
[0;36m表格钻石(荷花)84mm表格与涉案烟草专卖品核价表匹配[0m
[0;36m表格娇子（五粮浓香细支）84mm表格与涉案烟草专卖品核价表匹配[0m
[0;36m表格娇子（软宽窄平安）84mm表格与涉案烟草专卖品核价表匹配[0m
[0;36m表格中华(硬)84mm表格与涉案烟草专卖品核价表匹配[0m
[0;36m表格天子（中国心中支）88mm表格与涉案烟草专卖品核价表匹配[0m
[0;36m移送人：不为空[0m
[0;31mwarning: 接收人：不能为空[0m
[0;36m移送人：移送人时间与《案件移送函》时间一致[0m
[0;31mwarning: 接收人：时间错误[0m
移送财物清单_.docx审查完毕

正在审查立案报告表_.docx，审查结果如下：
C:\NewFile/Test/20220720151842/立案报告表_.docx
[0;31mwarning: 表头：表头不能为空[0m
[0;36m案由：案由不为空,主观审查[0m
[0;36m案由：案由格式正确[0m
[0;36m案由：案由与卷宗封面、行政处罚决定书、证据先行登记保存通知书、委托鉴定告知书、询问（调查）通知书等文书保持一致[0m
[0;31mwarning: 案件来源：案件来源为空[0m
[0;31mwarning: 案发时间：案发时间（2020年04月24日10时50分）与检查（勘验）笔录开始检查时间，以及案件调查终结报告等文书中所记录的日期（2020年04月24日15时14分）不一致[0m
[0;31mwarning: 案发地点：案发地点（四川省成都市新都区石板滩镇东环西街71号）应与检查（勘验）笔录记载的的被检查（勘验）地点（四川省广安市岳池县九龙镇成果街102号）不一致[0m
[0;31mwarning: 案发地点：案发地点（四川省成都市新都区石板滩镇东环西街71号）应与询问（调查）通知书记载的的被检查（勘验）地点（简阳市简城镇五友路沱江家园底楼门市）不一致[0m
[0;31mwarning: 当事人：当事人姓名（莫诗元）与行政处罚决定书、检查（勘验）笔录、证据先行登记保存批准书等文书所记载的当事人名称（姓名）（程孝军）不一致[0m
[0;31mwarning: 证件类型及号码：证件类型及号码格式不正确，应为 ”身份证号：XXXX“[0m
[0;31mwarning: 地址：地址（身份证住址：四川省中江县兴隆镇龙河村4组）与行政处罚决定书所记载的当事人住址、证据复制（提取）单当事人身份证记载地址、询问笔录当事人住址、案件处理审批表住址、结案报告表地址所记载的内容（513029196209014714/宣汉县樊哙镇水田村李姐副食）没有保持一致[0m
[0;31mwarning: 案情摘要：摘要中案发日期（[2021, 5, 24]）应与案发时间栏日期（[2020, 4, 24]）没有保持一致[0m
[0;31mwarning: 案情摘要：摘要中案发日期（2021-05-24）应与检查勘验日期（2020-04-24-15-14）没有保持一致[0m
[0;36m案情摘要：案情摘要 包含执法人员[0m
[0;31mwarning: 案情摘要：案情摘要未包含地点 或者 与检查勘验地点（四川省广安市岳池县九龙镇成果街102号）不匹配[0m
[0;31mwarning: 案情摘要：案情摘要未包含 烟草专卖零售许可证要素[0m
[0;31mwarning: 案情摘要：案情摘要未包含 卷烟数目 要素[0m
[0;31mwarning: 案情摘要：案情摘要未包含 法律条款 要素[0m
[0;31mwarning: 承办人意见：承办人意见未签名[0m
[0;36m承办人意见：承办人时间在案件调查终结报告处理意见栏所注明的日期之前[0m
[0;36m承办部门意见：同意立案[0m
[0;31mwarning: 承办部门意见：承办部门意见未签名[0m
[0;36m承办部门意见：承办部门时间在案件调查终结报告处理意见栏所注明的日期之前[0m
[0;31mwarning: 负责人意见：负责人意见未签名[0m
[0;36m负责人意见：负责人意见时间在案件调查终结报告处理意见栏所注明的日期之前[0m
立案报告表_.docx审查完毕

正在审查结案报告表_.docx，审查结果如下：
[0;31mwarning: 案由：案由填写不合法，填写内容应在“未在当地烟草专卖批发企业进货、销售非法生产的烟草专卖品、无烟草专卖零售许可证经营烟草制品零售业务、无烟草专卖品准运证运输烟草专卖品、走私烟草专卖品、销售假冒注册商标且伪劣卷烟”中。[0m
[0;31mwarning: 案由：案由填写不合法，填写内容应在“未在当地烟草专卖批发企业进货、销售非法生产的烟草专卖品、无烟草专卖零售许可证经营烟草制品零售业务、无烟草专卖品准运证运输烟草专卖品、走私烟草专卖品、销售假冒注册商标且伪劣卷烟”中。[0m
[0;31mwarning: 案由：案由填写不合法，填写内容应在“未在当地烟草专卖批发企业进货、销售非法生产的烟草专卖品、无烟草专卖零售许可证经营烟草制品零售业务、无烟草专卖品准运证运输烟草专卖品、走私烟草专卖品、销售假冒注册商标且伪劣卷烟”中。[0m
[0;31mwarning: 案由：案由填写不合法，填写内容应在“未在当地烟草专卖批发企业进货、销售非法生产的烟草专卖品、无烟草专卖零售许可证经营烟草制品零售业务、无烟草专卖品准运证运输烟草专卖品、走私烟草专卖品、销售假冒注册商标且伪劣卷烟”中。[0m
[0;31mwarning: 案由：案由填写不合法，填写内容应在“未在当地烟草专卖批发企业进货、销售非法生产的烟草专卖品、无烟草专卖零售许可证经营烟草制品零售业务、无烟草专卖品准运证运输烟草专卖品、走私烟草专卖品、销售假冒注册商标且伪劣卷烟”中。[0m
[0;31mwarning: 案由：案由与《行政处罚决定书》中的案由（未在当地烟草专卖批发企业进货）不一致！[0m
[0;31mwarning: 案由：案由与《案件处理审批表》中的案由（无烟草专卖品准运证运输烟草专卖品）不一致！[0m
[0;31mwarning: 案由：案由与《案件集体讨论记录》中的案由（无烟草专卖零售许可证经营烟草制品零售业务，销售假冒伪劣烟草制品）不一致！[0m
未在当地烟草专卖批发企业进货
[0;31mwarning: 案由：案由与《陈述申辩记录》中的案由（未在当地烟草专卖批发企业进货）不一致！[0m
[0;31mwarning: 案由：案由与《卷宗封面》中的案由（未在当地烟草专卖批发企业进货）不一致！[0m
[0;31mwarning: 立案日期：”立案日期“《立案报告表》中“负责人意见”的落款时间（2020年04月24日）不一致！[0m
[0;31mwarning: 立案日期”立案日期“与《涉案烟草专卖品核价表》中的“立案日期”（二〇二一年五月二十一日）不一致！[0m
[0;31mwarning: 立案日期：”立案日期“与《调查终结报告》中的“立案日期”（2020年4月1日）不一致！[0m
[0;31mwarning: 立案日期：”立案日期“与《案件处理审批表》中的“立案日期”（2021年01月01日）不一致！[0m
[0;31mwarning: 立案日期：”立案日期“与《延长案件调查终结审批表》中的“立案日期”（2021年01月01日）不一致！[0m
[0;31mwarning: 立案日期：”立案日期“与《卷宗封面》中的“立案日期”（2020年03月18日）不一致！[0m
[0;31mwarning: 当事人：“当事人”与《卷宗封面》中的“当事人”（郑朝刚）不一致！[0m
[0;31mwarning: 当事人：“当事人”与《立案报告表》中的“当事人”（莫诗元）不一致！[0m
[0;31mwarning: 当事人：“当事人”与《先行登记保存证据处理通知书》中的“当事人”（许白红）不一致！[0m
[0;31mwarning: 当事人：“当事人”与《抽样取证物品清单》中的“当事人”（程孝军）不一致！[0m
[0;31mwarning: 当事人：“当事人”与《涉案烟草专卖品核价表》中的“当事人”（岳池县烟草专卖局）不一致！[0m
[0;31mwarning: 当事人：“当事人”与《卷烟鉴别检验样品留样、损耗费用审批表》中的“当事人”（程孝军）不一致！[0m
[0;31mwarning: 当事人：“当事人”与《调查终结报告》中的“当事人”（程孝军）不一致！[0m
[0;31mwarning: 当事人：“当事人”与《延长案件调查终结审批表》中的“当事人”（姓名不详）不一致！[0m
[0;31mwarning: 当事人：“当事人”与《案件处理审批表》中的“当事人”（姓名不详）不一致！[0m
[0;31mwarning: 当事人：“当事人”与《先行登记保存证据处理通知书》中的“当事人”（许白红）不一致！[0m
[0;31mwarning: 当事人：当事人与《行政处罚事先告知书》中的“当事人”（曾小凤）不一致！[0m
[0;31mwarning: 文书缺失：《听证告知书》.docx不存在[0m
[0;31mwarning: 当事人：当事人与《当场行政处罚决定书》中的“当事人”（罗道成）不一致！[0m
[0;31mwarning: 当事人：当事人与《行政处罚决定书》中的“当事人”（余春辉）不一致！[0m
[0;31mwarning: 文书缺失：《违法物品销毁记录表》.docx不存在[0m
[0;31mwarning: 案情摘要：“案情摘要”并未包含时间信息！[0m
[0;31mwarning: 案情摘要：“案情摘要”并未包含地点信息！[0m
[0;31mwarning: 执行情况：“执行情况”为“未执行”，请人工核验！[0m
[0;31mwarning: 承办人结案理由：“承办人结案理由”中当事人未接受处罚，请人工核验！[0m
[0;31mwarning: 承办人结案理由：“承办人结案理由”中没有注明日期或格式日期格式不规范！[0m
[0;31mwarning: 是否建议结案：“承办部门意见”中未审查到建议结案，请人工核验！[0m
[0;31mwarning: 承办部门意见日期：“承办部门意见”中没有注明日期或格式日期格式不规范！[0m
[0;31mwarning: 负责人意见：“负责人意见”中没有注明日期或格式日期格式不规范！[0m
《结案报告表》审查完毕

正在审查行政处罚事先告知书_.docx，审查结果如下：
[0;31mwarning: 文件缺失：《涉案烟草专卖品核价表》不存在[0m
[0;31mwarning: 文件缺失：《听证告知书》不存在[0m
《行政处罚事先告知书》审查完毕

正在审查行政处罚决定书_.docx，审查结果如下：
[0;31mwarning: 【当事人】信息：与《案件处理审批表》中的记录不同[0m
[0;31mwarning: 【性别】信息：与《案件处理审批表》中的记录不同[0m
[0;31mwarning: 【住址】信息：与《案件处理审批表》中的记录不同[0m
[0;31mwarning: 对行为的定性：未匹配到。标准模板为：当事人违法了《中华人民共和国烟草专卖法实施条例》第X条规定，系未在当地烟草专卖批发企业进货的违法行为[0m
[0;31mwarning: 行政处罚的履行方式和期限：未匹配到对。标准模板为：自接到本处罚决定书15日内，应到中国XX银行XX分行XX支行XX分理处缴纳罚款。（地址：XX市XX县XX街XX号。联系电话：XXXXXX。）逾期不缴纳罚款，每日按罚款数额的3%加处罚款[0m
[0;31mwarning: 【不服处罚决定】的途径和期限：未识别到解决，请主观审查[0m
[0;31mwarning: 作出日期：应在《行政处罚事先告知》作出之日3天后[0m
[0;31mwarning: 文件缺失：《听证告知书》不存在[0m
《行政处罚决定书》审查完毕

证据先行登记保存通知书_.docx 未成功处理，已跳过。遇到错误：(2, 'No such file or directory')
证据复制提取单_.docx 未成功处理，已跳过。遇到错误：(2, 'No such file or directory')
询问笔录_.docx 未成功处理，已跳过。遇到错误：(2, 'No such file or directory')
询问（调查）通知书_.docx 未成功处理，已跳过。遇到错误：(2, 'No such file or directory')
调查终结报告_.docx 未成功处理，已跳过。遇到错误：(2, 'No such file or directory')
送达回证_.docx 未成功处理，已跳过。遇到错误：(2, 'No such file or directory')
陈述申辩记录_.docx 未成功处理，已跳过。遇到错误：("Property 'Word.Application.DisplayAlerts' can not be set.",)
{'举报记录表_.docx': ['举报形式：举报形式未有“举报”字样', '举报人有关情况：未同时填写举报人的姓名、性别、住址等基本情况', '举报内容：举报内容时间格式错误或无时间', '举报内容：举报内容信息车牌号格式错误', '接待人意见：接待人未签名', '承办部门负责人意见：承办部门负责人未签名'], '先行登记保存批准书_.docx': ['案由：“案由”与立案报告表中“案由”（涉嫌未在当地烟草专卖批发企业进货）不一致', '表格：总计：（数量）不能为空', '承办人（签名）：承办人（签名）不能为空'], '先行登记保存证据处理通知书_.docx': ['物品品种数目：与《涉案烟草专卖品核价表》不一致', '作出日期：应在《行政处罚事先告知》作出之日3天后'], '公告_.docx': ['表头：表头不能为空', '正文：时间与立案报告表案发日期【2021-04-26】不一致', '正文：地点与立案报告表地点不一致', '正文：地址不能为空', '正文：地址不能为空', '表格：总计：不能为空', '表格：总计：错误', '结尾时间：结尾时间格式错误'], '协助调查函_.docx': ['表头：表头不能为空', '表头：第几号不能为空', '表头：名字与立案报告表当事人【莫诗元】不同', '正文：应与《立案报告表》中“案由【涉嫌未在当地烟草专卖批发企业进货】”一致', '正文：需要调查什么不能为空', '联系电话：联系电话与公告中【a】不同'], '卷宗封面_.docx': ['案由：未从《行政处罚决定书》中提取到“案由”，因此无法对比，请人工核查！', '案由：”案由“与《案件处理审批表》中的 案由（无烟草专卖品准运证运输烟草专卖品）不一致！', '案由：”案由“与《案件集体讨论记录》中的”案由“（无烟草专卖零售许可证经营烟草制品零售业务，销售假冒伪劣烟草制品）不一致！', '案由：”案由“与《陈述申辩记录》中的 案由（未在当地烟草专卖批发企业进货  案件编号：金烟立[2021]第16号）不一致！', '案由：”案由“与《结案报告表》中的”案由“（生产、销售、运输、存储、投递假冒伪劣烟草制品）不一致！', '当事人：× “当事人”与《立案报告表》中的“当事人”（莫诗元）不一致！', '当事人：× “当事人”与《延长立案期限审批表》中的“当事人”（a）不一致！', '当事人：“当事人”与《先行登记保存证据处理通知书》中的“当事人”（许白红）不一致！', '当事人：“当事人”与《抽样取证物品清单》中的“当事人”（程孝军）不一致！', '当事人：“当事人”与《涉案烟草专卖品核价表》中的“当事人”（）不一致！', '当事人： “当事人”与《卷烟鉴别检验样品留样、损耗费用审批表》中的“当事人”（程孝军）不一致！', '当事人：“当事人”与《调查终结报告》中的“当事人”（蔺良飞）不一致！', '当事人：“当事人”与《延长调查终结审批表》中的“当事人”（李东）不一致！', '当事人：“当事人”与《案件处理审批表》中的“当事人”姓名不详不一致！', '当事人：“当事人”与《先行登记保存证据处理通知书》中的“当事人”（许白红）不一致！', '当事人：“当事人”与《行政处罚事先告知书》中的“当事人”（曾小凤）不一致！', '文书缺失：《听证告知》.docx不存在', '当事人：“当事人”与《当场行政处罚决定书》中的“当事人”（罗道成）不一致！', '当事人：“当事人”与《行政处罚决定书》中的“当事人”（余春辉）不一致！', '文书缺失：《违法物品销毁记录表》.docx不存在', '当事人：“当事人”与《结案报告表》中的“当事人”（李作美）不一致！', '立案日期：“立案日期”与 “立案报告表”中领导批准立案的日期（2020年04月24日）不同！', '立案日期：”立案日期“与 “涉案烟草专卖品核价表”中的“立案日期”（2021年04月26日）不同！', '立案日期：”立案日期“与 “调查终结报告”中的“立案日期”（2020年4月1日）不同！', '立案日期：”立案日期“与 “延长案件调查终结审批表”中的“立案日期”（2021年01月01日）不同！', '立案日期：“立案日期”与 “案件处理审批表”中的 立案日期（2021年01月01日）不同！', '结案日期：《结案报告表》中没有检索到结案日期，请人工核查！', '归档日期：“归档日期”应在“结案日期”（2020-04-13）之后，表中有误！', '保存期限：“保存期限”应该为 永久！', '承办人：承办人填写不规范！', '处理结果：此文书中的“处理结果”和《行政处罚决定书》中“处理结果”不一致，请人工核查！', '共计页数：共计页数 不应为空！'], '卷烟鉴别检验样品留样、损耗费用审批表_.docx': ['表头：表头不能为空', '案由：案由与立案报告表等文书中记载的案由不一致', '案发时间：案发时间与立案报告表等文书中记载的案发时间不一致', '案件当事人：案件当事人与立案报告表等文书中记载的案件当事人【莫诗元】不一致', '案件文号：案件文号不能为空', '案件文号：质检报告文号不能为空', '表格：查获数量(条) 合计错误', '表格：数量（条） 合计错误', '表格：单价(元/条) 合计错误', '表格：金额（元） 合计错误', '承办人意见：未明确损耗金额或者损耗金额合计错误', '承办人意见：日期应在处罚决定书《送达回证》签收日期【2021年4月1日】之后', '承办部门意见：承办部门意见意见不能为空', '财务部门审核意见：财务部门审核意见不能为空', '负责人审批：负责人审批不能为空', '收款人签名签名：不能为空', '收款人签名：收款人签名时间错误'], '名录库-记录人.txt': ['不存在表\n-----------------------------------'], '名录库-询问人.txt': ['不存在表\n-----------------------------------'], '听证告知书_.docx': ['案发时间：与《案件调查终结报告》不一致,请检查，并参考文档检查格式', '违法条款：与《案件调查终结报告》不一致,请检查，并参考文档检查格式', '处罚依据：与《案件调查终结报告》不一致,请检查，并参考文档检查格式'], '延长案件调查终结审批表_.docx': ['不存在表\n-----------------------------------'], '延长立案期限告知书_.docx': ['表头：表头不能为空', '签收日期：签收时间格式错误', '送达人：送达人不能为空，至少两哥执法人员签字'], '延长立案期限审批表_.docx': ['案由：违法行为前未填写“涉嫌”二字', '当事人：“当事人”没有与立案报告表中“当事人”（莫诗元）保持一致', '当事人：“证件类型及号码”没有与立案报告表中证件类型及号码（身份证：510121198605225055）保持一致', '当事人：地址不能为空', '案情摘要：案情摘要不能为空', '延长立案期限事由及期限：延长立案期限事由及期限不能为空', '延长立案期限事由及期限：延长立案期限事由及期限未签名', '延长立案期限事由及期限：延长立案期限事由及期限未注明日期', '承办部门意见：未明确表明是否延长', '承办部门意见：承办部门意见未签名', '承办部门意见：承办部门意见未注明日期', '负责人意见：负责人意见不能为空', '负责人意见：负责人意见未签名', '负责人意见：负责人意见未注明日期'], '延长调查期限告知书_.docx': ['被告知人名字/名称：与《立案报告表》当事人不一致', '作出日期：作出日期应在《延长调查终结审批表》做出时间一致或之后'], '延长调查终结审批表_.docx': ['案由：与《立案报告表》不一致,《立案报告表》中为：涉嫌未在当地烟草专卖批发企业进货', '立案日期：与《立案报告表》立案日期（即负责人意见签名时间）不一致', '当事人：与《立案报告表》不一致,《立案报告表》中为：莫诗元', '证件类型及号码：与《立案报告表》不一致,《立案报告表》中为：身份证：510121198605225055', '地址：与《立案报告表》不一致,《立案报告表》中为：身份证住址：四川省中江县兴隆镇龙河村4组', '案情摘要：与《立案报告表》不一致,《立案报告表》中为：2021年05月24日，我局执法人员在黑龙江省广安市的岳池县九龙镇成果街102号，从卷烟持证经营户莫诗元的经营场所“月儿副食店”内，查获国产真品卷烟：遂我局执法人员依法将上述卷烟予以先行登记保存，并现场出具证据《先行登记保存通知书》，以待进一步调查。'], '当场行政处罚决定书_.docx': ['当事人名称（姓名）：在本表或《检查（勘验）笔录》中为空', '法定代表人（负责人）：在本表或《检查（勘验）笔录》中为空', '民族：在本表或《检查（勘验）笔录》中为空', '证件类型及号码：与《检查（勘验）笔录》中的记录不同', '联系电话：与《检查（勘验）笔录》中的记录不同', '身份证住址：与《检查（勘验）笔录》中的记录不同', '经营地址：在本表或《检查（勘验）笔录》中为空', '烟草专卖许可证号码：与《检查（勘验）笔录》中的记录不同', '违法行为时间：未检索到。请检查时间格式是否规范，时间格式应为xxxx年xx月xx日xx时，中间不得有空格', '匹配失败：标准模板格式为：XXXX的行为,违反了XXXXX,现依据XXXXX规定,处以第X项行政处罚', '匹配失败：标准模板格式为：向XXX人民法院起诉', '签名数量：应当有两名以上执法人员签字，并注明执法证号。', '当事人签名：不能为空'], '抽样取证物品清单_.docx': ['当事人：“当事人”（程孝军）与立案报告表中的“当事人”（莫诗元）不一致', '立案编号：“立案编号”（烟立[2021]第67号）与立案报告表中的编号（新烟立[]第号）不一致', '承办人（签名）：不能为空', '负责人意见并签名：没有同意或者不同意字样', '当事人（签名）： 日期与抽样时间不同', '见证人（签名）：不能为空'], '指定管辖通知书_.docx': ['表头：表头不能为空', '正文：内容与立案报告表中“当事人”（莫诗元）和“案由”（涉嫌未在当地烟草专卖批发企业进货）不一致'], '撤销立案报告表_.docx': ['案由：案由与《立案报告表》不一致', '案件来源：案件来源与《立案报告表》不一致', '案发时间：案发时间与《立案报告表》不一致', '案发地点：案发地点与《立案报告表》不一致', '当事人：当事人与《立案报告表》不一致', '证件类型及号码：证件类型及号码与《立案报告表》不一致', '地址：地址与《立案报告表》不一致', '案情摘要：案情摘要与《立案报告表》不一致', '承办人意见_承办人签名：需由两名承办人签字', '承办部门意见：签名不能为空', '负责人意见：签名不能为空'], '条形码_.docx': [], '案件处理审批表_.docx': ['案由：与《延长调查终结审批表》不一致延长调查终结审批表中的案由为：涉嫌无烟草专卖品准运证运输烟草专卖品', '立案日期：与《立案报告表》中的“负责人意见”的时间不同', '身份证信息缺失：文件夹中没有包含《证据复制提取单》或《证据复制提取单》不包含身份证信息！因此无法比较当事人信息！', '案发时间：与《立案报告表》中记载的2020年04月24日10时50分不一致', '文件缺失：《涉案物品返回清单》不存在', '涉案金额：未捕捉到涉案金额信息', '承办部门意见日期：在“承办人意见”的日期之前', '法制部门意见：不含有关键词“同意”、“不同意”二者之一', '法制部门意见日期：在“承办人意见”的日期之前', '负责人意见日期：在“法制部门意见”的日期之前', '日期不符：案件事实中的日期为2021年1月1日,与检查（勘验）时间的开始时间不一致', '案件事实地点：与检查（勘验）地点不一致', '案件事实：不包含烟草专卖零售许可证', '案件事实：不包含卷烟数目', '案件事实：不包含法律条款', "文档存在格式错误，函数失效：self.about_discretionary_power() 遇到错误:(2, 'No such file or directory')"], '案件移送函_.docx': ['表头：表头不能为空', '表头：第几号不能为空', '名字：名字与立案报告表当事人不同', '正文：不能为空', '正文：份不能为空', '正文：页不能为空', '正文：移送财物清单几页不能为空', '经办人：不能为空', '批准人：不能为空'], '案件移送回执_.docx': ['接收时间：接收时间在《案件移送函》作出时间【737720】之前', '接收单位意见：不能为空', '经办人：不能为空', '结尾时间：结尾时间错误在《案件移送函》作出时间【2021-1-24】之前'], '案件调查终结报告_.docx': ['案由：案由一栏应该加[涉嫌]两字', '案由：与《立案报告表》的案由不一致', '立案日期：立案日期与《立案报告表》立案日期（即负责人意见签名时间）不一致', '证件类型及号码：《立案报告表》的证件类型及号码不一致', '当事人：与《立案报告表》的当事人不一致', '案件性质：与《立案报告表》的案由不一致', '调查事实：未得出是否已经查明事实', '调查事实：日期为2020年4月1日,与检查（勘验）时间的开始时间不一致', '调查事实：地点与检查（勘验）地点不一致', '调查事实：不包含卷烟数目', '调查事实：不包含法律条款'], '案件集体讨论记录_.docx': ['案由：与《案件调查终结报告》不一致，案件调查终结报告中的案由为：无烟草专卖品准运证运输烟草专卖品', '案由：与《延长调查终结审批表》不一致，延长调查终结审批表中的案由为：涉嫌无烟草专卖品准运证运输烟草专卖品', '案件编号：与《立案报告表》中编号不一致', '时间：提示。时间应当在《案件处理审批表》记载的时间之前。请主观审查。', '姓名个数：为双数。应当为单数。', '“处理意见”：与《案件调查终结报告》中的“处理意见”不一致', '签名：提示。签名应当与第7项中出席人员姓名对应，签署意见应当为“同意”“不同意”“保留”或者“弃权”中的一种。请主观审查。'], '检查（勘验）笔录_.docx': ['检查（勘验）地点：检查（勘验）地点（四川省广安市岳池县九龙镇成果街102号）与立案报告表“案发地点”（四川省成都市新都区石板滩镇东环西街71号）不一致', '证件类型及号码：检查（勘验）笔录“证件类型及号码”（身份证：511622198308017318 ）与立案报告表“证件类型及号码”（身份证：510121198605225055）不一致', '住址：检查（勘验）笔录“住址”（四川省广安市岳池县九龙镇成果街102号）与立案报告表“案发地点”（四川省成都市新都区石板滩镇东环西街71号）不一致', '主观审查：性别、联系电话、烟草专卖许可证号码、现场负责人主观审查。', '法定代表人（负责人）：法定代表人（负责人）不能为空', '与被检查（勘验）人关系：与被检查（勘验）人关系不能为空', '告知事项：告知事项 中 未说明来意', '现场情况：“现场情况”中的日期（2021年4月27日15时14分，本局行政执法人员杨斌等3人，来到四川省广安市岳池县九龙镇成果街102号程孝军的经营场所，当事人有烟草专卖零售许可证，在当事人程孝军在场的情况下，当场在周小云经营门市的烟柜查获1、涉嫌未在当地烟草专卖批发企业进货的烟草制品：84mm钻石（荷花）1条、97mm南京（炫赫门炫彩）1条、84mm中华（硬）1条、84mm娇子（软宽窄平安）1条、88mm天子（中国心中支）1条、84mm娇子（五粮醇香）1条、84mm娇子（五粮浓香细支）1条，共计7个品种8条卷烟；2、涉嫌存储假冒伪劣烟草制品：84mm钻石（荷花）1条，计1个品种1条卷烟。经请示单位局长尹小红同意后，向当事人程孝军开具了岳烟存通第21082600588号证据先行登记保存通知书，对查获的涉案烟草制品予以先行登记保存，经当事人程孝军对品种、数量核对签字确认。）应与“检查（勘验）时间”的开始时间（2020年04月24日15时14分）不一致', '告知事项：告知事项与现场情况 中 未含有出示证件要素', '告知事项：告知事项文本中的执法人员 不足两人', '告知事项：现场情况文本中的执法人员 不足两人'], '涉案烟草专卖品核价表_.docx': ['正文时间：时间与立案时间不一致', '表格：合计总数量出错', '经办人：经办人不能为空', '当事人：当事人不能为空', '结尾日期：结尾时间不得在案件调查终结报告处理意见栏所注明的日期之后', '质检报告：不存在质检报告'], '涉案物品返还清单_.docx': ['物品数目：与《涉案烟草专卖品核价表》中数量1不一致', '返还时间或接收时间：未填写'], '移送财物清单_.docx': ['移送函编号：不能为空', '接收人：不能为空', '接收人：时间错误'], '立案报告表_.docx': ['表头：表头不能为空', '案件来源：案件来源为空', '案发时间：案发时间（2020年04月24日10时50分）与检查（勘验）笔录开始检查时间，以及案件调查终结报告等文书中所记录的日期（2020年04月24日15时14分）不一致', '案发地点：案发地点（四川省成都市新都区石板滩镇东环西街71号）应与检查（勘验）笔录记载的的被检查（勘验）地点（四川省广安市岳池县九龙镇成果街102号）不一致', '案发地点：案发地点（四川省成都市新都区石板滩镇东环西街71号）应与询问（调查）通知书记载的的被检查（勘验）地点（简阳市简城镇五友路沱江家园底楼门市）不一致', '当事人：当事人姓名（莫诗元）与行政处罚决定书、检查（勘验）笔录、证据先行登记保存批准书等文书所记载的当事人名称（姓名）（程孝军）不一致', '证件类型及号码：证件类型及号码格式不正确，应为 ”身份证号：XXXX“', '地址：地址（身份证住址：四川省中江县兴隆镇龙河村4组）与行政处罚决定书所记载的当事人住址、证据复制（提取）单当事人身份证记载地址、询问笔录当事人住址、案件处理审批表住址、结案报告表地址所记载的内容（513029196209014714/宣汉县樊哙镇水田村李姐副食）没有保持一致', '案情摘要：摘要中案发日期（[2021, 5, 24]）应与案发时间栏日期（[2020, 4, 24]）没有保持一致', '案情摘要：摘要中案发日期（2021-05-24）应与检查勘验日期（2020-04-24-15-14）没有保持一致', '案情摘要：案情摘要未包含地点 或者 与检查勘验地点（四川省广安市岳池县九龙镇成果街102号）不匹配', '案情摘要：案情摘要未包含 烟草专卖零售许可证要素', '案情摘要：案情摘要未包含 卷烟数目 要素', '案情摘要：案情摘要未包含 法律条款 要素', '承办人意见：承办人意见未签名', '承办部门意见：承办部门意见未签名', '负责人意见：负责人意见未签名'], '结案报告表_.docx': ['案由：案由填写不合法，填写内容应在“未在当地烟草专卖批发企业进货、销售非法生产的烟草专卖品、无烟草专卖零售许可证经营烟草制品零售业务、无烟草专卖品准运证运输烟草专卖品、走私烟草专卖品、销售假冒注册商标且伪劣卷烟”中。', '案由：案由填写不合法，填写内容应在“未在当地烟草专卖批发企业进货、销售非法生产的烟草专卖品、无烟草专卖零售许可证经营烟草制品零售业务、无烟草专卖品准运证运输烟草专卖品、走私烟草专卖品、销售假冒注册商标且伪劣卷烟”中。', '案由：案由填写不合法，填写内容应在“未在当地烟草专卖批发企业进货、销售非法生产的烟草专卖品、无烟草专卖零售许可证经营烟草制品零售业务、无烟草专卖品准运证运输烟草专卖品、走私烟草专卖品、销售假冒注册商标且伪劣卷烟”中。', '案由：案由填写不合法，填写内容应在“未在当地烟草专卖批发企业进货、销售非法生产的烟草专卖品、无烟草专卖零售许可证经营烟草制品零售业务、无烟草专卖品准运证运输烟草专卖品、走私烟草专卖品、销售假冒注册商标且伪劣卷烟”中。', '案由：案由填写不合法，填写内容应在“未在当地烟草专卖批发企业进货、销售非法生产的烟草专卖品、无烟草专卖零售许可证经营烟草制品零售业务、无烟草专卖品准运证运输烟草专卖品、走私烟草专卖品、销售假冒注册商标且伪劣卷烟”中。', '案由：案由与《行政处罚决定书》中的案由（未在当地烟草专卖批发企业进货）不一致！', '案由：案由与《案件处理审批表》中的案由（无烟草专卖品准运证运输烟草专卖品）不一致！', '案由：案由与《案件集体讨论记录》中的案由（无烟草专卖零售许可证经营烟草制品零售业务，销售假冒伪劣烟草制品）不一致！', '案由：案由与《陈述申辩记录》中的案由（未在当地烟草专卖批发企业进货）不一致！', '案由：案由与《卷宗封面》中的案由（未在当地烟草专卖批发企业进货）不一致！', '立案日期：”立案日期“《立案报告表》中“负责人意见”的落款时间（2020年04月24日）不一致！', '立案日期”立案日期“与《涉案烟草专卖品核价表》中的“立案日期”（二〇二一年五月二十一日）不一致！', '立案日期：”立案日期“与《调查终结报告》中的“立案日期”（2020年4月1日）不一致！', '立案日期：”立案日期“与《案件处理审批表》中的“立案日期”（2021年01月01日）不一致！', '立案日期：”立案日期“与《延长案件调查终结审批表》中的“立案日期”（2021年01月01日）不一致！', '立案日期：”立案日期“与《卷宗封面》中的“立案日期”（2020年03月18日）不一致！', '当事人：“当事人”与《卷宗封面》中的“当事人”（郑朝刚）不一致！', '当事人：“当事人”与《立案报告表》中的“当事人”（莫诗元）不一致！', '当事人：“当事人”与《先行登记保存证据处理通知书》中的“当事人”（许白红）不一致！', '当事人：“当事人”与《抽样取证物品清单》中的“当事人”（程孝军）不一致！', '当事人：“当事人”与《涉案烟草专卖品核价表》中的“当事人”（岳池县烟草专卖局）不一致！', '当事人：“当事人”与《卷烟鉴别检验样品留样、损耗费用审批表》中的“当事人”（程孝军）不一致！', '当事人：“当事人”与《调查终结报告》中的“当事人”（程孝军）不一致！', '当事人：“当事人”与《延长案件调查终结审批表》中的“当事人”（姓名不详）不一致！', '当事人：“当事人”与《案件处理审批表》中的“当事人”（姓名不详）不一致！', '当事人：“当事人”与《先行登记保存证据处理通知书》中的“当事人”（许白红）不一致！', '当事人：当事人与《行政处罚事先告知书》中的“当事人”（曾小凤）不一致！', '文书缺失：《听证告知书》.docx不存在', '当事人：当事人与《当场行政处罚决定书》中的“当事人”（罗道成）不一致！', '当事人：当事人与《行政处罚决定书》中的“当事人”（余春辉）不一致！', '文书缺失：《违法物品销毁记录表》.docx不存在', '案情摘要：“案情摘要”并未包含时间信息！', '案情摘要：“案情摘要”并未包含地点信息！', '执行情况：“执行情况”为“未执行”，请人工核验！', '承办人结案理由：“承办人结案理由”中当事人未接受处罚，请人工核验！', '承办人结案理由：“承办人结案理由”中没有注明日期或格式日期格式不规范！', '是否建议结案：“承办部门意见”中未审查到建议结案，请人工核验！', '承办部门意见日期：“承办部门意见”中没有注明日期或格式日期格式不规范！', '负责人意见：“负责人意见”中没有注明日期或格式日期格式不规范！'], '行政处罚事先告知书_.docx': ['文件缺失：《涉案烟草专卖品核价表》不存在', '文件缺失：《听证告知书》不存在'], '行政处罚决定书_.docx': ['【当事人】信息：与《案件处理审批表》中的记录不同', '【性别】信息：与《案件处理审批表》中的记录不同', '【住址】信息：与《案件处理审批表》中的记录不同', '对行为的定性：未匹配到。标准模板为：当事人违法了《中华人民共和国烟草专卖法实施条例》第X条规定，系未在当地烟草专卖批发企业进货的违法行为', '行政处罚的履行方式和期限：未匹配到对。标准模板为：自接到本处罚决定书15日内，应到中国XX银行XX分行XX支行XX分理处缴纳罚款。（地址：XX市XX县XX街XX号。联系电话：XXXXXX。）逾期不缴纳罚款，每日按罚款数额的3%加处罚款', '【不服处罚决定】的途径和期限：未识别到解决，请主观审查', '作出日期：应在《行政处罚事先告知》作出之日3天后', '文件缺失：《听证告知书》不存在']}

***********************************************************************
日志信息 2022-07-20 15:29:20
审查命令:C:\WorkSpace\tobacco-master\HeTongZuCode\Hetong_api.py 'C:\Users\Administrator\Desktop\合同组测试用例\标准文件\建筑合同.docx' standard 4 C:\审查结果\20220720152918
审核结果:处理：1个文件
{"status": false}

***********************************************************************
日志信息 2022-07-20 15:34:33
审查命令:C:\WorkSpace\tobacco-master\HeTongZuCode\Hetong_api.py 'C:\Users\Administrator\Desktop\合同组测试用例\标准文件\建筑合同.docx' standard 4 C:\审查结果\20220720153418
审核结果:处理：1个文件
{"status": false}

***********************************************************************
日志信息 2022-07-20 15:35:16
审查命令:C:\WorkSpace\tobacco-master\HeTongZuCode\Hetong_api.py 'C:\Users\Administrator\Desktop\合同组测试用例\标准文件\建筑合同.docx' standard 4 C:\审查结果\20220720153515
审核结果:处理：1个文件
{"status": false}

***********************************************************************
日志信息 2022-07-20 15:41:34
审查命令:C:\WorkSpace\tobacco-master\HeTongZuCode\Hetong_api.py 'C:\Users\Administrator\Desktop\合同组测试用例\标准文件\建筑合同.docx' standard 4 C:\审查结果\20220720154045
审核结果:处理：1个文件
{"status": true}

***********************************************************************
日志信息 2022-07-20 15:43:20
审查命令:C:\WorkSpace\tobacco-master\HeTongZuCode\Hetong_api.py 'C:\Users\Administrator\Desktop\合同组测试用例\标准文件\物业管理合同.docx' standard 3 C:\审查结果\20220720154202
审核结果:处理：1个文件
{"status": true}

