***********************************************************************
日志信息 2022-10-30 11:04:25
审查命令:C:\WorkSpace\tobacco-master\yancaoRegularDemo\Anjuan_api.py C:\Users\Administrator\Desktop\烟草输入文件夹 C:\NewFile\Test\20221030110325
审查案卷返回:正在审查先行登记保存证据处理通知书_ (12).docx，审查结果如下：
[0;31mwarning: 文件缺失：《证据先行登记保存通知书》不存在[0m
[0;31mwarning: 品种规格：与《涉案烟草专卖品核价表》不一致，未在此表中查询到的关键词为：兰州（硬黄）84mm0.20[0m
[0;31mwarning: 文件缺失：《行政处罚事先告知书》不存在[0m
《先行登记保存证据处理通知书》审查完毕

正在审查案件处理审批表_ (14).docx，审查结果如下：
[0;31mwarning: 文件缺失：《案件调查终结报告》.docx不存在[0m
[0;31mwarning: 文件缺失：《延长调查终结审批表》.docx不存在[0m
[0;31mwarning: 文件缺失：《延长调查期限告知书》不存在[0m
文档存在格式错误，函数失效：self.check_cause_of_action() 遇到错误:('list index out of range',)
[0;36m立案日期：正确。与《立案报告表》中的“负责人意见”的时间相同[0m
[0;31mwarning: 身份证信息缺失：文件夹中没有包含《证据复制提取单》或《证据复制提取单》不包含身份证信息！因此无法比较当事人信息！[0m
[0;36m案发时间：正确。与《立案报告表》中记载的一致[0m
[0;31mwarning: 文件缺失：《涉案物品返回清单》不存在[0m
[0;31mwarning: 涉案金额：未捕捉到涉案金额信息[0m
[0;31mwarning: 文件缺失：《案件集体讨论记录》不存在[0m
[0;36m承办部门意见：正确。为同意[0m
[0;31mwarning: 承办部门意见日期：在“承办人意见”的日期之前[0m
[0;31mwarning: 法制部门意见：不含有关键词“同意”、“不同意”二者之一[0m
[0;31mwarning: 法制部门意见日期：在“承办人意见”的日期之前[0m
[0;36m负责人意见：正确。为同意[0m
[0;31mwarning: 负责人意见日期：在“法制部门意见”的日期之前[0m
[0;31mwarning: 文件缺失：《检查（勘验）笔录》不存在[0m
[0;31mwarning: 案件事实：不包含卷烟数目[0m
[0;31mwarning: 案件事实：不包含法律条款[0m
rdfpath: 
C:\WorkSpace\tobacco-master\zhishitupu\rdf\成都市局\37.rdf
rdfpath: C:\WorkSpace\tobacco-master\zhishitupu\rdf\成都市局\37.rdf
[0;31mwarning: 自由裁量权：“承办人意见”中不存在“从轻“字样，且不存在从轻证据。“承办人意见”中不存在“从重“字样。“承办人意见”中不存在“从轻“字样，且不存在从轻证据。“承办人意见”中不存在“从重“字样。案由“无烟草专卖零售许可证经营烟草制品零售业务”的处罚结果为——“[]”,无法确定理应的处罚档次，请人工核查！[0m
《案件处理审批表》审查完毕

正在审查涉案烟草专卖品核价表_ (19).docx，审查结果如下：
[0;36m名字:名字不为空[0m
[0;36m正文时间：时间与立案时间一致[0m
文档存在格式错误，函数失效：self.formRight() 遇到错误:("Package not found at 'C:\\NewFile/Test/20221030110325/涉案烟草专卖品核价表_.docx'",)
[0;31mwarning: 当事人：当事人不能为空[0m
涉案烟草专卖品核价表_ (19).docx审查完毕

正在审查涉案物品返还清单_ (10).docx，审查结果如下：
涉案物品返还清单_ (10).docx 未成功处理，已跳过。遇到错误：('list index out of range',)
正在审查立案报告表_ (21).docx，审查结果如下：
C:\NewFile/Test/20221030110325/立案报告表_ (21).docx
[0;36m案由：案由不为空,主观审查[0m
[0;36m案由：案由格式正确[0m
[0;36m案由：案由与卷宗封面、行政处罚决定书、证据先行登记保存通知书、委托鉴定告知书、询问（调查）通知书等文书保持一致[0m
[0;36m案件来源：案件来源不为空,主观审查[0m
[0;31mwarning: 检查（勘验）时间：《勘验（检查）笔录》不存在[0m
[0;31mwarning: 案发时间：缺少检查（勘验）笔录开始检查时间[0m
[0;31mwarning: 案发地点：“案发地点”格式不正确，应具体到XX市XX县（区）XX乡镇（街道）XX号[0m
[0;31mwarning: 检查（勘验）地点：《勘验（检查）笔录》不存在[0m
[0;31mwarning: 案发地点：缺少检查（勘验）笔录地点[0m
[0;31mwarning: 案发地点：《勘验（检查）笔录》不存在[0m
[0;36m当事人：当事人姓名与行政处罚决定书、检查（勘验）笔录、证据先行登记保存批准书等文书所记载的当事人名称（姓名）一致[0m
[0;31mwarning: 证件类型及号码：证件类型及号码格式不正确，应为 ”身份证号：XXXX“[0m
[0;31mwarning: 地址：地址（四川省绵竹市什地镇和平村9组）与行政处罚决定书所记载的当事人住址、证据复制（提取）单当事人身份证记载地址、询问笔录当事人住址、案件处理审批表住址、结案报告表地址所记载的内容（四川省绵竹市什地镇和平村9组四川省绵竹市什地镇和平村9组绵竹市什地镇同义村1组）没有保持一致[0m
[0;36m案情摘要：摘要中案发日期应与案发时间栏日期一致[0m
[0;31mwarning: 案情摘要：检查勘验 日期无法找到[0m
[0;36m案情摘要：案情摘要 包含执法人员[0m
[0;31mwarning: 案情摘要：无法得到 检查勘验地点[0m
[0;31mwarning: 案情摘要：案情摘要未包含 烟草专卖零售许可证要素[0m
[0;36m案情摘要：案情摘要包含 卷烟数目要素[0m
[0;31mwarning: 案情摘要：案情摘要未包含 法律条款 要素[0m
[0;31mwarning: 承办人意见：案件调查终结报告处理意见栏未注明日期[0m
[0;36m承办部门意见：同意立案[0m
[0;31mwarning: 承办部门意见：承办部门意见未签名[0m
[0;31mwarning: 承办部门意见：案件调查终结报告处理意见栏未注明日期[0m
[0;31mwarning: 负责人意见：负责人意见未签名[0m
[0;31mwarning: 负责人意见：案件调查终结报告处理意见栏未注明日期[0m
立案报告表_ (21).docx审查完毕

正在审查结案报告表_ (15).docx，审查结果如下：
[0;31mwarning: 文书缺失：《案件集体讨论记录》.docx不存在[0m
[0;31mwarning: 文书缺失：《陈述申辩记录》.docx不存在[0m
[0;31mwarning: 文书缺失：《卷宗封面》.docx不存在[0m
[0;31mwarning: 立案日期”立案日期“与《涉案烟草专卖品核价表》中的“立案日期”（二〇二一年一月十五日）不一致！[0m
[0;31mwarning: 文书缺失：《调查终结报告》.docx不存在[0m
[0;31mwarning: 文书缺失：《延长案件调查终结审批表》.docx不存在[0m
[0;31mwarning: 文书缺失：《卷宗封面》.docx不存在[0m
[0;31mwarning: 文书缺失：《卷宗封面》.docx不存在[0m
[0;31mwarning: 文书缺失：《抽样取证物品清单》.docx不存在[0m
[0;31mwarning: 当事人：“当事人”与《涉案烟草专卖品核价表》中的“当事人”（绵竹市烟草专卖局）不一致！[0m
[0;31mwarning: 文书缺失：《卷烟鉴别检验样品留样、损耗费用审批表》.docx不存在[0m
[0;31mwarning: 文书缺失：《调查终结报告》.docx不存在[0m
[0;31mwarning: 文书缺失：《延长案件调查终结审批表》.docx不存在[0m
[0;31mwarning: 文书缺失：《行政处罚事先告知书》.docx不存在[0m
[0;31mwarning: 文书缺失：《听证告知书》.docx不存在[0m
[0;31mwarning: 文书缺失：《当场行政处罚决定书》.docx不存在[0m
[0;31mwarning: 文书缺失：《违法物品销毁记录表》.docx不存在[0m
[0;31mwarning: 案情摘要：“案情摘要”并未包含时间信息！[0m
[0;31mwarning: 案情摘要：“案情摘要”并未包含地点信息！[0m
[0;31mwarning: 执行情况：“执行情况”为“未执行”，请人工核验！[0m
[0;31mwarning: 承办人结案理由：“承办人结案理由”中当事人未接受处罚，请人工核验！[0m
[0;31mwarning: 是否建议结案：“承办部门意见”中未审查到建议结案，请人工核验！[0m
[0;31mwarning: 负责人意见：“负责人意见”中没有注明日期或格式日期格式不规范！[0m
《结案报告表》审查完毕

正在审查行政处罚事先告知_ (4).docx，审查结果如下：
文档存在格式错误，函数失效：self.check_varieties_and_specifications() 遇到错误:('list index out of range',)
[0;31mwarning: 文件缺失：《案件调查终结报告》不存在[0m
[0;31mwarning: 文件缺失：《听证告知书》不存在[0m
行政处罚事先告知_ (4).docx 未成功处理，已跳过。遇到错误：('Open.Save',)
正在审查行政处罚决定书_ (13).docx，审查结果如下：
[0;31mwarning: 【当事人】信息：与《案件处理审批表》中的记录不同[0m
文档存在格式错误，函数失效：self.check_difference() 遇到错误:('Open.Comments',)
文档存在格式错误，函数失效：self.check_case_facts() 遇到错误:('Open.Comments',)
文档存在格式错误，函数失效：self.check_template_one() 遇到错误:('Open.Comments',)
[0;31mwarning: 对行为的定性：未匹配到。标准模板为：当事人违法了《中华人民共和国烟草专卖法实施条例》第X条规定，系未在当地烟草专卖批发企业进货的违法行为[0m
文档存在格式错误，函数失效：self.check_template_two() 遇到错误:('Open.Comments',)
文档存在格式错误，函数失效：self.check_template_three() 遇到错误:('Open.Comments',)
[0;31mwarning: 行政处罚的履行方式和期限：未匹配到对。标准模板为：自接到本处罚决定书15日内，应到中国XX银行XX分行XX支行XX分理处缴纳罚款。（地址：XX市XX县XX街XX号。联系电话：XXXXXX。）逾期不缴纳罚款，每日按罚款数额的3%加处罚款[0m
文档存在格式错误，函数失效：self.check_template_four() 遇到错误:('Open.Comments',)
[0;31mwarning: 【不服处罚决定】的途径和期限：未识别到解决，请主观审查[0m
文档存在格式错误，函数失效：self.check_template_five() 遇到错误:('Open.Comments',)
[0;31mwarning: 作出日期：应在《行政处罚事先告知》作出之日3天后[0m
文档存在格式错误，函数失效：self.check_template_six() 遇到错误:('Open.Comments',)
行政处罚决定书_ (13).docx 未成功处理，已跳过。遇到错误：('Open.Save',)
正在审查询问笔录_ (4).docx，审查结果如下：
[0;31mwarning: 询问时间：未查询到 询问时间[0m
文档存在格式错误，函数失效：self.timeRight() 遇到错误:('Open.Comments',)
文档存在格式错误，函数失效：self.peopleRight() 遇到错误:(2, '系统找不到指定的路径。')
询问笔录_ (4).docx 未成功处理，已跳过。遇到错误：('Open.Save',)
正在审查送达回证_ (14).docx，审查结果如下：
绵烟处[2021]第15号
送达回证_ (14).docx 未成功处理，已跳过。遇到错误：('Open.Close',)
{'~$处理决定书_.docx': ['不存在表\n-----------------------------------'], '先行登记保存证据处理通知书_ (12).docx': ['文件缺失：《证据先行登记保存通知书》不存在', '品种规格：与《涉案烟草专卖品核价表》不一致，未在此表中查询到的关键词为：兰州（硬黄）84mm0.20', '文件缺失：《行政处罚事先告知书》不存在'], '案件处理审批表_ (14).docx': ['文件缺失：《案件调查终结报告》.docx不存在', '文件缺失：《延长调查终结审批表》.docx不存在', '文件缺失：《延长调查期限告知书》不存在', "文档存在格式错误，函数失效：self.check_cause_of_action() 遇到错误:('list index out of range',)", '身份证信息缺失：文件夹中没有包含《证据复制提取单》或《证据复制提取单》不包含身份证信息！因此无法比较当事人信息！', '文件缺失：《涉案物品返回清单》不存在', '涉案金额：未捕捉到涉案金额信息', '文件缺失：《案件集体讨论记录》不存在', '承办部门意见日期：在“承办人意见”的日期之前', '法制部门意见：不含有关键词“同意”、“不同意”二者之一', '法制部门意见日期：在“承办人意见”的日期之前', '负责人意见日期：在“法制部门意见”的日期之前', '文件缺失：《检查（勘验）笔录》不存在', '案件事实：不包含卷烟数目', '案件事实：不包含法律条款', '自由裁量权：“承办人意见”中不存在“从轻“字样，且不存在从轻证据。“承办人意见”中不存在“从重“字样。“承办人意见”中不存在“从轻“字样，且不存在从轻证据。“承办人意见”中不存在“从重“字样。案由“无烟草专卖零售许可证经营烟草制品零售业务”的处罚结果为——“[]”,无法确定理应的处罚档次，请人工核查！'], '案件调查处理审批表_ (2).docx': ['不存在表\n-----------------------------------'], '涉案烟草专卖品核价表_ (19).docx': ['文档存在格式错误，函数失效：self.formRight() 遇到错误:("Package not found at \'C:\\\\NewFile/Test/20221030110325/涉案烟草专卖品核价表_.docx\'",)', '当事人：当事人不能为空'], '立案报告表_ (21).docx': ['检查（勘验）时间：《勘验（检查）笔录》不存在', '案发时间：缺少检查（勘验）笔录开始检查时间', '案发地点：“案发地点”格式不正确，应具体到XX市XX县（区）XX乡镇（街道）XX号', '检查（勘验）地点：《勘验（检查）笔录》不存在', '案发地点：缺少检查（勘验）笔录地点', '案发地点：《勘验（检查）笔录》不存在', '证件类型及号码：证件类型及号码格式不正确，应为 ”身份证号：XXXX“', '地址：地址（四川省绵竹市什地镇和平村9组）与行政处罚决定书所记载的当事人住址、证据复制（提取）单当事人身份证记载地址、询问笔录当事人住址、案件处理审批表住址、结案报告表地址所记载的内容（四川省绵竹市什地镇和平村9组四川省绵竹市什地镇和平村9组绵竹市什地镇同义村1组）没有保持一致', '案情摘要：检查勘验 日期无法找到', '案情摘要：无法得到 检查勘验地点', '案情摘要：案情摘要未包含 烟草专卖零售许可证要素', '案情摘要：案情摘要未包含 法律条款 要素', '承办人意见：案件调查终结报告处理意见栏未注明日期', '承办部门意见：承办部门意见未签名', '承办部门意见：案件调查终结报告处理意见栏未注明日期', '负责人意见：负责人意见未签名', '负责人意见：案件调查终结报告处理意见栏未注明日期'], '结案报告表_ (15).docx': ['文书缺失：《案件集体讨论记录》.docx不存在', '文书缺失：《陈述申辩记录》.docx不存在', '文书缺失：《卷宗封面》.docx不存在', '立案日期”立案日期“与《涉案烟草专卖品核价表》中的“立案日期”（二〇二一年一月十五日）不一致！', '文书缺失：《调查终结报告》.docx不存在', '文书缺失：《延长案件调查终结审批表》.docx不存在', '文书缺失：《卷宗封面》.docx不存在', '文书缺失：《卷宗封面》.docx不存在', '文书缺失：《抽样取证物品清单》.docx不存在', '当事人：“当事人”与《涉案烟草专卖品核价表》中的“当事人”（绵竹市烟草专卖局）不一致！', '文书缺失：《卷烟鉴别检验样品留样、损耗费用审批表》.docx不存在', '文书缺失：《调查终结报告》.docx不存在', '文书缺失：《延长案件调查终结审批表》.docx不存在', '文书缺失：《行政处罚事先告知书》.docx不存在', '文书缺失：《听证告知书》.docx不存在', '文书缺失：《当场行政处罚决定书》.docx不存在', '文书缺失：《违法物品销毁记录表》.docx不存在', '案情摘要：“案情摘要”并未包含时间信息！', '案情摘要：“案情摘要”并未包含地点信息！', '执行情况：“执行情况”为“未执行”，请人工核验！', '承办人结案理由：“承办人结案理由”中当事人未接受处罚，请人工核验！', '是否建议结案：“承办部门意见”中未审查到建议结案，请人工核验！', '负责人意见：“负责人意见”中没有注明日期或格式日期格式不规范！']}

***********************************************************************
日志信息 2022-10-30 11:04:51
审查命令:C:\WorkSpace\tobacco-master\yancaoRegularDemo\Anjuan_api.py C:\Users\Administrator\Desktop\烟草输入文件夹 C:\NewFile\Test\20221030110421
审查案卷返回:正在审查先行登记保存证据处理通知书_ (12).docx，审查结果如下：
[0;31mwarning: 文件缺失：《证据先行登记保存通知书》不存在[0m
[0;31mwarning: 品种规格：与《涉案烟草专卖品核价表》不一致，未在此表中查询到的关键词为：兰州（硬黄）84mm0.20[0m
文档存在格式错误，函数失效：self.check_result_of_handling() 遇到错误:('Open.Comments',)
[0;31mwarning: 文件缺失：《行政处罚事先告知书》不存在[0m
先行登记保存证据处理通知书_ (12).docx 未成功处理，已跳过。遇到错误：('Open.Save',)
正在审查案件处理审批表_ (14).docx，审查结果如下：
[0;31mwarning: 文件缺失：《案件调查终结报告》.docx不存在[0m
[0;31mwarning: 文件缺失：《延长调查终结审批表》.docx不存在[0m
[0;31mwarning: 文件缺失：《延长调查期限告知书》不存在[0m
文档存在格式错误，函数失效：self.check_cause_of_action() 遇到错误:('list index out of range',)
[0;36m立案日期：正确。与《立案报告表》中的“负责人意见”的时间相同[0m
[0;31mwarning: 身份证信息缺失：文件夹中没有包含《证据复制提取单》或《证据复制提取单》不包含身份证信息！因此无法比较当事人信息！[0m
文档存在格式错误，函数失效：self.check_party_info() 遇到错误:('Open.Comments',)
[0;36m案发时间：正确。与《立案报告表》中记载的一致[0m
[0;31mwarning: 文件缺失：《涉案物品返回清单》不存在[0m
[0;31mwarning: 涉案金额：未捕捉到涉案金额信息[0m
文档存在格式错误，函数失效：self.check_case_facts() 遇到错误:('Open.Comments',)
[0;31mwarning: 文件缺失：《案件集体讨论记录》不存在[0m
[0;36m承办部门意见：正确。为同意[0m
[0;31mwarning: 承办部门意见日期：在“承办人意见”的日期之前[0m
文档存在格式错误，函数失效：self.check_opinions_of_the_department() 遇到错误:('Open.Comments',)
[0;31mwarning: 法制部门意见：不含有关键词“同意”、“不同意”二者之一[0m
文档存在格式错误，函数失效：self.check_opinions_of_the_law_department() 遇到错误:('Open.Comments',)
[0;36m负责人意见：正确。为同意[0m
[0;31mwarning: 负责人意见日期：在“法制部门意见”的日期之前[0m
文档存在格式错误，函数失效：self.check_opinions_of_the_director() 遇到错误:('Open.Comments',)
[0;31mwarning: 文件缺失：《检查（勘验）笔录》不存在[0m
[0;31mwarning: 案件事实：不包含卷烟数目[0m
文档存在格式错误，函数失效：self.check_additional_funtion_two_ner() 遇到错误:('Open.Comments',)
文档存在格式错误，函数失效：self.about_discretionary_power() 遇到错误:('Open.Comments',)
案件处理审批表_ (14).docx 未成功处理，已跳过。遇到错误：('Open.Save',)
正在审查涉案烟草专卖品核价表_ (19).docx，审查结果如下：
[0;36m名字:名字不为空[0m
[0;36m正文时间：时间与立案时间一致[0m
文档存在格式错误，函数失效：self.formRight() 遇到错误:("Package not found at 'C:\\NewFile/Test/20221030110421/涉案烟草专卖品核价表_.docx'",)
文档存在格式错误，函数失效：self.peopleAndSignRight() 遇到错误:('Open.Comments',)
涉案烟草专卖品核价表_ (19).docx 未成功处理，已跳过。遇到错误：('Open.Save',)
正在审查涉案物品返还清单_ (10).docx，审查结果如下：
涉案物品返还清单_ (10).docx 未成功处理，已跳过。遇到错误：('list index out of range',)
正在审查立案报告表_ (21).docx，审查结果如下：
C:\NewFile/Test/20221030110421/立案报告表_ (21).docx
[0;36m案由：案由不为空,主观审查[0m
文档存在格式错误，函数失效：self.reasonRight() 遇到错误:('Open.Comments',)
[0;36m案件来源：案件来源不为空,主观审查[0m
[0;31mwarning: 检查（勘验）时间：《勘验（检查）笔录》不存在[0m
[0;31mwarning: 案发时间：缺少检查（勘验）笔录开始检查时间[0m
[0;31mwarning: 案发地点：“案发地点”格式不正确，应具体到XX市XX县（区）XX乡镇（街道）XX号[0m
文档存在格式错误，函数失效：self.placeRight() 遇到错误:('Open.Comments',)
[0;36m当事人：当事人姓名与行政处罚决定书、检查（勘验）笔录、证据先行登记保存批准书等文书所记载的当事人名称（姓名）一致[0m
[0;31mwarning: 证件类型及号码：证件类型及号码格式不正确，应为 ”身份证号：XXXX“[0m
文档存在格式错误，函数失效：self.basicInfOfPeople() 遇到错误:('Open.Comments',)
[0;36m案情摘要：摘要中案发日期应与案发时间栏日期一致[0m
[0;31mwarning: 案情摘要：检查勘验 日期无法找到[0m
[0;36m案情摘要：案情摘要 包含执法人员[0m
[0;31mwarning: 案情摘要：无法得到 检查勘验地点[0m
[0;31mwarning: 案情摘要：案情摘要未包含 烟草专卖零售许可证要素[0m
文档存在格式错误，函数失效：self.summaryOfTheCase_case1() 遇到错误:('Open.Comments',)
[0;31mwarning: 承办人意见：案件调查终结报告处理意见栏未注明日期[0m
[0;36m承办部门意见：同意立案[0m
[0;31mwarning: 承办部门意见：承办部门意见未签名[0m
文档存在格式错误，函数失效：self.opinionsOfTheDepartment() 遇到错误:('Open.Comments',)
[0;31mwarning: 负责人意见：负责人意见未签名[0m
文档存在格式错误，函数失效：self.opinionsOfPersonInCharge() 遇到错误:('Open.Comments',)
立案报告表_ (21).docx 未成功处理，已跳过。遇到错误：('Open.Save',)
正在审查结案报告表_ (15).docx，审查结果如下：
[0;31mwarning: 文书缺失：《案件集体讨论记录》.docx不存在[0m
[0;31mwarning: 文书缺失：《陈述申辩记录》.docx不存在[0m
[0;31mwarning: 文书缺失：《卷宗封面》.docx不存在[0m
[0;31mwarning: 立案日期”立案日期“与《涉案烟草专卖品核价表》中的“立案日期”（二〇二一年一月十五日）不一致！[0m
文档存在格式错误，函数失效：self.check_Date() 遇到错误:('Open.Comments',)
[0;31mwarning: 文书缺失：《卷宗封面》.docx不存在[0m
[0;31mwarning: 文书缺失：《抽样取证物品清单》.docx不存在[0m
[0;31mwarning: 当事人：“当事人”与《涉案烟草专卖品核价表》中的“当事人”（绵竹市烟草专卖局）不一致！[0m
文档存在格式错误，函数失效：self.check_Party() 遇到错误:('Open.Comments',)
[0;31mwarning: 案情摘要：“案情摘要”并未包含时间信息！[0m
文档存在格式错误，函数失效：self.check_CaseSummary() 遇到错误:('Open.Comments',)
[0;31mwarning: 执行情况：“执行情况”为“未执行”，请人工核验！[0m
文档存在格式错误，函数失效：self.check_Execution() 遇到错误:('Open.Comments',)
[0;31mwarning: 承办人结案理由：“承办人结案理由”中当事人未接受处罚，请人工核验！[0m
文档存在格式错误，函数失效：self.check_UndertakerReason() 遇到错误:('Open.Comments',)
[0;31mwarning: 是否建议结案：“承办部门意见”中未审查到建议结案，请人工核验！[0m
文档存在格式错误，函数失效：self.check_UndertakerOpinion() 遇到错误:('Open.Comments',)
[0;31mwarning: 负责人意见：“负责人意见”中没有注明日期或格式日期格式不规范！[0m
文档存在格式错误，函数失效：self.check_DirectorOpinion() 遇到错误:('Open.Comments',)
结案报告表_ (15).docx 未成功处理，已跳过。遇到错误：('Open.Close',)
正在审查行政处罚事先告知_ (4).docx，审查结果如下：
文档存在格式错误，函数失效：self.check_varieties_and_specifications() 遇到错误:('list index out of range',)
[0;31mwarning: 文件缺失：《案件调查终结报告》不存在[0m
[0;31mwarning: 文件缺失：《听证告知书》不存在[0m
行政处罚事先告知_ (4).docx 未成功处理，已跳过。遇到错误：('Open.Save',)
正在审查行政处罚决定书_ (13).docx，审查结果如下：
[0;31mwarning: 【当事人】信息：与《案件处理审批表》中的记录不同[0m
文档存在格式错误，函数失效：self.check_difference() 遇到错误:('Open.Comments',)
文档存在格式错误，函数失效：self.check_case_facts() 遇到错误:('Open.Comments',)
文档存在格式错误，函数失效：self.check_template_one() 遇到错误:('Open.Comments',)
[0;31mwarning: 对行为的定性：未匹配到。标准模板为：当事人违法了《中华人民共和国烟草专卖法实施条例》第X条规定，系未在当地烟草专卖批发企业进货的违法行为[0m
文档存在格式错误，函数失效：self.check_template_two() 遇到错误:('Open.Comments',)
文档存在格式错误，函数失效：self.check_template_three() 遇到错误:('Open.Comments',)
[0;31mwarning: 行政处罚的履行方式和期限：未匹配到对。标准模板为：自接到本处罚决定书15日内，应到中国XX银行XX分行XX支行XX分理处缴纳罚款。（地址：XX市XX县XX街XX号。联系电话：XXXXXX。）逾期不缴纳罚款，每日按罚款数额的3%加处罚款[0m
文档存在格式错误，函数失效：self.check_template_four() 遇到错误:('Open.Comments',)
[0;31mwarning: 【不服处罚决定】的途径和期限：未识别到解决，请主观审查[0m
文档存在格式错误，函数失效：self.check_template_five() 遇到错误:('Open.Comments',)
[0;31mwarning: 作出日期：应在《行政处罚事先告知》作出之日3天后[0m
文档存在格式错误，函数失效：self.check_template_six() 遇到错误:('Open.Comments',)
行政处罚决定书_ (13).docx 未成功处理，已跳过。遇到错误：('Open.Save',)
正在审查询问笔录_ (4).docx，审查结果如下：
[0;31mwarning: 询问时间：未查询到 询问时间[0m
文档存在格式错误，函数失效：self.timeRight() 遇到错误:('Open.Comments',)
文档存在格式错误，函数失效：self.peopleRight() 遇到错误:(2, '系统找不到指定的路径。')
询问笔录_ (4).docx 未成功处理，已跳过。遇到错误：('Open.Save',)
正在审查送达回证_ (14).docx，审查结果如下：
绵烟处[2021]第15号
送达回证_ (14).docx 未成功处理，已跳过。遇到错误：('Open.Close',)
{'~$处理决定书_.docx': ['不存在表\n-----------------------------------'], '案件调查处理审批表_ (2).docx': ['不存在表\n-----------------------------------']}

***********************************************************************
日志信息 2022-10-30 11:10:28
审查命令:C:\WorkSpace\tobacco-master\yancaoRegularDemo\Anjuan_api.py C:\Users\Administrator\Desktop\烟草输入文件夹 C:\NewFile\Test\20221030110936
审查案卷返回:正在审查先行登记保存证据处理通知书_ (12).docx，审查结果如下：
[0;31mwarning: 文件缺失：《证据先行登记保存通知书》不存在[0m
[0;31mwarning: 品种规格：与《涉案烟草专卖品核价表》不一致，未在此表中查询到的关键词为：兰州（硬黄）84mm0.20[0m
[0;31mwarning: 文件缺失：《行政处罚事先告知书》不存在[0m
《先行登记保存证据处理通知书》审查完毕

正在审查案件处理审批表_ (14).docx，审查结果如下：
[0;31mwarning: 文件缺失：《案件调查终结报告》.docx不存在[0m
[0;31mwarning: 文件缺失：《延长调查终结审批表》.docx不存在[0m
[0;31mwarning: 文件缺失：《延长调查期限告知书》不存在[0m
文档存在格式错误，函数失效：self.check_cause_of_action() 遇到错误:('list index out of range',)
[0;36m立案日期：正确。与《立案报告表》中的“负责人意见”的时间相同[0m
[0;31mwarning: 身份证信息缺失：文件夹中没有包含《证据复制提取单》或《证据复制提取单》不包含身份证信息！因此无法比较当事人信息！[0m
[0;36m案发时间：正确。与《立案报告表》中记载的一致[0m
[0;31mwarning: 文件缺失：《涉案物品返回清单》不存在[0m
[0;31mwarning: 涉案金额：未捕捉到涉案金额信息[0m
[0;31mwarning: 文件缺失：《案件集体讨论记录》不存在[0m
[0;36m承办部门意见：正确。为同意[0m
[0;31mwarning: 承办部门意见日期：在“承办人意见”的日期之前[0m
[0;31mwarning: 法制部门意见：不含有关键词“同意”、“不同意”二者之一[0m
[0;31mwarning: 法制部门意见日期：在“承办人意见”的日期之前[0m
[0;36m负责人意见：正确。为同意[0m
[0;31mwarning: 负责人意见日期：在“法制部门意见”的日期之前[0m
[0;31mwarning: 文件缺失：《检查（勘验）笔录》不存在[0m
[0;31mwarning: 案件事实：不包含卷烟数目[0m
[0;31mwarning: 案件事实：不包含法律条款[0m
rdfpath: 
C:\WorkSpace\tobacco-master\zhishitupu\rdf\成都市局\37.rdf
rdfpath: C:\WorkSpace\tobacco-master\zhishitupu\rdf\成都市局\37.rdf
[0;31mwarning: 自由裁量权：“承办人意见”中不存在“从轻“字样，且不存在从轻证据。“承办人意见”中不存在“从重“字样。“承办人意见”中不存在“从轻“字样，且不存在从轻证据。“承办人意见”中不存在“从重“字样。案由“无烟草专卖零售许可证经营烟草制品零售业务”的处罚结果为——“[]”,无法确定理应的处罚档次，请人工核查！[0m
《案件处理审批表》审查完毕

正在审查涉案烟草专卖品核价表_ (19).docx，审查结果如下：
[0;36m名字:名字不为空[0m
[0;36m正文时间：时间与立案时间一致[0m
文档存在格式错误，函数失效：self.formRight() 遇到错误:("Package not found at 'C:\\NewFile/Test/20221030110936/涉案烟草专卖品核价表_.docx'",)
[0;31mwarning: 当事人：当事人不能为空[0m
涉案烟草专卖品核价表_ (19).docx审查完毕

正在审查涉案物品返还清单_ (10).docx，审查结果如下：
涉案物品返还清单_ (10).docx 未成功处理，已跳过。遇到错误：('list index out of range',)
正在审查立案报告表_ (21).docx，审查结果如下：
C:\NewFile/Test/20221030110936/立案报告表_ (21).docx
[0;36m案由：案由不为空,主观审查[0m
[0;36m案由：案由格式正确[0m
[0;36m案由：案由与卷宗封面、行政处罚决定书、证据先行登记保存通知书、委托鉴定告知书、询问（调查）通知书等文书保持一致[0m
[0;36m案件来源：案件来源不为空,主观审查[0m
[0;31mwarning: 检查（勘验）时间：《勘验（检查）笔录》不存在[0m
[0;31mwarning: 案发时间：缺少检查（勘验）笔录开始检查时间[0m
[0;31mwarning: 案发地点：“案发地点”格式不正确，应具体到XX市XX县（区）XX乡镇（街道）XX号[0m
[0;31mwarning: 检查（勘验）地点：《勘验（检查）笔录》不存在[0m
[0;31mwarning: 案发地点：缺少检查（勘验）笔录地点[0m
[0;31mwarning: 案发地点：《勘验（检查）笔录》不存在[0m
[0;36m当事人：当事人姓名与行政处罚决定书、检查（勘验）笔录、证据先行登记保存批准书等文书所记载的当事人名称（姓名）一致[0m
[0;31mwarning: 证件类型及号码：证件类型及号码格式不正确，应为 ”身份证号：XXXX“[0m
[0;31mwarning: 地址：地址（四川省绵竹市什地镇和平村9组）与行政处罚决定书所记载的当事人住址、证据复制（提取）单当事人身份证记载地址、询问笔录当事人住址、案件处理审批表住址、结案报告表地址所记载的内容（四川省绵竹市什地镇和平村9组四川省绵竹市什地镇和平村9组绵竹市什地镇同义村1组）没有保持一致[0m
[0;36m案情摘要：摘要中案发日期应与案发时间栏日期一致[0m
[0;31mwarning: 案情摘要：检查勘验 日期无法找到[0m
[0;36m案情摘要：案情摘要 包含执法人员[0m
[0;31mwarning: 案情摘要：无法得到 检查勘验地点[0m
[0;31mwarning: 案情摘要：案情摘要未包含 烟草专卖零售许可证要素[0m
[0;36m案情摘要：案情摘要包含 卷烟数目要素[0m
[0;31mwarning: 案情摘要：案情摘要未包含 法律条款 要素[0m
[0;31mwarning: 承办人意见：案件调查终结报告处理意见栏未注明日期[0m
[0;36m承办部门意见：同意立案[0m
[0;31mwarning: 承办部门意见：承办部门意见未签名[0m
[0;31mwarning: 承办部门意见：案件调查终结报告处理意见栏未注明日期[0m
[0;31mwarning: 负责人意见：负责人意见未签名[0m
[0;31mwarning: 负责人意见：案件调查终结报告处理意见栏未注明日期[0m
立案报告表_ (21).docx审查完毕

正在审查结案报告表_ (15).docx，审查结果如下：
[0;31mwarning: 文书缺失：《案件集体讨论记录》.docx不存在[0m
[0;31mwarning: 文书缺失：《陈述申辩记录》.docx不存在[0m
[0;31mwarning: 文书缺失：《卷宗封面》.docx不存在[0m
[0;31mwarning: 立案日期”立案日期“与《涉案烟草专卖品核价表》中的“立案日期”（二〇二一年一月十五日）不一致！[0m
[0;31mwarning: 文书缺失：《调查终结报告》.docx不存在[0m
[0;31mwarning: 文书缺失：《延长案件调查终结审批表》.docx不存在[0m
[0;31mwarning: 文书缺失：《卷宗封面》.docx不存在[0m
[0;31mwarning: 文书缺失：《卷宗封面》.docx不存在[0m
[0;31mwarning: 文书缺失：《抽样取证物品清单》.docx不存在[0m
[0;31mwarning: 当事人：“当事人”与《涉案烟草专卖品核价表》中的“当事人”（绵竹市烟草专卖局）不一致！[0m
[0;31mwarning: 文书缺失：《卷烟鉴别检验样品留样、损耗费用审批表》.docx不存在[0m
[0;31mwarning: 文书缺失：《调查终结报告》.docx不存在[0m
[0;31mwarning: 文书缺失：《延长案件调查终结审批表》.docx不存在[0m
[0;31mwarning: 文书缺失：《行政处罚事先告知书》.docx不存在[0m
[0;31mwarning: 文书缺失：《听证告知书》.docx不存在[0m
[0;31mwarning: 文书缺失：《当场行政处罚决定书》.docx不存在[0m
[0;31mwarning: 文书缺失：《违法物品销毁记录表》.docx不存在[0m
[0;31mwarning: 案情摘要：“案情摘要”并未包含时间信息！[0m
[0;31mwarning: 案情摘要：“案情摘要”并未包含地点信息！[0m
[0;31mwarning: 执行情况：“执行情况”为“未执行”，请人工核验！[0m
[0;31mwarning: 承办人结案理由：“承办人结案理由”中当事人未接受处罚，请人工核验！[0m
[0;31mwarning: 是否建议结案：“承办部门意见”中未审查到建议结案，请人工核验！[0m
[0;31mwarning: 负责人意见：“负责人意见”中没有注明日期或格式日期格式不规范！[0m
《结案报告表》审查完毕

正在审查行政处罚事先告知_ (4).docx，审查结果如下：
文档存在格式错误，函数失效：self.check_varieties_and_specifications() 遇到错误:('list index out of range',)
[0;31mwarning: 文件缺失：《案件调查终结报告》不存在[0m
[0;31mwarning: 文件缺失：《听证告知书》不存在[0m
行政处罚事先告知_ (4).docx 未成功处理，已跳过。遇到错误：('Open.Save',)
正在审查行政处罚决定书_ (13).docx，审查结果如下：
[0;31mwarning: 【当事人】信息：与《案件处理审批表》中的记录不同[0m
文档存在格式错误，函数失效：self.check_difference() 遇到错误:('Open.Comments',)
文档存在格式错误，函数失效：self.check_case_facts() 遇到错误:('Open.Comments',)
文档存在格式错误，函数失效：self.check_template_one() 遇到错误:('Open.Comments',)
[0;31mwarning: 对行为的定性：未匹配到。标准模板为：当事人违法了《中华人民共和国烟草专卖法实施条例》第X条规定，系未在当地烟草专卖批发企业进货的违法行为[0m
文档存在格式错误，函数失效：self.check_template_two() 遇到错误:('Open.Comments',)
文档存在格式错误，函数失效：self.check_template_three() 遇到错误:('Open.Comments',)
[0;31mwarning: 行政处罚的履行方式和期限：未匹配到对。标准模板为：自接到本处罚决定书15日内，应到中国XX银行XX分行XX支行XX分理处缴纳罚款。（地址：XX市XX县XX街XX号。联系电话：XXXXXX。）逾期不缴纳罚款，每日按罚款数额的3%加处罚款[0m
文档存在格式错误，函数失效：self.check_template_four() 遇到错误:('Open.Comments',)
[0;31mwarning: 【不服处罚决定】的途径和期限：未识别到解决，请主观审查[0m
文档存在格式错误，函数失效：self.check_template_five() 遇到错误:('Open.Comments',)
[0;31mwarning: 作出日期：应在《行政处罚事先告知》作出之日3天后[0m
文档存在格式错误，函数失效：self.check_template_six() 遇到错误:('Open.Comments',)
行政处罚决定书_ (13).docx 未成功处理，已跳过。遇到错误：('Open.Save',)
正在审查询问笔录_ (4).docx，审查结果如下：
[0;31mwarning: 询问时间：未查询到 询问时间[0m
文档存在格式错误，函数失效：self.timeRight() 遇到错误:('Open.Comments',)
文档存在格式错误，函数失效：self.peopleRight() 遇到错误:(2, '系统找不到指定的路径。')
询问笔录_ (4).docx 未成功处理，已跳过。遇到错误：('Open.Save',)
正在审查送达回证_ (14).docx，审查结果如下：
绵烟处[2021]第15号
送达回证_ (14).docx 未成功处理，已跳过。遇到错误：('Open.Close',)
{'~$处理决定书_.docx': ['不存在表\n-----------------------------------'], '先行登记保存证据处理通知书_ (12).docx': ['文件缺失：《证据先行登记保存通知书》不存在', '品种规格：与《涉案烟草专卖品核价表》不一致，未在此表中查询到的关键词为：兰州（硬黄）84mm0.20', '文件缺失：《行政处罚事先告知书》不存在'], '案件处理审批表_ (14).docx': ['文件缺失：《案件调查终结报告》.docx不存在', '文件缺失：《延长调查终结审批表》.docx不存在', '文件缺失：《延长调查期限告知书》不存在', "文档存在格式错误，函数失效：self.check_cause_of_action() 遇到错误:('list index out of range',)", '身份证信息缺失：文件夹中没有包含《证据复制提取单》或《证据复制提取单》不包含身份证信息！因此无法比较当事人信息！', '文件缺失：《涉案物品返回清单》不存在', '涉案金额：未捕捉到涉案金额信息', '文件缺失：《案件集体讨论记录》不存在', '承办部门意见日期：在“承办人意见”的日期之前', '法制部门意见：不含有关键词“同意”、“不同意”二者之一', '法制部门意见日期：在“承办人意见”的日期之前', '负责人意见日期：在“法制部门意见”的日期之前', '文件缺失：《检查（勘验）笔录》不存在', '案件事实：不包含卷烟数目', '案件事实：不包含法律条款', '自由裁量权：“承办人意见”中不存在“从轻“字样，且不存在从轻证据。“承办人意见”中不存在“从重“字样。“承办人意见”中不存在“从轻“字样，且不存在从轻证据。“承办人意见”中不存在“从重“字样。案由“无烟草专卖零售许可证经营烟草制品零售业务”的处罚结果为——“[]”,无法确定理应的处罚档次，请人工核查！'], '案件调查处理审批表_ (2).docx': ['不存在表\n-----------------------------------'], '涉案烟草专卖品核价表_ (19).docx': ['文档存在格式错误，函数失效：self.formRight() 遇到错误:("Package not found at \'C:\\\\NewFile/Test/20221030110936/涉案烟草专卖品核价表_.docx\'",)', '当事人：当事人不能为空'], '立案报告表_ (21).docx': ['检查（勘验）时间：《勘验（检查）笔录》不存在', '案发时间：缺少检查（勘验）笔录开始检查时间', '案发地点：“案发地点”格式不正确，应具体到XX市XX县（区）XX乡镇（街道）XX号', '检查（勘验）地点：《勘验（检查）笔录》不存在', '案发地点：缺少检查（勘验）笔录地点', '案发地点：《勘验（检查）笔录》不存在', '证件类型及号码：证件类型及号码格式不正确，应为 ”身份证号：XXXX“', '地址：地址（四川省绵竹市什地镇和平村9组）与行政处罚决定书所记载的当事人住址、证据复制（提取）单当事人身份证记载地址、询问笔录当事人住址、案件处理审批表住址、结案报告表地址所记载的内容（四川省绵竹市什地镇和平村9组四川省绵竹市什地镇和平村9组绵竹市什地镇同义村1组）没有保持一致', '案情摘要：检查勘验 日期无法找到', '案情摘要：无法得到 检查勘验地点', '案情摘要：案情摘要未包含 烟草专卖零售许可证要素', '案情摘要：案情摘要未包含 法律条款 要素', '承办人意见：案件调查终结报告处理意见栏未注明日期', '承办部门意见：承办部门意见未签名', '承办部门意见：案件调查终结报告处理意见栏未注明日期', '负责人意见：负责人意见未签名', '负责人意见：案件调查终结报告处理意见栏未注明日期'], '结案报告表_ (15).docx': ['文书缺失：《案件集体讨论记录》.docx不存在', '文书缺失：《陈述申辩记录》.docx不存在', '文书缺失：《卷宗封面》.docx不存在', '立案日期”立案日期“与《涉案烟草专卖品核价表》中的“立案日期”（二〇二一年一月十五日）不一致！', '文书缺失：《调查终结报告》.docx不存在', '文书缺失：《延长案件调查终结审批表》.docx不存在', '文书缺失：《卷宗封面》.docx不存在', '文书缺失：《卷宗封面》.docx不存在', '文书缺失：《抽样取证物品清单》.docx不存在', '当事人：“当事人”与《涉案烟草专卖品核价表》中的“当事人”（绵竹市烟草专卖局）不一致！', '文书缺失：《卷烟鉴别检验样品留样、损耗费用审批表》.docx不存在', '文书缺失：《调查终结报告》.docx不存在', '文书缺失：《延长案件调查终结审批表》.docx不存在', '文书缺失：《行政处罚事先告知书》.docx不存在', '文书缺失：《听证告知书》.docx不存在', '文书缺失：《当场行政处罚决定书》.docx不存在', '文书缺失：《违法物品销毁记录表》.docx不存在', '案情摘要：“案情摘要”并未包含时间信息！', '案情摘要：“案情摘要”并未包含地点信息！', '执行情况：“执行情况”为“未执行”，请人工核验！', '承办人结案理由：“承办人结案理由”中当事人未接受处罚，请人工核验！', '是否建议结案：“承办部门意见”中未审查到建议结案，请人工核验！', '负责人意见：“负责人意见”中没有注明日期或格式日期格式不规范！']}

***********************************************************************
日志信息 2022-10-30 11:16:44
审查命令:C:\WorkSpace\tobacco-master\yancaoRegularDemo\Anjuan_api.py C:\Users\Administrator\Desktop\2021185704_绵烟立[2021]第37号 C:\NewFile\Test\20221030111550
审查案卷返回:正在审查举报记录表.docx，审查结果如下：
[0;36m举报时间：举报时间格式正确[0m
[0;31mwarning: 举报时间：《勘验（检查）笔录》不存在[0m
[0;31mwarning: 举报形式：举报形式未有“举报”字样[0m
[0;36m举报人有关情况：举报人要求保密有关情况[0m
[0;36m举报内容：举报内容时间正确[0m
list ['773078121810941，希望前往查处']
list[0] 773078121810941，希望前往查处
*** 773078121810941，希望前往查处
[0;31mwarning: 举报内容：”举报内容信息“电话格式错误[0m
[0;31mwarning: 接待人意见：接待人未签名[0m
[0;31mwarning: 承办部门负责人意见：承办部门负责人未签名[0m
举报记录表.docx审查完毕

正在审查公告，审查结果如下：
[0;36m表头：表头不为空[0m
[0;31mwarning: 正文：立案报告表案发时间无法获取[0m
[0;36m正文：案发地点不为空[0m
[0;31mwarning: 正文：无法获取立案报表表案发地点[0m
[0;36m正文：地址不为空[0m
[0;36m正文：地址不为空[0m
[0;36m联系人：不为空[0m
[0;36m联系电话：不为空[0m
[0;31mwarning: 表格：共计：（数量）数无法识别[0m
[0;31mwarning: 表格：总计：（数量）数无法识别[0m
[0;31mwarning: 表格：共计：错误[0m
[0;31mwarning: 表格：总计：错误[0m
[0;36m结尾时间：结尾时间格式正确[0m
公告.docx审查完毕

正在审查案件处理审批表.docx，审查结果如下：
[0;31mwarning: 文件缺失：《案件调查终结报告》.docx不存在[0m
[0;31mwarning: 文件缺失：《延长调查终结审批表》.docx不存在[0m
[0;31mwarning: 文件缺失：《延长调查期限告知书》不存在[0m
[0;31mwarning: 文件缺失：《先行登记保存证据处理通知书》不存在[0m
[0;31mwarning: 文件缺失：《涉案物品返还清单》不存在[0m
[0;31mwarning: 文件缺失：《案件调查终结报告_》不存在[0m
[0;36m立案日期：正确。与《立案报告表》中的“负责人意见”的时间相同[0m
[0;31mwarning: 身份证信息缺失：文件夹中没有包含《证据复制提取单》或《证据复制提取单》不包含身份证信息！因此无法比较当事人信息！[0m
[0;31mwarning: 案发时间：与《立案报告表》中记载的2021年01月13日09时15分不一致[0m
[0;31mwarning: 文件缺失：《涉案物品返回清单》不存在[0m
[0;31mwarning: 涉案金额：未捕捉到涉案金额信息[0m
[0;31mwarning: 文件缺失：《案件集体讨论记录》不存在[0m
[0;36m承办部门意见：正确。为同意[0m
[0;31mwarning: 承办部门意见日期：在“承办人意见”的日期之前[0m
[0;31mwarning: 法制部门意见：不含有关键词“同意”、“不同意”二者之一[0m
[0;31mwarning: 法制部门意见日期：在“承办人意见”的日期之前[0m
[0;36m负责人意见：正确。为同意[0m
[0;31mwarning: 负责人意见日期：在“法制部门意见”的日期之前[0m
[0;31mwarning: 文件缺失：《检查（勘验）笔录》不存在[0m
[0;31mwarning: 案件事实：不包含烟草专卖零售许可证[0m
[0;31mwarning: 案件事实：不包含卷烟数目[0m
[0;31mwarning: 案件事实：不包含法律条款[0m
rdfpath: 
C:\WorkSpace\tobacco-master\zhishitupu\rdf\成都市局\13.rdf
rdfpath: C:\WorkSpace\tobacco-master\zhishitupu\rdf\成都市局\13.rdf
[0;31mwarning: 自由裁量权：“承办人意见”中不存在“从轻“字样，且不存在从轻证据。“承办人意见”中不存在“从重“字样。“承办人意见”中不存在“从轻“字样，且不存在从轻证据。“承办人意见”中不存在“从重“字样。案由“无烟草专卖品准运证运输烟草专卖品”的处罚结果为——“[]”,无法确定理应的处罚档次，请人工核查！[0m
《案件处理审批表》审查完毕

正在审查涉案烟草专卖品核价表.docx，审查结果如下：
[0;36m名字:名字不为空[0m
[0;36m正文时间：时间与立案时间一致[0m
文档存在格式错误，函数失效：self.formRight() 遇到错误:("Package not found at 'C:\\NewFile/Test/20221030111550/涉案烟草专卖品核价表_.docx'",)
[0;31mwarning: 当事人：当事人应与立案报告表等文书中记载的当事人名称保持一致[0m
[0;36m结尾日期：结尾时间在案件调查终结报告处理意见栏所注明的日期之前[0m
[0;31mwarning: 质检报告：不存在质检报告[0m
涉案烟草专卖品核价表.docx审查完毕

正在审查立案报告表.docx，审查结果如下：
C:\NewFile/Test/20221030111550/立案报告表.docx
[0;36m案由：案由不为空,主观审查[0m
[0;36m案由：案由格式正确[0m
[0;36m案由：案由与卷宗封面、行政处罚决定书、证据先行登记保存通知书、委托鉴定告知书、询问（调查）通知书等文书保持一致[0m
[0;36m案件来源：案件来源不为空,主观审查[0m
[0;31mwarning: 检查（勘验）时间：《勘验（检查）笔录》不存在[0m
[0;31mwarning: 案发时间：缺少检查（勘验）笔录开始检查时间[0m
[0;31mwarning: 案发地点：“案发地点”格式不正确，应具体到XX市XX县（区）XX乡镇（街道）XX号[0m
[0;31mwarning: 检查（勘验）地点：《勘验（检查）笔录》不存在[0m
[0;31mwarning: 案发地点：缺少检查（勘验）笔录地点[0m
[0;31mwarning: 案发地点：《勘验（检查）笔录》不存在[0m
[0;36m当事人：当事人姓名与行政处罚决定书、检查（勘验）笔录、证据先行登记保存批准书等文书所记载的当事人名称（姓名）一致[0m
[0;31mwarning: 证件类型及号码：立案（不予立案）报告表_证件类型及号码 不能为空[0m
[0;31mwarning: 地址：立案（不予立案）报告表_地址 不能为空[0m
[0;36m案情摘要：摘要中案发日期应与案发时间栏日期一致[0m
[0;31mwarning: 案情摘要：检查勘验 日期无法找到[0m
[0;36m案情摘要：案情摘要 包含执法人员[0m
[0;31mwarning: 案情摘要：无法得到 检查勘验地点[0m
[0;31mwarning: 案情摘要：案情摘要未包含 烟草专卖零售许可证要素[0m
[0;36m案情摘要：案情摘要包含 卷烟数目要素[0m
[0;36m案情摘要：案情摘要包含 法律条款要素[0m
[0;31mwarning: 承办人意见：承办人意见未签名[0m
[0;36m承办人意见：承办人时间在案件调查终结报告处理意见栏所注明的日期之前[0m
[0;36m承办部门意见：同意立案[0m
[0;31mwarning: 承办部门意见：承办部门意见未签名[0m
[0;36m承办部门意见：承办部门时间在案件调查终结报告处理意见栏所注明的日期之前[0m
[0;31mwarning: 负责人意见：负责人意见未签名[0m
[0;36m负责人意见：负责人意见时间在案件调查终结报告处理意见栏所注明的日期之前[0m
立案报告表.docx审查完毕

正在审查结案报告表.docx，审查结果如下：
[0;31mwarning: 文书缺失：《行政处罚决定书》.docx不存在[0m
[0;31mwarning: 文书缺失：《案件集体讨论记录》.docx不存在[0m
[0;31mwarning: 文书缺失：《陈述申辩记录》.docx不存在[0m
[0;31mwarning: 文书缺失：《卷宗封面》.docx不存在[0m
[0;31mwarning: 立案日期”立案日期“与《涉案烟草专卖品核价表》中的“立案日期”（二〇二一年二月十九日）不一致！[0m
[0;31mwarning: 文书缺失：《延长案件调查终结审批表》.docx不存在[0m
[0;31mwarning: 文书缺失：《卷宗封面》.docx不存在[0m
[0;31mwarning: 文书缺失：《卷宗封面》.docx不存在[0m
[0;31mwarning: 文书缺失：《先行登记保存证据处理通知书》.docx不存在[0m
[0;31mwarning: 文书缺失：《抽样取证物品清单》.docx不存在[0m
[0;31mwarning: 当事人：“当事人”与《涉案烟草专卖品核价表》中的“当事人”（当事人在公告期满后仍不到我局接受调查处理。）不一致！[0m
[0;31mwarning: 文书缺失：《卷烟鉴别检验样品留样、损耗费用审批表》.docx不存在[0m
[0;31mwarning: 文书缺失：《延长案件调查终结审批表》.docx不存在[0m
[0;31mwarning: 文书缺失：《先行登记保存证据处理通知书》.docx不存在[0m
[0;31mwarning: 文书缺失：《行政处罚事先告知书》.docx不存在[0m
[0;31mwarning: 文书缺失：《听证告知书》.docx不存在[0m
[0;31mwarning: 文书缺失：《当场行政处罚决定书》.docx不存在[0m
[0;31mwarning: 文书缺失：《行政处罚决定书》.docx不存在[0m
[0;31mwarning: 文书缺失：《违法物品销毁记录表》.docx不存在[0m
[0;31mwarning: 案情摘要：“案情摘要”并未包含时间信息！[0m
[0;31mwarning: 案情摘要：“案情摘要”并未包含地点信息！[0m
[0;31mwarning: 执行情况：“执行情况”为“未执行”，请人工核验！[0m
[0;31mwarning: 承办人结案理由：“承办人结案理由”中当事人未接受处罚，请人工核验！[0m
[0;31mwarning: 是否建议结案：“承办部门意见”中未审查到建议结案，请人工核验！[0m
[0;31mwarning: 负责人意见：“负责人意见”中没有注明日期或格式日期格式不规范！[0m
《结案报告表》审查完毕

正在审查行政处理决定书.docx，审查结果如下：
[0;31mwarning: 案件基本情况：案件基本情况与《案件处理审批表》中“案件事实”记载的不一致！[0m
《行政处理决定书》审查完毕

正在审查调查终结报告.docx，审查结果如下：
[0;36m案由：正确。案由不为空[0m
[0;31mwarning: 案由：案由一栏应该加[涉嫌]两字[0m
[0;31mwarning: 文件缺失：《立案报告表》不存在[0m
[0;36m立案日期：正确。不为空[0m
[0;31mwarning: 文件缺失：《立案报告表》不存在[0m
[0;31mwarning: 文件缺失：《立案报告表》不存在[0m
[0;31mwarning: 文件缺失：《立案报告表》不存在[0m
[0;36m调查事实：提示。本栏依据主观审查[0m
[0;31mwarning: 文件缺失：《立案报告表》不存在[0m
[0;36m处罚依据：提示，本栏细分案由进行讨论[0m
[0;36m处理意见：正确。不为空[0m
[0;31mwarning: 调查事实：未得出是否已经查明事实[0m
[0;31mwarning: 文件缺失：《检查（勘验）笔录》不存在[0m
[0;31mwarning: 调查事实：不包含烟草专卖零售许可证[0m
[0;31mwarning: 调查事实：不包含卷烟数目[0m
[0;31mwarning: 调查事实：不包含法律条款[0m
《案件调查终结报告》审查完毕

正在审查送达公告.docx，审查结果如下：
[0;31mwarning: 文书缺失：《行政处罚决定书》.docx不存在[0m
[0;31mwarning: 时间：“时间”与《立案报告表》中记载的“案发时间”（2021-01-13）不一致！[0m
[0;31mwarning: 地点： “地点”与《立案报告表》中记载的“案发地点”（绵竹市剑南镇迎祥路申通快递分拣站）不一致！[0m
[0;31mwarning: 案由：“案由”与《立案报告表》中记载的“案由”（涉嫌无烟草专卖品准运证运输烟草专卖品）不一致！[0m
[0;31mwarning: 处罚决定：”处罚决定“与《案件处理审批表》中记载的“承办人意见”（鉴于当事人在公告期届满后仍不到我局接受调查处理，建议对本案登记保存的共计1个品种，总计2条（送检1条）假冒伪劣卷烟作出待依法集中公开统一销毁的处理决定。签名：、日期:2021年02月19日）不一致！[0m
[0;31mwarning: 文书缺失：《行政处罚决定书》.docx不存在[0m
送达公告.docx审查完毕

{'举报记录表.docx': ['举报时间：《勘验（检查）笔录》不存在', '举报形式：举报形式未有“举报”字样', '举报内容：”举报内容信息“电话格式错误', '接待人意见：接待人未签名', '承办部门负责人意见：承办部门负责人未签名'], '公告.docx': ['正文：立案报告表案发时间无法获取', '正文：无法获取立案报表表案发地点', '表格：共计：（数量）数无法识别', '表格：总计：（数量）数无法识别', '表格：共计：错误', '表格：总计：错误'], '关于延长证据登记保存期限的请示.docx': ['不存在表\n-----------------------------------'], '案件处理审批表.docx': ['文件缺失：《案件调查终结报告》.docx不存在', '文件缺失：《延长调查终结审批表》.docx不存在', '文件缺失：《延长调查期限告知书》不存在', '文件缺失：《先行登记保存证据处理通知书》不存在', '文件缺失：《涉案物品返还清单》不存在', '文件缺失：《案件调查终结报告_》不存在', '身份证信息缺失：文件夹中没有包含《证据复制提取单》或《证据复制提取单》不包含身份证信息！因此无法比较当事人信息！', '案发时间：与《立案报告表》中记载的2021年01月13日09时15分不一致', '文件缺失：《涉案物品返回清单》不存在', '涉案金额：未捕捉到涉案金额信息', '文件缺失：《案件集体讨论记录》不存在', '承办部门意见日期：在“承办人意见”的日期之前', '法制部门意见：不含有关键词“同意”、“不同意”二者之一', '法制部门意见日期：在“承办人意见”的日期之前', '负责人意见日期：在“法制部门意见”的日期之前', '文件缺失：《检查（勘验）笔录》不存在', '案件事实：不包含烟草专卖零售许可证', '案件事实：不包含卷烟数目', '案件事实：不包含法律条款', '自由裁量权：“承办人意见”中不存在“从轻“字样，且不存在从轻证据。“承办人意见”中不存在“从重“字样。“承办人意见”中不存在“从轻“字样，且不存在从轻证据。“承办人意见”中不存在“从重“字样。案由“无烟草专卖品准运证运输烟草专卖品”的处罚结果为——“[]”,无法确定理应的处罚档次，请人工核查！'], '涉案烟草专卖品核价表.docx': ['文档存在格式错误，函数失效：self.formRight() 遇到错误:("Package not found at \'C:\\\\NewFile/Test/20221030111550/涉案烟草专卖品核价表_.docx\'",)', '当事人：当事人应与立案报告表等文书中记载的当事人名称保持一致', '质检报告：不存在质检报告'], '立案报告表.docx': ['检查（勘验）时间：《勘验（检查）笔录》不存在', '案发时间：缺少检查（勘验）笔录开始检查时间', '案发地点：“案发地点”格式不正确，应具体到XX市XX县（区）XX乡镇（街道）XX号', '检查（勘验）地点：《勘验（检查）笔录》不存在', '案发地点：缺少检查（勘验）笔录地点', '案发地点：《勘验（检查）笔录》不存在', '证件类型及号码：立案（不予立案）报告表_证件类型及号码 不能为空', '地址：立案（不予立案）报告表_地址 不能为空', '案情摘要：检查勘验 日期无法找到', '案情摘要：无法得到 检查勘验地点', '案情摘要：案情摘要未包含 烟草专卖零售许可证要素', '承办人意见：承办人意见未签名', '承办部门意见：承办部门意见未签名', '负责人意见：负责人意见未签名'], '结案报告表.docx': ['文书缺失：《行政处罚决定书》.docx不存在', '文书缺失：《案件集体讨论记录》.docx不存在', '文书缺失：《陈述申辩记录》.docx不存在', '文书缺失：《卷宗封面》.docx不存在', '立案日期”立案日期“与《涉案烟草专卖品核价表》中的“立案日期”（二〇二一年二月十九日）不一致！', '文书缺失：《延长案件调查终结审批表》.docx不存在', '文书缺失：《卷宗封面》.docx不存在', '文书缺失：《卷宗封面》.docx不存在', '文书缺失：《先行登记保存证据处理通知书》.docx不存在', '文书缺失：《抽样取证物品清单》.docx不存在', '当事人：“当事人”与《涉案烟草专卖品核价表》中的“当事人”（当事人在公告期满后仍不到我局接受调查处理。）不一致！', '文书缺失：《卷烟鉴别检验样品留样、损耗费用审批表》.docx不存在', '文书缺失：《延长案件调查终结审批表》.docx不存在', '文书缺失：《先行登记保存证据处理通知书》.docx不存在', '文书缺失：《行政处罚事先告知书》.docx不存在', '文书缺失：《听证告知书》.docx不存在', '文书缺失：《当场行政处罚决定书》.docx不存在', '文书缺失：《行政处罚决定书》.docx不存在', '文书缺失：《违法物品销毁记录表》.docx不存在', '案情摘要：“案情摘要”并未包含时间信息！', '案情摘要：“案情摘要”并未包含地点信息！', '执行情况：“执行情况”为“未执行”，请人工核验！', '承办人结案理由：“承办人结案理由”中当事人未接受处罚，请人工核验！', '是否建议结案：“承办部门意见”中未审查到建议结案，请人工核验！', '负责人意见：“负责人意见”中没有注明日期或格式日期格式不规范！'], '行政处理决定书.docx': ['案件基本情况：案件基本情况与《案件处理审批表》中“案件事实”记载的不一致！'], '调查终结报告.docx': ['案由：案由一栏应该加[涉嫌]两字', '文件缺失：《立案报告表》不存在', '文件缺失：《立案报告表》不存在', '文件缺失：《立案报告表》不存在', '文件缺失：《立案报告表》不存在', '文件缺失：《立案报告表》不存在', '调查事实：未得出是否已经查明事实', '文件缺失：《检查（勘验）笔录》不存在', '调查事实：不包含烟草专卖零售许可证', '调查事实：不包含卷烟数目', '调查事实：不包含法律条款'], '送达公告.docx': ['文书缺失：《行政处罚决定书》.docx不存在', '时间：“时间”与《立案报告表》中记载的“案发时间”（2021-01-13）不一致！', '地点： “地点”与《立案报告表》中记载的“案发地点”（绵竹市剑南镇迎祥路申通快递分拣站）不一致！', '案由：“案由”与《立案报告表》中记载的“案由”（涉嫌无烟草专卖品准运证运输烟草专卖品）不一致！', '处罚决定：”处罚决定“与《案件处理审批表》中记载的“承办人意见”（鉴于当事人在公告期届满后仍不到我局接受调查处理，建议对本案登记保存的共计1个品种，总计2条（送检1条）假冒伪劣卷烟作出待依法集中公开统一销毁的处理决定。签名：、日期:2021年02月19日）不一致！', '文书缺失：《行政处罚决定书》.docx不存在']}

***********************************************************************
日志信息 2022-10-30 11:31:24
审查命令:C:\WorkSpace\tobacco-master\HeTongZuCode\Hetong_api.py "C:\Users\Administrator\Desktop\合同组测试用例\标准文件\买卖合同.docx" standard 0 C:\审查结果\20221030113030
审核结果:加载Sbert………………
运行设备： cpu
加载Sbert完成…………
处理：1个文件
[['C:\\Users\\Administrator\\Desktop\\合同组测试用例\\标准文件\\买卖合同.docx', 'standard', '0']]
['C:/Users/Administrator/Desktop/合同组测试用例/标准文件/买卖合同.docx', 'standard', 0]
合同为标准合同
买卖合同标准审查
(-2147352567, '发生意外。', (0, 'Microsoft Word', '“Close”不是一种属性。', 'wdmain11.chm', 25342, -2146822426), None)
[]
[]

乙方应在收到货确认无误后7日内付清全部款项。

C:/审查结果/20221030113030/买卖合同(已审查).docx
(-2147352567, '发生意外。', (0, 'Microsoft Word', '“Close”不是一种属性。', 'wdmain11.chm', 25342, -2146822426), None)
[Errno 2] No such file or directory: 'userdict.txt'
C:/审查结果/20221030113030/买卖合同(已审查)(完整审查).docx
local variable 'check_intergrity' referenced before assignment
错误的要素:
{'甲方（买方）统一社会信用代码/身份证号码': '统一社会信用代码未填写正确或身份证号码位数不对', '甲方（买方）联系方式': '联系方式填写有误', '乙方（卖方）统一社会信用代码/身份证号码': '统一社会信用代码未填写正确或身份证号码校验错误', '乙方（卖方）联系方式': '联系方式填写有误', '乙方（卖方）电子邮箱': '乙方（卖方）电子邮箱填写有误', '货品总金额（价税合计）': '货品总金额（价税合计）人民币大写与数值不一致', '合同价款(不含税)': '合同价款(不含税)人民币大写与数值不一致', '税金': '税金人民币大写与数值不一致', '交货日期': '交货日期填写不规范', '交货方式': '交货方式填写错误，请填写自提、包送包卸货或包送包安装', '验收期限-交货方式': '卖方交货方式与合同第四款第三项不一致', '乙方纳税人类别': '乙方纳税人类别填写错误', '乙方开户账号': '乙方开户账号填写错误', '甲方纳税人类别': '甲方纳税人类别填写错误', '甲方开户账号': '甲方开户账号填写错误', '卖方违约金-逾期': '卖方违约金-逾期比例超出', '卖方违约金-单方面取消': '卖方违约金-单方面取消比例超出', '卖方违约金-质量不符': '卖方违约金-质量不符比例超出', '解决纠纷-甲方住所地': '甲方住所地与合同页中描述不符'}
提示的要素:
{'订购货品情况': '请审核货品情况是否与双方约定或招标文件等一致', '质量要求': '请审核材质标准、引用国家标准是否正确', '验收期限': '请审核验收期限设置是否合理', '签署验收文件': '请审核签署验收文件期限设置是否合理', '货物保质期': '请审核货物保质期设置是否符合相关规定、是否合理', '付款方式及期限': '请审核付款方式及期限是否与双方约定或招标文件一致', '售后服务': '请审核时间设置是否与招投标文件一致'}

***********************************************************************
日志信息 2022-10-30 11:32:54
审查命令:C:\WorkSpace\tobacco-master\HeTongZuCode\Hetong_api.py "C:\Users\Administrator\Desktop\合同组测试用例\标准文件\房屋租赁合同.docx" nonstandard 1 C:\审查结果\20221030113220
审核结果:加载Sbert………………
运行设备： cpu
加载Sbert完成…………
处理：1个文件
[['C:\\Users\\Administrator\\Desktop\\合同组测试用例\\标准文件\\房屋租赁合同.docx', 'nonstandard', '1']]
['C:/Users/Administrator/Desktop/合同组测试用例/标准文件/房屋租赁合同.docx', 'nonstandard', 1]
租赁合同非标准审查
(-2147352567, '发生意外。', (0, 'Microsoft Word', '“Close”不是一种属性。', 'wdmain11.chm', 25342, -2146822426), None)
[Errno 2] No such file or directory: 'userdict.txt'
C:/审查结果/20221030113220/房屋租赁合同(完整审查).docx
C:/Users/Administrator/Desktop/合同组测试用例/标准文件/房屋租赁合同.docx 审查出错 local variable 'check_intergrity' referenced before assignment
合同审查出错！
合同为非标准合同，对该合同进行风险性检测和完整性检测！

***********************************************************************
日志信息 2022-10-30 11:36:11
审查命令:C:\WorkSpace\tobacco-master\HeTongZuCode\Hetong_api.py "C:\Users\Administrator\Desktop\合同组测试用例\标准文件\买卖合同.docx" standard 0 C:\审查结果\20221030113538
审核结果:加载Sbert………………
运行设备： cpu
加载Sbert完成…………
处理：1个文件
[['C:\\Users\\Administrator\\Desktop\\合同组测试用例\\标准文件\\买卖合同.docx', 'standard', '0']]
['C:/Users/Administrator/Desktop/合同组测试用例/标准文件/买卖合同.docx', 'standard', 0]
合同为标准合同
买卖合同标准审查
(-2147352567, '发生意外。', (0, 'Microsoft Word', '“Close”不是一种属性。', 'wdmain11.chm', 25342, -2146822426), None)
[]
[]

乙方应在收到货确认无误后7日内付清全部款项。

C:/审查结果/20221030113538/买卖合同(已审查).docx
(-2147352567, '发生意外。', (0, 'Microsoft Word', '“Close”不是一种属性。', 'wdmain11.chm', 25342, -2146822426), None)
[Errno 2] No such file or directory: 'userdict.txt'
C:/审查结果/20221030113538/买卖合同(已审查)(完整审查).docx
local variable 'check_intergrity' referenced before assignment
错误的要素:
{'甲方（买方）统一社会信用代码/身份证号码': '统一社会信用代码未填写正确或身份证号码位数不对', '甲方（买方）联系方式': '联系方式填写有误', '乙方（卖方）统一社会信用代码/身份证号码': '统一社会信用代码未填写正确或身份证号码校验错误', '乙方（卖方）联系方式': '联系方式填写有误', '乙方（卖方）电子邮箱': '乙方（卖方）电子邮箱填写有误', '货品总金额（价税合计）': '货品总金额（价税合计）人民币大写与数值不一致', '合同价款(不含税)': '合同价款(不含税)人民币大写与数值不一致', '税金': '税金人民币大写与数值不一致', '交货日期': '交货日期填写不规范', '交货方式': '交货方式填写错误，请填写自提、包送包卸货或包送包安装', '验收期限-交货方式': '卖方交货方式与合同第四款第三项不一致', '乙方纳税人类别': '乙方纳税人类别填写错误', '乙方开户账号': '乙方开户账号填写错误', '甲方纳税人类别': '甲方纳税人类别填写错误', '甲方开户账号': '甲方开户账号填写错误', '卖方违约金-逾期': '卖方违约金-逾期比例超出', '卖方违约金-单方面取消': '卖方违约金-单方面取消比例超出', '卖方违约金-质量不符': '卖方违约金-质量不符比例超出', '解决纠纷-甲方住所地': '甲方住所地与合同页中描述不符'}
提示的要素:
{'订购货品情况': '请审核货品情况是否与双方约定或招标文件等一致', '质量要求': '请审核材质标准、引用国家标准是否正确', '验收期限': '请审核验收期限设置是否合理', '签署验收文件': '请审核签署验收文件期限设置是否合理', '货物保质期': '请审核货物保质期设置是否符合相关规定、是否合理', '付款方式及期限': '请审核付款方式及期限是否与双方约定或招标文件一致', '售后服务': '请审核时间设置是否与招投标文件一致'}

***********************************************************************
日志信息 2022-10-30 11:38:16
审查命令:C:\WorkSpace\tobacco-master\HeTongZuCode\Hetong_api.py "C:\Users\Administrator\Desktop\合同组测试用例\标准文件\采购合同.docx" nonstandard 2 C:\审查结果\20221030113748
审核结果:加载Sbert………………
运行设备： cpu
加载Sbert完成…………
处理：1个文件
[['C:\\Users\\Administrator\\Desktop\\合同组测试用例\\标准文件\\采购合同.docx', 'nonstandard', '2']]
['C:/Users/Administrator/Desktop/合同组测试用例/标准文件/采购合同.docx', 'nonstandard', 2]
采购合同非标准审查
(-2147352567, '发生意外。', (0, 'Microsoft Word', '“Close”不是一种属性。', 'wdmain11.chm', 25342, -2146822426), None)
[Errno 2] No such file or directory: 'userdict.txt'
C:/审查结果/20221030113748/采购合同(完整审查).docx
C:/Users/Administrator/Desktop/合同组测试用例/标准文件/采购合同.docx 审查出错 local variable 'check_intergrity' referenced before assignment
合同审查出错！
合同为非标准合同，对该合同进行风险性检测和完整性检测！

***********************************************************************
日志信息 2022-10-30 11:40:03
审查命令:C:\WorkSpace\tobacco-master\HeTongZuCode\Hetong_api.py "C:\Users\Administrator\Desktop\合同组测试用例\标准文件\买卖合同.docx" standard 0 C:\审查结果\20221030113933
审核结果:加载Sbert………………
运行设备： cpu
加载Sbert完成…………
处理：1个文件
[['C:\\Users\\Administrator\\Desktop\\合同组测试用例\\标准文件\\买卖合同.docx', 'standard', '0']]
['C:/Users/Administrator/Desktop/合同组测试用例/标准文件/买卖合同.docx', 'standard', 0]
合同为标准合同
买卖合同标准审查
(-2147352567, '发生意外。', (0, 'Microsoft Word', '“Close”不是一种属性。', 'wdmain11.chm', 25342, -2146822426), None)
[]
[]

乙方应在收到货确认无误后7日内付清全部款项。

C:/审查结果/20221030113933/买卖合同(已审查).docx
(-2147352567, '发生意外。', (0, 'Microsoft Word', '“Close”不是一种属性。', 'wdmain11.chm', 25342, -2146822426), None)
[Errno 2] No such file or directory: 'userdict.txt'
C:/审查结果/20221030113933/买卖合同(已审查)(完整审查).docx
local variable 'check_intergrity' referenced before assignment
错误的要素:
{'甲方（买方）统一社会信用代码/身份证号码': '统一社会信用代码未填写正确或身份证号码位数不对', '甲方（买方）联系方式': '联系方式填写有误', '乙方（卖方）统一社会信用代码/身份证号码': '统一社会信用代码未填写正确或身份证号码校验错误', '乙方（卖方）联系方式': '联系方式填写有误', '乙方（卖方）电子邮箱': '乙方（卖方）电子邮箱填写有误', '货品总金额（价税合计）': '货品总金额（价税合计）人民币大写与数值不一致', '合同价款(不含税)': '合同价款(不含税)人民币大写与数值不一致', '税金': '税金人民币大写与数值不一致', '交货日期': '交货日期填写不规范', '交货方式': '交货方式填写错误，请填写自提、包送包卸货或包送包安装', '验收期限-交货方式': '卖方交货方式与合同第四款第三项不一致', '乙方纳税人类别': '乙方纳税人类别填写错误', '乙方开户账号': '乙方开户账号填写错误', '甲方纳税人类别': '甲方纳税人类别填写错误', '甲方开户账号': '甲方开户账号填写错误', '卖方违约金-逾期': '卖方违约金-逾期比例超出', '卖方违约金-单方面取消': '卖方违约金-单方面取消比例超出', '卖方违约金-质量不符': '卖方违约金-质量不符比例超出', '解决纠纷-甲方住所地': '甲方住所地与合同页中描述不符'}
提示的要素:
{'订购货品情况': '请审核货品情况是否与双方约定或招标文件等一致', '质量要求': '请审核材质标准、引用国家标准是否正确', '验收期限': '请审核验收期限设置是否合理', '签署验收文件': '请审核签署验收文件期限设置是否合理', '货物保质期': '请审核货物保质期设置是否符合相关规定、是否合理', '付款方式及期限': '请审核付款方式及期限是否与双方约定或招标文件一致', '售后服务': '请审核时间设置是否与招投标文件一致'}

***********************************************************************
日志信息 2022-10-30 11:41:35
审查命令:C:\WorkSpace\tobacco-master\HeTongZuCode\Hetong_api.py "C:\Users\Administrator\Desktop\合同组测试用例\标准文件\采购合同.docx" nonstandard 2 C:\审查结果\20221030114107
审核结果:加载Sbert………………
运行设备： cpu
加载Sbert完成…………
处理：1个文件
[['C:\\Users\\Administrator\\Desktop\\合同组测试用例\\标准文件\\采购合同.docx', 'nonstandard', '2']]
['C:/Users/Administrator/Desktop/合同组测试用例/标准文件/采购合同.docx', 'nonstandard', 2]
采购合同非标准审查
(-2147352567, '发生意外。', (0, 'Microsoft Word', '“Close”不是一种属性。', 'wdmain11.chm', 25342, -2146822426), None)
[Errno 2] No such file or directory: 'userdict.txt'
C:/审查结果/20221030114107/采购合同(完整审查).docx
C:/Users/Administrator/Desktop/合同组测试用例/标准文件/采购合同.docx 审查出错 local variable 'check_intergrity' referenced before assignment
合同审查出错！
合同为非标准合同，对该合同进行风险性检测和完整性检测！

***********************************************************************
日志信息 2022-10-30 11:43:18
审查命令:C:\WorkSpace\tobacco-master\HeTongZuCode\Hetong_api.py "C:\Users\Administrator\Desktop\合同组测试用例\标准文件\买卖合同.docx" standard 0 C:\审查结果\20221030114251
审核结果:加载Sbert………………
运行设备： cpu
加载Sbert完成…………
处理：1个文件
[['C:\\Users\\Administrator\\Desktop\\合同组测试用例\\标准文件\\买卖合同.docx', 'standard', '0']]
['C:/Users/Administrator/Desktop/合同组测试用例/标准文件/买卖合同.docx', 'standard', 0]
合同为标准合同
买卖合同标准审查
(-2147352567, '发生意外。', (0, 'Microsoft Word', '“Close”不是一种属性。', 'wdmain11.chm', 25342, -2146822426), None)
[]
[]

乙方应在收到货确认无误后7日内付清全部款项。

C:/审查结果/20221030114251/买卖合同(已审查).docx
(-2147352567, '发生意外。', (0, 'Microsoft Word', '“Close”不是一种属性。', 'wdmain11.chm', 25342, -2146822426), None)
[Errno 2] No such file or directory: 'userdict.txt'
C:/审查结果/20221030114251/买卖合同(已审查)(完整审查).docx
local variable 'check_intergrity' referenced before assignment
错误的要素:
{'甲方（买方）统一社会信用代码/身份证号码': '统一社会信用代码未填写正确或身份证号码位数不对', '甲方（买方）联系方式': '联系方式填写有误', '乙方（卖方）统一社会信用代码/身份证号码': '统一社会信用代码未填写正确或身份证号码校验错误', '乙方（卖方）联系方式': '联系方式填写有误', '乙方（卖方）电子邮箱': '乙方（卖方）电子邮箱填写有误', '货品总金额（价税合计）': '货品总金额（价税合计）人民币大写与数值不一致', '合同价款(不含税)': '合同价款(不含税)人民币大写与数值不一致', '税金': '税金人民币大写与数值不一致', '交货日期': '交货日期填写不规范', '交货方式': '交货方式填写错误，请填写自提、包送包卸货或包送包安装', '验收期限-交货方式': '卖方交货方式与合同第四款第三项不一致', '乙方纳税人类别': '乙方纳税人类别填写错误', '乙方开户账号': '乙方开户账号填写错误', '甲方纳税人类别': '甲方纳税人类别填写错误', '甲方开户账号': '甲方开户账号填写错误', '卖方违约金-逾期': '卖方违约金-逾期比例超出', '卖方违约金-单方面取消': '卖方违约金-单方面取消比例超出', '卖方违约金-质量不符': '卖方违约金-质量不符比例超出', '解决纠纷-甲方住所地': '甲方住所地与合同页中描述不符'}
提示的要素:
{'订购货品情况': '请审核货品情况是否与双方约定或招标文件等一致', '质量要求': '请审核材质标准、引用国家标准是否正确', '验收期限': '请审核验收期限设置是否合理', '签署验收文件': '请审核签署验收文件期限设置是否合理', '货物保质期': '请审核货物保质期设置是否符合相关规定、是否合理', '付款方式及期限': '请审核付款方式及期限是否与双方约定或招标文件一致', '售后服务': '请审核时间设置是否与招投标文件一致'}

